[CONFIG] 使用配置文件: /home/trader/polymarket_api/POLYMARKET_MAKER_copytrade_v2/POLYMARKET_MAKER_AUTO/data/run_params_23311563303783760858176166115231875564829760730498992986905724285046115223219.json
[INIT] API 凭证已验证。
[INIT] ClobClient 就绪。
[INFO] 未提供 market_url，尝试通过 token_id 获取市场元数据。
[INFO] 市场/子问题标题: Khamenei out as Supreme Leader of Iran by June 30?
[INFO] 使用 token_id: 23311563303783760858176166115231875564829760730498992986905724285046115223219
[INFO] 市场标注时区: America/New_York
[INFO] 市场计划截止时间 (UTC): 2026-06-30T00:00:00+00:00
[WARN] 自动获取的截止日期缺少具体时刻，已按默认配置设置截止时间为 2026-06-30T23:59:00-04:00 (America/New_York)。
[INFO] 监控目标结束时间 (UTC): 2026-07-01T03:59:00+00:00
[INFO] 未能识别市场价格精度，默认按盈利百分比下限 0.300% 执行。
[INIT] 目标 token_id: 23311563303783760858176166115231875564829760730498992986905724285046115223219
[INIT] 已读取手动份数 10.0，模式：总持仓目标。
[INIT] 卖出挂单模式：aggressive
[INIT] 卖出后递增买入阈值已启用，步长 0.0200%。
[INIT] 价格停滞监控窗口 120.0 分钟，阈值 0.2000%。
[INIT] 启动后无行情自动退出阈值 10.0 分钟。
[INIT] 交易信号超时退出阈值 60.0 分钟（长时间无买入/卖出信号将退出）。
[INIT] 卖出挂单空窗释放阈值 6.0 小时。
[INFO] 倒计时卖出模式将在市场结束前 300 分钟开启。
[EXIT] 收到清仓信号: exit-only cleanup
[EXIT] 未检测到持仓，直接退出。
[CONFIG] 使用配置文件: /home/trader/polymarket_api/POLYMARKET_MAKER_copytrade_v2/POLYMARKET_MAKER_AUTO/data/run_params_23311563303783760858176166115231875564829760730498992986905724285046115223219.json
[INIT] API 凭证已验证。
[INIT] ClobClient 就绪。
[INFO] 未提供 market_url，尝试通过 token_id 获取市场元数据。
[INFO] 市场/子问题标题: Khamenei out as Supreme Leader of Iran by June 30?
[INFO] 使用 token_id: 23311563303783760858176166115231875564829760730498992986905724285046115223219
[INFO] 市场标注时区: America/New_York
[INFO] 市场计划截止时间 (UTC): 2026-06-30T00:00:00+00:00
[WARN] 自动获取的截止日期缺少具体时刻，已按默认配置设置截止时间为 2026-06-30T23:59:00-04:00 (America/New_York)。
[INFO] 监控目标结束时间 (UTC): 2026-07-01T03:59:00+00:00
[INFO] 未能识别市场价格精度，默认按盈利百分比下限 0.300% 执行。
[INIT] 目标 token_id: 23311563303783760858176166115231875564829760730498992986905724285046115223219
[INIT] 已读取手动份数 10.0，模式：总持仓目标。
[INIT] 卖出挂单模式：aggressive
[INIT] 卖出后递增买入阈值已启用，步长 0.0200%。
[INIT] 价格停滞监控窗口 120.0 分钟，阈值 0.2000%。
[INIT] 启动后无行情自动退出阈值 10.0 分钟。
[INIT] 交易信号超时退出阈值 60.0 分钟（长时间无买入/卖出信号将退出）。
[INIT] 卖出挂单空窗释放阈值 6.0 小时。
[INFO] 倒计时卖出模式将在市场结束前 300 分钟开启。
[EXIT] 收到清仓信号: exit-only cleanup
[EXIT] 未检测到持仓，直接退出。
[CONFIG] 使用配置文件: /home/trader/polymarket_api/POLYMARKET_MAKER_copytrade_v2/POLYMARKET_MAKER_AUTO/data/run_params_23311563303783760858176166115231875564829760730498992986905724285046115223219.json
[INIT] API 凭证已验证。
[INIT] ClobClient 就绪。
[INFO] 未提供 market_url，尝试通过 token_id 获取市场元数据。
[INFO] 市场/子问题标题: Khamenei out as Supreme Leader of Iran by June 30?
[INFO] 使用 token_id: 23311563303783760858176166115231875564829760730498992986905724285046115223219
[INFO] 市场标注时区: America/New_York
[INFO] 市场计划截止时间 (UTC): 2026-06-30T00:00:00+00:00
[WARN] 自动获取的截止日期缺少具体时刻，已按默认配置设置截止时间为 2026-06-30T23:59:00-04:00 (America/New_York)。
[INFO] 监控目标结束时间 (UTC): 2026-07-01T03:59:00+00:00
[INFO] 未能识别市场价格精度，默认按盈利百分比下限 0.300% 执行。
[INIT] 目标 token_id: 23311563303783760858176166115231875564829760730498992986905724285046115223219
[INIT] 已读取手动份数 10.0，模式：总持仓目标。
[INIT] 卖出挂单模式：aggressive
[INIT] 卖出后递增买入阈值已启用，步长 0.0200%。
[INIT] 价格停滞监控窗口 120.0 分钟，阈值 0.2000%。
[INIT] 启动后无行情自动退出阈值 10.0 分钟。
[INIT] 交易信号超时退出阈值 60.0 分钟（长时间无买入/卖出信号将退出）。
[INIT] 卖出挂单空窗释放阈值 6.0 小时。
[INFO] 倒计时卖出模式将在市场结束前 300 分钟开启。
[EXIT] 收到清仓信号: exit-only cleanup
[EXIT] 未检测到持仓，直接退出。
[CONFIG] 使用配置文件: /home/trader/polymarket_api/POLYMARKET_MAKER_copytrade_v2/POLYMARKET_MAKER_AUTO/data/run_params_23311563303783760858176166115231875564829760730498992986905724285046115223219.json
[INIT] API 凭证已验证。
[INIT] ClobClient 就绪。
[INFO] 未提供 market_url，尝试通过 token_id 获取市场元数据。
[INFO] 市场/子问题标题: Khamenei out as Supreme Leader of Iran by June 30?
[INFO] 使用 token_id: 23311563303783760858176166115231875564829760730498992986905724285046115223219
[INFO] 市场标注时区: America/New_York
[INFO] 市场计划截止时间 (UTC): 2026-06-30T00:00:00+00:00
[WARN] 自动获取的截止日期缺少具体时刻，已按默认配置设置截止时间为 2026-06-30T23:59:00-04:00 (America/New_York)。
[INFO] 监控目标结束时间 (UTC): 2026-07-01T03:59:00+00:00
[INFO] 未能识别市场价格精度，默认按盈利百分比下限 0.300% 执行。
[INIT] 目标 token_id: 23311563303783760858176166115231875564829760730498992986905724285046115223219
[INIT] 已读取手动份数 10.0，模式：总持仓目标。
[INIT] 卖出挂单模式：aggressive
[INIT] 卖出后递增买入阈值已启用，步长 0.0200%。
[INIT] 价格停滞监控窗口 120.0 分钟，阈值 0.2000%。
[INIT] 启动后无行情自动退出阈值 10.0 分钟。
[INIT] 交易信号超时退出阈值 60.0 分钟（长时间无买入/卖出信号将退出）。
[INIT] 卖出挂单空窗释放阈值 6.0 小时。
[INFO] 倒计时卖出模式将在市场结束前 300 分钟开启。
[EXIT] 收到清仓信号: exit-only cleanup
[EXIT] 未检测到持仓，直接退出。
[CONFIG] 使用配置文件: /home/trader/polymarket_api/POLYMARKET_MAKER_copytrade_v2/POLYMARKET_MAKER_AUTO/data/run_params_23311563303783760858176166115231875564829760730498992986905724285046115223219.json
[INIT] API 凭证已验证。
[INIT] ClobClient 就绪。
[INFO] 未提供 market_url，尝试通过 token_id 获取市场元数据。
[INFO] 市场/子问题标题: Khamenei out as Supreme Leader of Iran by June 30?
[INFO] 使用 token_id: 23311563303783760858176166115231875564829760730498992986905724285046115223219
[INFO] 市场标注时区: America/New_York
[INFO] 市场计划截止时间 (UTC): 2026-06-30T00:00:00+00:00
[WARN] 自动获取的截止日期缺少具体时刻，已按默认配置设置截止时间为 2026-06-30T23:59:00-04:00 (America/New_York)。
[INFO] 监控目标结束时间 (UTC): 2026-07-01T03:59:00+00:00
[INFO] 未能识别市场价格精度，默认按盈利百分比下限 0.300% 执行。
[INIT] 目标 token_id: 23311563303783760858176166115231875564829760730498992986905724285046115223219
[INIT] 已读取手动份数 10.0，模式：总持仓目标。
[INIT] 卖出挂单模式：aggressive
[INIT] 卖出后递增买入阈值已启用，步长 0.0200%。
[INIT] 价格停滞监控窗口 120.0 分钟，阈值 0.2000%。
[INIT] 启动后无行情自动退出阈值 10.0 分钟。
[INIT] 交易信号超时退出阈值 60.0 分钟（长时间无买入/卖出信号将退出）。
[INIT] 卖出挂单空窗释放阈值 6.0 小时。
[INFO] 倒计时卖出模式将在市场结束前 300 分钟开启。
[EXIT] 收到清仓信号: exit-only cleanup
[EXIT] 未检测到持仓，直接退出。
[CONFIG] 使用配置文件: /home/trader/polymarket_api/POLYMARKET_MAKER_copytrade_v2/POLYMARKET_MAKER_AUTO/data/run_params_23311563303783760858176166115231875564829760730498992986905724285046115223219.json
[INIT] API 凭证已验证。
[INIT] ClobClient 就绪。
[INFO] 未提供 market_url，尝试通过 token_id 获取市场元数据。
[INFO] 市场/子问题标题: Khamenei out as Supreme Leader of Iran by June 30?
[INFO] 使用 token_id: 23311563303783760858176166115231875564829760730498992986905724285046115223219
[INFO] 市场标注时区: America/New_York
[INFO] 市场计划截止时间 (UTC): 2026-06-30T00:00:00+00:00
[WARN] 自动获取的截止日期缺少具体时刻，已按默认配置设置截止时间为 2026-06-30T23:59:00-04:00 (America/New_York)。
[INFO] 监控目标结束时间 (UTC): 2026-07-01T03:59:00+00:00
[INFO] 未能识别市场价格精度，默认按盈利百分比下限 0.300% 执行。
[INIT] 目标 token_id: 23311563303783760858176166115231875564829760730498992986905724285046115223219
[INIT] 已读取手动份数 10.0，模式：总持仓目标。
[INIT] 卖出挂单模式：aggressive
[INIT] 卖出后递增买入阈值已启用，步长 0.0200%。
[INIT] 价格停滞监控窗口 120.0 分钟，阈值 0.2000%。
[INIT] 启动后无行情自动退出阈值 10.0 分钟。
[INIT] 交易信号超时退出阈值 60.0 分钟（长时间无买入/卖出信号将退出）。
[INIT] 卖出挂单空窗释放阈值 6.0 小时。
[INFO] 倒计时卖出模式将在市场结束前 300 分钟开启。
[EXIT] 收到清仓信号: exit-only cleanup
[EXIT] 未检测到持仓，直接退出。
[CONFIG] 使用配置文件: /home/trader/polymarket_api/POLYMARKET_MAKER_copytrade_v2/POLYMARKET_MAKER_AUTO/data/run_params_23311563303783760858176166115231875564829760730498992986905724285046115223219.json
[INIT] API 凭证已验证。
[INIT] ClobClient 就绪。
[INFO] 未提供 market_url，尝试通过 token_id 获取市场元数据。
[INFO] 市场/子问题标题: Khamenei out as Supreme Leader of Iran by June 30?
[INFO] 使用 token_id: 23311563303783760858176166115231875564829760730498992986905724285046115223219
[INFO] 市场标注时区: America/New_York
[INFO] 市场计划截止时间 (UTC): 2026-06-30T00:00:00+00:00
[WARN] 自动获取的截止日期缺少具体时刻，已按默认配置设置截止时间为 2026-06-30T23:59:00-04:00 (America/New_York)。
[INFO] 监控目标结束时间 (UTC): 2026-07-01T03:59:00+00:00
[INFO] 未能识别市场价格精度，默认按盈利百分比下限 0.300% 执行。
[INIT] 目标 token_id: 23311563303783760858176166115231875564829760730498992986905724285046115223219
[INIT] 已读取手动份数 10.0，模式：总持仓目标。
[INIT] 卖出挂单模式：aggressive
[INIT] 卖出后递增买入阈值已启用，步长 0.0200%。
[INIT] 价格停滞监控窗口 120.0 分钟，阈值 0.2000%。
[INIT] 启动后无行情自动退出阈值 10.0 分钟。
[INIT] 交易信号超时退出阈值 60.0 分钟（长时间无买入/卖出信号将退出）。
[INIT] 卖出挂单空窗释放阈值 6.0 小时。
[INFO] 倒计时卖出模式将在市场结束前 300 分钟开启。
[EXIT] 收到清仓信号: exit-only cleanup
[EXIT] 未检测到持仓，直接退出。
[CONFIG] 使用配置文件: /home/trader/polymarket_api/POLYMARKET_MAKER_copytrade_v2/POLYMARKET_MAKER_AUTO/data/run_params_23311563303783760858176166115231875564829760730498992986905724285046115223219.json
[INIT] API 凭证已验证。
[INIT] ClobClient 就绪。
[INFO] 未提供 market_url，尝试通过 token_id 获取市场元数据。
[INFO] 市场/子问题标题: Khamenei out as Supreme Leader of Iran by June 30?
[INFO] 使用 token_id: 23311563303783760858176166115231875564829760730498992986905724285046115223219
[INFO] 市场标注时区: America/New_York
[INFO] 市场计划截止时间 (UTC): 2026-06-30T00:00:00+00:00
[WARN] 自动获取的截止日期缺少具体时刻，已按默认配置设置截止时间为 2026-06-30T23:59:00-04:00 (America/New_York)。
[INFO] 监控目标结束时间 (UTC): 2026-07-01T03:59:00+00:00
[INFO] 未能识别市场价格精度，默认按盈利百分比下限 0.300% 执行。
[INIT] 目标 token_id: 23311563303783760858176166115231875564829760730498992986905724285046115223219
[INIT] 已读取手动份数 10.0，模式：总持仓目标。
[INIT] 卖出挂单模式：aggressive
[INIT] 卖出后递增买入阈值已启用，步长 0.0200%。
[INIT] 价格停滞监控窗口 120.0 分钟，阈值 0.2000%。
[INIT] 启动后无行情自动退出阈值 10.0 分钟。
[INIT] 交易信号超时退出阈值 60.0 分钟（长时间无买入/卖出信号将退出）。
[INIT] 卖出挂单空窗释放阈值 6.0 小时。
[INFO] 倒计时卖出模式将在市场结束前 300 分钟开启。
[EXIT] 收到清仓信号: exit-only cleanup
[EXIT] 未检测到持仓，直接退出。
[CONFIG] 使用配置文件: /home/trader/polymarket_api/POLYMARKET_MAKER_copytrade_v2/POLYMARKET_MAKER_AUTO/data/run_params_23311563303783760858176166115231875564829760730498992986905724285046115223219.json
[INIT] API 凭证已验证。
[INIT] ClobClient 就绪。
[INFO] 未提供 market_url，尝试通过 token_id 获取市场元数据。
[INFO] 市场/子问题标题: Khamenei out as Supreme Leader of Iran by June 30?
[INFO] 使用 token_id: 23311563303783760858176166115231875564829760730498992986905724285046115223219
[INFO] 市场标注时区: America/New_York
[INFO] 市场计划截止时间 (UTC): 2026-06-30T00:00:00+00:00
[WARN] 自动获取的截止日期缺少具体时刻，已按默认配置设置截止时间为 2026-06-30T23:59:00-04:00 (America/New_York)。
[INFO] 监控目标结束时间 (UTC): 2026-07-01T03:59:00+00:00
[INFO] 未能识别市场价格精度，默认按盈利百分比下限 0.300% 执行。
[INIT] 目标 token_id: 23311563303783760858176166115231875564829760730498992986905724285046115223219
[INIT] 已读取手动份数 10.0，模式：总持仓目标。
[INIT] 卖出挂单模式：aggressive
[INIT] 卖出后递增买入阈值已启用，步长 0.0200%。
[INIT] 价格停滞监控窗口 120.0 分钟，阈值 0.2000%。
[INIT] 启动后无行情自动退出阈值 10.0 分钟。
[INIT] 交易信号超时退出阈值 60.0 分钟（长时间无买入/卖出信号将退出）。
[INIT] 卖出挂单空窗释放阈值 6.0 小时。
[INFO] 倒计时卖出模式将在市场结束前 300 分钟开启。
[EXIT] 收到清仓信号: exit-only cleanup
[EXIT] 未检测到持仓，直接退出。
[CONFIG] 使用配置文件: /home/trader/polymarket_api/POLYMARKET_MAKER_copytrade_v2/POLYMARKET_MAKER_AUTO/data/run_params_23311563303783760858176166115231875564829760730498992986905724285046115223219.json
[INIT] API 凭证已验证。
[INIT] ClobClient 就绪。
[INFO] 未提供 market_url，尝试通过 token_id 获取市场元数据。
[INFO] 市场/子问题标题: Khamenei out as Supreme Leader of Iran by June 30?
[INFO] 使用 token_id: 23311563303783760858176166115231875564829760730498992986905724285046115223219
[INFO] 市场标注时区: America/New_York
[INFO] 市场计划截止时间 (UTC): 2026-06-30T00:00:00+00:00
[WARN] 自动获取的截止日期缺少具体时刻，已按默认配置设置截止时间为 2026-06-30T23:59:00-04:00 (America/New_York)。
[INFO] 监控目标结束时间 (UTC): 2026-07-01T03:59:00+00:00
[INFO] 未能识别市场价格精度，默认按盈利百分比下限 0.300% 执行。
[INIT] 目标 token_id: 23311563303783760858176166115231875564829760730498992986905724285046115223219
[INIT] 已读取手动份数 10.0，模式：总持仓目标。
[INIT] 卖出挂单模式：aggressive
[INIT] 卖出后递增买入阈值已启用，步长 0.0200%。
[INIT] 价格停滞监控窗口 120.0 分钟，阈值 0.2000%。
[INIT] 启动后无行情自动退出阈值 10.0 分钟。
[INIT] 交易信号超时退出阈值 60.0 分钟（长时间无买入/卖出信号将退出）。
[INIT] 卖出挂单空窗释放阈值 6.0 小时。
[INFO] 倒计时卖出模式将在市场结束前 300 分钟开启。
[EXIT] 收到清仓信号: exit-only cleanup
[EXIT] 未检测到持仓，直接退出。
[CONFIG] 使用配置文件: /home/trader/polymarket_api/POLYMARKET_MAKER_copytrade_v2/POLYMARKET_MAKER_AUTO/data/run_params_23311563303783760858176166115231875564829760730498992986905724285046115223219.json
[INIT] API 凭证已验证。
[INIT] ClobClient 就绪。
[INFO] 未提供 market_url，尝试通过 token_id 获取市场元数据。
[INFO] 市场/子问题标题: Khamenei out as Supreme Leader of Iran by June 30?
[INFO] 使用 token_id: 23311563303783760858176166115231875564829760730498992986905724285046115223219
[INFO] 市场标注时区: America/New_York
[INFO] 市场计划截止时间 (UTC): 2026-06-30T00:00:00+00:00
[WARN] 自动获取的截止日期缺少具体时刻，已按默认配置设置截止时间为 2026-06-30T23:59:00-04:00 (America/New_York)。
[INFO] 监控目标结束时间 (UTC): 2026-07-01T03:59:00+00:00
[INFO] 未能识别市场价格精度，默认按盈利百分比下限 0.300% 执行。
[INIT] 目标 token_id: 23311563303783760858176166115231875564829760730498992986905724285046115223219
[INIT] 已读取手动份数 10.0，模式：总持仓目标。
[INIT] 卖出挂单模式：aggressive
[INIT] 卖出后递增买入阈值已启用，步长 0.0200%。
[INIT] 价格停滞监控窗口 120.0 分钟，阈值 0.2000%。
[INIT] 启动后无行情自动退出阈值 10.0 分钟。
[INIT] 交易信号超时退出阈值 60.0 分钟（长时间无买入/卖出信号将退出）。
[INIT] 卖出挂单空窗释放阈值 6.0 小时。
[INFO] 倒计时卖出模式将在市场结束前 300 分钟开启。
[EXIT] 收到清仓信号: exit-only cleanup
[EXIT] 未检测到持仓，直接退出。
[CONFIG] 使用配置文件: /home/trader/polymarket_api/POLYMARKET_MAKER_copytrade_v2/POLYMARKET_MAKER_AUTO/data/run_params_23311563303783760858176166115231875564829760730498992986905724285046115223219.json
[INIT] API 凭证已验证。
[INIT] ClobClient 就绪。
[INFO] 未提供 market_url，尝试通过 token_id 获取市场元数据。
[INFO] 市场/子问题标题: Khamenei out as Supreme Leader of Iran by June 30?
[INFO] 使用 token_id: 23311563303783760858176166115231875564829760730498992986905724285046115223219
[INFO] 市场标注时区: America/New_York
[INFO] 市场计划截止时间 (UTC): 2026-06-30T00:00:00+00:00
[WARN] 自动获取的截止日期缺少具体时刻，已按默认配置设置截止时间为 2026-06-30T23:59:00-04:00 (America/New_York)。
[INFO] 监控目标结束时间 (UTC): 2026-07-01T03:59:00+00:00
[INFO] 未能识别市场价格精度，默认按盈利百分比下限 0.300% 执行。
[INIT] 目标 token_id: 23311563303783760858176166115231875564829760730498992986905724285046115223219
[INIT] 已读取手动份数 10.0，模式：总持仓目标。
[INIT] 卖出挂单模式：aggressive
[INIT] 卖出后递增买入阈值已启用，步长 0.0200%。
[INIT] 价格停滞监控窗口 120.0 分钟，阈值 0.2000%。
[INIT] 启动后无行情自动退出阈值 10.0 分钟。
[INIT] 交易信号超时退出阈值 60.0 分钟（长时间无买入/卖出信号将退出）。
[INIT] 卖出挂单空窗释放阈值 6.0 小时。
[INFO] 倒计时卖出模式将在市场结束前 300 分钟开启。
[EXIT] 收到清仓信号: exit-only cleanup
[EXIT] 未检测到持仓，直接退出。
[CONFIG] 使用配置文件: /home/trader/polymarket_api/POLYMARKET_MAKER_copytrade_v2/POLYMARKET_MAKER_AUTO/data/run_params_23311563303783760858176166115231875564829760730498992986905724285046115223219.json
[INIT] API 凭证已验证。
[INIT] ClobClient 就绪。
[INFO] 未提供 market_url，尝试通过 token_id 获取市场元数据。
[INFO] 市场/子问题标题: Khamenei out as Supreme Leader of Iran by June 30?
[INFO] 使用 token_id: 23311563303783760858176166115231875564829760730498992986905724285046115223219
[INFO] 市场标注时区: America/New_York
[INFO] 市场计划截止时间 (UTC): 2026-06-30T00:00:00+00:00
[WARN] 自动获取的截止日期缺少具体时刻，已按默认配置设置截止时间为 2026-06-30T23:59:00-04:00 (America/New_York)。
[INFO] 监控目标结束时间 (UTC): 2026-07-01T03:59:00+00:00
[INFO] 未能识别市场价格精度，默认按盈利百分比下限 0.300% 执行。
[INIT] 目标 token_id: 23311563303783760858176166115231875564829760730498992986905724285046115223219
[INIT] 已读取手动份数 10.0，模式：总持仓目标。
[INIT] 卖出挂单模式：aggressive
[INIT] 卖出后递增买入阈值已启用，步长 0.0200%。
[INIT] 价格停滞监控窗口 120.0 分钟，阈值 0.2000%。
[INIT] 启动后无行情自动退出阈值 10.0 分钟。
[INIT] 交易信号超时退出阈值 60.0 分钟（长时间无买入/卖出信号将退出）。
[INIT] 卖出挂单空窗释放阈值 6.0 小时。
[INFO] 倒计时卖出模式将在市场结束前 300 分钟开启。
[EXIT] 收到清仓信号: exit-only cleanup
[EXIT] 未检测到持仓，直接退出。
[CONFIG] 使用配置文件: /home/trader/polymarket_api/POLYMARKET_MAKER_copytrade_v2/POLYMARKET_MAKER_AUTO/data/run_params_23311563303783760858176166115231875564829760730498992986905724285046115223219.json
[INIT] API 凭证已验证。
[INIT] ClobClient 就绪。
[INFO] 未提供 market_url，尝试通过 token_id 获取市场元数据。
[INFO] 市场/子问题标题: Khamenei out as Supreme Leader of Iran by June 30?
[INFO] 使用 token_id: 23311563303783760858176166115231875564829760730498992986905724285046115223219
[INFO] 市场标注时区: America/New_York
[INFO] 市场计划截止时间 (UTC): 2026-06-30T00:00:00+00:00
[WARN] 自动获取的截止日期缺少具体时刻，已按默认配置设置截止时间为 2026-06-30T23:59:00-04:00 (America/New_York)。
[INFO] 监控目标结束时间 (UTC): 2026-07-01T03:59:00+00:00
[INFO] 未能识别市场价格精度，默认按盈利百分比下限 0.300% 执行。
[INIT] 目标 token_id: 23311563303783760858176166115231875564829760730498992986905724285046115223219
[INIT] 已读取手动份数 10.0，模式：总持仓目标。
[INIT] 卖出挂单模式：aggressive
[INIT] 卖出后递增买入阈值已启用，步长 0.0200%。
[INIT] 价格停滞监控窗口 120.0 分钟，阈值 0.2000%。
[INIT] 启动后无行情自动退出阈值 10.0 分钟。
[INIT] 交易信号超时退出阈值 60.0 分钟（长时间无买入/卖出信号将退出）。
[INIT] 卖出挂单空窗释放阈值 6.0 小时。
[INFO] 倒计时卖出模式将在市场结束前 300 分钟开启。
[EXIT] 收到清仓信号: exit-only cleanup
[EXIT] 未检测到持仓，直接退出。
[CONFIG] 使用配置文件: /home/trader/polymarket_api/POLYMARKET_MAKER_copytrade_v2/POLYMARKET_MAKER_AUTO/data/run_params_23311563303783760858176166115231875564829760730498992986905724285046115223219.json
[INIT] API 凭证已验证。
[INIT] ClobClient 就绪。
[INFO] 未提供 market_url，尝试通过 token_id 获取市场元数据。
[INFO] 市场/子问题标题: Khamenei out as Supreme Leader of Iran by June 30?
[INFO] 使用 token_id: 23311563303783760858176166115231875564829760730498992986905724285046115223219
[INFO] 市场标注时区: America/New_York
[INFO] 市场计划截止时间 (UTC): 2026-06-30T00:00:00+00:00
[WARN] 自动获取的截止日期缺少具体时刻，已按默认配置设置截止时间为 2026-06-30T23:59:00-04:00 (America/New_York)。
[INFO] 监控目标结束时间 (UTC): 2026-07-01T03:59:00+00:00
[INFO] 未能识别市场价格精度，默认按盈利百分比下限 0.300% 执行。
[INIT] 目标 token_id: 23311563303783760858176166115231875564829760730498992986905724285046115223219
[INIT] 已读取手动份数 10.0，模式：总持仓目标。
[INIT] 卖出挂单模式：aggressive
[INIT] 卖出后递增买入阈值已启用，步长 0.0200%。
[INIT] 价格停滞监控窗口 120.0 分钟，阈值 0.2000%。
[INIT] 启动后无行情自动退出阈值 10.0 分钟。
[INIT] 交易信号超时退出阈值 60.0 分钟（长时间无买入/卖出信号将退出）。
[INIT] 卖出挂单空窗释放阈值 6.0 小时。
[INFO] 倒计时卖出模式将在市场结束前 300 分钟开启。
[EXIT] 收到清仓信号: exit-only cleanup
[EXIT] 未检测到持仓，直接退出。
[CONFIG] 使用配置文件: /home/trader/polymarket_api/POLYMARKET_MAKER_copytrade_v2/POLYMARKET_MAKER_AUTO/data/run_params_23311563303783760858176166115231875564829760730498992986905724285046115223219.json
[INIT] API 凭证已验证。
[INIT] ClobClient 就绪。
[INFO] 未提供 market_url，尝试通过 token_id 获取市场元数据。
[INFO] 市场/子问题标题: Khamenei out as Supreme Leader of Iran by June 30?
[INFO] 使用 token_id: 23311563303783760858176166115231875564829760730498992986905724285046115223219
[INFO] 市场标注时区: America/New_York
[INFO] 市场计划截止时间 (UTC): 2026-06-30T00:00:00+00:00
[WARN] 自动获取的截止日期缺少具体时刻，已按默认配置设置截止时间为 2026-06-30T23:59:00-04:00 (America/New_York)。
[INFO] 监控目标结束时间 (UTC): 2026-07-01T03:59:00+00:00
[INFO] 未能识别市场价格精度，默认按盈利百分比下限 0.300% 执行。
[INIT] 目标 token_id: 23311563303783760858176166115231875564829760730498992986905724285046115223219
[INIT] 已读取手动份数 10.0，模式：总持仓目标。
[INIT] 卖出挂单模式：aggressive
[INIT] 卖出后递增买入阈值已启用，步长 0.0200%。
[INIT] 价格停滞监控窗口 120.0 分钟，阈值 0.2000%。
[INIT] 启动后无行情自动退出阈值 10.0 分钟。
[INIT] 交易信号超时退出阈值 60.0 分钟（长时间无买入/卖出信号将退出）。
[INIT] 卖出挂单空窗释放阈值 6.0 小时。
[INFO] 倒计时卖出模式将在市场结束前 300 分钟开启。
[EXIT] 收到清仓信号: exit-only cleanup
[EXIT] 未检测到持仓，直接退出。
[CONFIG] 使用配置文件: /home/trader/polymarket_api/POLYMARKET_MAKER_copytrade_v2/POLYMARKET_MAKER_AUTO/data/run_params_23311563303783760858176166115231875564829760730498992986905724285046115223219.json
[INIT] API 凭证已验证。
[INIT] ClobClient 就绪。
[INFO] 未提供 market_url，尝试通过 token_id 获取市场元数据。
[INFO] 市场/子问题标题: Khamenei out as Supreme Leader of Iran by June 30?
[INFO] 使用 token_id: 23311563303783760858176166115231875564829760730498992986905724285046115223219
[INFO] 市场标注时区: America/New_York
[INFO] 市场计划截止时间 (UTC): 2026-06-30T00:00:00+00:00
[WARN] 自动获取的截止日期缺少具体时刻，已按默认配置设置截止时间为 2026-06-30T23:59:00-04:00 (America/New_York)。
[INFO] 监控目标结束时间 (UTC): 2026-07-01T03:59:00+00:00
[INFO] 未能识别市场价格精度，默认按盈利百分比下限 0.300% 执行。
[INIT] 目标 token_id: 23311563303783760858176166115231875564829760730498992986905724285046115223219
[INIT] 已读取手动份数 10.0，模式：总持仓目标。
[INIT] 卖出挂单模式：aggressive
[INIT] 卖出后递增买入阈值已启用，步长 0.0200%。
[INIT] 价格停滞监控窗口 120.0 分钟，阈值 0.2000%。
[INIT] 启动后无行情自动退出阈值 10.0 分钟。
[INIT] 交易信号超时退出阈值 60.0 分钟（长时间无买入/卖出信号将退出）。
[INIT] 卖出挂单空窗释放阈值 6.0 小时。
[INFO] 倒计时卖出模式将在市场结束前 300 分钟开启。
[EXIT] 收到清仓信号: exit-only cleanup
[EXIT] 未检测到持仓，直接退出。
[CONFIG] 使用配置文件: /home/trader/polymarket_api/POLYMARKET_MAKER_copytrade_v2/POLYMARKET_MAKER_AUTO/data/run_params_23311563303783760858176166115231875564829760730498992986905724285046115223219.json
[INIT] API 凭证已验证。
[INIT] ClobClient 就绪。
[INFO] 未提供 market_url，尝试通过 token_id 获取市场元数据。
[INFO] 市场/子问题标题: Khamenei out as Supreme Leader of Iran by June 30?
[INFO] 使用 token_id: 23311563303783760858176166115231875564829760730498992986905724285046115223219
[INFO] 市场标注时区: America/New_York
[INFO] 市场计划截止时间 (UTC): 2026-06-30T00:00:00+00:00
[WARN] 自动获取的截止日期缺少具体时刻，已按默认配置设置截止时间为 2026-06-30T23:59:00-04:00 (America/New_York)。
[INFO] 监控目标结束时间 (UTC): 2026-07-01T03:59:00+00:00
[INFO] 未能识别市场价格精度，默认按盈利百分比下限 0.300% 执行。
[INIT] 目标 token_id: 23311563303783760858176166115231875564829760730498992986905724285046115223219
[INIT] 已读取手动份数 10.0，模式：总持仓目标。
[INIT] 卖出挂单模式：aggressive
[INIT] 卖出后递增买入阈值已启用，步长 0.0200%。
[INIT] 价格停滞监控窗口 120.0 分钟，阈值 0.2000%。
[INIT] 启动后无行情自动退出阈值 10.0 分钟。
[INIT] 交易信号超时退出阈值 60.0 分钟（长时间无买入/卖出信号将退出）。
[INIT] 卖出挂单空窗释放阈值 6.0 小时。
[INFO] 倒计时卖出模式将在市场结束前 300 分钟开启。
[EXIT] 收到清仓信号: exit-only cleanup
[EXIT] 未检测到持仓，直接退出。
[CONFIG] 使用配置文件: /home/trader/polymarket_api/POLYMARKET_MAKER_copytrade_v2/POLYMARKET_MAKER_AUTO/data/run_params_23311563303783760858176166115231875564829760730498992986905724285046115223219.json
[INIT] API 凭证已验证。
[INIT] ClobClient 就绪。
[INFO] 未提供 market_url，尝试通过 token_id 获取市场元数据。
[INFO] 市场/子问题标题: Khamenei out as Supreme Leader of Iran by June 30?
[INFO] 使用 token_id: 23311563303783760858176166115231875564829760730498992986905724285046115223219
[INFO] 市场标注时区: America/New_York
[INFO] 市场计划截止时间 (UTC): 2026-06-30T00:00:00+00:00
[WARN] 自动获取的截止日期缺少具体时刻，已按默认配置设置截止时间为 2026-06-30T23:59:00-04:00 (America/New_York)。
[INFO] 监控目标结束时间 (UTC): 2026-07-01T03:59:00+00:00
[INFO] 未能识别市场价格精度，默认按盈利百分比下限 0.300% 执行。
[INIT] 目标 token_id: 23311563303783760858176166115231875564829760730498992986905724285046115223219
[INIT] 已读取手动份数 10.0，模式：总持仓目标。
[INIT] 卖出挂单模式：aggressive
[INIT] 卖出后递增买入阈值已启用，步长 0.0200%。
[INIT] 价格停滞监控窗口 120.0 分钟，阈值 0.2000%。
[INIT] 启动后无行情自动退出阈值 10.0 分钟。
[INIT] 交易信号超时退出阈值 60.0 分钟（长时间无买入/卖出信号将退出）。
[INIT] 卖出挂单空窗释放阈值 6.0 小时。
[INFO] 倒计时卖出模式将在市场结束前 300 分钟开启。
[EXIT] 收到清仓信号: exit-only cleanup
[EXIT] 未检测到持仓，直接退出。
[CONFIG] 使用配置文件: /home/trader/polymarket_api/POLYMARKET_MAKER_copytrade_v2/POLYMARKET_MAKER_AUTO/data/run_params_23311563303783760858176166115231875564829760730498992986905724285046115223219.json
[INIT] API 凭证已验证。
[INIT] ClobClient 就绪。
[INFO] 未提供 market_url，尝试通过 token_id 获取市场元数据。
[INFO] 市场/子问题标题: Khamenei out as Supreme Leader of Iran by June 30?
[INFO] 使用 token_id: 23311563303783760858176166115231875564829760730498992986905724285046115223219
[INFO] 市场标注时区: America/New_York
[INFO] 市场计划截止时间 (UTC): 2026-06-30T00:00:00+00:00
[WARN] 自动获取的截止日期缺少具体时刻，已按默认配置设置截止时间为 2026-06-30T23:59:00-04:00 (America/New_York)。
[INFO] 监控目标结束时间 (UTC): 2026-07-01T03:59:00+00:00
[INFO] 未能识别市场价格精度，默认按盈利百分比下限 0.300% 执行。
[INIT] 目标 token_id: 23311563303783760858176166115231875564829760730498992986905724285046115223219
[INIT] 已读取手动份数 10.0，模式：总持仓目标。
[INIT] 卖出挂单模式：aggressive
[INIT] 卖出后递增买入阈值已启用，步长 0.0200%。
[INIT] 价格停滞监控窗口 120.0 分钟，阈值 0.2000%。
[INIT] 启动后无行情自动退出阈值 10.0 分钟。
[INIT] 交易信号超时退出阈值 60.0 分钟（长时间无买入/卖出信号将退出）。
[INIT] 卖出挂单空窗释放阈值 6.0 小时。
[INFO] 倒计时卖出模式将在市场结束前 300 分钟开启。
[EXIT] 收到清仓信号: exit-only cleanup
[EXIT] 未检测到持仓，直接退出。
[CONFIG] 使用配置文件: /home/trader/polymarket_api/POLYMARKET_MAKER_copytrade_v2/POLYMARKET_MAKER_AUTO/data/run_params_23311563303783760858176166115231875564829760730498992986905724285046115223219.json
[INIT] API 凭证已验证。
[INIT] ClobClient 就绪。
[INFO] 未提供 market_url，尝试通过 token_id 获取市场元数据。
[INFO] 市场/子问题标题: Khamenei out as Supreme Leader of Iran by June 30?
[INFO] 使用 token_id: 23311563303783760858176166115231875564829760730498992986905724285046115223219
[INFO] 市场标注时区: America/New_York
[INFO] 市场计划截止时间 (UTC): 2026-06-30T00:00:00+00:00
[WARN] 自动获取的截止日期缺少具体时刻，已按默认配置设置截止时间为 2026-06-30T23:59:00-04:00 (America/New_York)。
[INFO] 监控目标结束时间 (UTC): 2026-07-01T03:59:00+00:00
[INFO] 未能识别市场价格精度，默认按盈利百分比下限 0.300% 执行。
[INIT] 目标 token_id: 23311563303783760858176166115231875564829760730498992986905724285046115223219
[INIT] 已读取手动份数 10.0，模式：总持仓目标。
[INIT] 卖出挂单模式：aggressive
[INIT] 卖出后递增买入阈值已启用，步长 0.0200%。
[INIT] 价格停滞监控窗口 120.0 分钟，阈值 0.2000%。
[INIT] 启动后无行情自动退出阈值 10.0 分钟。
[INIT] 交易信号超时退出阈值 60.0 分钟（长时间无买入/卖出信号将退出）。
[INIT] 卖出挂单空窗释放阈值 6.0 小时。
[INFO] 倒计时卖出模式将在市场结束前 300 分钟开启。
[EXIT] 收到清仓信号: exit-only cleanup
[EXIT] 未检测到持仓，直接退出。
[CONFIG] 使用配置文件: /home/trader/polymarket_api/POLYMARKET_MAKER_copytrade_v2/POLYMARKET_MAKER_AUTO/data/run_params_23311563303783760858176166115231875564829760730498992986905724285046115223219.json
[INIT] API 凭证已验证。
[INIT] ClobClient 就绪。
[INFO] 未提供 market_url，尝试通过 token_id 获取市场元数据。
[INFO] 市场/子问题标题: Khamenei out as Supreme Leader of Iran by June 30?
[INFO] 使用 token_id: 23311563303783760858176166115231875564829760730498992986905724285046115223219
[INFO] 市场标注时区: America/New_York
[INFO] 市场计划截止时间 (UTC): 2026-06-30T00:00:00+00:00
[WARN] 自动获取的截止日期缺少具体时刻，已按默认配置设置截止时间为 2026-06-30T23:59:00-04:00 (America/New_York)。
[INFO] 监控目标结束时间 (UTC): 2026-07-01T03:59:00+00:00
[INFO] 未能识别市场价格精度，默认按盈利百分比下限 0.300% 执行。
[INIT] 目标 token_id: 23311563303783760858176166115231875564829760730498992986905724285046115223219
[INIT] 已读取手动份数 10.0，模式：总持仓目标。
[INIT] 卖出挂单模式：aggressive
[INIT] 卖出后递增买入阈值已启用，步长 0.0200%。
[INIT] 价格停滞监控窗口 120.0 分钟，阈值 0.2000%。
[INIT] 启动后无行情自动退出阈值 10.0 分钟。
[INIT] 交易信号超时退出阈值 60.0 分钟（长时间无买入/卖出信号将退出）。
[INIT] 卖出挂单空窗释放阈值 6.0 小时。
[INFO] 倒计时卖出模式将在市场结束前 300 分钟开启。
[EXIT] 收到清仓信号: exit-only cleanup
[EXIT] 未检测到持仓，直接退出。
[CONFIG] 使用配置文件: /home/trader/polymarket_api/POLYMARKET_MAKER_copytrade_v2/POLYMARKET_MAKER_AUTO/data/run_params_23311563303783760858176166115231875564829760730498992986905724285046115223219.json
[INIT] API 凭证已验证。
[INIT] ClobClient 就绪。
[INFO] 未提供 market_url，尝试通过 token_id 获取市场元数据。
[INFO] 市场/子问题标题: Khamenei out as Supreme Leader of Iran by June 30?
[INFO] 使用 token_id: 23311563303783760858176166115231875564829760730498992986905724285046115223219
[INFO] 市场标注时区: America/New_York
[INFO] 市场计划截止时间 (UTC): 2026-06-30T00:00:00+00:00
[WARN] 自动获取的截止日期缺少具体时刻，已按默认配置设置截止时间为 2026-06-30T23:59:00-04:00 (America/New_York)。
[INFO] 监控目标结束时间 (UTC): 2026-07-01T03:59:00+00:00
[INFO] 未能识别市场价格精度，默认按盈利百分比下限 0.300% 执行。
[INIT] 目标 token_id: 23311563303783760858176166115231875564829760730498992986905724285046115223219
[INIT] 已读取手动份数 10.0，模式：总持仓目标。
[INIT] 卖出挂单模式：aggressive
[INIT] 卖出后递增买入阈值已启用，步长 0.0200%。
[INIT] 价格停滞监控窗口 120.0 分钟，阈值 0.2000%。
[INIT] 启动后无行情自动退出阈值 10.0 分钟。
[INIT] 交易信号超时退出阈值 60.0 分钟（长时间无买入/卖出信号将退出）。
[INIT] 卖出挂单空窗释放阈值 6.0 小时。
[INFO] 倒计时卖出模式将在市场结束前 300 分钟开启。
[EXIT] 收到清仓信号: exit-only cleanup
[EXIT] 未检测到持仓，直接退出。
[CONFIG] 使用配置文件: /home/trader/polymarket_api/POLYMARKET_MAKER_copytrade_v2/POLYMARKET_MAKER_AUTO/data/run_params_23311563303783760858176166115231875564829760730498992986905724285046115223219.json
[INIT] API 凭证已验证。
[INIT] ClobClient 就绪。
[INFO] 未提供 market_url，尝试通过 token_id 获取市场元数据。
[INFO] 市场/子问题标题: Khamenei out as Supreme Leader of Iran by June 30?
[INFO] 使用 token_id: 23311563303783760858176166115231875564829760730498992986905724285046115223219
[INFO] 市场标注时区: America/New_York
[INFO] 市场计划截止时间 (UTC): 2026-06-30T00:00:00+00:00
[WARN] 自动获取的截止日期缺少具体时刻，已按默认配置设置截止时间为 2026-06-30T23:59:00-04:00 (America/New_York)。
[INFO] 监控目标结束时间 (UTC): 2026-07-01T03:59:00+00:00
[INFO] 未能识别市场价格精度，默认按盈利百分比下限 0.300% 执行。
[INIT] 目标 token_id: 23311563303783760858176166115231875564829760730498992986905724285046115223219
[INIT] 已读取手动份数 10.0，模式：总持仓目标。
[INIT] 卖出挂单模式：aggressive
[INIT] 卖出后递增买入阈值已启用，步长 0.0200%。
[INIT] 价格停滞监控窗口 120.0 分钟，阈值 0.2000%。
[INIT] 启动后无行情自动退出阈值 10.0 分钟。
[INIT] 交易信号超时退出阈值 60.0 分钟（长时间无买入/卖出信号将退出）。
[INIT] 卖出挂单空窗释放阈值 6.0 小时。
[INFO] 倒计时卖出模式将在市场结束前 300 分钟开启。
[EXIT] 收到清仓信号: exit-only cleanup
[EXIT] 未检测到持仓，直接退出。
[CONFIG] 使用配置文件: /home/trader/polymarket_api/POLYMARKET_MAKER_copytrade_v2/POLYMARKET_MAKER_AUTO/data/run_params_23311563303783760858176166115231875564829760730498992986905724285046115223219.json
[INIT] API 凭证已验证。
[INIT] ClobClient 就绪。
[INFO] 未提供 market_url，尝试通过 token_id 获取市场元数据。
[INFO] 市场/子问题标题: Khamenei out as Supreme Leader of Iran by June 30?
[INFO] 使用 token_id: 23311563303783760858176166115231875564829760730498992986905724285046115223219
[INFO] 市场标注时区: America/New_York
[INFO] 市场计划截止时间 (UTC): 2026-06-30T00:00:00+00:00
[WARN] 自动获取的截止日期缺少具体时刻，已按默认配置设置截止时间为 2026-06-30T23:59:00-04:00 (America/New_York)。
[INFO] 监控目标结束时间 (UTC): 2026-07-01T03:59:00+00:00
[INFO] 未能识别市场价格精度，默认按盈利百分比下限 0.300% 执行。
[INIT] 目标 token_id: 23311563303783760858176166115231875564829760730498992986905724285046115223219
[INIT] 已读取手动份数 10.0，模式：总持仓目标。
[INIT] 卖出挂单模式：aggressive
[INIT] 卖出后递增买入阈值已启用，步长 0.0200%。
[INIT] 价格停滞监控窗口 120.0 分钟，阈值 0.2000%。
[INIT] 启动后无行情自动退出阈值 10.0 分钟。
[INIT] 交易信号超时退出阈值 60.0 分钟（长时间无买入/卖出信号将退出）。
[INIT] 卖出挂单空窗释放阈值 6.0 小时。
[INFO] 倒计时卖出模式将在市场结束前 300 分钟开启。
[EXIT] 收到清仓信号: exit-only cleanup
[EXIT] 未检测到持仓，直接退出。
[CONFIG] 使用配置文件: /home/trader/polymarket_api/POLYMARKET_MAKER_copytrade_v2/POLYMARKET_MAKER_AUTO/data/run_params_23311563303783760858176166115231875564829760730498992986905724285046115223219.json
[INIT] API 凭证已验证。
[INIT] ClobClient 就绪。
[INFO] 未提供 market_url，尝试通过 token_id 获取市场元数据。
[INFO] 市场/子问题标题: Khamenei out as Supreme Leader of Iran by June 30?
[INFO] 使用 token_id: 23311563303783760858176166115231875564829760730498992986905724285046115223219
[INFO] 市场标注时区: America/New_York
[INFO] 市场计划截止时间 (UTC): 2026-06-30T00:00:00+00:00
[WARN] 自动获取的截止日期缺少具体时刻，已按默认配置设置截止时间为 2026-06-30T23:59:00-04:00 (America/New_York)。
[INFO] 监控目标结束时间 (UTC): 2026-07-01T03:59:00+00:00
[INFO] 未能识别市场价格精度，默认按盈利百分比下限 0.300% 执行。
[INIT] 目标 token_id: 23311563303783760858176166115231875564829760730498992986905724285046115223219
[INIT] 已读取手动份数 10.0，模式：总持仓目标。
[INIT] 卖出挂单模式：aggressive
[INIT] 卖出后递增买入阈值已启用，步长 0.0200%。
[INIT] 价格停滞监控窗口 120.0 分钟，阈值 0.2000%。
[INIT] 启动后无行情自动退出阈值 10.0 分钟。
[INIT] 交易信号超时退出阈值 60.0 分钟（长时间无买入/卖出信号将退出）。
[INIT] 卖出挂单空窗释放阈值 6.0 小时。
[INFO] 倒计时卖出模式将在市场结束前 300 分钟开启。
[EXIT] 收到清仓信号: exit-only cleanup
[EXIT] 未检测到持仓，直接退出。
[CONFIG] 使用配置文件: /home/trader/polymarket_api/POLYMARKET_MAKER_copytrade_v2/POLYMARKET_MAKER_AUTO/data/run_params_23311563303783760858176166115231875564829760730498992986905724285046115223219.json
[INIT] API 凭证已验证。
[INIT] ClobClient 就绪。
[INFO] 未提供 market_url，尝试通过 token_id 获取市场元数据。
[INFO] 市场/子问题标题: Khamenei out as Supreme Leader of Iran by June 30?
[INFO] 使用 token_id: 23311563303783760858176166115231875564829760730498992986905724285046115223219
[INFO] 市场标注时区: America/New_York
[INFO] 市场计划截止时间 (UTC): 2026-06-30T00:00:00+00:00
[WARN] 自动获取的截止日期缺少具体时刻，已按默认配置设置截止时间为 2026-06-30T23:59:00-04:00 (America/New_York)。
[INFO] 监控目标结束时间 (UTC): 2026-07-01T03:59:00+00:00
[INFO] 未能识别市场价格精度，默认按盈利百分比下限 0.300% 执行。
[INIT] 目标 token_id: 23311563303783760858176166115231875564829760730498992986905724285046115223219
[INIT] 已读取手动份数 10.0，模式：总持仓目标。
[INIT] 卖出挂单模式：aggressive
[INIT] 卖出后递增买入阈值已启用，步长 0.0200%。
[INIT] 价格停滞监控窗口 120.0 分钟，阈值 0.2000%。
[INIT] 启动后无行情自动退出阈值 10.0 分钟。
[INIT] 交易信号超时退出阈值 60.0 分钟（长时间无买入/卖出信号将退出）。
[INIT] 卖出挂单空窗释放阈值 6.0 小时。
[INFO] 倒计时卖出模式将在市场结束前 300 分钟开启。
[EXIT] 收到清仓信号: exit-only cleanup
[EXIT] 未检测到持仓，直接退出。
[CONFIG] 使用配置文件: /home/trader/polymarket_api/POLYMARKET_MAKER_copytrade_v2/POLYMARKET_MAKER_AUTO/data/run_params_23311563303783760858176166115231875564829760730498992986905724285046115223219.json
[INIT] API 凭证已验证。
[INIT] ClobClient 就绪。
[INFO] 未提供 market_url，尝试通过 token_id 获取市场元数据。
[INFO] 市场/子问题标题: Khamenei out as Supreme Leader of Iran by June 30?
[INFO] 使用 token_id: 23311563303783760858176166115231875564829760730498992986905724285046115223219
[INFO] 市场标注时区: America/New_York
[INFO] 市场计划截止时间 (UTC): 2026-06-30T00:00:00+00:00
[WARN] 自动获取的截止日期缺少具体时刻，已按默认配置设置截止时间为 2026-06-30T23:59:00-04:00 (America/New_York)。
[INFO] 监控目标结束时间 (UTC): 2026-07-01T03:59:00+00:00
[INFO] 未能识别市场价格精度，默认按盈利百分比下限 0.300% 执行。
[INIT] 目标 token_id: 23311563303783760858176166115231875564829760730498992986905724285046115223219
[INIT] 已读取手动份数 10.0，模式：总持仓目标。
[INIT] 卖出挂单模式：aggressive
[INIT] 卖出后递增买入阈值已启用，步长 0.0200%。
[INIT] 价格停滞监控窗口 120.0 分钟，阈值 0.2000%。
[INIT] 启动后无行情自动退出阈值 10.0 分钟。
[INIT] 交易信号超时退出阈值 60.0 分钟（长时间无买入/卖出信号将退出）。
[INIT] 卖出挂单空窗释放阈值 6.0 小时。
[INFO] 倒计时卖出模式将在市场结束前 300 分钟开启。
[EXIT] 收到清仓信号: exit-only cleanup
[EXIT] 未检测到持仓，直接退出。
[CONFIG] 使用配置文件: /home/trader/polymarket_api/POLYMARKET_MAKER_copytrade_v2/POLYMARKET_MAKER_AUTO/data/run_params_23311563303783760858176166115231875564829760730498992986905724285046115223219.json
[INIT] API 凭证已验证。
[INIT] ClobClient 就绪。
[INFO] 未提供 market_url，尝试通过 token_id 获取市场元数据。
[INFO] 市场/子问题标题: Khamenei out as Supreme Leader of Iran by June 30?
[INFO] 使用 token_id: 23311563303783760858176166115231875564829760730498992986905724285046115223219
[INFO] 市场标注时区: America/New_York
[INFO] 市场计划截止时间 (UTC): 2026-06-30T00:00:00+00:00
[WARN] 自动获取的截止日期缺少具体时刻，已按默认配置设置截止时间为 2026-06-30T23:59:00-04:00 (America/New_York)。
[INFO] 监控目标结束时间 (UTC): 2026-07-01T03:59:00+00:00
[INFO] 未能识别市场价格精度，默认按盈利百分比下限 0.300% 执行。
[INIT] 目标 token_id: 23311563303783760858176166115231875564829760730498992986905724285046115223219
[INIT] 已读取手动份数 10.0，模式：总持仓目标。
[INIT] 卖出挂单模式：aggressive
[INIT] 卖出后递增买入阈值已启用，步长 0.0200%。
[INIT] 价格停滞监控窗口 120.0 分钟，阈值 0.2000%。
[INIT] 启动后无行情自动退出阈值 10.0 分钟。
[INIT] 交易信号超时退出阈值 60.0 分钟（长时间无买入/卖出信号将退出）。
[INIT] 卖出挂单空窗释放阈值 6.0 小时。
[INFO] 倒计时卖出模式将在市场结束前 300 分钟开启。
[EXIT] 收到清仓信号: exit-only cleanup
[EXIT] 未检测到持仓，直接退出。
[CONFIG] 使用配置文件: /home/trader/polymarket_api/POLYMARKET_MAKER_copytrade_v2/POLYMARKET_MAKER_AUTO/data/run_params_23311563303783760858176166115231875564829760730498992986905724285046115223219.json
[INIT] API 凭证已验证。
[INIT] ClobClient 就绪。
[INFO] 未提供 market_url，尝试通过 token_id 获取市场元数据。
[INFO] 市场/子问题标题: Khamenei out as Supreme Leader of Iran by June 30?
[INFO] 使用 token_id: 23311563303783760858176166115231875564829760730498992986905724285046115223219
[INFO] 市场标注时区: America/New_York
[INFO] 市场计划截止时间 (UTC): 2026-06-30T00:00:00+00:00
[WARN] 自动获取的截止日期缺少具体时刻，已按默认配置设置截止时间为 2026-06-30T23:59:00-04:00 (America/New_York)。
[INFO] 监控目标结束时间 (UTC): 2026-07-01T03:59:00+00:00
[INFO] 未能识别市场价格精度，默认按盈利百分比下限 0.300% 执行。
[INIT] 目标 token_id: 23311563303783760858176166115231875564829760730498992986905724285046115223219
[INIT] 已读取手动份数 10.0，模式：总持仓目标。
[INIT] 卖出挂单模式：aggressive
[INIT] 卖出后递增买入阈值已启用，步长 0.0200%。
[INIT] 价格停滞监控窗口 120.0 分钟，阈值 0.2000%。
[INIT] 启动后无行情自动退出阈值 10.0 分钟。
[INIT] 交易信号超时退出阈值 60.0 分钟（长时间无买入/卖出信号将退出）。
[INIT] 卖出挂单空窗释放阈值 6.0 小时。
[INFO] 倒计时卖出模式将在市场结束前 300 分钟开启。
[EXIT] 收到清仓信号: exit-only cleanup
[EXIT] 未检测到持仓，直接退出。
[CONFIG] 使用配置文件: /home/trader/polymarket_api/POLYMARKET_MAKER_copytrade_v2/POLYMARKET_MAKER_AUTO/data/run_params_23311563303783760858176166115231875564829760730498992986905724285046115223219.json
[INIT] API 凭证已验证。
[INIT] ClobClient 就绪。
[INFO] 未提供 market_url，尝试通过 token_id 获取市场元数据。
[INFO] 市场/子问题标题: Khamenei out as Supreme Leader of Iran by June 30?
[INFO] 使用 token_id: 23311563303783760858176166115231875564829760730498992986905724285046115223219
[INFO] 市场标注时区: America/New_York
[INFO] 市场计划截止时间 (UTC): 2026-06-30T00:00:00+00:00
[WARN] 自动获取的截止日期缺少具体时刻，已按默认配置设置截止时间为 2026-06-30T23:59:00-04:00 (America/New_York)。
[INFO] 监控目标结束时间 (UTC): 2026-07-01T03:59:00+00:00
[INFO] 未能识别市场价格精度，默认按盈利百分比下限 0.300% 执行。
[INIT] 目标 token_id: 23311563303783760858176166115231875564829760730498992986905724285046115223219
[INIT] 已读取手动份数 10.0，模式：总持仓目标。
[INIT] 卖出挂单模式：aggressive
[INIT] 卖出后递增买入阈值已启用，步长 0.0200%。
[INIT] 价格停滞监控窗口 120.0 分钟，阈值 0.2000%。
[INIT] 启动后无行情自动退出阈值 10.0 分钟。
[INIT] 交易信号超时退出阈值 60.0 分钟（长时间无买入/卖出信号将退出）。
[INIT] 卖出挂单空窗释放阈值 6.0 小时。
[INFO] 倒计时卖出模式将在市场结束前 300 分钟开启。
[EXIT] 收到清仓信号: exit-only cleanup
[EXIT] 未检测到持仓，直接退出。
[CONFIG] 使用配置文件: /home/trader/polymarket_api/POLYMARKET_MAKER_copytrade_v2/POLYMARKET_MAKER_AUTO/data/run_params_23311563303783760858176166115231875564829760730498992986905724285046115223219.json
[INIT] API 凭证已验证。
[INIT] ClobClient 就绪。
[INFO] 未提供 market_url，尝试通过 token_id 获取市场元数据。
[INFO] 市场/子问题标题: Khamenei out as Supreme Leader of Iran by June 30?
[INFO] 使用 token_id: 23311563303783760858176166115231875564829760730498992986905724285046115223219
[INFO] 市场标注时区: America/New_York
[INFO] 市场计划截止时间 (UTC): 2026-06-30T00:00:00+00:00
[WARN] 自动获取的截止日期缺少具体时刻，已按默认配置设置截止时间为 2026-06-30T23:59:00-04:00 (America/New_York)。
[INFO] 监控目标结束时间 (UTC): 2026-07-01T03:59:00+00:00
[INFO] 未能识别市场价格精度，默认按盈利百分比下限 0.300% 执行。
[INIT] 目标 token_id: 23311563303783760858176166115231875564829760730498992986905724285046115223219
[INIT] 已读取手动份数 10.0，模式：总持仓目标。
[INIT] 卖出挂单模式：aggressive
[INIT] 卖出后递增买入阈值已启用，步长 0.0200%。
[INIT] 价格停滞监控窗口 120.0 分钟，阈值 0.2000%。
[INIT] 启动后无行情自动退出阈值 10.0 分钟。
[INIT] 交易信号超时退出阈值 60.0 分钟（长时间无买入/卖出信号将退出）。
[INIT] 卖出挂单空窗释放阈值 6.0 小时。
[INFO] 倒计时卖出模式将在市场结束前 300 分钟开启。
[EXIT] 收到清仓信号: exit-only cleanup
[EXIT] 未检测到持仓，直接退出。
