[CONFIG] 使用配置文件: /home/trader/polymarket_api/POLYMARKET_MAKER_copytrade_v2/POLYMARKET_MAKER_AUTO/data/run_params_98686000961840472718925829517679879428244289411307611978452808788429260739944.json
[INIT] API 凭证已验证。
[INIT] ClobClient 就绪。
[INFO] 未提供 market_url，尝试通过 token_id 获取市场元数据。
[INFO] 市场/子问题标题: Will Logan Paul’s PSA 10 Pokémon Illustrator Sale Price be over $12 million?
[INFO] 使用 token_id: 98686000961840472718925829517679879428244289411307611978452808788429260739944
[INFO] 市场标注时区: America/New_York
[WARN] 未能自动获取市场结束时间，将进入无截止日期模式继续运行。
[WARN] 未设定结束时间点：跳过截止时间校验和倒计时。
[INFO] 未能识别市场价格精度，默认按盈利百分比下限 0.300% 执行。
[INIT] 目标 token_id: 98686000961840472718925829517679879428244289411307611978452808788429260739944
[INIT] 已读取手动份数 10.0，模式：总持仓目标。
[INIT] 卖出挂单模式：aggressive
[INIT] 卖出后递增买入阈值已启用，步长 0.0200%。
[INIT] 价格停滞监控窗口 120.0 分钟，阈值 0.2000%。
[INIT] 启动后无行情自动退出阈值 10.0 分钟。
[INIT] 交易信号超时退出阈值 60.0 分钟（长时间无买入/卖出信号将退出）。
[INIT] 卖出挂单空窗释放阈值 6.0 小时。
[WS][SHARED] ✓ 将使用共享 WS 缓存模式
[WS][SHARED] 缓存路径: /home/trader/polymarket_api/POLYMARKET_MAKER_copytrade_v2/POLYMARKET_MAKER_AUTO/data/ws_cache.json
[WS][SHARED] ✓ 缓存文件新鲜（3秒前更新）
[RUN] 监听行情中… 输入 stop / exit 可手动停止。
[WS][SHARED][TRACE] 函数调用次数: 1
[WS][SHARED][DEBUG] 读取统计: read=1, skip=0, 当前seq=52927 (last=0), updated_at=1769240389.16 (last=0.00)
[WS][SHARED] ✓ 检测到seq增长: 0 → 52927 (+52927)
[WS][SHARED] 开始从共享缓存读取数据 (token=98686000961840472718925829517679879428244289411307611978452808788429260739944)
[WS][SHARED] seq=52927, updates=1 (2.0/min), bid=0.44, ask=0.47, price=0.45499999999999996
[WS][SHARED][TRACE] ✓ 函数执行完成，准备返回 (latest已设置: True)
[WAIT][TRACE] _apply_shared_ws_snapshot()返回，latest已设置: True, stop_event: False
[WAIT][TRACE] Loop iteration 1, latest: True, stop: False
[WAIT][END] ✓ Waiting loop结束，latest已设置: True
[WAIT][END] ✓ stop_event未设置，继续初始化...
[INIT][TRACE] 1. 准备启动input_listener线程...
[INIT][TRACE] 2. input_listener线程已启动
[INIT][TRACE] 3. 准备初始化变量和策略状态...
[INIT][TRACE] 4. 策略状态已获取
[INIT][TRACE] 5. 检查sell_only和countdown (sell_only_start_ts=None, market_deadline_ts=None)
[INIT][TRACE] 8. 所有初始化完成，准备进入主循环...
[MAIN_LOOP] 🚀 进入主循环 (use_shared_ws=True)
[WS][SHARED][SKIP] 跳过策略调用 (总跳过次数=2): seq和updated_at都未变化且距上次tick仅0.2秒
[WS][SHARED][SKIP] 当前状态: seq=52927, last_seq=52927, bid=0.44, ask=0.47
[HEARTBEAT] 主循环运行中... (use_shared_ws=True) (首次心跳)
[PX] bid=0.4400 ask=0.4700 mid=0.4550 last=0.4550 | state=FLAT awaiting=None entry=None
    时间窗口: 60.0m | 采样点数: 1
    窗口跌幅: 当前 0.00% / 最大 0.00% / 阈值 0.10%
    窗口价格(mid): 高 0.4550 / 低 0.4550
    信号超时: 0.0分钟无信号 / 阈值 60分钟
[WS][SHARED] ✓ 检测到seq增长: 52927 → 52981 (+54)
[WS][SHARED] ✓ 检测到seq增长: 52981 → 52991 (+10)
[WS][SHARED] ✓ 检测到seq增长: 52991 → 53001 (+10)
[WS][SHARED] ✓ 检测到seq增长: 53001 → 53006 (+5)
[ACTION] 🔔 收到交易信号: type=ActionType.BUY, target_price=None
[HINT][BUY] 目标 10.0000 - 当前仓位(未在 data-api positions(limit=500, total=11, param=user) via env:POLY_FUNDER 中找到 token 98686000961840472718925829517679879428244289411307611978452808788429260739944) 0.0000 -> 本次下单 10.0000
[MAKER][BUY] 开始买入流程 -> target_size=10.0000 poll_sec=10.0s
[DIAG][BID] latest字典中的token数据: {'price': 0.44999999999999996, 'best_bid': 0.43, 'best_ask': 0.47, 'ts': 1769240407.256096}
[DIAG][BID] ORDERBOOK_STALE_AFTER_SEC = 30.0
[WATCHDOG][BUY] 持仓检查 -> origin=未在 data-api positions(limit=500, total=11, param=user) via env:POLY_FUNDER 中找到 token 98686000961840472718925829517679879428244289411307611978452808788429260739944 当前无持仓
[MAKER][BUY] 挂单 -> price=0.43 qty=10.0000 remaining=10.0000
[MAKER][BUY] 挂单状态 -> price=0.43 filled=0.0000 remaining=10.0000 status=LIVE
[DIAG][BID] 快照过期: 年龄=54.5s > 阈值=30.0s
[DIAG][BID] 尝试从缓存刷新数据...
[DIAG][BID] ✓ 已刷新快照: bid=0.44, ask=0.47 (缓存数据新鲜)
[MAKER][BUY] 买一上行 -> 撤单重挂 | old=0.43 new=0.44
[WATCHDOG][BUY] 持仓检查 -> origin=未在 data-api positions(limit=500, total=11, param=user) via env:POLY_FUNDER 中找到 token 98686000961840472718925829517679879428244289411307611978452808788429260739944 当前无持仓
[MAKER][BUY] 挂单 -> price=0.44 qty=10.0000 remaining=10.0000
[MAKER][BUY] 挂单状态 -> price=0.44 filled=0.0000 remaining=10.0000 status=LIVE
[DIAG][BID] 快照过期: 年龄=32.1s > 阈值=30.0s
[DIAG][BID] 尝试从缓存刷新数据...
[DIAG][BID] ✓ 已刷新快照: bid=0.44, ask=0.47 (缓存数据新鲜)
[MAKER][BUY] 挂单状态 -> price=0.44 filled=0.0000 remaining=10.0000 status=LIVE
[MAKER][BUY] 挂单状态 -> price=0.44 filled=0.0000 remaining=10.0000 status=LIVE
[DIAG][BID] 快照过期: 年龄=40.6s > 阈值=30.0s
[DIAG][BID] 尝试从缓存刷新数据...
[DIAG][BID] ✓ 已刷新快照: bid=0.44, ask=0.47 (缓存数据新鲜)
[WATCHDOG][BUY] 持仓检查 -> origin=未在 data-api positions(limit=500, total=11, param=user) via env:POLY_FUNDER 中找到 token 98686000961840472718925829517679879428244289411307611978452808788429260739944 当前无持仓
[MAKER][BUY] 挂单状态 -> price=0.44 filled=0.0000 remaining=10.0000 status=LIVE
[DIAG][BID] 快照过期: 年龄=31.2s > 阈值=30.0s
[DIAG][BID] 尝试从缓存刷新数据...
[DIAG][BID] ✓ 已刷新快照: bid=0.44, ask=0.47 (缓存数据新鲜)
[MAKER][BUY] 挂单状态 -> price=0.44 filled=0.0000 remaining=10.0000 status=LIVE
[MAKER][BUY] 挂单状态 -> price=0.44 filled=0.0000 remaining=10.0000 status=LIVE
[DIAG][BID] 快照过期: 年龄=41.7s > 阈值=30.0s
[DIAG][BID] 尝试从缓存刷新数据...
[DIAG][BID] ✓ 已刷新快照: bid=0.44, ask=0.47 (缓存数据新鲜)
[WATCHDOG][BUY] 持仓检查 -> origin=未在 data-api positions(limit=500, total=11, param=user) via env:POLY_FUNDER 中找到 token 98686000961840472718925829517679879428244289411307611978452808788429260739944 当前无持仓
[MAKER][BUY] 挂单状态 -> price=0.44 filled=0.0000 remaining=10.0000 status=LIVE
[DIAG][BID] 快照过期: 年龄=30.7s > 阈值=30.0s
[DIAG][BID] 尝试从缓存刷新数据...
[DIAG][BID] ✓ 已刷新快照: bid=0.44, ask=0.47 (缓存数据新鲜)
[MAKER][BUY] 挂单状态 -> price=0.44 filled=0.0000 remaining=10.0000 status=LIVE
[MAKER][BUY] 挂单状态 -> price=0.44 filled=0.0000 remaining=10.0000 status=LIVE
[DIAG][BID] 快照过期: 年龄=40.6s > 阈值=30.0s
[DIAG][BID] 尝试从缓存刷新数据...
[DIAG][BID] ✓ 已刷新快照: bid=0.44, ask=0.47 (缓存数据新鲜)
[WATCHDOG][BUY] 持仓检查 -> origin=未在 data-api positions(limit=500, total=11, param=user) via env:POLY_FUNDER 中找到 token 98686000961840472718925829517679879428244289411307611978452808788429260739944 当前无持仓
[MAKER][BUY] 挂单状态 -> price=0.44 filled=0.0000 remaining=10.0000 status=LIVE
[DIAG][BID] 快照过期: 年龄=31.5s > 阈值=30.0s
[DIAG][BID] 尝试从缓存刷新数据...
[DIAG][BID] ✓ 已刷新快照: bid=0.44, ask=0.47 (缓存数据新鲜)
[MAKER][BUY] 挂单状态 -> price=0.44 filled=0.0000 remaining=10.0000 status=LIVE
[MAKER][BUY] 挂单状态 -> price=0.44 filled=0.0000 remaining=10.0000 status=LIVE
[DIAG][BID] 快照过期: 年龄=40.8s > 阈值=30.0s
[DIAG][BID] 尝试从缓存刷新数据...
[DIAG][BID] ✓ 已刷新快照: bid=0.44, ask=0.47 (缓存数据新鲜)
[WATCHDOG][BUY] 持仓检查 -> origin=未在 data-api positions(limit=500, total=11, param=user) via env:POLY_FUNDER 中找到 token 98686000961840472718925829517679879428244289411307611978452808788429260739944 当前无持仓
[MAKER][BUY] 挂单状态 -> price=0.44 filled=0.0000 remaining=10.0000 status=LIVE
[DIAG][BID] 快照过期: 年龄=30.4s > 阈值=30.0s
[DIAG][BID] 尝试从缓存刷新数据...
[DIAG][BID] ✓ 已刷新快照: bid=0.44, ask=0.47 (缓存数据新鲜)
[MAKER][BUY] 挂单状态 -> price=0.44 filled=0.0000 remaining=10.0000 status=LIVE
[MAKER][BUY] 挂单状态 -> price=0.44 filled=0.0000 remaining=10.0000 status=LIVE
[DIAG][BID] 快照过期: 年龄=41.0s > 阈值=30.0s
[DIAG][BID] 尝试从缓存刷新数据...
[DIAG][BID] ✓ 已刷新快照: bid=0.44, ask=0.47 (缓存数据新鲜)
[WATCHDOG][BUY] 持仓检查 -> origin=未在 data-api positions(limit=500, total=11, param=user) via env:POLY_FUNDER 中找到 token 98686000961840472718925829517679879428244289411307611978452808788429260739944 当前无持仓
[MAKER][BUY] 挂单状态 -> price=0.44 filled=0.0000 remaining=10.0000 status=LIVE
[DIAG][BID] 快照过期: 年龄=30.2s > 阈值=30.0s
[DIAG][BID] 尝试从缓存刷新数据...
[DIAG][BID] ✓ 已刷新快照: bid=0.44, ask=0.47 (缓存数据新鲜)
[MAKER][BUY] 挂单状态 -> price=0.44 filled=0.0000 remaining=10.0000 status=LIVE
[MAKER][BUY] 挂单状态 -> price=0.44 filled=0.0000 remaining=10.0000 status=LIVE
[DIAG][BID] 快照过期: 年龄=41.1s > 阈值=30.0s
[DIAG][BID] 尝试从缓存刷新数据...
[DIAG][BID] ✓ 已刷新快照: bid=0.44, ask=0.47 (缓存数据新鲜)
[WATCHDOG][BUY] 持仓检查 -> origin=未在 data-api positions(limit=500, total=11, param=user) via env:POLY_FUNDER 中找到 token 98686000961840472718925829517679879428244289411307611978452808788429260739944 当前无持仓
[MAKER][BUY] 挂单状态 -> price=0.44 filled=0.0000 remaining=10.0000 status=LIVE
[DIAG][BID] 快照过期: 年龄=30.5s > 阈值=30.0s
[DIAG][BID] 尝试从缓存刷新数据...
[DIAG][BID] ✓ 已刷新快照: bid=0.44, ask=0.47 (缓存数据新鲜)
[MAKER][BUY] 挂单状态 -> price=0.44 filled=0.0000 remaining=10.0000 status=LIVE
[MAKER][BUY] 挂单状态 -> price=0.44 filled=0.0000 remaining=10.0000 status=LIVE
[DIAG][BID] 快照过期: 年龄=41.1s > 阈值=30.0s
[DIAG][BID] 尝试从缓存刷新数据...
[DIAG][BID] ✓ 已刷新快照: bid=0.44, ask=0.47 (缓存数据新鲜)
[WATCHDOG][BUY] 持仓检查 -> origin=未在 data-api positions(limit=500, total=11, param=user) via env:POLY_FUNDER 中找到 token 98686000961840472718925829517679879428244289411307611978452808788429260739944 当前无持仓
[MAKER][BUY] 挂单状态 -> price=0.44 filled=0.0000 remaining=10.0000 status=LIVE
[DIAG][BID] 快照过期: 年龄=31.1s > 阈值=30.0s
[DIAG][BID] 尝试从缓存刷新数据...
[DIAG][BID] ✓ 已刷新快照: bid=0.44, ask=0.47 (缓存数据新鲜)
[MAKER][BUY] 挂单状态 -> price=0.44 filled=0.0000 remaining=10.0000 status=LIVE
[MAKER][BUY] 挂单状态 -> price=0.44 filled=0.0000 remaining=10.0000 status=LIVE
[DIAG][BID] 快照过期: 年龄=41.1s > 阈值=30.0s
[DIAG][BID] 尝试从缓存刷新数据...
[DIAG][BID] ✗ 缓存数据过期: 年龄=33.8s > 阈值=30.0s
[DIAG][BID] 缓存数据过期，返回None触发REST API fallback
[DIAG][WS] WebSocket bid 返回 None（可能原因：快照过期或数据缺失）
[FETCH][WARN] 无法通过 REST API 获取 bid 价格，尝试了 1 个方法: get_order_book
[WATCHDOG][BUY] 持仓检查 -> origin=未在 data-api positions(limit=500, total=11, param=user) via env:POLY_FUNDER 中找到 token 98686000961840472718925829517679879428244289411307611978452808788429260739944 当前无持仓
[MAKER][BUY] 挂单状态 -> price=0.44 filled=0.0000 remaining=10.0000 status=LIVE
[DIAG][BID] 快照过期: 年龄=72.8s > 阈值=30.0s
[DIAG][BID] 尝试从缓存刷新数据...
[DIAG][BID] ✗ 缓存数据过期: 年龄=65.5s > 阈值=30.0s
[DIAG][BID] 缓存数据过期，返回None触发REST API fallback
[DIAG][WS] WebSocket bid 返回 None（可能原因：快照过期或数据缺失）
[FETCH][WARN] 无法通过 REST API 获取 bid 价格，尝试了 1 个方法: get_order_book
[MAKER][BUY] 挂单状态 -> price=0.44 filled=0.0000 remaining=10.0000 status=LIVE
[DIAG][BID] 快照过期: 年龄=93.8s > 阈值=30.0s
[DIAG][BID] 尝试从缓存刷新数据...
[DIAG][BID] ✗ 缓存数据过期: 年龄=86.5s > 阈值=30.0s
[DIAG][BID] 缓存数据过期，返回None触发REST API fallback
[DIAG][WS] WebSocket bid 返回 None（可能原因：快照过期或数据缺失）
[FETCH][WARN] 无法通过 REST API 获取 bid 价格，尝试了 1 个方法: get_order_book
[MAKER][BUY] 挂单状态 -> price=0.44 filled=0.0000 remaining=10.0000 status=LIVE
[DIAG][BID] 快照过期: 年龄=115.1s > 阈值=30.0s
[DIAG][BID] 尝试从缓存刷新数据...
[DIAG][BID] ✗ 缓存数据过期: 年龄=107.8s > 阈值=30.0s
[DIAG][BID] 缓存数据过期，返回None触发REST API fallback
[DIAG][WS] WebSocket bid 返回 None（可能原因：快照过期或数据缺失）
[FETCH][WARN] 无法通过 REST API 获取 bid 价格，尝试了 1 个方法: get_order_book
[WATCHDOG][BUY] 持仓检查 -> origin=未在 data-api positions(limit=500, total=11, param=user) via env:POLY_FUNDER 中找到 token 98686000961840472718925829517679879428244289411307611978452808788429260739944 当前无持仓
[MAKER][BUY] 挂单状态 -> price=0.44 filled=0.0000 remaining=10.0000 status=LIVE
[DIAG][BID] 快照过期: 年龄=146.3s > 阈值=30.0s
[DIAG][BID] 尝试从缓存刷新数据...
[DIAG][BID] ✓ 已刷新快照: bid=0.44, ask=0.47 (缓存数据新鲜)
[MAKER][BUY] 挂单状态 -> price=0.44 filled=0.0000 remaining=10.0000 status=LIVE
[MAKER][BUY] 挂单状态 -> price=0.44 filled=0.0000 remaining=10.0000 status=LIVE
[DIAG][BID] 快照过期: 年龄=41.1s > 阈值=30.0s
[DIAG][BID] 尝试从缓存刷新数据...
[DIAG][BID] ✗ 缓存数据过期: 年龄=43.2s > 阈值=30.0s
[DIAG][BID] 缓存数据过期，返回None触发REST API fallback
[DIAG][WS] WebSocket bid 返回 None（可能原因：快照过期或数据缺失）
[FETCH][WARN] 无法通过 REST API 获取 bid 价格，尝试了 1 个方法: get_order_book
[WATCHDOG][BUY] 持仓检查 -> origin=未在 data-api positions(limit=500, total=11, param=user) via env:POLY_FUNDER 中找到 token 98686000961840472718925829517679879428244289411307611978452808788429260739944 当前无持仓
[MAKER][BUY] 挂单状态 -> price=0.44 filled=0.0000 remaining=10.0000 status=LIVE
[DIAG][BID] 快照过期: 年龄=72.4s > 阈值=30.0s
[DIAG][BID] 尝试从缓存刷新数据...
[DIAG][BID] ✓ 已刷新快照: bid=0.44, ask=0.47 (缓存数据新鲜)
[MAKER][BUY] 挂单状态 -> price=0.44 filled=0.0000 remaining=10.0000 status=LIVE
[MAKER][BUY] 挂单状态 -> price=0.44 filled=0.0000 remaining=10.0000 status=LIVE
[DIAG][BID] 快照过期: 年龄=41.5s > 阈值=30.0s
[DIAG][BID] 尝试从缓存刷新数据...
[DIAG][BID] ✗ 缓存数据过期: 年龄=60.0s > 阈值=30.0s
[DIAG][BID] 缓存数据过期，返回None触发REST API fallback
[DIAG][WS] WebSocket bid 返回 None（可能原因：快照过期或数据缺失）
[FETCH][WARN] 无法通过 REST API 获取 bid 价格，尝试了 1 个方法: get_order_book
[WATCHDOG][BUY] 持仓检查 -> origin=未在 data-api positions(limit=500, total=11, param=user) via env:POLY_FUNDER 中找到 token 98686000961840472718925829517679879428244289411307611978452808788429260739944 当前无持仓
[MAKER][BUY] 挂单状态 -> price=0.44 filled=0.0000 remaining=10.0000 status=LIVE
[DIAG][BID] 快照过期: 年龄=73.4s > 阈值=30.0s
[DIAG][BID] 尝试从缓存刷新数据...
[DIAG][BID] ✗ 缓存数据过期: 年龄=91.9s > 阈值=30.0s
[DIAG][BID] 缓存数据过期，返回None触发REST API fallback
[DIAG][WS] WebSocket bid 返回 None（可能原因：快照过期或数据缺失）
[FETCH][WARN] 无法通过 REST API 获取 bid 价格，尝试了 1 个方法: get_order_book
[MAKER][BUY] 挂单状态 -> price=0.44 filled=0.0000 remaining=10.0000 status=LIVE
[DIAG][BID] 快照过期: 年龄=94.7s > 阈值=30.0s
[DIAG][BID] 尝试从缓存刷新数据...
[DIAG][BID] ✗ 缓存数据过期: 年龄=113.2s > 阈值=30.0s
[DIAG][BID] 缓存数据过期，返回None触发REST API fallback
[DIAG][WS] WebSocket bid 返回 None（可能原因：快照过期或数据缺失）
[FETCH][WARN] 无法通过 REST API 获取 bid 价格，尝试了 1 个方法: get_order_book
[MAKER][BUY] 挂单状态 -> price=0.44 filled=0.0000 remaining=10.0000 status=LIVE
[DIAG][BID] 快照过期: 年龄=115.9s > 阈值=30.0s
[DIAG][BID] 尝试从缓存刷新数据...
[DIAG][BID] ✓ 已刷新快照: bid=0.44, ask=0.47 (缓存数据新鲜)
[WATCHDOG][BUY] 持仓检查 -> origin=未在 data-api positions(limit=500, total=11, param=user) via env:POLY_FUNDER 中找到 token 98686000961840472718925829517679879428244289411307611978452808788429260739944 当前无持仓
[MAKER][BUY] 挂单状态 -> price=0.44 filled=0.0000 remaining=10.0000 status=LIVE
[DIAG][BID] 快照过期: 年龄=31.5s > 阈值=30.0s
[DIAG][BID] 尝试从缓存刷新数据...
[DIAG][BID] ✓ 已刷新快照: bid=0.44, ask=0.47 (缓存数据新鲜)
[MAKER][BUY] 挂单状态 -> price=0.44 filled=0.0000 remaining=10.0000 status=LIVE
[MAKER][BUY] 挂单状态 -> price=0.44 filled=0.0000 remaining=10.0000 status=LIVE
[DIAG][BID] 快照过期: 年龄=39.8s > 阈值=30.0s
[DIAG][BID] 尝试从缓存刷新数据...
[DIAG][BID] ✓ 已刷新快照: bid=0.44, ask=0.47 (缓存数据新鲜)
[WATCHDOG][BUY] 持仓检查 -> origin=未在 data-api positions(limit=500, total=11, param=user) via env:POLY_FUNDER 中找到 token 98686000961840472718925829517679879428244289411307611978452808788429260739944 当前无持仓
[MAKER][BUY] 挂单状态 -> price=0.44 filled=0.0000 remaining=10.0000 status=LIVE
[DIAG][BID] 快照过期: 年龄=31.1s > 阈值=30.0s
[DIAG][BID] 尝试从缓存刷新数据...
[DIAG][BID] ✗ 缓存数据过期: 年龄=54.7s > 阈值=30.0s
[DIAG][BID] 缓存数据过期，返回None触发REST API fallback
[DIAG][WS] WebSocket bid 返回 None（可能原因：快照过期或数据缺失）
[FETCH][WARN] 无法通过 REST API 获取 bid 价格，尝试了 1 个方法: get_order_book
[MAKER][BUY] 挂单状态 -> price=0.44 filled=0.0000 remaining=10.0000 status=LIVE
[DIAG][BID] 快照过期: 年龄=52.1s > 阈值=30.0s
[DIAG][BID] 尝试从缓存刷新数据...
[DIAG][BID] ✗ 缓存数据过期: 年龄=75.7s > 阈值=30.0s
[DIAG][BID] 缓存数据过期，返回None触发REST API fallback
[DIAG][WS] WebSocket bid 返回 None（可能原因：快照过期或数据缺失）
[FETCH][WARN] 无法通过 REST API 获取 bid 价格，尝试了 1 个方法: get_order_book
[MAKER][BUY] 挂单状态 -> price=0.44 filled=0.0000 remaining=10.0000 status=LIVE
[DIAG][BID] 快照过期: 年龄=73.7s > 阈值=30.0s
[DIAG][BID] 尝试从缓存刷新数据...
[DIAG][BID] ✗ 缓存数据过期: 年龄=97.4s > 阈值=30.0s
[DIAG][BID] 缓存数据过期，返回None触发REST API fallback
[DIAG][WS] WebSocket bid 返回 None（可能原因：快照过期或数据缺失）
[FETCH][WARN] 无法通过 REST API 获取 bid 价格，尝试了 1 个方法: get_order_book
[WATCHDOG][BUY] 持仓检查 -> origin=未在 data-api positions(limit=500, total=11, param=user) via env:POLY_FUNDER 中找到 token 98686000961840472718925829517679879428244289411307611978452808788429260739944 当前无持仓
[MAKER][BUY] 挂单状态 -> price=0.44 filled=0.0000 remaining=10.0000 status=LIVE
[DIAG][BID] 快照过期: 年龄=105.9s > 阈值=30.0s
[DIAG][BID] 尝试从缓存刷新数据...
[DIAG][BID] ✗ 缓存数据过期: 年龄=129.6s > 阈值=30.0s
[DIAG][BID] 缓存数据过期，返回None触发REST API fallback
[DIAG][WS] WebSocket bid 返回 None（可能原因：快照过期或数据缺失）
[FETCH][WARN] 无法通过 REST API 获取 bid 价格，尝试了 1 个方法: get_order_book
[MAKER][BUY] 挂单状态 -> price=0.44 filled=0.0000 remaining=10.0000 status=LIVE
[DIAG][BID] 快照过期: 年龄=126.3s > 阈值=30.0s
[DIAG][BID] 尝试从缓存刷新数据...
[DIAG][BID] ✗ 缓存数据过期: 年龄=149.9s > 阈值=30.0s
[DIAG][BID] 缓存数据过期，返回None触发REST API fallback
[DIAG][WS] WebSocket bid 返回 None（可能原因：快照过期或数据缺失）
[FETCH][WARN] 无法通过 REST API 获取 bid 价格，尝试了 1 个方法: get_order_book
[MAKER][BUY] 挂单状态 -> price=0.44 filled=0.0000 remaining=10.0000 status=LIVE
[DIAG][BID] 快照过期: 年龄=146.3s > 阈值=30.0s
[DIAG][BID] 尝试从缓存刷新数据...
[DIAG][BID] ✗ 缓存数据过期: 年龄=169.9s > 阈值=30.0s
[DIAG][BID] 缓存数据过期，返回None触发REST API fallback
[DIAG][WS] WebSocket bid 返回 None（可能原因：快照过期或数据缺失）
[FETCH][WARN] 无法通过 REST API 获取 bid 价格，尝试了 1 个方法: get_order_book
[WATCHDOG][BUY] 持仓检查 -> origin=未在 data-api positions(limit=500, total=11, param=user) via env:POLY_FUNDER 中找到 token 98686000961840472718925829517679879428244289411307611978452808788429260739944 当前无持仓
[MAKER][BUY] 挂单状态 -> price=0.44 filled=0.0000 remaining=10.0000 status=LIVE
[DIAG][BID] 快照过期: 年龄=178.6s > 阈值=30.0s
[DIAG][BID] 尝试从缓存刷新数据...
[DIAG][BID] ✗ 缓存数据过期: 年龄=202.2s > 阈值=30.0s
[DIAG][BID] 缓存数据过期，返回None触发REST API fallback
[DIAG][WS] WebSocket bid 返回 None（可能原因：快照过期或数据缺失）
[FETCH][WARN] 无法通过 REST API 获取 bid 价格，尝试了 1 个方法: get_order_book
[MAKER][BUY] 挂单状态 -> price=0.44 filled=0.0000 remaining=10.0000 status=LIVE
[DIAG][BID] 快照过期: 年龄=199.6s > 阈值=30.0s
[DIAG][BID] 尝试从缓存刷新数据...
[DIAG][BID] ✗ 缓存数据过期: 年龄=223.2s > 阈值=30.0s
[DIAG][BID] 缓存数据过期，返回None触发REST API fallback
[DIAG][WS] WebSocket bid 返回 None（可能原因：快照过期或数据缺失）
[FETCH][WARN] 无法通过 REST API 获取 bid 价格，尝试了 1 个方法: get_order_book
[MAKER][BUY] 挂单状态 -> price=0.44 filled=0.0000 remaining=10.0000 status=LIVE
[DIAG][BID] 快照过期: 年龄=220.9s > 阈值=30.0s
[DIAG][BID] 尝试从缓存刷新数据...
[DIAG][BID] ✗ 缓存数据过期: 年龄=244.6s > 阈值=30.0s
[DIAG][BID] 缓存数据过期，返回None触发REST API fallback
[DIAG][WS] WebSocket bid 返回 None（可能原因：快照过期或数据缺失）
[FETCH][WARN] 无法通过 REST API 获取 bid 价格，尝试了 1 个方法: get_order_book
[WATCHDOG][BUY] 持仓检查 -> origin=未在 data-api positions(limit=500, total=11, param=user) via env:POLY_FUNDER 中找到 token 98686000961840472718925829517679879428244289411307611978452808788429260739944 当前无持仓
[MAKER][BUY] 挂单状态 -> price=0.44 filled=0.0000 remaining=10.0000 status=LIVE
[DIAG][BID] 快照过期: 年龄=252.6s > 阈值=30.0s
[DIAG][BID] 尝试从缓存刷新数据...
[DIAG][BID] ✗ 缓存数据过期: 年龄=276.2s > 阈值=30.0s
[DIAG][BID] 缓存数据过期，返回None触发REST API fallback
[DIAG][WS] WebSocket bid 返回 None（可能原因：快照过期或数据缺失）
[FETCH][WARN] 无法通过 REST API 获取 bid 价格，尝试了 1 个方法: get_order_book
[MAKER][BUY] 挂单状态 -> price=0.44 filled=0.0000 remaining=10.0000 status=LIVE
[DIAG][BID] 快照过期: 年龄=273.7s > 阈值=30.0s
[DIAG][BID] 尝试从缓存刷新数据...
[DIAG][BID] ✗ 缓存数据过期: 年龄=297.3s > 阈值=30.0s
[DIAG][BID] 缓存数据过期，返回None触发REST API fallback
[DIAG][WS] WebSocket bid 返回 None（可能原因：快照过期或数据缺失）
[FETCH][WARN] 无法通过 REST API 获取 bid 价格，尝试了 1 个方法: get_order_book
[MAKER][BUY] 挂单状态 -> price=0.44 filled=0.0000 remaining=10.0000 status=LIVE
[DIAG][BID] 快照过期: 年龄=294.4s > 阈值=30.0s
[DIAG][BID] 尝试从缓存刷新数据...
[DIAG][BID] ✗ 缓存数据过期: 年龄=318.0s > 阈值=30.0s
[DIAG][BID] 缓存数据过期，返回None触发REST API fallback
[DIAG][WS] WebSocket bid 返回 None（可能原因：快照过期或数据缺失）
[FETCH][WARN] 无法通过 REST API 获取 bid 价格，尝试了 1 个方法: get_order_book
[WATCHDOG][BUY] 持仓检查 -> origin=未在 data-api positions(limit=500, total=11, param=user) via env:POLY_FUNDER 中找到 token 98686000961840472718925829517679879428244289411307611978452808788429260739944 当前无持仓
[MAKER][BUY] 挂单状态 -> price=0.44 filled=0.0000 remaining=10.0000 status=LIVE
[DIAG][BID] 快照过期: 年龄=326.1s > 阈值=30.0s
[DIAG][BID] 尝试从缓存刷新数据...
[DIAG][BID] ✗ 缓存数据过期: 年龄=349.7s > 阈值=30.0s
[DIAG][BID] 缓存数据过期，返回None触发REST API fallback
[DIAG][WS] WebSocket bid 返回 None（可能原因：快照过期或数据缺失）
[FETCH][WARN] 无法通过 REST API 获取 bid 价格，尝试了 1 个方法: get_order_book
[MAKER][BUY] 挂单状态 -> price=0.44 filled=0.0000 remaining=10.0000 status=LIVE
[DIAG][BID] 快照过期: 年龄=347.4s > 阈值=30.0s
[DIAG][BID] 尝试从缓存刷新数据...
[DIAG][BID] ✓ 已刷新快照: bid=0.44, ask=0.47 (缓存数据新鲜)
[MAKER][BUY] 挂单状态 -> price=0.44 filled=0.0000 remaining=10.0000 status=LIVE
[WATCHDOG][BUY] 持仓检查 -> origin=未在 data-api positions(limit=500, total=11, param=user) via env:POLY_FUNDER 中找到 token 98686000961840472718925829517679879428244289411307611978452808788429260739944 当前无持仓
[MAKER][BUY] 挂单状态 -> price=0.44 filled=0.0000 remaining=10.0000 status=LIVE
[DIAG][BID] 快照过期: 年龄=51.1s > 阈值=30.0s
[DIAG][BID] 尝试从缓存刷新数据...
[DIAG][BID] ✗ 缓存数据过期: 年龄=68.6s > 阈值=30.0s
[DIAG][BID] 缓存数据过期，返回None触发REST API fallback
[DIAG][WS] WebSocket bid 返回 None（可能原因：快照过期或数据缺失）
[FETCH][WARN] 无法通过 REST API 获取 bid 价格，尝试了 1 个方法: get_order_book
[MAKER][BUY] 挂单状态 -> price=0.44 filled=0.0000 remaining=10.0000 status=LIVE
[DIAG][BID] 快照过期: 年龄=71.7s > 阈值=30.0s
[DIAG][BID] 尝试从缓存刷新数据...
[DIAG][BID] ✓ 已刷新快照: bid=0.44, ask=0.47 (缓存数据新鲜)
[MAKER][BUY] 挂单状态 -> price=0.44 filled=0.0000 remaining=10.0000 status=LIVE
[WATCHDOG][BUY] 持仓检查 -> origin=未在 data-api positions(limit=500, total=11, param=user) via env:POLY_FUNDER 中找到 token 98686000961840472718925829517679879428244289411307611978452808788429260739944 当前无持仓
[MAKER][BUY] 挂单状态 -> price=0.44 filled=0.0000 remaining=10.0000 status=LIVE
[DIAG][BID] 快照过期: 年龄=52.4s > 阈值=30.0s
[DIAG][BID] 尝试从缓存刷新数据...
[DIAG][BID] ✓ 已刷新快照: bid=0.44, ask=0.47 (缓存数据新鲜)
[MAKER][BUY] 挂单状态 -> price=0.44 filled=0.0000 remaining=10.0000 status=LIVE
[MAKER][BUY] 挂单状态 -> price=0.44 filled=0.0000 remaining=10.0000 status=LIVE
[DIAG][BID] 快照过期: 年龄=40.6s > 阈值=30.0s
[DIAG][BID] 尝试从缓存刷新数据...
[DIAG][BID] ✓ 已刷新快照: bid=0.44, ask=0.47 (缓存数据新鲜)
[WATCHDOG][BUY] 持仓检查 -> origin=未在 data-api positions(limit=500, total=11, param=user) via env:POLY_FUNDER 中找到 token 98686000961840472718925829517679879428244289411307611978452808788429260739944 当前无持仓
[MAKER][BUY] 挂单状态 -> price=0.44 filled=0.0000 remaining=10.0000 status=LIVE
[MAKER][BUY] 挂单状态 -> price=0.44 filled=0.0000 remaining=10.0000 status=LIVE
[DIAG][BID] 快照过期: 年龄=49.7s > 阈值=30.0s
[DIAG][BID] 尝试从缓存刷新数据...
[DIAG][BID] ✓ 已刷新快照: bid=0.44, ask=0.47 (缓存数据新鲜)
[MAKER][BUY] 挂单状态 -> price=0.44 filled=0.0000 remaining=10.0000 status=LIVE
[WATCHDOG][BUY] 持仓检查 -> origin=未在 data-api positions(limit=500, total=11, param=user) via env:POLY_FUNDER 中找到 token 98686000961840472718925829517679879428244289411307611978452808788429260739944 当前无持仓
[MAKER][BUY] 挂单状态 -> price=0.44 filled=0.0000 remaining=10.0000 status=LIVE
[DIAG][BID] 快照过期: 年龄=52.1s > 阈值=30.0s
[DIAG][BID] 尝试从缓存刷新数据...
[DIAG][BID] ✗ 缓存数据过期: 年龄=81.3s > 阈值=30.0s
[DIAG][BID] 缓存数据过期，返回None触发REST API fallback
[DIAG][WS] WebSocket bid 返回 None（可能原因：快照过期或数据缺失）
[FETCH][WARN] 无法通过 REST API 获取 bid 价格，尝试了 1 个方法: get_order_book
[MAKER][BUY] 挂单状态 -> price=0.44 filled=0.0000 remaining=10.0000 status=LIVE
[DIAG][BID] 快照过期: 年龄=72.0s > 阈值=30.0s
[DIAG][BID] 尝试从缓存刷新数据...
[DIAG][BID] ✗ 缓存数据过期: 年龄=101.2s > 阈值=30.0s
[DIAG][BID] 缓存数据过期，返回None触发REST API fallback
[DIAG][WS] WebSocket bid 返回 None（可能原因：快照过期或数据缺失）
[FETCH][WARN] 无法通过 REST API 获取 bid 价格，尝试了 1 个方法: get_order_book
[MAKER][BUY] 挂单状态 -> price=0.44 filled=0.0000 remaining=10.0000 status=LIVE
[DIAG][BID] 快照过期: 年龄=93.3s > 阈值=30.0s
[DIAG][BID] 尝试从缓存刷新数据...
[DIAG][BID] ✗ 缓存数据过期: 年龄=122.5s > 阈值=30.0s
[DIAG][BID] 缓存数据过期，返回None触发REST API fallback
[DIAG][WS] WebSocket bid 返回 None（可能原因：快照过期或数据缺失）
[FETCH][WARN] 无法通过 REST API 获取 bid 价格，尝试了 1 个方法: get_order_book
[WATCHDOG][BUY] 持仓检查 -> origin=未在 data-api positions(limit=500, total=11, param=user) via env:POLY_FUNDER 中找到 token 98686000961840472718925829517679879428244289411307611978452808788429260739944 当前无持仓
[MAKER][BUY] 挂单状态 -> price=0.44 filled=0.0000 remaining=10.0000 status=LIVE
[DIAG][BID] 快照过期: 年龄=123.9s > 阈值=30.0s
[DIAG][BID] 尝试从缓存刷新数据...
[DIAG][BID] ✗ 缓存数据过期: 年龄=153.1s > 阈值=30.0s
[DIAG][BID] 缓存数据过期，返回None触发REST API fallback
[DIAG][WS] WebSocket bid 返回 None（可能原因：快照过期或数据缺失）
[FETCH][WARN] 无法通过 REST API 获取 bid 价格，尝试了 1 个方法: get_order_book
[MAKER][BUY] 挂单状态 -> price=0.44 filled=0.0000 remaining=10.0000 status=LIVE
[DIAG][BID] 快照过期: 年龄=144.0s > 阈值=30.0s
[DIAG][BID] 尝试从缓存刷新数据...
[DIAG][BID] ✗ 缓存数据过期: 年龄=173.2s > 阈值=30.0s
[DIAG][BID] 缓存数据过期，返回None触发REST API fallback
[DIAG][WS] WebSocket bid 返回 None（可能原因：快照过期或数据缺失）
[FETCH][WARN] 无法通过 REST API 获取 bid 价格，尝试了 1 个方法: get_order_book
[MAKER][BUY] 挂单状态 -> price=0.44 filled=0.0000 remaining=10.0000 status=LIVE
[DIAG][BID] 快照过期: 年龄=164.3s > 阈值=30.0s
[DIAG][BID] 尝试从缓存刷新数据...
[DIAG][BID] ✗ 缓存数据过期: 年龄=193.5s > 阈值=30.0s
[DIAG][BID] 缓存数据过期，返回None触发REST API fallback
[DIAG][WS] WebSocket bid 返回 None（可能原因：快照过期或数据缺失）
[FETCH][WARN] 无法通过 REST API 获取 bid 价格，尝试了 1 个方法: get_order_book
[WATCHDOG][BUY] 持仓检查 -> origin=未在 data-api positions(limit=500, total=11, param=user) via env:POLY_FUNDER 中找到 token 98686000961840472718925829517679879428244289411307611978452808788429260739944 当前无持仓
[MAKER][BUY] 挂单状态 -> price=0.44 filled=0.0000 remaining=10.0000 status=LIVE
[DIAG][BID] 快照过期: 年龄=196.6s > 阈值=30.0s
[DIAG][BID] 尝试从缓存刷新数据...
[DIAG][BID] ✗ 缓存数据过期: 年龄=225.8s > 阈值=30.0s
[DIAG][BID] 缓存数据过期，返回None触发REST API fallback
[DIAG][WS] WebSocket bid 返回 None（可能原因：快照过期或数据缺失）
[FETCH][WARN] 无法通过 REST API 获取 bid 价格，尝试了 1 个方法: get_order_book
[MAKER][BUY] 挂单状态 -> price=0.44 filled=0.0000 remaining=10.0000 status=LIVE
[DIAG][BID] 快照过期: 年龄=216.8s > 阈值=30.0s
[DIAG][BID] 尝试从缓存刷新数据...
[DIAG][BID] ✗ 缓存数据过期: 年龄=246.0s > 阈值=30.0s
[DIAG][BID] 缓存数据过期，返回None触发REST API fallback
[DIAG][WS] WebSocket bid 返回 None（可能原因：快照过期或数据缺失）
[FETCH][WARN] 无法通过 REST API 获取 bid 价格，尝试了 1 个方法: get_order_book
[MAKER][BUY] 挂单状态 -> price=0.44 filled=0.0000 remaining=10.0000 status=LIVE
[DIAG][BID] 快照过期: 年龄=237.2s > 阈值=30.0s
[DIAG][BID] 尝试从缓存刷新数据...
[DIAG][BID] ✗ 缓存数据过期: 年龄=266.4s > 阈值=30.0s
[DIAG][BID] 缓存数据过期，返回None触发REST API fallback
[DIAG][WS] WebSocket bid 返回 None（可能原因：快照过期或数据缺失）
[FETCH][WARN] 无法通过 REST API 获取 bid 价格，尝试了 1 个方法: get_order_book
[WATCHDOG][BUY] 持仓检查 -> origin=未在 data-api positions(limit=500, total=11, param=user) via env:POLY_FUNDER 中找到 token 98686000961840472718925829517679879428244289411307611978452808788429260739944 当前无持仓
[MAKER][BUY] 挂单状态 -> price=0.44 filled=0.0000 remaining=10.0000 status=LIVE
[DIAG][BID] 快照过期: 年龄=268.8s > 阈值=30.0s
[DIAG][BID] 尝试从缓存刷新数据...
[DIAG][BID] ✗ 缓存数据过期: 年龄=298.0s > 阈值=30.0s
[DIAG][BID] 缓存数据过期，返回None触发REST API fallback
[DIAG][WS] WebSocket bid 返回 None（可能原因：快照过期或数据缺失）
[FETCH][WARN] 无法通过 REST API 获取 bid 价格，尝试了 1 个方法: get_order_book
[MAKER][BUY] 挂单状态 -> price=0.44 filled=0.0000 remaining=10.0000 status=LIVE
[DIAG][BID] 快照过期: 年龄=290.1s > 阈值=30.0s
[DIAG][BID] 尝试从缓存刷新数据...
[DIAG][BID] ✗ 缓存数据过期: 年龄=319.3s > 阈值=30.0s
[DIAG][BID] 缓存数据过期，返回None触发REST API fallback
[DIAG][WS] WebSocket bid 返回 None（可能原因：快照过期或数据缺失）
[FETCH][WARN] 无法通过 REST API 获取 bid 价格，尝试了 1 个方法: get_order_book
[MAKER][BUY] 挂单状态 -> price=0.44 filled=0.0000 remaining=10.0000 status=LIVE
[DIAG][BID] 快照过期: 年龄=310.2s > 阈值=30.0s
[DIAG][BID] 尝试从缓存刷新数据...
[DIAG][BID] ✗ 缓存数据过期: 年龄=339.4s > 阈值=30.0s
[DIAG][BID] 缓存数据过期，返回None触发REST API fallback
[DIAG][WS] WebSocket bid 返回 None（可能原因：快照过期或数据缺失）
[FETCH][WARN] 无法通过 REST API 获取 bid 价格，尝试了 1 个方法: get_order_book
[WATCHDOG][BUY] 持仓检查 -> origin=未在 data-api positions(limit=500, total=11, param=user) via env:POLY_FUNDER 中找到 token 98686000961840472718925829517679879428244289411307611978452808788429260739944 当前无持仓
[MAKER][BUY] 挂单状态 -> price=0.44 filled=0.0000 remaining=10.0000 status=LIVE
[DIAG][BID] 快照过期: 年龄=343.1s > 阈值=30.0s
[DIAG][BID] 尝试从缓存刷新数据...
[DIAG][BID] ✓ 已刷新快照: bid=0.44, ask=0.47 (缓存数据新鲜)
[MAKER][BUY] 挂单状态 -> price=0.44 filled=0.0000 remaining=10.0000 status=LIVE
[MAKER][BUY] 挂单状态 -> price=0.44 filled=0.0000 remaining=10.0000 status=LIVE
[DIAG][BID] 快照过期: 年龄=41.4s > 阈值=30.0s
[DIAG][BID] 尝试从缓存刷新数据...
[DIAG][BID] ✓ 已刷新快照: bid=0.44, ask=0.47 (缓存数据新鲜)
[WATCHDOG][BUY] 持仓检查 -> origin=未在 data-api positions(limit=500, total=11, param=user) via env:POLY_FUNDER 中找到 token 98686000961840472718925829517679879428244289411307611978452808788429260739944 当前无持仓
[MAKER][BUY] 挂单状态 -> price=0.44 filled=0.0000 remaining=10.0000 status=LIVE
[DIAG][BID] 快照过期: 年龄=31.3s > 阈值=30.0s
[DIAG][BID] 尝试从缓存刷新数据...
[DIAG][BID] ✓ 已刷新快照: bid=0.44, ask=0.47 (缓存数据新鲜)
[MAKER][BUY] 挂单状态 -> price=0.44 filled=0.0000 remaining=10.0000 status=LIVE
[MAKER][BUY] 挂单状态 -> price=0.44 filled=0.0000 remaining=10.0000 status=LIVE
[DIAG][BID] 快照过期: 年龄=41.2s > 阈值=30.0s
[DIAG][BID] 尝试从缓存刷新数据...
[DIAG][BID] ✓ 已刷新快照: bid=0.44, ask=0.47 (缓存数据新鲜)
[WATCHDOG][BUY] 持仓检查 -> origin=未在 data-api positions(limit=500, total=11, param=user) via env:POLY_FUNDER 中找到 token 98686000961840472718925829517679879428244289411307611978452808788429260739944 当前无持仓
[MAKER][BUY] 挂单状态 -> price=0.44 filled=0.0000 remaining=10.0000 status=LIVE
[DIAG][BID] 快照过期: 年龄=31.2s > 阈值=30.0s
[DIAG][BID] 尝试从缓存刷新数据...
[DIAG][BID] ✗ 缓存数据过期: 年龄=36.4s > 阈值=30.0s
[DIAG][BID] 缓存数据过期，返回None触发REST API fallback
[DIAG][WS] WebSocket bid 返回 None（可能原因：快照过期或数据缺失）
[FETCH][WARN] 无法通过 REST API 获取 bid 价格，尝试了 1 个方法: get_order_book
[MAKER][BUY] 挂单状态 -> price=0.44 filled=0.0000 remaining=10.0000 status=LIVE
[DIAG][BID] 快照过期: 年龄=51.6s > 阈值=30.0s
[DIAG][BID] 尝试从缓存刷新数据...
[DIAG][BID] ✗ 缓存数据过期: 年龄=56.7s > 阈值=30.0s
[DIAG][BID] 缓存数据过期，返回None触发REST API fallback
[DIAG][WS] WebSocket bid 返回 None（可能原因：快照过期或数据缺失）
[FETCH][WARN] 无法通过 REST API 获取 bid 价格，尝试了 1 个方法: get_order_book
[MAKER][BUY] 挂单状态 -> price=0.44 filled=0.0000 remaining=10.0000 status=LIVE
[DIAG][BID] 快照过期: 年龄=72.8s > 阈值=30.0s
[DIAG][BID] 尝试从缓存刷新数据...
[DIAG][BID] ✗ 缓存数据过期: 年龄=77.9s > 阈值=30.0s
[DIAG][BID] 缓存数据过期，返回None触发REST API fallback
[DIAG][WS] WebSocket bid 返回 None（可能原因：快照过期或数据缺失）
[FETCH][WARN] 无法通过 REST API 获取 bid 价格，尝试了 1 个方法: get_order_book
[WATCHDOG][BUY] 持仓检查 -> origin=未在 data-api positions(limit=500, total=11, param=user) via env:POLY_FUNDER 中找到 token 98686000961840472718925829517679879428244289411307611978452808788429260739944 当前无持仓
[MAKER][BUY] 挂单状态 -> price=0.44 filled=0.0000 remaining=10.0000 status=LIVE
[DIAG][BID] 快照过期: 年龄=105.2s > 阈值=30.0s
[DIAG][BID] 尝试从缓存刷新数据...
[DIAG][BID] ✗ 缓存数据过期: 年龄=110.3s > 阈值=30.0s
[DIAG][BID] 缓存数据过期，返回None触发REST API fallback
[DIAG][WS] WebSocket bid 返回 None（可能原因：快照过期或数据缺失）
[FETCH][WARN] 无法通过 REST API 获取 bid 价格，尝试了 1 个方法: get_order_book
[MAKER][BUY] 挂单状态 -> price=0.44 filled=0.0000 remaining=10.0000 status=LIVE
[DIAG][BID] 快照过期: 年龄=125.8s > 阈值=30.0s
[DIAG][BID] 尝试从缓存刷新数据...
[DIAG][BID] ✗ 缓存数据过期: 年龄=130.9s > 阈值=30.0s
[DIAG][BID] 缓存数据过期，返回None触发REST API fallback
[DIAG][WS] WebSocket bid 返回 None（可能原因：快照过期或数据缺失）
[FETCH][WARN] 无法通过 REST API 获取 bid 价格，尝试了 1 个方法: get_order_book
[MAKER][BUY] 挂单状态 -> price=0.44 filled=0.0000 remaining=10.0000 status=LIVE
[DIAG][BID] 快照过期: 年龄=147.4s > 阈值=30.0s
[DIAG][BID] 尝试从缓存刷新数据...
[DIAG][BID] ✓ 已刷新快照: bid=0.44, ask=0.47 (缓存数据新鲜)
[WATCHDOG][BUY] 持仓检查 -> origin=未在 data-api positions(limit=500, total=11, param=user) via env:POLY_FUNDER 中找到 token 98686000961840472718925829517679879428244289411307611978452808788429260739944 当前无持仓
[MAKER][BUY] 挂单状态 -> price=0.44 filled=0.0000 remaining=10.0000 status=LIVE
[DIAG][BID] 快照过期: 年龄=30.9s > 阈值=30.0s
[DIAG][BID] 尝试从缓存刷新数据...
[DIAG][BID] ✗ 缓存数据过期: 年龄=36.4s > 阈值=30.0s
[DIAG][BID] 缓存数据过期，返回None触发REST API fallback
[DIAG][WS] WebSocket bid 返回 None（可能原因：快照过期或数据缺失）
[FETCH][WARN] 无法通过 REST API 获取 bid 价格，尝试了 1 个方法: get_order_book
[MAKER][BUY] 挂单状态 -> price=0.44 filled=0.0000 remaining=10.0000 status=LIVE
[DIAG][BID] 快照过期: 年龄=52.2s > 阈值=30.0s
[DIAG][BID] 尝试从缓存刷新数据...
[DIAG][BID] ✗ 缓存数据过期: 年龄=57.8s > 阈值=30.0s
[DIAG][BID] 缓存数据过期，返回None触发REST API fallback
[DIAG][WS] WebSocket bid 返回 None（可能原因：快照过期或数据缺失）
[FETCH][WARN] 无法通过 REST API 获取 bid 价格，尝试了 1 个方法: get_order_book
[MAKER][BUY] 挂单状态 -> price=0.44 filled=0.0000 remaining=10.0000 status=LIVE
[DIAG][BID] 快照过期: 年龄=72.8s > 阈值=30.0s
[DIAG][BID] 尝试从缓存刷新数据...
[DIAG][BID] ✗ 缓存数据过期: 年龄=78.4s > 阈值=30.0s
[DIAG][BID] 缓存数据过期，返回None触发REST API fallback
[DIAG][WS] WebSocket bid 返回 None（可能原因：快照过期或数据缺失）
[FETCH][WARN] 无法通过 REST API 获取 bid 价格，尝试了 1 个方法: get_order_book
[WATCHDOG][BUY] 持仓检查 -> origin=未在 data-api positions(limit=500, total=11, param=user) via env:POLY_FUNDER 中找到 token 98686000961840472718925829517679879428244289411307611978452808788429260739944 当前无持仓
[MAKER][BUY] 挂单状态 -> price=0.44 filled=0.0000 remaining=10.0000 status=LIVE
[DIAG][BID] 快照过期: 年龄=104.0s > 阈值=30.0s
[DIAG][BID] 尝试从缓存刷新数据...
[DIAG][BID] ✗ 缓存数据过期: 年龄=109.5s > 阈值=30.0s
[DIAG][BID] 缓存数据过期，返回None触发REST API fallback
[DIAG][WS] WebSocket bid 返回 None（可能原因：快照过期或数据缺失）
[FETCH][WARN] 无法通过 REST API 获取 bid 价格，尝试了 1 个方法: get_order_book
[MAKER][BUY] 挂单状态 -> price=0.44 filled=0.0000 remaining=10.0000 status=LIVE
[DIAG][BID] 快照过期: 年龄=125.2s > 阈值=30.0s
[DIAG][BID] 尝试从缓存刷新数据...
[DIAG][BID] ✗ 缓存数据过期: 年龄=130.8s > 阈值=30.0s
[DIAG][BID] 缓存数据过期，返回None触发REST API fallback
[DIAG][WS] WebSocket bid 返回 None（可能原因：快照过期或数据缺失）
[FETCH][WARN] 无法通过 REST API 获取 bid 价格，尝试了 1 个方法: get_order_book
[MAKER][BUY] 挂单状态 -> price=0.44 filled=0.0000 remaining=10.0000 status=LIVE
[DIAG][BID] 快照过期: 年龄=146.8s > 阈值=30.0s
[DIAG][BID] 尝试从缓存刷新数据...
[DIAG][BID] ✓ 已刷新快照: bid=0.44, ask=0.47 (缓存数据新鲜)
[WATCHDOG][BUY] 持仓检查 -> origin=未在 data-api positions(limit=500, total=11, param=user) via env:POLY_FUNDER 中找到 token 98686000961840472718925829517679879428244289411307611978452808788429260739944 当前无持仓
[MAKER][BUY] 挂单状态 -> price=0.44 filled=0.0000 remaining=10.0000 status=LIVE
[DIAG][BID] 快照过期: 年龄=31.0s > 阈值=30.0s
[DIAG][BID] 尝试从缓存刷新数据...
[DIAG][BID] ✓ 已刷新快照: bid=0.44, ask=0.47 (缓存数据新鲜)
[MAKER][BUY] 挂单状态 -> price=0.44 filled=0.0000 remaining=10.0000 status=LIVE
[MAKER][BUY] 挂单状态 -> price=0.44 filled=0.0000 remaining=10.0000 status=LIVE
[DIAG][BID] 快照过期: 年龄=41.5s > 阈值=30.0s
[DIAG][BID] 尝试从缓存刷新数据...
[DIAG][BID] ✗ 缓存数据过期: 年龄=48.2s > 阈值=30.0s
[DIAG][BID] 缓存数据过期，返回None触发REST API fallback
[DIAG][WS] WebSocket bid 返回 None（可能原因：快照过期或数据缺失）
[FETCH][WARN] 无法通过 REST API 获取 bid 价格，尝试了 1 个方法: get_order_book
[WATCHDOG][BUY] 持仓检查 -> origin=未在 data-api positions(limit=500, total=11, param=user) via env:POLY_FUNDER 中找到 token 98686000961840472718925829517679879428244289411307611978452808788429260739944 当前无持仓
[MAKER][BUY] 挂单状态 -> price=0.44 filled=0.0000 remaining=10.0000 status=LIVE
[DIAG][BID] 快照过期: 年龄=72.4s > 阈值=30.0s
[DIAG][BID] 尝试从缓存刷新数据...
[DIAG][BID] ✓ 已刷新快照: bid=0.44, ask=0.47 (缓存数据新鲜)
[MAKER][BUY] 挂单状态 -> price=0.44 filled=0.0000 remaining=10.0000 status=LIVE
[MAKER][BUY] 挂单状态 -> price=0.44 filled=0.0000 remaining=10.0000 status=LIVE
[DIAG][BID] 快照过期: 年龄=41.5s > 阈值=30.0s
[DIAG][BID] 尝试从缓存刷新数据...
[DIAG][BID] ✗ 缓存数据过期: 年龄=56.7s > 阈值=30.0s
[DIAG][BID] 缓存数据过期，返回None触发REST API fallback
[DIAG][WS] WebSocket bid 返回 None（可能原因：快照过期或数据缺失）
[FETCH][WARN] 无法通过 REST API 获取 bid 价格，尝试了 1 个方法: get_order_book
[WATCHDOG][BUY] 持仓检查 -> origin=未在 data-api positions(limit=500, total=11, param=user) via env:POLY_FUNDER 中找到 token 98686000961840472718925829517679879428244289411307611978452808788429260739944 当前无持仓
[MAKER][BUY] 挂单状态 -> price=0.44 filled=0.0000 remaining=10.0000 status=LIVE
[DIAG][BID] 快照过期: 年龄=73.6s > 阈值=30.0s
[DIAG][BID] 尝试从缓存刷新数据...
[DIAG][BID] ✗ 缓存数据过期: 年龄=88.9s > 阈值=30.0s
[DIAG][BID] 缓存数据过期，返回None触发REST API fallback
[DIAG][WS] WebSocket bid 返回 None（可能原因：快照过期或数据缺失）
[FETCH][WARN] 无法通过 REST API 获取 bid 价格，尝试了 1 个方法: get_order_book
[MAKER][BUY] 挂单状态 -> price=0.44 filled=0.0000 remaining=10.0000 status=LIVE
[DIAG][BID] 快照过期: 年龄=95.0s > 阈值=30.0s
[DIAG][BID] 尝试从缓存刷新数据...
[DIAG][BID] ✓ 已刷新快照: bid=0.44, ask=0.47 (缓存数据新鲜)
[MAKER][BUY] 挂单状态 -> price=0.44 filled=0.0000 remaining=10.0000 status=LIVE
[WATCHDOG][BUY] 持仓检查 -> origin=未在 data-api positions(limit=500, total=11, param=user) via env:POLY_FUNDER 中找到 token 98686000961840472718925829517679879428244289411307611978452808788429260739944 当前无持仓
[MAKER][BUY] 挂单状态 -> price=0.44 filled=0.0000 remaining=10.0000 status=LIVE
[DIAG][BID] 快照过期: 年龄=52.5s > 阈值=30.0s
[DIAG][BID] 尝试从缓存刷新数据...
[DIAG][BID] ✓ 已刷新快照: bid=0.44, ask=0.47 (缓存数据新鲜)
[MAKER][BUY] 挂单状态 -> price=0.44 filled=0.0000 remaining=10.0000 status=LIVE
[MAKER][BUY] 挂单状态 -> price=0.44 filled=0.0000 remaining=10.0000 status=LIVE
[DIAG][BID] 快照过期: 年龄=41.5s > 阈值=30.0s
[DIAG][BID] 尝试从缓存刷新数据...
[DIAG][BID] ✓ 已刷新快照: bid=0.44, ask=0.47 (缓存数据新鲜)
[WATCHDOG][BUY] 持仓检查 -> origin=未在 data-api positions(limit=500, total=11, param=user) via env:POLY_FUNDER 中找到 token 98686000961840472718925829517679879428244289411307611978452808788429260739944 当前无持仓
[MAKER][BUY] 挂单状态 -> price=0.44 filled=0.0000 remaining=10.0000 status=LIVE
[DIAG][BID] 快照过期: 年龄=31.5s > 阈值=30.0s
[DIAG][BID] 尝试从缓存刷新数据...
[DIAG][BID] ✓ 已刷新快照: bid=0.44, ask=0.47 (缓存数据新鲜)
[MAKER][BUY] 挂单状态 -> price=0.44 filled=0.0000 remaining=10.0000 status=LIVE
[MAKER][BUY] 挂单状态 -> price=0.44 filled=0.0000 remaining=10.0000 status=LIVE
[DIAG][BID] 快照过期: 年龄=40.9s > 阈值=30.0s
[DIAG][BID] 尝试从缓存刷新数据...
[DIAG][BID] ✓ 已刷新快照: bid=0.44, ask=0.47 (缓存数据新鲜)
[WATCHDOG][BUY] 持仓检查 -> origin=未在 data-api positions(limit=500, total=11, param=user) via env:POLY_FUNDER 中找到 token 98686000961840472718925829517679879428244289411307611978452808788429260739944 当前无持仓
[MAKER][BUY] 挂单状态 -> price=0.44 filled=0.0000 remaining=10.0000 status=LIVE
[DIAG][BID] 快照过期: 年龄=32.3s > 阈值=30.0s
[DIAG][BID] 尝试从缓存刷新数据...
[DIAG][BID] ✓ 已刷新快照: bid=0.44, ask=0.47 (缓存数据新鲜)
[MAKER][BUY] 挂单状态 -> price=0.44 filled=0.0000 remaining=10.0000 status=LIVE
[MAKER][BUY] 挂单状态 -> price=0.44 filled=0.0000 remaining=10.0000 status=LIVE
[DIAG][BID] 快照过期: 年龄=41.4s > 阈值=30.0s
[DIAG][BID] 尝试从缓存刷新数据...
[DIAG][BID] ✗ 缓存数据过期: 年龄=40.0s > 阈值=30.0s
[DIAG][BID] 缓存数据过期，返回None触发REST API fallback
[DIAG][WS] WebSocket bid 返回 None（可能原因：快照过期或数据缺失）
[FETCH][WARN] 无法通过 REST API 获取 bid 价格，尝试了 1 个方法: get_order_book
[WATCHDOG][BUY] 持仓检查 -> origin=未在 data-api positions(limit=500, total=11, param=user) via env:POLY_FUNDER 中找到 token 98686000961840472718925829517679879428244289411307611978452808788429260739944 当前无持仓
[MAKER][BUY] 挂单状态 -> price=0.44 filled=0.0000 remaining=10.0000 status=LIVE
[DIAG][BID] 快照过期: 年龄=74.1s > 阈值=30.0s
[DIAG][BID] 尝试从缓存刷新数据...
[DIAG][BID] ✗ 缓存数据过期: 年龄=72.7s > 阈值=30.0s
[DIAG][BID] 缓存数据过期，返回None触发REST API fallback
[DIAG][WS] WebSocket bid 返回 None（可能原因：快照过期或数据缺失）
[FETCH][WARN] 无法通过 REST API 获取 bid 价格，尝试了 1 个方法: get_order_book
[MAKER][BUY] 挂单状态 -> price=0.44 filled=0.0000 remaining=10.0000 status=LIVE
[DIAG][BID] 快照过期: 年龄=94.5s > 阈值=30.0s
[DIAG][BID] 尝试从缓存刷新数据...
[DIAG][BID] ✗ 缓存数据过期: 年龄=93.1s > 阈值=30.0s
[DIAG][BID] 缓存数据过期，返回None触发REST API fallback
[DIAG][WS] WebSocket bid 返回 None（可能原因：快照过期或数据缺失）
[FETCH][WARN] 无法通过 REST API 获取 bid 价格，尝试了 1 个方法: get_order_book
[MAKER][BUY] 挂单状态 -> price=0.44 filled=0.0000 remaining=10.0000 status=LIVE
[DIAG][BID] 快照过期: 年龄=116.0s > 阈值=30.0s
[DIAG][BID] 尝试从缓存刷新数据...
[DIAG][BID] ✗ 缓存数据过期: 年龄=114.6s > 阈值=30.0s
[DIAG][BID] 缓存数据过期，返回None触发REST API fallback
[DIAG][WS] WebSocket bid 返回 None（可能原因：快照过期或数据缺失）
[FETCH][WARN] 无法通过 REST API 获取 bid 价格，尝试了 1 个方法: get_order_book
[WATCHDOG][BUY] 持仓检查 -> origin=未在 data-api positions(limit=500, total=11, param=user) via env:POLY_FUNDER 中找到 token 98686000961840472718925829517679879428244289411307611978452808788429260739944 当前无持仓
[MAKER][BUY] 挂单状态 -> price=0.44 filled=0.0000 remaining=10.0000 status=LIVE
[DIAG][BID] 快照过期: 年龄=148.1s > 阈值=30.0s
[DIAG][BID] 尝试从缓存刷新数据...
[DIAG][BID] ✓ 已刷新快照: bid=0.44, ask=0.47 (缓存数据新鲜)
[MAKER][BUY] 挂单状态 -> price=0.44 filled=0.0000 remaining=10.0000 status=LIVE
[MAKER][BUY] 挂单状态 -> price=0.44 filled=0.0000 remaining=10.0000 status=LIVE
[DIAG][BID] 快照过期: 年龄=41.0s > 阈值=30.0s
[DIAG][BID] 尝试从缓存刷新数据...
[DIAG][BID] ✗ 缓存数据过期: 年龄=60.8s > 阈值=30.0s
[DIAG][BID] 缓存数据过期，返回None触发REST API fallback
[DIAG][WS] WebSocket bid 返回 None（可能原因：快照过期或数据缺失）
[FETCH][WARN] 无法通过 REST API 获取 bid 价格，尝试了 1 个方法: get_order_book
[WATCHDOG][BUY] 持仓检查 -> origin=未在 data-api positions(limit=500, total=11, param=user) via env:POLY_FUNDER 中找到 token 98686000961840472718925829517679879428244289411307611978452808788429260739944 当前无持仓
[MAKER][BUY] 挂单状态 -> price=0.44 filled=0.0000 remaining=10.0000 status=LIVE
[DIAG][BID] 快照过期: 年龄=74.0s > 阈值=30.0s
[DIAG][BID] 尝试从缓存刷新数据...
[DIAG][BID] ✗ 缓存数据过期: 年龄=93.8s > 阈值=30.0s
[DIAG][BID] 缓存数据过期，返回None触发REST API fallback
[DIAG][WS] WebSocket bid 返回 None（可能原因：快照过期或数据缺失）
[FETCH][WARN] 无法通过 REST API 获取 bid 价格，尝试了 1 个方法: get_order_book
[MAKER][BUY] 挂单状态 -> price=0.44 filled=0.0000 remaining=10.0000 status=LIVE
[DIAG][BID] 快照过期: 年龄=94.4s > 阈值=30.0s
[DIAG][BID] 尝试从缓存刷新数据...
[DIAG][BID] ✗ 缓存数据过期: 年龄=114.2s > 阈值=30.0s
[DIAG][BID] 缓存数据过期，返回None触发REST API fallback
[DIAG][WS] WebSocket bid 返回 None（可能原因：快照过期或数据缺失）
[FETCH][WARN] 无法通过 REST API 获取 bid 价格，尝试了 1 个方法: get_order_book
[MAKER][BUY] 挂单状态 -> price=0.44 filled=0.0000 remaining=10.0000 status=LIVE
[DIAG][BID] 快照过期: 年龄=115.9s > 阈值=30.0s
[DIAG][BID] 尝试从缓存刷新数据...
[DIAG][BID] ✗ 缓存数据过期: 年龄=135.7s > 阈值=30.0s
[DIAG][BID] 缓存数据过期，返回None触发REST API fallback
[DIAG][WS] WebSocket bid 返回 None（可能原因：快照过期或数据缺失）
[FETCH][WARN] 无法通过 REST API 获取 bid 价格，尝试了 1 个方法: get_order_book
[WATCHDOG][BUY] 持仓检查 -> origin=未在 data-api positions(limit=500, total=11, param=user) via env:POLY_FUNDER 中找到 token 98686000961840472718925829517679879428244289411307611978452808788429260739944 当前无持仓
[MAKER][BUY] 挂单状态 -> price=0.44 filled=0.0000 remaining=10.0000 status=LIVE
[DIAG][BID] 快照过期: 年龄=146.7s > 阈值=30.0s
[DIAG][BID] 尝试从缓存刷新数据...
[DIAG][BID] ✗ 缓存数据过期: 年龄=166.5s > 阈值=30.0s
[DIAG][BID] 缓存数据过期，返回None触发REST API fallback
[DIAG][WS] WebSocket bid 返回 None（可能原因：快照过期或数据缺失）
[FETCH][WARN] 无法通过 REST API 获取 bid 价格，尝试了 1 个方法: get_order_book
[MAKER][BUY] 挂单状态 -> price=0.44 filled=0.0000 remaining=10.0000 status=LIVE
[DIAG][BID] 快照过期: 年龄=166.7s > 阈值=30.0s
[DIAG][BID] 尝试从缓存刷新数据...
[DIAG][BID] ✗ 缓存数据过期: 年龄=186.5s > 阈值=30.0s
[DIAG][BID] 缓存数据过期，返回None触发REST API fallback
[DIAG][WS] WebSocket bid 返回 None（可能原因：快照过期或数据缺失）
[FETCH][WARN] 无法通过 REST API 获取 bid 价格，尝试了 1 个方法: get_order_book
[MAKER][BUY] 挂单状态 -> price=0.44 filled=0.0000 remaining=10.0000 status=LIVE
[DIAG][BID] 快照过期: 年龄=188.1s > 阈值=30.0s
[DIAG][BID] 尝试从缓存刷新数据...
[DIAG][BID] ✓ 已刷新快照: bid=0.44, ask=0.47 (缓存数据新鲜)
[WATCHDOG][BUY] 持仓检查 -> origin=未在 data-api positions(limit=500, total=11, param=user) via env:POLY_FUNDER 中找到 token 98686000961840472718925829517679879428244289411307611978452808788429260739944 当前无持仓
[MAKER][BUY] 挂单状态 -> price=0.44 filled=0.0000 remaining=10.0000 status=LIVE
[MAKER][BUY] 挂单状态 -> price=0.44 filled=0.0000 remaining=10.0000 status=LIVE
[DIAG][BID] 快照过期: 年龄=50.2s > 阈值=30.0s
[DIAG][BID] 尝试从缓存刷新数据...
[DIAG][BID] ✓ 已刷新快照: bid=0.44, ask=0.46 (缓存数据新鲜)
[MAKER][BUY] 挂单状态 -> price=0.44 filled=0.0000 remaining=10.0000 status=LIVE
[WATCHDOG][BUY] 持仓检查 -> origin=未在 data-api positions(limit=500, total=11, param=user) via env:POLY_FUNDER 中找到 token 98686000961840472718925829517679879428244289411307611978452808788429260739944 当前无持仓
[MAKER][BUY] 挂单状态 -> price=0.44 filled=0.0000 remaining=10.0000 status=LIVE
[DIAG][BID] 快照过期: 年龄=52.3s > 阈值=30.0s
[DIAG][BID] 尝试从缓存刷新数据...
[DIAG][BID] ✓ 已刷新快照: bid=0.44, ask=0.46 (缓存数据新鲜)
[MAKER][BUY] 挂单状态 -> price=0.44 filled=0.0000 remaining=10.0000 status=LIVE
[MAKER][BUY] 挂单状态 -> price=0.44 filled=0.0000 remaining=10.0000 status=LIVE
[DIAG][BID] 快照过期: 年龄=41.5s > 阈值=30.0s
[DIAG][BID] 尝试从缓存刷新数据...
[DIAG][BID] ✓ 已刷新快照: bid=0.44, ask=0.46 (缓存数据新鲜)
[WATCHDOG][BUY] 持仓检查 -> origin=未在 data-api positions(limit=500, total=11, param=user) via env:POLY_FUNDER 中找到 token 98686000961840472718925829517679879428244289411307611978452808788429260739944 当前无持仓
[MAKER][BUY] 挂单状态 -> price=0.44 filled=0.0000 remaining=10.0000 status=LIVE
[DIAG][BID] 快照过期: 年龄=31.8s > 阈值=30.0s
[DIAG][BID] 尝试从缓存刷新数据...
[DIAG][BID] ✓ 已刷新快照: bid=0.44, ask=0.46 (缓存数据新鲜)
[MAKER][BUY] 挂单状态 -> price=0.44 filled=0.0000 remaining=10.0000 status=LIVE
[MAKER][BUY] 挂单状态 -> price=0.44 filled=0.0000 remaining=10.0000 status=LIVE
[DIAG][BID] 快照过期: 年龄=41.9s > 阈值=30.0s
[DIAG][BID] 尝试从缓存刷新数据...
[DIAG][BID] ✗ 缓存数据过期: 年龄=47.2s > 阈值=30.0s
[DIAG][BID] 缓存数据过期，返回None触发REST API fallback
[DIAG][WS] WebSocket bid 返回 None（可能原因：快照过期或数据缺失）
[FETCH][WARN] 无法通过 REST API 获取 bid 价格，尝试了 1 个方法: get_order_book
[WATCHDOG][BUY] 持仓检查 -> origin=未在 data-api positions(limit=500, total=11, param=user) via env:POLY_FUNDER 中找到 token 98686000961840472718925829517679879428244289411307611978452808788429260739944 当前无持仓
[MAKER][BUY] 挂单状态 -> price=0.44 filled=0.0000 remaining=10.0000 status=LIVE
[DIAG][BID] 快照过期: 年龄=73.4s > 阈值=30.0s
[DIAG][BID] 尝试从缓存刷新数据...
[DIAG][BID] ✗ 缓存数据过期: 年龄=78.7s > 阈值=30.0s
[DIAG][BID] 缓存数据过期，返回None触发REST API fallback
[DIAG][WS] WebSocket bid 返回 None（可能原因：快照过期或数据缺失）
[FETCH][WARN] 无法通过 REST API 获取 bid 价格，尝试了 1 个方法: get_order_book
[MAKER][BUY] 挂单状态 -> price=0.44 filled=0.0000 remaining=10.0000 status=LIVE
[DIAG][BID] 快照过期: 年龄=94.7s > 阈值=30.0s
[DIAG][BID] 尝试从缓存刷新数据...
[DIAG][BID] ✗ 缓存数据过期: 年龄=100.0s > 阈值=30.0s
[DIAG][BID] 缓存数据过期，返回None触发REST API fallback
[DIAG][WS] WebSocket bid 返回 None（可能原因：快照过期或数据缺失）
[FETCH][WARN] 无法通过 REST API 获取 bid 价格，尝试了 1 个方法: get_order_book
[MAKER][BUY] 挂单状态 -> price=0.44 filled=0.0000 remaining=10.0000 status=LIVE
[DIAG][BID] 快照过期: 年龄=115.5s > 阈值=30.0s
[DIAG][BID] 尝试从缓存刷新数据...
[DIAG][BID] ✓ 已刷新快照: bid=0.44, ask=0.46 (缓存数据新鲜)
[WATCHDOG][BUY] 持仓检查 -> origin=未在 data-api positions(limit=500, total=11, param=user) via env:POLY_FUNDER 中找到 token 98686000961840472718925829517679879428244289411307611978452808788429260739944 当前无持仓
[MAKER][BUY] 挂单状态 -> price=0.44 filled=0.0000 remaining=10.0000 status=LIVE
[DIAG][BID] 快照过期: 年龄=31.5s > 阈值=30.0s
[DIAG][BID] 尝试从缓存刷新数据...
[DIAG][BID] ✗ 缓存数据过期: 年龄=37.4s > 阈值=30.0s
[DIAG][BID] 缓存数据过期，返回None触发REST API fallback
[DIAG][WS] WebSocket bid 返回 None（可能原因：快照过期或数据缺失）
[FETCH][WARN] 无法通过 REST API 获取 bid 价格，尝试了 1 个方法: get_order_book
[MAKER][BUY] 挂单状态 -> price=0.44 filled=0.0000 remaining=10.0000 status=LIVE
[DIAG][BID] 快照过期: 年龄=52.3s > 阈值=30.0s
[DIAG][BID] 尝试从缓存刷新数据...
[DIAG][BID] ✗ 缓存数据过期: 年龄=58.2s > 阈值=30.0s
[DIAG][BID] 缓存数据过期，返回None触发REST API fallback
[DIAG][WS] WebSocket bid 返回 None（可能原因：快照过期或数据缺失）
[FETCH][WARN] 无法通过 REST API 获取 bid 价格，尝试了 1 个方法: get_order_book
[MAKER][BUY] 挂单状态 -> price=0.44 filled=0.0000 remaining=10.0000 status=LIVE
[DIAG][BID] 快照过期: 年龄=73.3s > 阈值=30.0s
[DIAG][BID] 尝试从缓存刷新数据...
[DIAG][BID] ✗ 缓存数据过期: 年龄=79.2s > 阈值=30.0s
[DIAG][BID] 缓存数据过期，返回None触发REST API fallback
[DIAG][WS] WebSocket bid 返回 None（可能原因：快照过期或数据缺失）
[FETCH][WARN] 无法通过 REST API 获取 bid 价格，尝试了 1 个方法: get_order_book
[WATCHDOG][BUY] 持仓检查 -> origin=未在 data-api positions(limit=500, total=11, param=user) via env:POLY_FUNDER 中找到 token 98686000961840472718925829517679879428244289411307611978452808788429260739944 当前无持仓
[MAKER][BUY] 挂单状态 -> price=0.44 filled=0.0000 remaining=10.0000 status=LIVE
[DIAG][BID] 快照过期: 年龄=105.1s > 阈值=30.0s
[DIAG][BID] 尝试从缓存刷新数据...
[DIAG][BID] ✗ 缓存数据过期: 年龄=111.0s > 阈值=30.0s
[DIAG][BID] 缓存数据过期，返回None触发REST API fallback
[DIAG][WS] WebSocket bid 返回 None（可能原因：快照过期或数据缺失）
[FETCH][WARN] 无法通过 REST API 获取 bid 价格，尝试了 1 个方法: get_order_book
[MAKER][BUY] 挂单状态 -> price=0.44 filled=0.0000 remaining=10.0000 status=LIVE
[DIAG][BID] 快照过期: 年龄=126.5s > 阈值=30.0s
[DIAG][BID] 尝试从缓存刷新数据...
[DIAG][BID] ✗ 缓存数据过期: 年龄=132.4s > 阈值=30.0s
[DIAG][BID] 缓存数据过期，返回None触发REST API fallback
[DIAG][WS] WebSocket bid 返回 None（可能原因：快照过期或数据缺失）
[FETCH][WARN] 无法通过 REST API 获取 bid 价格，尝试了 1 个方法: get_order_book
[MAKER][BUY] 挂单状态 -> price=0.44 filled=0.0000 remaining=10.0000 status=LIVE
[DIAG][BID] 快照过期: 年龄=147.5s > 阈值=30.0s
[DIAG][BID] 尝试从缓存刷新数据...
[DIAG][BID] ✗ 缓存数据过期: 年龄=153.4s > 阈值=30.0s
[DIAG][BID] 缓存数据过期，返回None触发REST API fallback
[DIAG][WS] WebSocket bid 返回 None（可能原因：快照过期或数据缺失）
[FETCH][WARN] 无法通过 REST API 获取 bid 价格，尝试了 1 个方法: get_order_book
[WATCHDOG][BUY] 持仓检查 -> origin=未在 data-api positions(limit=500, total=11, param=user) via env:POLY_FUNDER 中找到 token 98686000961840472718925829517679879428244289411307611978452808788429260739944 当前无持仓
[MAKER][BUY] 挂单状态 -> price=0.44 filled=0.0000 remaining=10.0000 status=LIVE
[DIAG][BID] 快照过期: 年龄=180.1s > 阈值=30.0s
[DIAG][BID] 尝试从缓存刷新数据...
[DIAG][BID] ✗ 缓存数据过期: 年龄=186.0s > 阈值=30.0s
[DIAG][BID] 缓存数据过期，返回None触发REST API fallback
[DIAG][WS] WebSocket bid 返回 None（可能原因：快照过期或数据缺失）
[FETCH][WARN] 无法通过 REST API 获取 bid 价格，尝试了 1 个方法: get_order_book
[MAKER][BUY] 挂单状态 -> price=0.44 filled=0.0000 remaining=10.0000 status=LIVE
[DIAG][BID] 快照过期: 年龄=201.4s > 阈值=30.0s
[DIAG][BID] 尝试从缓存刷新数据...
[DIAG][BID] ✓ 已刷新快照: bid=0.44, ask=0.46 (缓存数据新鲜)
[MAKER][BUY] 挂单状态 -> price=0.44 filled=0.0000 remaining=10.0000 status=LIVE
[WATCHDOG][BUY] 持仓检查 -> origin=未在 data-api positions(limit=500, total=11, param=user) via env:POLY_FUNDER 中找到 token 98686000961840472718925829517679879428244289411307611978452808788429260739944 当前无持仓
[MAKER][BUY] 挂单状态 -> price=0.44 filled=0.0000 remaining=10.0000 status=LIVE
[DIAG][BID] 快照过期: 年龄=52.1s > 阈值=30.0s
[DIAG][BID] 尝试从缓存刷新数据...
[DIAG][BID] ✗ 缓存数据过期: 年龄=38.8s > 阈值=30.0s
[DIAG][BID] 缓存数据过期，返回None触发REST API fallback
[DIAG][WS] WebSocket bid 返回 None（可能原因：快照过期或数据缺失）
[FETCH][WARN] 无法通过 REST API 获取 bid 价格，尝试了 1 个方法: get_order_book
[MAKER][BUY] 挂单状态 -> price=0.44 filled=0.0000 remaining=10.0000 status=LIVE
[DIAG][BID] 快照过期: 年龄=72.1s > 阈值=30.0s
[DIAG][BID] 尝试从缓存刷新数据...
[DIAG][BID] ✓ 已刷新快照: bid=0.44, ask=0.46 (缓存数据新鲜)
[MAKER][BUY] 挂单状态 -> price=0.44 filled=0.0000 remaining=10.0000 status=LIVE
[WATCHDOG][BUY] 持仓检查 -> origin=未在 data-api positions(limit=500, total=11, param=user) via env:POLY_FUNDER 中找到 token 98686000961840472718925829517679879428244289411307611978452808788429260739944 当前无持仓
[MAKER][BUY] 挂单状态 -> price=0.44 filled=0.0000 remaining=10.0000 status=LIVE
[DIAG][BID] 快照过期: 年龄=52.6s > 阈值=30.0s
[DIAG][BID] 尝试从缓存刷新数据...
[DIAG][BID] ✓ 已刷新快照: bid=0.44, ask=0.46 (缓存数据新鲜)
[MAKER][BUY] 挂单状态 -> price=0.44 filled=0.0000 remaining=10.0000 status=LIVE
[MAKER][BUY] 挂单状态 -> price=0.44 filled=0.0000 remaining=10.0000 status=LIVE
[DIAG][BID] 快照过期: 年龄=41.9s > 阈值=30.0s
[DIAG][BID] 尝试从缓存刷新数据...
[DIAG][BID] ✓ 已刷新快照: bid=0.44, ask=0.46 (缓存数据新鲜)
[WATCHDOG][BUY] 持仓检查 -> origin=未在 data-api positions(limit=500, total=11, param=user) via env:POLY_FUNDER 中找到 token 98686000961840472718925829517679879428244289411307611978452808788429260739944 当前无持仓
[MAKER][BUY] 挂单状态 -> price=0.44 filled=0.0000 remaining=10.0000 status=LIVE
[DIAG][BID] 快照过期: 年龄=30.3s > 阈值=30.0s
[DIAG][BID] 尝试从缓存刷新数据...
[DIAG][BID] ✗ 缓存数据过期: 年龄=38.9s > 阈值=30.0s
[DIAG][BID] 缓存数据过期，返回None触发REST API fallback
[DIAG][WS] WebSocket bid 返回 None（可能原因：快照过期或数据缺失）
[FETCH][WARN] 无法通过 REST API 获取 bid 价格，尝试了 1 个方法: get_order_book
[MAKER][BUY] 挂单状态 -> price=0.44 filled=0.0000 remaining=10.0000 status=LIVE
[DIAG][BID] 快照过期: 年龄=51.8s > 阈值=30.0s
[DIAG][BID] 尝试从缓存刷新数据...
[DIAG][BID] ✓ 已刷新快照: bid=0.44, ask=0.46 (缓存数据新鲜)
[MAKER][BUY] 挂单状态 -> price=0.44 filled=10.0000 remaining=0.0000 status=MATCHED
[TRADE][BUY][MAKER] resp={'status': 'FILLED', 'avg_price': 0.44000000000000006, 'filled': 10.0, 'remaining': 0.0, 'orders': [{'id': '0x958a179774a208e70b80168a877e62ef647d02627301305e7c25a13a701a08c5', 'side': 'buy', 'price': 0.43, 'size': 10.0, 'status': 'CANCELLED', 'filled': 0.0, 'avg_price': 0.43}, {'id': '0x0a11bf879b3f53e3e89c0b97852f8e4a13f310e1cabecc219693421be3351e2b', 'side': 'buy', 'price': 0.44, 'size': 10.0, 'status': 'CANCELLED', 'filled': 10.0, 'avg_price': 0.44}]}
[INFO] 买入成交，延迟 60s 再查询持仓均价，等待 data-api 刷新…
[INFO] 开始持仓均价多轮确认（目标 size≈10.0000，最多 5 轮，每轮间隔 7s）
[TRACE] 持仓均价查询结果（第1次/本轮） origin=data-api positions(limit=500, total=12, param=user) via env:POLY_FUNDER avg=0.440000 size=10.000000
[TRACE] 持仓均价查询结果（第2次/本轮） origin=data-api positions(limit=500, total=12, param=user) via env:POLY_FUNDER avg=0.440000 size=10.000000
[TRACE] 持仓均价查询结果（第3次/本轮） origin=data-api positions(limit=500, total=12, param=user) via env:POLY_FUNDER avg=0.440000 size=10.000000
[STATE] 持仓均价确认 -> origin=data-api positions(limit=500, total=12, param=user) via env:POLY_FUNDER avg=0.4400 size=10.0000
[STATE] 买入成交 -> status=FILLED price=0.4400 size=10.0000
[DIAG][ASK] ✗ 缓存数据过期: 年龄=32.6s > 阈值=30.0s
[DIAG][ASK] 缓存数据过期，返回None触发REST API fallback
[DIAG][WS] WebSocket ask 返回 None（可能原因：快照过期或数据缺失）
[FETCH][WARN] 无法通过 REST API 获取 ask 价格，尝试了 1 个方法: get_order_book
[FETCH][WARN] 无法通过 REST API 获取 ask 价格，尝试了 1 个方法: get_order_book
[DIAG][WS] WebSocket ask 返回 None（可能原因：快照过期或数据缺失）
[FETCH][WARN] 无法通过 REST API 获取 ask 价格，尝试了 1 个方法: get_order_book
[DIAG][WS] WebSocket ask 返回 None（可能原因：快照过期或数据缺失）
[FETCH][WARN] 无法通过 REST API 获取 ask 价格，尝试了 1 个方法: get_order_book
[DIAG][WS] WebSocket ask 返回 None（可能原因：快照过期或数据缺失）
[FETCH][WARN] 无法通过 REST API 获取 ask 价格，尝试了 1 个方法: get_order_book
[DIAG][WS] WebSocket ask 返回 None（可能原因：快照过期或数据缺失）
[FETCH][WARN] 无法通过 REST API 获取 ask 价格，尝试了 1 个方法: get_order_book
[DIAG][WS] WebSocket ask 返回 None（可能原因：快照过期或数据缺失）
[FETCH][WARN] 无法通过 REST API 获取 ask 价格，尝试了 1 个方法: get_order_book
[DIAG][WS] WebSocket ask 返回 None（可能原因：快照过期或数据缺失）
[FETCH][WARN] 无法通过 REST API 获取 ask 价格，尝试了 1 个方法: get_order_book
[FETCH][WARN] 无法通过 REST API 获取 ask 价格，尝试了 1 个方法: get_order_book
[DIAG][WS] WebSocket ask 返回 None（可能原因：快照过期或数据缺失）
[FETCH][WARN] 无法通过 REST API 获取 ask 价格，尝试了 1 个方法: get_order_book
[DIAG][WS] WebSocket ask 返回 None（可能原因：快照过期或数据缺失）
[FETCH][WARN] 无法通过 REST API 获取 ask 价格，尝试了 1 个方法: get_order_book
[DIAG][WS] WebSocket ask 返回 None（可能原因：快照过期或数据缺失）
[FETCH][WARN] 无法通过 REST API 获取 ask 价格，尝试了 1 个方法: get_order_book
[DIAG][WS] WebSocket ask 返回 None（可能原因：快照过期或数据缺失）
[FETCH][WARN] 无法通过 REST API 获取 ask 价格，尝试了 1 个方法: get_order_book
[DIAG][WS] WebSocket ask 返回 None（可能原因：快照过期或数据缺失）
[FETCH][WARN] 无法通过 REST API 获取 ask 价格，尝试了 1 个方法: get_order_book
[DIAG][WS] WebSocket ask 返回 None（可能原因：快照过期或数据缺失）
[FETCH][WARN] 无法通过 REST API 获取 ask 价格，尝试了 1 个方法: get_order_book
[FETCH][WARN] 无法通过 REST API 获取 ask 价格，尝试了 1 个方法: get_order_book
[DIAG][WS] WebSocket ask 返回 None（可能原因：快照过期或数据缺失）
[FETCH][WARN] 无法通过 REST API 获取 ask 价格，尝试了 1 个方法: get_order_book
[DIAG][WS] WebSocket ask 返回 None（可能原因：快照过期或数据缺失）
[FETCH][WARN] 无法通过 REST API 获取 ask 价格，尝试了 1 个方法: get_order_book
[DIAG][WS] WebSocket ask 返回 None（可能原因：快照过期或数据缺失）
[FETCH][WARN] 无法通过 REST API 获取 ask 价格，尝试了 1 个方法: get_order_book
[DIAG][WS] WebSocket ask 返回 None（可能原因：快照过期或数据缺失）
[FETCH][WARN] 无法通过 REST API 获取 ask 价格，尝试了 1 个方法: get_order_book
[DIAG][WS] WebSocket ask 返回 None（可能原因：快照过期或数据缺失）
[FETCH][WARN] 无法通过 REST API 获取 ask 价格，尝试了 1 个方法: get_order_book
[DIAG][WS] WebSocket ask 返回 None（可能原因：快照过期或数据缺失）
[FETCH][WARN] 无法通过 REST API 获取 ask 价格，尝试了 1 个方法: get_order_book
[FETCH][WARN] 无法通过 REST API 获取 ask 价格，尝试了 1 个方法: get_order_book
[DIAG][WS] WebSocket ask 返回 None（可能原因：快照过期或数据缺失）
[FETCH][WARN] 无法通过 REST API 获取 ask 价格，尝试了 1 个方法: get_order_book
[DIAG][WS] WebSocket ask 返回 None（可能原因：快照过期或数据缺失）
[FETCH][WARN] 无法通过 REST API 获取 ask 价格，尝试了 1 个方法: get_order_book
[DIAG][ASK] ✓ 已刷新快照: bid=0.44, ask=0.46 (缓存数据新鲜)
[MAKER][SELL] 挂单 -> price=0.46 qty=10.00 remaining=10.00
[WATCHDOG][SELL] 持仓检查 -> origin=data-api positions(limit=500, total=12, param=user) via env:POLY_FUNDER avg=0.4400 size=10.0000
[MAKER][SELL] 挂单状态 -> price=0.46 sold=0.00 remaining=10.00 status=LIVE
[MAKER][SELL] 挂单状态 -> price=0.46 sold=0.00 remaining=10.00 status=LIVE
[MAKER][SELL] 挂单状态 -> price=0.46 sold=0.00 remaining=10.00 status=LIVE
[FETCH][WARN] 无法通过 REST API 获取 ask 价格，尝试了 1 个方法: get_order_book
[MAKER][SELL] 挂单状态 -> price=0.46 sold=0.00 remaining=10.00 status=LIVE
[MAKER][SELL] 挂单状态 -> price=0.46 sold=0.00 remaining=10.00 status=LIVE
[WATCHDOG][SELL] 持仓检查 -> origin=data-api positions(limit=500, total=12, param=user) via env:POLY_FUNDER avg=0.4400 size=10.0000
[MAKER][SELL] 挂单状态 -> price=0.46 sold=0.00 remaining=10.00 status=LIVE
[MAKER][SELL] 挂单状态 -> price=0.46 sold=0.00 remaining=10.00 status=LIVE
[MAKER][SELL] 挂单状态 -> price=0.46 sold=0.00 remaining=10.00 status=LIVE
[MAKER][SELL] 挂单状态 -> price=0.46 sold=0.00 remaining=10.00 status=LIVE
[DIAG][WS] WebSocket ask 返回 None（可能原因：快照过期或数据缺失）
[FETCH][WARN] 无法通过 REST API 获取 ask 价格，尝试了 1 个方法: get_order_book
[DIAG][WS] WebSocket ask 返回 None（可能原因：快照过期或数据缺失）
[FETCH][WARN] 无法通过 REST API 获取 ask 价格，尝试了 1 个方法: get_order_book
[FETCH][WARN] 无法通过 REST API 获取 ask 价格，尝试了 1 个方法: get_order_book
[DIAG][WS] WebSocket ask 返回 None（可能原因：快照过期或数据缺失）
[FETCH][WARN] 无法通过 REST API 获取 ask 价格，尝试了 1 个方法: get_order_book
[DIAG][WS] WebSocket ask 返回 None（可能原因：快照过期或数据缺失）
[FETCH][WARN] 无法通过 REST API 获取 ask 价格，尝试了 1 个方法: get_order_book
[WATCHDOG][SELL] 持仓检查 -> origin=data-api positions(limit=500, total=12, param=user) via env:POLY_FUNDER avg=0.4400 size=10.0000
[MAKER][SELL] 挂单状态 -> price=0.46 sold=0.00 remaining=10.00 status=LIVE
[MAKER][SELL] 挂单状态 -> price=0.46 sold=0.00 remaining=10.00 status=LIVE
[MAKER][SELL] 挂单状态 -> price=0.46 sold=0.00 remaining=10.00 status=LIVE
[DIAG][WS] WebSocket ask 返回 None（可能原因：快照过期或数据缺失）
[FETCH][WARN] 无法通过 REST API 获取 ask 价格，尝试了 1 个方法: get_order_book
[DIAG][WS] WebSocket ask 返回 None（可能原因：快照过期或数据缺失）
[FETCH][WARN] 无法通过 REST API 获取 ask 价格，尝试了 1 个方法: get_order_book
[FETCH][WARN] 无法通过 REST API 获取 ask 价格，尝试了 1 个方法: get_order_book
[DIAG][WS] WebSocket ask 返回 None（可能原因：快照过期或数据缺失）
[FETCH][WARN] 无法通过 REST API 获取 ask 价格，尝试了 1 个方法: get_order_book
[DIAG][WS] WebSocket ask 返回 None（可能原因：快照过期或数据缺失）
[FETCH][WARN] 无法通过 REST API 获取 ask 价格，尝试了 1 个方法: get_order_book
[DIAG][WS] WebSocket ask 返回 None（可能原因：快照过期或数据缺失）
[FETCH][WARN] 无法通过 REST API 获取 ask 价格，尝试了 1 个方法: get_order_book
[DIAG][WS] WebSocket ask 返回 None（可能原因：快照过期或数据缺失）
[FETCH][WARN] 无法通过 REST API 获取 ask 价格，尝试了 1 个方法: get_order_book
[WATCHDOG][SELL] 持仓检查 -> origin=data-api positions(limit=500, total=11, param=user) via env:POLY_FUNDER avg=0.4400 size=10.0000
[MAKER][SELL] 挂单状态 -> price=0.46 sold=0.00 remaining=10.00 status=LIVE
[FETCH][WARN] 无法通过 REST API 获取 ask 价格，尝试了 1 个方法: get_order_book
[MAKER][SELL] 挂单状态 -> price=0.46 sold=0.00 remaining=10.00 status=LIVE
[MAKER][SELL] 挂单状态 -> price=0.46 sold=0.00 remaining=10.00 status=LIVE
[DIAG][WS] WebSocket ask 返回 None（可能原因：快照过期或数据缺失）
[FETCH][WARN] 无法通过 REST API 获取 ask 价格，尝试了 1 个方法: get_order_book
[DIAG][WS] WebSocket ask 返回 None（可能原因：快照过期或数据缺失）
[FETCH][WARN] 无法通过 REST API 获取 ask 价格，尝试了 1 个方法: get_order_book
[DIAG][WS] WebSocket ask 返回 None（可能原因：快照过期或数据缺失）
[FETCH][WARN] 无法通过 REST API 获取 ask 价格，尝试了 1 个方法: get_order_book
[DIAG][WS] WebSocket ask 返回 None（可能原因：快照过期或数据缺失）
[FETCH][WARN] 无法通过 REST API 获取 ask 价格，尝试了 1 个方法: get_order_book
[WATCHDOG][SELL] 持仓检查 -> origin=data-api positions(limit=500, total=11, param=user) via env:POLY_FUNDER avg=0.4400 size=10.0000
[MAKER][SELL] 挂单状态 -> price=0.46 sold=0.00 remaining=10.00 status=LIVE
[FETCH][WARN] 无法通过 REST API 获取 ask 价格，尝试了 1 个方法: get_order_book
[MAKER][SELL] 挂单状态 -> price=0.46 sold=0.00 remaining=10.00 status=LIVE
[MAKER][SELL][激进] 触及地板价，保持地板挂单
[MAKER][SELL] 挂单 -> price=0.45 qty=10.00 remaining=10.00
[WATCHDOG][SELL] 持仓检查 -> origin=data-api positions(limit=500, total=11, param=user) via env:POLY_FUNDER avg=0.4400 size=10.0000
[MAKER][SELL] 挂单状态 -> price=0.45 sold=0.00 remaining=10.00 status=LIVE
[MAKER][SELL] 挂单状态 -> price=0.45 sold=0.00 remaining=10.00 status=LIVE
[MAKER][SELL] 挂单状态 -> price=0.45 sold=0.00 remaining=10.00 status=LIVE
[MAKER][SELL] 挂单状态 -> price=0.45 sold=0.00 remaining=10.00 status=LIVE
[MAKER][SELL] 挂单状态 -> price=0.45 sold=0.00 remaining=10.00 status=LIVE
[FETCH][WARN] 无法通过 REST API 获取 ask 价格，尝试了 1 个方法: get_order_book
[WATCHDOG][SELL] 持仓检查 -> origin=data-api positions(limit=500, total=11, param=user) via env:POLY_FUNDER avg=0.4400 size=10.0000
[MAKER][SELL] 挂单状态 -> price=0.45 sold=0.00 remaining=10.00 status=LIVE
[MAKER][SELL] 挂单状态 -> price=0.45 sold=0.00 remaining=10.00 status=LIVE
[DIAG][WS] WebSocket ask 返回 None（可能原因：快照过期或数据缺失）
[FETCH][WARN] 无法通过 REST API 获取 ask 价格，尝试了 1 个方法: get_order_book
[DIAG][WS] WebSocket ask 返回 None（可能原因：快照过期或数据缺失）
[FETCH][WARN] 无法通过 REST API 获取 ask 价格，尝试了 1 个方法: get_order_book
[DIAG][WS] WebSocket ask 返回 None（可能原因：快照过期或数据缺失）
[FETCH][WARN] 无法通过 REST API 获取 ask 价格，尝试了 1 个方法: get_order_book
[DIAG][WS] WebSocket ask 返回 None（可能原因：快照过期或数据缺失）
[FETCH][WARN] 无法通过 REST API 获取 ask 价格，尝试了 1 个方法: get_order_book
[MAKER][SELL] 挂单状态 -> price=0.45 sold=0.00 remaining=10.00 status=LIVE
[FETCH][WARN] 无法通过 REST API 获取 ask 价格，尝试了 1 个方法: get_order_book
[WATCHDOG][SELL] 持仓检查 -> origin=data-api positions(limit=500, total=11, param=user) via env:POLY_FUNDER avg=0.4400 size=10.0000
[MAKER][SELL] 挂单状态 -> price=0.45 sold=0.00 remaining=10.00 status=LIVE
[MAKER][SELL] 挂单状态 -> price=0.45 sold=0.00 remaining=10.00 status=LIVE
[DIAG][WS] WebSocket ask 返回 None（可能原因：快照过期或数据缺失）
[FETCH][WARN] 无法通过 REST API 获取 ask 价格，尝试了 1 个方法: get_order_book
[DIAG][WS] WebSocket ask 返回 None（可能原因：快照过期或数据缺失）
[FETCH][WARN] 无法通过 REST API 获取 ask 价格，尝试了 1 个方法: get_order_book
[DIAG][WS] WebSocket ask 返回 None（可能原因：快照过期或数据缺失）
[FETCH][WARN] 无法通过 REST API 获取 ask 价格，尝试了 1 个方法: get_order_book
[DIAG][WS] WebSocket ask 返回 None（可能原因：快照过期或数据缺失）
[FETCH][WARN] 无法通过 REST API 获取 ask 价格，尝试了 1 个方法: get_order_book
[MAKER][SELL] 挂单状态 -> price=0.45 sold=0.00 remaining=10.00 status=LIVE
[FETCH][WARN] 无法通过 REST API 获取 ask 价格，尝试了 1 个方法: get_order_book
[WATCHDOG][SELL] 持仓检查 -> origin=data-api positions(limit=500, total=11, param=user) via env:POLY_FUNDER avg=0.4400 size=10.0000
[MAKER][SELL] 挂单状态 -> price=0.45 sold=0.00 remaining=10.00 status=LIVE
[MAKER][SELL] 挂单状态 -> price=0.45 sold=0.00 remaining=10.00 status=LIVE
[MAKER][SELL] 挂单状态 -> price=0.45 sold=0.00 remaining=10.00 status=LIVE
[MAKER][SELL] 挂单状态 -> price=0.45 sold=0.00 remaining=10.00 status=LIVE
[MAKER][SELL] 挂单状态 -> price=0.45 sold=0.00 remaining=10.00 status=LIVE
[MAKER][SELL] 挂单状态 -> price=0.45 sold=0.00 remaining=10.00 status=LIVE
[FETCH][WARN] 无法通过 REST API 获取 ask 价格，尝试了 1 个方法: get_order_book
[WATCHDOG][SELL] 持仓检查 -> origin=data-api positions(limit=500, total=11, param=user) via env:POLY_FUNDER avg=0.4400 size=10.0000
[MAKER][SELL] 挂单状态 -> price=0.45 sold=0.00 remaining=10.00 status=LIVE
[MAKER][SELL] 挂单状态 -> price=0.45 sold=0.00 remaining=10.00 status=LIVE
[MAKER][SELL] 挂单状态 -> price=0.45 sold=0.00 remaining=10.00 status=LIVE
[MAKER][SELL] 挂单状态 -> price=0.45 sold=0.00 remaining=10.00 status=LIVE
[MAKER][SELL] 挂单状态 -> price=0.45 sold=0.00 remaining=10.00 status=LIVE
[MAKER][SELL] 挂单状态 -> price=0.45 sold=0.00 remaining=10.00 status=LIVE
[FETCH][WARN] 无法通过 REST API 获取 ask 价格，尝试了 1 个方法: get_order_book
[WATCHDOG][SELL] 持仓检查 -> origin=data-api positions(limit=500, total=11, param=user) via env:POLY_FUNDER avg=0.4400 size=10.0000
[MAKER][SELL] 挂单状态 -> price=0.45 sold=0.00 remaining=10.00 status=LIVE
[MAKER][SELL] 挂单状态 -> price=0.45 sold=0.00 remaining=10.00 status=LIVE
[MAKER][SELL] 挂单状态 -> price=0.45 sold=0.00 remaining=10.00 status=LIVE
[MAKER][SELL] 挂单状态 -> price=0.45 sold=0.00 remaining=10.00 status=LIVE
[MAKER][SELL] 挂单状态 -> price=0.45 sold=0.00 remaining=10.00 status=LIVE
[DIAG][WS] WebSocket ask 返回 None（可能原因：快照过期或数据缺失）
[FETCH][WARN] 无法通过 REST API 获取 ask 价格，尝试了 1 个方法: get_order_book
[DIAG][WS] WebSocket ask 返回 None（可能原因：快照过期或数据缺失）
[FETCH][WARN] 无法通过 REST API 获取 ask 价格，尝试了 1 个方法: get_order_book
[DIAG][WS] WebSocket ask 返回 None（可能原因：快照过期或数据缺失）
[FETCH][WARN] 无法通过 REST API 获取 ask 价格，尝试了 1 个方法: get_order_book
[FETCH][WARN] 无法通过 REST API 获取 ask 价格，尝试了 1 个方法: get_order_book
[WATCHDOG][SELL] 持仓检查 -> origin=data-api positions(limit=500, total=11, param=user) via env:POLY_FUNDER avg=0.4400 size=10.0000
[MAKER][SELL] 挂单状态 -> price=0.45 sold=0.00 remaining=10.00 status=LIVE
[MAKER][SELL] 挂单状态 -> price=0.45 sold=0.00 remaining=10.00 status=LIVE
[MAKER][SELL] 挂单状态 -> price=0.45 sold=0.00 remaining=10.00 status=LIVE
[MAKER][SELL] 挂单状态 -> price=0.45 sold=0.00 remaining=10.00 status=LIVE
[MAKER][SELL] 挂单状态 -> price=0.45 sold=0.00 remaining=10.00 status=LIVE
[FETCH][WARN] 无法通过 REST API 获取 ask 价格，尝试了 1 个方法: get_order_book
[MAKER][SELL] 挂单状态 -> price=0.45 sold=0.00 remaining=10.00 status=LIVE
[DIAG][WS] WebSocket ask 返回 None（可能原因：快照过期或数据缺失）
[FETCH][WARN] 无法通过 REST API 获取 ask 价格，尝试了 1 个方法: get_order_book
[DIAG][WS] WebSocket ask 返回 None（可能原因：快照过期或数据缺失）
[FETCH][WARN] 无法通过 REST API 获取 ask 价格，尝试了 1 个方法: get_order_book
[WATCHDOG][SELL] 持仓检查 -> origin=data-api positions(limit=500, total=12, param=user) via env:POLY_FUNDER avg=0.4400 size=10.0000
[MAKER][SELL] 挂单状态 -> price=0.45 sold=0.00 remaining=10.00 status=LIVE
[MAKER][SELL] 挂单状态 -> price=0.45 sold=0.00 remaining=10.00 status=LIVE
[MAKER][SELL] 挂单状态 -> price=0.45 sold=0.00 remaining=10.00 status=LIVE
[MAKER][SELL] 挂单状态 -> price=0.45 sold=0.00 remaining=10.00 status=LIVE
[FETCH][WARN] 无法通过 REST API 获取 ask 价格，尝试了 1 个方法: get_order_book
[MAKER][SELL] 挂单状态 -> price=0.45 sold=0.00 remaining=10.00 status=LIVE
[MAKER][SELL] 挂单状态 -> price=0.45 sold=0.00 remaining=10.00 status=LIVE
[WATCHDOG][SELL] 持仓检查 -> origin=data-api positions(limit=500, total=12, param=user) via env:POLY_FUNDER avg=0.4400 size=10.0000
[MAKER][SELL] 挂单状态 -> price=0.45 sold=0.00 remaining=10.00 status=LIVE
[MAKER][SELL] 挂单状态 -> price=0.45 sold=0.00 remaining=10.00 status=LIVE
[MAKER][SELL] 挂单状态 -> price=0.45 sold=0.00 remaining=10.00 status=LIVE
[DIAG][WS] WebSocket ask 返回 None（可能原因：快照过期或数据缺失）
[FETCH][WARN] 无法通过 REST API 获取 ask 价格，尝试了 1 个方法: get_order_book
[DIAG][WS] WebSocket ask 返回 None（可能原因：快照过期或数据缺失）
[FETCH][WARN] 无法通过 REST API 获取 ask 价格，尝试了 1 个方法: get_order_book
[DIAG][WS] WebSocket ask 返回 None（可能原因：快照过期或数据缺失）
[FETCH][WARN] 无法通过 REST API 获取 ask 价格，尝试了 1 个方法: get_order_book
[FETCH][WARN] 无法通过 REST API 获取 ask 价格，尝试了 1 个方法: get_order_book
[DIAG][WS] WebSocket ask 返回 None（可能原因：快照过期或数据缺失）
[FETCH][WARN] 无法通过 REST API 获取 ask 价格，尝试了 1 个方法: get_order_book
[DIAG][WS] WebSocket ask 返回 None（可能原因：快照过期或数据缺失）
[FETCH][WARN] 无法通过 REST API 获取 ask 价格，尝试了 1 个方法: get_order_book
[DIAG][WS] WebSocket ask 返回 None（可能原因：快照过期或数据缺失）
[FETCH][WARN] 无法通过 REST API 获取 ask 价格，尝试了 1 个方法: get_order_book
[DIAG][WS] WebSocket ask 返回 None（可能原因：快照过期或数据缺失）
[FETCH][WARN] 无法通过 REST API 获取 ask 价格，尝试了 1 个方法: get_order_book
[DIAG][WS] WebSocket ask 返回 None（可能原因：快照过期或数据缺失）
[FETCH][WARN] 无法通过 REST API 获取 ask 价格，尝试了 1 个方法: get_order_book
[DIAG][WS] WebSocket ask 返回 None（可能原因：快照过期或数据缺失）
[FETCH][WARN] 无法通过 REST API 获取 ask 价格，尝试了 1 个方法: get_order_book
[FETCH][WARN] 无法通过 REST API 获取 ask 价格，尝试了 1 个方法: get_order_book
[DIAG][WS] WebSocket ask 返回 None（可能原因：快照过期或数据缺失）
[FETCH][WARN] 无法通过 REST API 获取 ask 价格，尝试了 1 个方法: get_order_book
[DIAG][WS] WebSocket ask 返回 None（可能原因：快照过期或数据缺失）
[FETCH][WARN] 无法通过 REST API 获取 ask 价格，尝试了 1 个方法: get_order_book
[DIAG][WS] WebSocket ask 返回 None（可能原因：快照过期或数据缺失）
[FETCH][WARN] 无法通过 REST API 获取 ask 价格，尝试了 1 个方法: get_order_book
[DIAG][WS] WebSocket ask 返回 None（可能原因：快照过期或数据缺失）
[FETCH][WARN] 无法通过 REST API 获取 ask 价格，尝试了 1 个方法: get_order_book
[DIAG][WS] WebSocket ask 返回 None（可能原因：快照过期或数据缺失）
[FETCH][WARN] 无法通过 REST API 获取 ask 价格，尝试了 1 个方法: get_order_book
[DIAG][WS] WebSocket ask 返回 None（可能原因：快照过期或数据缺失）
[FETCH][WARN] 无法通过 REST API 获取 ask 价格，尝试了 1 个方法: get_order_book
[FETCH][WARN] 无法通过 REST API 获取 ask 价格，尝试了 1 个方法: get_order_book
[DIAG][WS] WebSocket ask 返回 None（可能原因：快照过期或数据缺失）
[FETCH][WARN] 无法通过 REST API 获取 ask 价格，尝试了 1 个方法: get_order_book
[WATCHDOG][SELL] 持仓检查 -> origin=data-api positions(limit=500, total=12, param=user) via env:POLY_FUNDER avg=0.4400 size=10.0000
[MAKER][SELL] 挂单状态 -> price=0.45 sold=0.00 remaining=10.00 status=LIVE
[MAKER][SELL] 挂单状态 -> price=0.45 sold=0.00 remaining=10.00 status=LIVE
[MAKER][SELL] 挂单状态 -> price=0.45 sold=0.00 remaining=10.00 status=LIVE
[DIAG][WS] WebSocket ask 返回 None（可能原因：快照过期或数据缺失）
[FETCH][WARN] 无法通过 REST API 获取 ask 价格，尝试了 1 个方法: get_order_book
[DIAG][WS] WebSocket ask 返回 None（可能原因：快照过期或数据缺失）
[FETCH][WARN] 无法通过 REST API 获取 ask 价格，尝试了 1 个方法: get_order_book
[FETCH][WARN] 无法通过 REST API 获取 ask 价格，尝试了 1 个方法: get_order_book
[MAKER][SELL] 挂单状态 -> price=0.45 sold=0.00 remaining=10.00 status=LIVE
[MAKER][SELL] 挂单状态 -> price=0.45 sold=0.00 remaining=10.00 status=LIVE
[WATCHDOG][SELL] 持仓检查 -> origin=data-api positions(limit=500, total=12, param=user) via env:POLY_FUNDER avg=0.4400 size=10.0000
[MAKER][SELL] 挂单状态 -> price=0.45 sold=0.00 remaining=10.00 status=LIVE
[MAKER][SELL] 挂单状态 -> price=0.45 sold=0.00 remaining=10.00 status=LIVE
[MAKER][SELL] 挂单状态 -> price=0.45 sold=0.00 remaining=10.00 status=LIVE
[MAKER][SELL] 挂单状态 -> price=0.45 sold=0.00 remaining=10.00 status=LIVE
[FETCH][WARN] 无法通过 REST API 获取 ask 价格，尝试了 1 个方法: get_order_book
[MAKER][SELL] 挂单状态 -> price=0.45 sold=0.00 remaining=10.00 status=LIVE
[MAKER][SELL] 挂单状态 -> price=0.45 sold=0.00 remaining=10.00 status=LIVE
[WATCHDOG][SELL] 持仓检查 -> origin=data-api positions(limit=500, total=12, param=user) via env:POLY_FUNDER avg=0.4400 size=10.0000
[MAKER][SELL] 挂单状态 -> price=0.45 sold=0.00 remaining=10.00 status=LIVE
[DIAG][WS] WebSocket ask 返回 None（可能原因：快照过期或数据缺失）
[FETCH][WARN] 无法通过 REST API 获取 ask 价格，尝试了 1 个方法: get_order_book
[DIAG][WS] WebSocket ask 返回 None（可能原因：快照过期或数据缺失）
[FETCH][WARN] 无法通过 REST API 获取 ask 价格，尝试了 1 个方法: get_order_book
[DIAG][WS] WebSocket ask 返回 None（可能原因：快照过期或数据缺失）
[FETCH][WARN] 无法通过 REST API 获取 ask 价格，尝试了 1 个方法: get_order_book
[DIAG][WS] WebSocket ask 返回 None（可能原因：快照过期或数据缺失）
[FETCH][WARN] 无法通过 REST API 获取 ask 价格，尝试了 1 个方法: get_order_book
[DIAG][WS] WebSocket ask 返回 None（可能原因：快照过期或数据缺失）
[FETCH][WARN] 无法通过 REST API 获取 ask 价格，尝试了 1 个方法: get_order_book
[FETCH][WARN] 无法通过 REST API 获取 ask 价格，尝试了 1 个方法: get_order_book
[MAKER][SELL] 挂单状态 -> price=0.45 sold=0.00 remaining=10.00 status=LIVE
[WATCHDOG][SELL] 持仓检查 -> origin=data-api positions(limit=500, total=12, param=user) via env:POLY_FUNDER avg=0.4400 size=10.0000
[MAKER][SELL] 挂单状态 -> price=0.45 sold=0.00 remaining=10.00 status=LIVE
[MAKER][SELL] 挂单状态 -> price=0.45 sold=0.00 remaining=10.00 status=LIVE
[DIAG][WS] WebSocket ask 返回 None（可能原因：快照过期或数据缺失）
[FETCH][WARN] 无法通过 REST API 获取 ask 价格，尝试了 1 个方法: get_order_book
[DIAG][WS] WebSocket ask 返回 None（可能原因：快照过期或数据缺失）
[FETCH][WARN] 无法通过 REST API 获取 ask 价格，尝试了 1 个方法: get_order_book
[DIAG][WS] WebSocket ask 返回 None（可能原因：快照过期或数据缺失）
[FETCH][WARN] 无法通过 REST API 获取 ask 价格，尝试了 1 个方法: get_order_book
[DIAG][WS] WebSocket ask 返回 None（可能原因：快照过期或数据缺失）
[FETCH][WARN] 无法通过 REST API 获取 ask 价格，尝试了 1 个方法: get_order_book
[FETCH][WARN] 无法通过 REST API 获取 ask 价格，尝试了 1 个方法: get_order_book
[DIAG][WS] WebSocket ask 返回 None（可能原因：快照过期或数据缺失）
[FETCH][WARN] 无法通过 REST API 获取 ask 价格，尝试了 1 个方法: get_order_book
[WATCHDOG][SELL] 持仓检查 -> origin=data-api positions(limit=500, total=12, param=user) via env:POLY_FUNDER avg=0.4400 size=10.0000
[MAKER][SELL] 挂单状态 -> price=0.45 sold=0.00 remaining=10.00 status=LIVE
[MAKER][SELL] 挂单状态 -> price=0.45 sold=0.00 remaining=10.00 status=LIVE
[MAKER][SELL] 挂单状态 -> price=0.45 sold=0.00 remaining=10.00 status=LIVE
[MAKER][SELL] 挂单状态 -> price=0.45 sold=0.00 remaining=10.00 status=LIVE
[FETCH][WARN] 无法通过 REST API 获取 ask 价格，尝试了 1 个方法: get_order_book
[MAKER][SELL] 挂单状态 -> price=0.45 sold=0.00 remaining=10.00 status=LIVE
[MAKER][SELL] 挂单状态 -> price=0.45 sold=0.00 remaining=10.00 status=LIVE
[WATCHDOG][SELL] 持仓检查 -> origin=data-api positions(limit=500, total=12, param=user) via env:POLY_FUNDER avg=0.4400 size=10.0000
[MAKER][SELL] 挂单状态 -> price=0.45 sold=0.00 remaining=10.00 status=LIVE
[MAKER][SELL] 挂单状态 -> price=0.45 sold=0.00 remaining=10.00 status=LIVE
[MAKER][SELL] 挂单状态 -> price=0.45 sold=0.00 remaining=10.00 status=LIVE
[DIAG][WS] WebSocket ask 返回 None（可能原因：快照过期或数据缺失）
[FETCH][WARN] 无法通过 REST API 获取 ask 价格，尝试了 1 个方法: get_order_book
[DIAG][WS] WebSocket ask 返回 None（可能原因：快照过期或数据缺失）
[FETCH][WARN] 无法通过 REST API 获取 ask 价格，尝试了 1 个方法: get_order_book
[DIAG][WS] WebSocket ask 返回 None（可能原因：快照过期或数据缺失）
[FETCH][WARN] 无法通过 REST API 获取 ask 价格，尝试了 1 个方法: get_order_book
[FETCH][WARN] 无法通过 REST API 获取 ask 价格，尝试了 1 个方法: get_order_book
[MAKER][SELL] 挂单状态 -> price=0.45 sold=0.00 remaining=10.00 status=LIVE
[WATCHDOG][SELL] 持仓检查 -> origin=data-api positions(limit=500, total=12, param=user) via env:POLY_FUNDER avg=0.4400 size=10.0000
[MAKER][SELL] 挂单状态 -> price=0.45 sold=0.00 remaining=10.00 status=LIVE
[MAKER][SELL] 挂单状态 -> price=0.45 sold=0.00 remaining=10.00 status=LIVE
[DIAG][WS] WebSocket ask 返回 None（可能原因：快照过期或数据缺失）
[FETCH][WARN] 无法通过 REST API 获取 ask 价格，尝试了 1 个方法: get_order_book
[DIAG][WS] WebSocket ask 返回 None（可能原因：快照过期或数据缺失）
[FETCH][WARN] 无法通过 REST API 获取 ask 价格，尝试了 1 个方法: get_order_book
[DIAG][WS] WebSocket ask 返回 None（可能原因：快照过期或数据缺失）
[FETCH][WARN] 无法通过 REST API 获取 ask 价格，尝试了 1 个方法: get_order_book
[DIAG][WS] WebSocket ask 返回 None（可能原因：快照过期或数据缺失）
[FETCH][WARN] 无法通过 REST API 获取 ask 价格，尝试了 1 个方法: get_order_book
[FETCH][WARN] 无法通过 REST API 获取 ask 价格，尝试了 1 个方法: get_order_book
[MAKER][SELL] 挂单状态 -> price=0.45 sold=0.00 remaining=10.00 status=LIVE
[WATCHDOG][SELL] 持仓检查 -> origin=data-api positions(limit=500, total=12, param=user) via env:POLY_FUNDER avg=0.4400 size=10.0000
[MAKER][SELL] 挂单状态 -> price=0.45 sold=0.00 remaining=10.00 status=LIVE
[MAKER][SELL] 挂单状态 -> price=0.45 sold=0.00 remaining=10.00 status=LIVE
[DIAG][WS] WebSocket ask 返回 None（可能原因：快照过期或数据缺失）
[FETCH][WARN] 无法通过 REST API 获取 ask 价格，尝试了 1 个方法: get_order_book
[DIAG][WS] WebSocket ask 返回 None（可能原因：快照过期或数据缺失）
[FETCH][WARN] 无法通过 REST API 获取 ask 价格，尝试了 1 个方法: get_order_book
[DIAG][WS] WebSocket ask 返回 None（可能原因：快照过期或数据缺失）
[FETCH][WARN] 无法通过 REST API 获取 ask 价格，尝试了 1 个方法: get_order_book
[DIAG][WS] WebSocket ask 返回 None（可能原因：快照过期或数据缺失）
[FETCH][WARN] 无法通过 REST API 获取 ask 价格，尝试了 1 个方法: get_order_book
[FETCH][WARN] 无法通过 REST API 获取 ask 价格，尝试了 1 个方法: get_order_book
[DIAG][WS] WebSocket ask 返回 None（可能原因：快照过期或数据缺失）
[FETCH][WARN] 无法通过 REST API 获取 ask 价格，尝试了 1 个方法: get_order_book
[DIAG][WS] WebSocket ask 返回 None（可能原因：快照过期或数据缺失）
[FETCH][WARN] 无法通过 REST API 获取 ask 价格，尝试了 1 个方法: get_order_book
[DIAG][WS] WebSocket ask 返回 None（可能原因：快照过期或数据缺失）
[FETCH][WARN] 无法通过 REST API 获取 ask 价格，尝试了 1 个方法: get_order_book
[DIAG][WS] WebSocket ask 返回 None（可能原因：快照过期或数据缺失）
[FETCH][WARN] 无法通过 REST API 获取 ask 价格，尝试了 1 个方法: get_order_book
[DIAG][WS] WebSocket ask 返回 None（可能原因：快照过期或数据缺失）
[FETCH][WARN] 无法通过 REST API 获取 ask 价格，尝试了 1 个方法: get_order_book
[DIAG][WS] WebSocket ask 返回 None（可能原因：快照过期或数据缺失）
[FETCH][WARN] 无法通过 REST API 获取 ask 价格，尝试了 1 个方法: get_order_book
[FETCH][WARN] 无法通过 REST API 获取 ask 价格，尝试了 1 个方法: get_order_book
[DIAG][WS] WebSocket ask 返回 None（可能原因：快照过期或数据缺失）
[FETCH][WARN] 无法通过 REST API 获取 ask 价格，尝试了 1 个方法: get_order_book
[DIAG][WS] WebSocket ask 返回 None（可能原因：快照过期或数据缺失）
[FETCH][WARN] 无法通过 REST API 获取 ask 价格，尝试了 1 个方法: get_order_book
[WATCHDOG][SELL] 持仓检查 -> origin=data-api positions(limit=500, total=12, param=user) via env:POLY_FUNDER avg=0.4400 size=10.0000
[MAKER][SELL] 挂单状态 -> price=0.45 sold=0.00 remaining=10.00 status=LIVE
[MAKER][SELL] 挂单状态 -> price=0.45 sold=0.00 remaining=10.00 status=LIVE
[MAKER][SELL] 挂单状态 -> price=0.45 sold=0.00 remaining=10.00 status=LIVE
[DIAG][WS] WebSocket ask 返回 None（可能原因：快照过期或数据缺失）
[FETCH][WARN] 无法通过 REST API 获取 ask 价格，尝试了 1 个方法: get_order_book
[DIAG][WS] WebSocket ask 返回 None（可能原因：快照过期或数据缺失）
[FETCH][WARN] 无法通过 REST API 获取 ask 价格，尝试了 1 个方法: get_order_book
[FETCH][WARN] 无法通过 REST API 获取 ask 价格，尝试了 1 个方法: get_order_book
[DIAG][WS] WebSocket ask 返回 None（可能原因：快照过期或数据缺失）
[FETCH][WARN] 无法通过 REST API 获取 ask 价格，尝试了 1 个方法: get_order_book
[MAKER][SELL] 挂单状态 -> price=0.45 sold=0.00 remaining=10.00 status=LIVE
[WATCHDOG][SELL] 持仓检查 -> origin=data-api positions(limit=500, total=12, param=user) via env:POLY_FUNDER avg=0.4400 size=10.0000
[MAKER][SELL] 挂单状态 -> price=0.45 sold=0.00 remaining=10.00 status=LIVE
[MAKER][SELL] 挂单状态 -> price=0.45 sold=0.00 remaining=10.00 status=LIVE
[DIAG][WS] WebSocket ask 返回 None（可能原因：快照过期或数据缺失）
[FETCH][WARN] 无法通过 REST API 获取 ask 价格，尝试了 1 个方法: get_order_book
[DIAG][WS] WebSocket ask 返回 None（可能原因：快照过期或数据缺失）
[FETCH][WARN] 无法通过 REST API 获取 ask 价格，尝试了 1 个方法: get_order_book
[DIAG][WS] WebSocket ask 返回 None（可能原因：快照过期或数据缺失）
[FETCH][WARN] 无法通过 REST API 获取 ask 价格，尝试了 1 个方法: get_order_book
[FETCH][WARN] 无法通过 REST API 获取 ask 价格，尝试了 1 个方法: get_order_book
[DIAG][WS] WebSocket ask 返回 None（可能原因：快照过期或数据缺失）
[FETCH][WARN] 无法通过 REST API 获取 ask 价格，尝试了 1 个方法: get_order_book
[DIAG][WS] WebSocket ask 返回 None（可能原因：快照过期或数据缺失）
[FETCH][WARN] 无法通过 REST API 获取 ask 价格，尝试了 1 个方法: get_order_book
[DIAG][WS] WebSocket ask 返回 None（可能原因：快照过期或数据缺失）
[FETCH][WARN] 无法通过 REST API 获取 ask 价格，尝试了 1 个方法: get_order_book
[DIAG][WS] WebSocket ask 返回 None（可能原因：快照过期或数据缺失）
[FETCH][WARN] 无法通过 REST API 获取 ask 价格，尝试了 1 个方法: get_order_book
[WATCHDOG][SELL] 持仓检查 -> origin=data-api positions(limit=500, total=12, param=user) via env:POLY_FUNDER avg=0.4400 size=10.0000
[MAKER][SELL] 挂单状态 -> price=0.45 sold=0.00 remaining=10.00 status=LIVE
[FETCH][WARN] 无法通过 REST API 获取 ask 价格，尝试了 1 个方法: get_order_book
[MAKER][SELL] 挂单状态 -> price=0.45 sold=0.00 remaining=10.00 status=LIVE
[MAKER][SELL] 挂单状态 -> price=0.45 sold=0.00 remaining=10.00 status=LIVE
[MAKER][SELL] 挂单状态 -> price=0.45 sold=0.00 remaining=10.00 status=LIVE
[MAKER][SELL] 挂单状态 -> price=0.45 sold=0.00 remaining=10.00 status=LIVE
[MAKER][SELL] 挂单状态 -> price=0.45 sold=0.00 remaining=10.00 status=LIVE
[WATCHDOG][SELL] 持仓检查 -> origin=data-api positions(limit=500, total=12, param=user) via env:POLY_FUNDER avg=0.4400 size=10.0000
[MAKER][SELL] 挂单状态 -> price=0.45 sold=0.00 remaining=10.00 status=LIVE
[FETCH][WARN] 无法通过 REST API 获取 ask 价格，尝试了 1 个方法: get_order_book
[MAKER][SELL] 挂单状态 -> price=0.45 sold=0.00 remaining=10.00 status=LIVE
[MAKER][SELL] 挂单状态 -> price=0.45 sold=0.00 remaining=10.00 status=LIVE
[MAKER][SELL] 挂单状态 -> price=0.45 sold=0.00 remaining=10.00 status=LIVE
[MAKER][SELL] 挂单状态 -> price=0.45 sold=0.00 remaining=10.00 status=LIVE
[MAKER][SELL] 挂单状态 -> price=0.45 sold=0.00 remaining=10.00 status=LIVE
[WATCHDOG][SELL] 持仓检查 -> origin=data-api positions(limit=500, total=12, param=user) via env:POLY_FUNDER avg=0.4400 size=10.0000
[MAKER][SELL] 挂单状态 -> price=0.45 sold=0.00 remaining=10.00 status=LIVE
[FETCH][WARN] 无法通过 REST API 获取 ask 价格，尝试了 1 个方法: get_order_book
[MAKER][SELL] 挂单状态 -> price=0.45 sold=0.00 remaining=10.00 status=LIVE
[MAKER][SELL] 挂单状态 -> price=0.45 sold=0.00 remaining=10.00 status=LIVE
[MAKER][SELL] 挂单状态 -> price=0.45 sold=0.00 remaining=10.00 status=LIVE
[MAKER][SELL] 挂单状态 -> price=0.45 sold=0.00 remaining=10.00 status=LIVE
[MAKER][SELL] 挂单状态 -> price=0.45 sold=0.00 remaining=10.00 status=LIVE
[DIAG][WS] WebSocket ask 返回 None（可能原因：快照过期或数据缺失）
[FETCH][WARN] 无法通过 REST API 获取 ask 价格，尝试了 1 个方法: get_order_book
[DIAG][WS] WebSocket ask 返回 None（可能原因：快照过期或数据缺失）
[FETCH][WARN] 无法通过 REST API 获取 ask 价格，尝试了 1 个方法: get_order_book
[FETCH][WARN] 无法通过 REST API 获取 ask 价格，尝试了 1 个方法: get_order_book
[WATCHDOG][SELL] 持仓检查 -> origin=data-api positions(limit=500, total=12, param=user) via env:POLY_FUNDER avg=0.4400 size=10.0000
[MAKER][SELL] 挂单状态 -> price=0.45 sold=0.00 remaining=10.00 status=LIVE
[MAKER][SELL] 挂单状态 -> price=0.45 sold=0.00 remaining=10.00 status=LIVE
[MAKER][SELL] 挂单状态 -> price=0.45 sold=0.00 remaining=10.00 status=LIVE
[MAKER][SELL] 挂单状态 -> price=0.45 sold=0.00 remaining=10.00 status=LIVE
[MAKER][SELL] 挂单状态 -> price=0.45 sold=0.00 remaining=10.00 status=LIVE
[MAKER][SELL] 挂单状态 -> price=0.45 sold=0.00 remaining=10.00 status=LIVE
[DIAG][WS] WebSocket ask 返回 None（可能原因：快照过期或数据缺失）
[FETCH][WARN] 无法通过 REST API 获取 ask 价格，尝试了 1 个方法: get_order_book
[DIAG][WS] WebSocket ask 返回 None（可能原因：快照过期或数据缺失）
[FETCH][WARN] 无法通过 REST API 获取 ask 价格，尝试了 1 个方法: get_order_book
[FETCH][WARN] 无法通过 REST API 获取 ask 价格，尝试了 1 个方法: get_order_book
[DIAG][WS] WebSocket ask 返回 None（可能原因：快照过期或数据缺失）
[FETCH][WARN] 无法通过 REST API 获取 ask 价格，尝试了 1 个方法: get_order_book
[DIAG][WS] WebSocket ask 返回 None（可能原因：快照过期或数据缺失）
[FETCH][WARN] 无法通过 REST API 获取 ask 价格，尝试了 1 个方法: get_order_book
[DIAG][WS] WebSocket ask 返回 None（可能原因：快照过期或数据缺失）
[FETCH][WARN] 无法通过 REST API 获取 ask 价格，尝试了 1 个方法: get_order_book
[WATCHDOG][SELL] 持仓检查 -> origin=data-api positions(limit=500, total=12, param=user) via env:POLY_FUNDER avg=0.4400 size=10.0000
[MAKER][SELL] 挂单状态 -> price=0.45 sold=0.00 remaining=10.00 status=LIVE
[MAKER][SELL] 挂单状态 -> price=0.45 sold=0.00 remaining=10.00 status=LIVE
[FETCH][WARN] 无法通过 REST API 获取 ask 价格，尝试了 1 个方法: get_order_book
[MAKER][SELL] 挂单状态 -> price=0.45 sold=0.00 remaining=10.00 status=LIVE
[MAKER][SELL] 挂单状态 -> price=0.45 sold=0.00 remaining=10.00 status=LIVE
[MAKER][SELL] 挂单状态 -> price=0.45 sold=0.00 remaining=10.00 status=LIVE
[MAKER][SELL] 挂单状态 -> price=0.45 sold=0.00 remaining=10.00 status=LIVE
[WATCHDOG][SELL] 持仓检查 -> origin=data-api positions(limit=500, total=12, param=user) via env:POLY_FUNDER avg=0.4400 size=10.0000
[MAKER][SELL] 挂单状态 -> price=0.45 sold=0.00 remaining=10.00 status=LIVE
[MAKER][SELL] 挂单状态 -> price=0.45 sold=0.00 remaining=10.00 status=LIVE
[FETCH][WARN] 无法通过 REST API 获取 ask 价格，尝试了 1 个方法: get_order_book
[MAKER][SELL] 挂单状态 -> price=0.45 sold=0.00 remaining=10.00 status=LIVE
[MAKER][SELL] 挂单状态 -> price=0.45 sold=0.00 remaining=10.00 status=LIVE
[MAKER][SELL] 挂单状态 -> price=0.45 sold=0.00 remaining=10.00 status=LIVE
[MAKER][SELL] 挂单状态 -> price=0.45 sold=0.00 remaining=10.00 status=LIVE
[DIAG][WS] WebSocket ask 返回 None（可能原因：快照过期或数据缺失）
[FETCH][WARN] 无法通过 REST API 获取 ask 价格，尝试了 1 个方法: get_order_book
[DIAG][WS] WebSocket ask 返回 None（可能原因：快照过期或数据缺失）
[FETCH][WARN] 无法通过 REST API 获取 ask 价格，尝试了 1 个方法: get_order_book
[DIAG][WS] WebSocket ask 返回 None（可能原因：快照过期或数据缺失）
[FETCH][WARN] 无法通过 REST API 获取 ask 价格，尝试了 1 个方法: get_order_book
[DIAG][WS] WebSocket ask 返回 None（可能原因：快照过期或数据缺失）
[FETCH][WARN] 无法通过 REST API 获取 ask 价格，尝试了 1 个方法: get_order_book
[FETCH][WARN] 无法通过 REST API 获取 ask 价格，尝试了 1 个方法: get_order_book
[DIAG][WS] WebSocket ask 返回 None（可能原因：快照过期或数据缺失）
[FETCH][WARN] 无法通过 REST API 获取 ask 价格，尝试了 1 个方法: get_order_book
[WATCHDOG][SELL] 持仓检查 -> origin=data-api positions(limit=500, total=12, param=user) via env:POLY_FUNDER avg=0.4400 size=10.0000
[MAKER][SELL] 挂单状态 -> price=0.45 sold=0.00 remaining=10.00 status=LIVE
[MAKER][SELL] 挂单状态 -> price=0.45 sold=0.00 remaining=10.00 status=LIVE
[MAKER][SELL] 挂单状态 -> price=0.45 sold=0.00 remaining=10.00 status=LIVE
[DIAG][WS] WebSocket ask 返回 None（可能原因：快照过期或数据缺失）
[FETCH][WARN] 无法通过 REST API 获取 ask 价格，尝试了 1 个方法: get_order_book
[DIAG][WS] WebSocket ask 返回 None（可能原因：快照过期或数据缺失）
[FETCH][WARN] 无法通过 REST API 获取 ask 价格，尝试了 1 个方法: get_order_book
[DIAG][WS] WebSocket ask 返回 None（可能原因：快照过期或数据缺失）
[FETCH][WARN] 无法通过 REST API 获取 ask 价格，尝试了 1 个方法: get_order_book
[FETCH][WARN] 无法通过 REST API 获取 ask 价格，尝试了 1 个方法: get_order_book
[MAKER][SELL] 挂单状态 -> price=0.45 sold=0.00 remaining=10.00 status=LIVE
[WATCHDOG][SELL] 持仓检查 -> origin=data-api positions(limit=500, total=12, param=user) via env:POLY_FUNDER avg=0.4400 size=10.0000
[MAKER][SELL] 挂单状态 -> price=0.45 sold=0.00 remaining=10.00 status=LIVE
[MAKER][SELL] 挂单状态 -> price=0.45 sold=0.00 remaining=10.00 status=LIVE
[MAKER][SELL] 挂单状态 -> price=0.45 sold=0.00 remaining=10.00 status=LIVE
[MAKER][SELL] 挂单状态 -> price=0.45 sold=0.00 remaining=10.00 status=LIVE
[FETCH][WARN] 无法通过 REST API 获取 ask 价格，尝试了 1 个方法: get_order_book
[MAKER][SELL] 挂单状态 -> price=0.45 sold=0.00 remaining=10.00 status=LIVE
[MAKER][SELL] 挂单状态 -> price=0.45 sold=0.00 remaining=10.00 status=LIVE
[WATCHDOG][SELL] 持仓检查 -> origin=data-api positions(limit=500, total=12, param=user) via env:POLY_FUNDER avg=0.4400 size=10.0000
[MAKER][SELL] 挂单状态 -> price=0.45 sold=0.00 remaining=10.00 status=LIVE
[MAKER][SELL] 挂单状态 -> price=0.45 sold=0.00 remaining=10.00 status=LIVE
[DIAG][WS] WebSocket ask 返回 None（可能原因：快照过期或数据缺失）
[FETCH][WARN] 无法通过 REST API 获取 ask 价格，尝试了 1 个方法: get_order_book
[DIAG][WS] WebSocket ask 返回 None（可能原因：快照过期或数据缺失）
[FETCH][WARN] 无法通过 REST API 获取 ask 价格，尝试了 1 个方法: get_order_book
[DIAG][WS] WebSocket ask 返回 None（可能原因：快照过期或数据缺失）
[FETCH][WARN] 无法通过 REST API 获取 ask 价格，尝试了 1 个方法: get_order_book
[DIAG][WS] WebSocket ask 返回 None（可能原因：快照过期或数据缺失）
[FETCH][WARN] 无法通过 REST API 获取 ask 价格，尝试了 1 个方法: get_order_book
[FETCH][WARN] 无法通过 REST API 获取 ask 价格，尝试了 1 个方法: get_order_book
[DIAG][WS] WebSocket ask 返回 None（可能原因：快照过期或数据缺失）
[FETCH][WARN] 无法通过 REST API 获取 ask 价格，尝试了 1 个方法: get_order_book
[DIAG][WS] WebSocket ask 返回 None（可能原因：快照过期或数据缺失）
[FETCH][WARN] 无法通过 REST API 获取 ask 价格，尝试了 1 个方法: get_order_book
[DIAG][WS] WebSocket ask 返回 None（可能原因：快照过期或数据缺失）
[FETCH][WARN] 无法通过 REST API 获取 ask 价格，尝试了 1 个方法: get_order_book
[DIAG][WS] WebSocket ask 返回 None（可能原因：快照过期或数据缺失）
[FETCH][WARN] 无法通过 REST API 获取 ask 价格，尝试了 1 个方法: get_order_book
[DIAG][WS] WebSocket ask 返回 None（可能原因：快照过期或数据缺失）
[FETCH][WARN] 无法通过 REST API 获取 ask 价格，尝试了 1 个方法: get_order_book
[DIAG][WS] WebSocket ask 返回 None（可能原因：快照过期或数据缺失）
[FETCH][WARN] 无法通过 REST API 获取 ask 价格，尝试了 1 个方法: get_order_book
[FETCH][WARN] 无法通过 REST API 获取 ask 价格，尝试了 1 个方法: get_order_book
[DIAG][WS] WebSocket ask 返回 None（可能原因：快照过期或数据缺失）
[FETCH][WARN] 无法通过 REST API 获取 ask 价格，尝试了 1 个方法: get_order_book
[WATCHDOG][SELL] 持仓检查 -> origin=data-api positions(limit=500, total=12, param=user) via env:POLY_FUNDER avg=0.4400 size=10.0000
[MAKER][SELL] 挂单状态 -> price=0.45 sold=0.00 remaining=10.00 status=LIVE
[MAKER][SELL] 挂单状态 -> price=0.45 sold=0.00 remaining=10.00 status=LIVE
[MAKER][SELL] 挂单状态 -> price=0.45 sold=0.00 remaining=10.00 status=LIVE
[DIAG][WS] WebSocket ask 返回 None（可能原因：快照过期或数据缺失）
[FETCH][WARN] 无法通过 REST API 获取 ask 价格，尝试了 1 个方法: get_order_book
[DIAG][WS] WebSocket ask 返回 None（可能原因：快照过期或数据缺失）
[FETCH][WARN] 无法通过 REST API 获取 ask 价格，尝试了 1 个方法: get_order_book
[DIAG][WS] WebSocket ask 返回 None（可能原因：快照过期或数据缺失）
[FETCH][WARN] 无法通过 REST API 获取 ask 价格，尝试了 1 个方法: get_order_book
[FETCH][WARN] 无法通过 REST API 获取 ask 价格，尝试了 1 个方法: get_order_book
[MAKER][SELL] 挂单状态 -> price=0.45 sold=0.00 remaining=10.00 status=LIVE
[WATCHDOG][SELL] 持仓检查 -> origin=data-api positions(limit=500, total=12, param=user) via env:POLY_FUNDER avg=0.4400 size=10.0000
[MAKER][SELL] 挂单状态 -> price=0.45 sold=0.00 remaining=10.00 status=LIVE
[MAKER][SELL] 挂单状态 -> price=0.45 sold=0.00 remaining=10.00 status=LIVE
[DIAG][WS] WebSocket ask 返回 None（可能原因：快照过期或数据缺失）
[FETCH][WARN] 无法通过 REST API 获取 ask 价格，尝试了 1 个方法: get_order_book
[DIAG][WS] WebSocket ask 返回 None（可能原因：快照过期或数据缺失）
[FETCH][WARN] 无法通过 REST API 获取 ask 价格，尝试了 1 个方法: get_order_book
[DIAG][WS] WebSocket ask 返回 None（可能原因：快照过期或数据缺失）
[FETCH][WARN] 无法通过 REST API 获取 ask 价格，尝试了 1 个方法: get_order_book
[DIAG][WS] WebSocket ask 返回 None（可能原因：快照过期或数据缺失）
[FETCH][WARN] 无法通过 REST API 获取 ask 价格，尝试了 1 个方法: get_order_book
[FETCH][WARN] 无法通过 REST API 获取 ask 价格，尝试了 1 个方法: get_order_book
[DIAG][WS] WebSocket ask 返回 None（可能原因：快照过期或数据缺失）
[FETCH][WARN] 无法通过 REST API 获取 ask 价格，尝试了 1 个方法: get_order_book
[WATCHDOG][SELL] 持仓检查 -> origin=data-api positions(limit=500, total=12, param=user) via env:POLY_FUNDER avg=0.4400 size=10.0000
[MAKER][SELL] 挂单状态 -> price=0.45 sold=0.00 remaining=10.00 status=LIVE
[MAKER][SELL] 挂单状态 -> price=0.45 sold=0.00 remaining=10.00 status=LIVE
[MAKER][SELL] 挂单状态 -> price=0.45 sold=0.00 remaining=10.00 status=LIVE
[DIAG][WS] WebSocket ask 返回 None（可能原因：快照过期或数据缺失）
[FETCH][WARN] 无法通过 REST API 获取 ask 价格，尝试了 1 个方法: get_order_book
[DIAG][WS] WebSocket ask 返回 None（可能原因：快照过期或数据缺失）
[FETCH][WARN] 无法通过 REST API 获取 ask 价格，尝试了 1 个方法: get_order_book
[FETCH][WARN] 无法通过 REST API 获取 ask 价格，尝试了 1 个方法: get_order_book
[MAKER][SELL] 挂单状态 -> price=0.45 sold=0.00 remaining=10.00 status=LIVE
[MAKER][SELL] 挂单状态 -> price=0.45 sold=0.00 remaining=10.00 status=LIVE
[WATCHDOG][SELL] 持仓检查 -> origin=data-api positions(limit=500, total=12, param=user) via env:POLY_FUNDER avg=0.4400 size=10.0000
[MAKER][SELL] 挂单状态 -> price=0.45 sold=0.00 remaining=10.00 status=LIVE
[DIAG][WS] WebSocket ask 返回 None（可能原因：快照过期或数据缺失）
[FETCH][WARN] 无法通过 REST API 获取 ask 价格，尝试了 1 个方法: get_order_book
[DIAG][WS] WebSocket ask 返回 None（可能原因：快照过期或数据缺失）
[FETCH][WARN] 无法通过 REST API 获取 ask 价格，尝试了 1 个方法: get_order_book
[MAKER][SELL] 挂单状态 -> price=0.45 sold=0.00 remaining=10.00 status=LIVE
[MAKER][SELL] 挂单状态 -> price=0.45 sold=0.00 remaining=10.00 status=LIVE
[FETCH][WARN] 无法通过 REST API 获取 ask 价格，尝试了 1 个方法: get_order_book
[MAKER][SELL] 挂单状态 -> price=0.45 sold=0.00 remaining=10.00 status=LIVE
[DIAG][WS] WebSocket ask 返回 None（可能原因：快照过期或数据缺失）
[FETCH][WARN] 无法通过 REST API 获取 ask 价格，尝试了 1 个方法: get_order_book
[DIAG][WS] WebSocket ask 返回 None（可能原因：快照过期或数据缺失）
[FETCH][WARN] 无法通过 REST API 获取 ask 价格，尝试了 1 个方法: get_order_book
[DIAG][WS] WebSocket ask 返回 None（可能原因：快照过期或数据缺失）
[FETCH][WARN] 无法通过 REST API 获取 ask 价格，尝试了 1 个方法: get_order_book
[WATCHDOG][SELL] 持仓检查 -> origin=data-api positions(limit=500, total=12, param=user) via env:POLY_FUNDER avg=0.4400 size=10.0000
[MAKER][SELL] 挂单状态 -> price=0.45 sold=0.00 remaining=10.00 status=LIVE
[MAKER][SELL] 挂单状态 -> price=0.45 sold=0.00 remaining=10.00 status=LIVE
[MAKER][SELL] 挂单状态 -> price=0.45 sold=0.00 remaining=10.00 status=LIVE
[DIAG][WS] WebSocket ask 返回 None（可能原因：快照过期或数据缺失）
[FETCH][WARN] 无法通过 REST API 获取 ask 价格，尝试了 1 个方法: get_order_book
[DIAG][WS] WebSocket ask 返回 None（可能原因：快照过期或数据缺失）
[FETCH][WARN] 无法通过 REST API 获取 ask 价格，尝试了 1 个方法: get_order_book
[FETCH][WARN] 无法通过 REST API 获取 ask 价格，尝试了 1 个方法: get_order_book
[DIAG][WS] WebSocket ask 返回 None（可能原因：快照过期或数据缺失）
[FETCH][WARN] 无法通过 REST API 获取 ask 价格，尝试了 1 个方法: get_order_book
[DIAG][WS] WebSocket ask 返回 None（可能原因：快照过期或数据缺失）
[FETCH][WARN] 无法通过 REST API 获取 ask 价格，尝试了 1 个方法: get_order_book
[DIAG][WS] WebSocket ask 返回 None（可能原因：快照过期或数据缺失）
[FETCH][WARN] 无法通过 REST API 获取 ask 价格，尝试了 1 个方法: get_order_book
[WATCHDOG][SELL] 持仓检查 -> origin=data-api positions(limit=500, total=12, param=user) via env:POLY_FUNDER avg=0.4400 size=10.0000
[MAKER][SELL] 挂单状态 -> price=0.45 sold=0.00 remaining=10.00 status=LIVE
[MAKER][SELL] 挂单状态 -> price=0.45 sold=0.00 remaining=10.00 status=LIVE
[FETCH][WARN] 无法通过 REST API 获取 ask 价格，尝试了 1 个方法: get_order_book
[MAKER][SELL] 挂单状态 -> price=0.45 sold=0.00 remaining=10.00 status=LIVE
[DIAG][WS] WebSocket ask 返回 None（可能原因：快照过期或数据缺失）
[FETCH][WARN] 无法通过 REST API 获取 ask 价格，尝试了 1 个方法: get_order_book
[DIAG][WS] WebSocket ask 返回 None（可能原因：快照过期或数据缺失）
[FETCH][WARN] 无法通过 REST API 获取 ask 价格，尝试了 1 个方法: get_order_book
[MAKER][SELL] 挂单状态 -> price=0.45 sold=0.00 remaining=10.00 status=LIVE
[MAKER][SELL] 挂单状态 -> price=0.45 sold=0.00 remaining=10.00 status=LIVE
[WATCHDOG][SELL] 持仓检查 -> origin=data-api positions(limit=500, total=12, param=user) via env:POLY_FUNDER avg=0.4400 size=10.0000
[MAKER][SELL] 挂单状态 -> price=0.45 sold=0.00 remaining=10.00 status=LIVE
[DIAG][WS] WebSocket ask 返回 None（可能原因：快照过期或数据缺失）
[FETCH][WARN] 无法通过 REST API 获取 ask 价格，尝试了 1 个方法: get_order_book
[DIAG][WS] WebSocket ask 返回 None（可能原因：快照过期或数据缺失）
[FETCH][WARN] 无法通过 REST API 获取 ask 价格，尝试了 1 个方法: get_order_book
[DIAG][WS] WebSocket ask 返回 None（可能原因：快照过期或数据缺失）
[FETCH][WARN] 无法通过 REST API 获取 ask 价格，尝试了 1 个方法: get_order_book
[FETCH][WARN] 无法通过 REST API 获取 ask 价格，尝试了 1 个方法: get_order_book
[DIAG][WS] WebSocket ask 返回 None（可能原因：快照过期或数据缺失）
[FETCH][WARN] 无法通过 REST API 获取 ask 价格，尝试了 1 个方法: get_order_book
[DIAG][WS] WebSocket ask 返回 None（可能原因：快照过期或数据缺失）
[FETCH][WARN] 无法通过 REST API 获取 ask 价格，尝试了 1 个方法: get_order_book
[DIAG][WS] WebSocket ask 返回 None（可能原因：快照过期或数据缺失）
[FETCH][WARN] 无法通过 REST API 获取 ask 价格，尝试了 1 个方法: get_order_book
[DIAG][WS] WebSocket ask 返回 None（可能原因：快照过期或数据缺失）
[FETCH][WARN] 无法通过 REST API 获取 ask 价格，尝试了 1 个方法: get_order_book
[WATCHDOG][SELL] 持仓检查 -> origin=data-api positions(limit=500, total=12, param=user) via env:POLY_FUNDER avg=0.4400 size=10.0000
[MAKER][SELL] 挂单状态 -> price=0.45 sold=0.00 remaining=10.00 status=LIVE
[FETCH][WARN] 无法通过 REST API 获取 ask 价格，尝试了 1 个方法: get_order_book
[MAKER][SELL] 挂单状态 -> price=0.45 sold=0.00 remaining=10.00 status=LIVE
[MAKER][SELL] 挂单状态 -> price=0.45 sold=0.00 remaining=10.00 status=LIVE
[DIAG][WS] WebSocket ask 返回 None（可能原因：快照过期或数据缺失）
[FETCH][WARN] 无法通过 REST API 获取 ask 价格，尝试了 1 个方法: get_order_book
[DIAG][WS] WebSocket ask 返回 None（可能原因：快照过期或数据缺失）
[FETCH][WARN] 无法通过 REST API 获取 ask 价格，尝试了 1 个方法: get_order_book
[DIAG][WS] WebSocket ask 返回 None（可能原因：快照过期或数据缺失）
[FETCH][WARN] 无法通过 REST API 获取 ask 价格，尝试了 1 个方法: get_order_book
[DIAG][WS] WebSocket ask 返回 None（可能原因：快照过期或数据缺失）
[FETCH][WARN] 无法通过 REST API 获取 ask 价格，尝试了 1 个方法: get_order_book
[DIAG][WS] WebSocket ask 返回 None（可能原因：快照过期或数据缺失）
[FETCH][WARN] 无法通过 REST API 获取 ask 价格，尝试了 1 个方法: get_order_book
[DIAG][WS] WebSocket ask 返回 None（可能原因：快照过期或数据缺失）
[FETCH][WARN] 无法通过 REST API 获取 ask 价格，尝试了 1 个方法: get_order_book
[FETCH][WARN] 无法通过 REST API 获取 ask 价格，尝试了 1 个方法: get_order_book
[DIAG][WS] WebSocket ask 返回 None（可能原因：快照过期或数据缺失）
[FETCH][WARN] 无法通过 REST API 获取 ask 价格，尝试了 1 个方法: get_order_book
[WATCHDOG][SELL] 持仓检查 -> origin=data-api positions(limit=500, total=12, param=user) via env:POLY_FUNDER avg=0.4400 size=10.0000
[MAKER][SELL] 挂单状态 -> price=0.45 sold=0.00 remaining=10.00 status=LIVE
[MAKER][SELL] 挂单状态 -> price=0.45 sold=0.00 remaining=10.00 status=LIVE
[MAKER][SELL] 挂单状态 -> price=0.45 sold=0.00 remaining=10.00 status=LIVE
[MAKER][SELL] 挂单状态 -> price=0.45 sold=0.00 remaining=10.00 status=LIVE
[FETCH][WARN] 无法通过 REST API 获取 ask 价格，尝试了 1 个方法: get_order_book
[MAKER][SELL] 挂单状态 -> price=0.45 sold=0.00 remaining=10.00 status=LIVE
[MAKER][SELL] 挂单状态 -> price=0.45 sold=0.00 remaining=10.00 status=LIVE
[DIAG][WS] WebSocket ask 返回 None（可能原因：快照过期或数据缺失）
[FETCH][WARN] 无法通过 REST API 获取 ask 价格，尝试了 1 个方法: get_order_book
[DIAG][WS] WebSocket ask 返回 None（可能原因：快照过期或数据缺失）
[FETCH][WARN] 无法通过 REST API 获取 ask 价格，尝试了 1 个方法: get_order_book
[WATCHDOG][SELL] 持仓检查 -> origin=data-api positions(limit=500, total=12, param=user) via env:POLY_FUNDER avg=0.4400 size=10.0000
[MAKER][SELL] 挂单状态 -> price=0.45 sold=0.00 remaining=10.00 status=LIVE
[MAKER][SELL] 挂单状态 -> price=0.45 sold=0.00 remaining=10.00 status=LIVE
[MAKER][SELL] 挂单状态 -> price=0.45 sold=0.00 remaining=10.00 status=LIVE
[FETCH][WARN] 无法通过 REST API 获取 ask 价格，尝试了 1 个方法: get_order_book
[MAKER][SELL] 挂单状态 -> price=0.45 sold=0.00 remaining=10.00 status=LIVE
[MAKER][SELL] 挂单状态 -> price=0.45 sold=0.00 remaining=10.00 status=LIVE
[MAKER][SELL] 挂单状态 -> price=0.45 sold=0.00 remaining=10.00 status=LIVE
[DIAG][WS] WebSocket ask 返回 None（可能原因：快照过期或数据缺失）
[FETCH][WARN] 无法通过 REST API 获取 ask 价格，尝试了 1 个方法: get_order_book
[DIAG][WS] WebSocket ask 返回 None（可能原因：快照过期或数据缺失）
[FETCH][WARN] 无法通过 REST API 获取 ask 价格，尝试了 1 个方法: get_order_book
[DIAG][WS] WebSocket ask 返回 None（可能原因：快照过期或数据缺失）
[FETCH][WARN] 无法通过 REST API 获取 ask 价格，尝试了 1 个方法: get_order_book
[WATCHDOG][SELL] 持仓检查 -> origin=data-api positions(limit=500, total=12, param=user) via env:POLY_FUNDER avg=0.4400 size=10.0000
[MAKER][SELL] 挂单状态 -> price=0.45 sold=0.00 remaining=10.00 status=LIVE
[FETCH][WARN] 无法通过 REST API 获取 ask 价格，尝试了 1 个方法: get_order_book
[MAKER][SELL] 挂单状态 -> price=0.45 sold=0.00 remaining=10.00 status=LIVE
[MAKER][SELL] 挂单状态 -> price=0.45 sold=0.00 remaining=10.00 status=LIVE
[MAKER][SELL] 挂单状态 -> price=0.45 sold=0.00 remaining=10.00 status=LIVE
[MAKER][SELL] 挂单状态 -> price=0.45 sold=0.00 remaining=10.00 status=LIVE
[MAKER][SELL] 挂单状态 -> price=0.45 sold=0.00 remaining=10.00 status=LIVE
[DIAG][WS] WebSocket ask 返回 None（可能原因：快照过期或数据缺失）
[FETCH][WARN] 无法通过 REST API 获取 ask 价格，尝试了 1 个方法: get_order_book
[DIAG][WS] WebSocket ask 返回 None（可能原因：快照过期或数据缺失）
[FETCH][WARN] 无法通过 REST API 获取 ask 价格，尝试了 1 个方法: get_order_book
[DIAG][WS] WebSocket ask 返回 None（可能原因：快照过期或数据缺失）
[FETCH][WARN] 无法通过 REST API 获取 ask 价格，尝试了 1 个方法: get_order_book
[FETCH][WARN] 无法通过 REST API 获取 ask 价格，尝试了 1 个方法: get_order_book
[DIAG][WS] WebSocket ask 返回 None（可能原因：快照过期或数据缺失）
[FETCH][WARN] 无法通过 REST API 获取 ask 价格，尝试了 1 个方法: get_order_book
[DIAG][WS] WebSocket ask 返回 None（可能原因：快照过期或数据缺失）
[FETCH][WARN] 无法通过 REST API 获取 ask 价格，尝试了 1 个方法: get_order_book
[DIAG][WS] WebSocket ask 返回 None（可能原因：快照过期或数据缺失）
[FETCH][WARN] 无法通过 REST API 获取 ask 价格，尝试了 1 个方法: get_order_book
[DIAG][WS] WebSocket ask 返回 None（可能原因：快照过期或数据缺失）
[FETCH][WARN] 无法通过 REST API 获取 ask 价格，尝试了 1 个方法: get_order_book
[WATCHDOG][SELL] 持仓检查 -> origin=data-api positions(limit=500, total=12, param=user) via env:POLY_FUNDER avg=0.4400 size=10.0000
[MAKER][SELL] 挂单状态 -> price=0.45 sold=0.00 remaining=10.00 status=LIVE
[FETCH][WARN] 无法通过 REST API 获取 ask 价格，尝试了 1 个方法: get_order_book
[MAKER][SELL] 挂单状态 -> price=0.45 sold=0.00 remaining=10.00 status=LIVE
[MAKER][SELL] 挂单状态 -> price=0.45 sold=0.00 remaining=10.00 status=LIVE
[DIAG][WS] WebSocket ask 返回 None（可能原因：快照过期或数据缺失）
[FETCH][WARN] 无法通过 REST API 获取 ask 价格，尝试了 1 个方法: get_order_book
[DIAG][WS] WebSocket ask 返回 None（可能原因：快照过期或数据缺失）
[FETCH][WARN] 无法通过 REST API 获取 ask 价格，尝试了 1 个方法: get_order_book
[MAKER][SELL] 挂单状态 -> price=0.45 sold=0.00 remaining=10.00 status=LIVE
[MAKER][SELL] 挂单状态 -> price=0.45 sold=0.00 remaining=10.00 status=LIVE
[WATCHDOG][SELL] 持仓检查 -> origin=data-api positions(limit=500, total=12, param=user) via env:POLY_FUNDER avg=0.4400 size=10.0000
[MAKER][SELL] 挂单状态 -> price=0.45 sold=0.00 remaining=10.00 status=LIVE
[FETCH][WARN] 无法通过 REST API 获取 ask 价格，尝试了 1 个方法: get_order_book
[MAKER][SELL] 挂单状态 -> price=0.45 sold=0.00 remaining=10.00 status=LIVE
[MAKER][SELL] 挂单状态 -> price=0.45 sold=0.00 remaining=10.00 status=LIVE
[MAKER][SELL] 挂单状态 -> price=0.45 sold=0.00 remaining=10.00 status=LIVE
[DIAG][WS] WebSocket ask 返回 None（可能原因：快照过期或数据缺失）
[FETCH][WARN] 无法通过 REST API 获取 ask 价格，尝试了 1 个方法: get_order_book
[DIAG][WS] WebSocket ask 返回 None（可能原因：快照过期或数据缺失）
[FETCH][WARN] 无法通过 REST API 获取 ask 价格，尝试了 1 个方法: get_order_book
[DIAG][WS] WebSocket ask 返回 None（可能原因：快照过期或数据缺失）
[FETCH][WARN] 无法通过 REST API 获取 ask 价格，尝试了 1 个方法: get_order_book
[DIAG][WS] WebSocket ask 返回 None（可能原因：快照过期或数据缺失）
[FETCH][WARN] 无法通过 REST API 获取 ask 价格，尝试了 1 个方法: get_order_book
[DIAG][WS] WebSocket ask 返回 None（可能原因：快照过期或数据缺失）
[FETCH][WARN] 无法通过 REST API 获取 ask 价格，尝试了 1 个方法: get_order_book
[FETCH][WARN] 无法通过 REST API 获取 ask 价格，尝试了 1 个方法: get_order_book
[DIAG][WS] WebSocket ask 返回 None（可能原因：快照过期或数据缺失）
[FETCH][WARN] 无法通过 REST API 获取 ask 价格，尝试了 1 个方法: get_order_book
[WATCHDOG][SELL] 持仓检查 -> origin=未在 data-api positions(limit=500, total=11, param=user) via env:POLY_FUNDER 中找到 token 98686000961840472718925829517679879428244289411307611978452808788429260739944 当前无持仓
[MAKER][SELL] 挂单状态 -> price=0.45 sold=10.00 remaining=0.00 status=MATCHED
[TRADE][SELL][MAKER] resp={'status': 'FILLED_TRUNCATED', 'avg_price': 0.45, 'filled': 10.0, 'remaining': 0.0, 'orders': [{'id': '0x5ec57339064897492a9e4d9debd19ff722b504ff9e485569fbaaa71852bf2d80', 'side': 'sell', 'price': 0.46, 'size': 10.0, 'status': 'CANCELLED', 'filled': 0.0, 'avg_price': 0.46}, {'id': '0x22e9265d87a462eb47554df9ff7008a726f7d5f132eba5f83311a0654c1fd478', 'side': 'sell', 'price': 0.45, 'size': 10.0, 'status': 'CANCELLED', 'filled': 10.0, 'avg_price': 0.45}]}
[STATE] 卖出成交 -> price=0.4500 size=10.0000 status=FILLED_TRUNCATED
[MAIN_LOOP] ✓ 主循环运行中 (iterations=10, use_shared_ws=True)
[WS][SHARED][DEBUG] 读取统计: read=11, skip=10, 当前seq=58554 (last=53006), updated_at=1769248054.70 (last=1769240407.14)
[WS][SHARED] ✓ 检测到seq增长: 53006 → 58554 (+5548)
[WS][SHARED] seq=58554, updates=5 (0.0/min), bid=0.44, ask=0.48, price=0.44
[SIGNAL_TIMEOUT] 127.5 分钟内无交易信号，释放队列退出
[SIGNAL_TIMEOUT] 最后信号时间: 02:40:07
[QUEUE] 释放队列：长时间无交易信号，已退出。
[EXIT_RECORD] 已记录退出token: 98686000961840472718... 原因: SIGNAL_TIMEOUT
[EXIT] 最终状态: {'state': 'FLAT', 'awaiting': None, 'entry_price': None, 'sell_trigger': None, 'position_size': None, 'last_signal': <ActionType.BUY: 'BUY'>, 'last_buy_price': 0.44, 'last_sell_price': 0.45, 'price_history_len': 1, 'manual_stop': True, 'manual_stop_reason': 'signal timeout (no position)', 'sell_only': False, 'sell_only_reason': None, 'last_reject_reason': None, 'last_tick': {'ts': 1769248054.536, 'best_ask': 0.48, 'best_bid': 0.44}, 'drop_stats': {'window_high': 0.45999999999999996, 'window_low': 0.45999999999999996, 'max_drop_ratio': 0.0, 'current_drop_ratio': 0.0, 'window_seconds': 3600.0}, 'config': {'token_id': '98686000961840472718925829517679879428244289411307611978452808788429260739944', 'buy_price_threshold': None, 'profit_ratio': 0.005, 'drop_window_minutes': 60.0, 'drop_pct': 0.0012000000000000001, 'profit_pct': 0.005, 'max_history_points': 600, 'price_band': (0.0, 1.0), 'disable_duplicate_signal': True, 'enable_incremental_drop_pct': True, 'incremental_drop_pct_step': 0.0002, 'incremental_drop_pct_cap': 0.2, 'min_market_order_size': None}}
[CLAIM] 未检测到需要 claim 的仓位，脚本结束。
