[CONFIG] 使用配置文件: /home/trader/polymarket_api/POLYMARKET_MAKER_copytrade_v2/POLYMARKET_MAKER_AUTO/data/run_params_79198300868830485284678716507005480871569275475252085914785144227204298869058.json
[INIT] API 凭证已验证。
[INIT] ClobClient 就绪。
[INFO] 未提供 market_url，尝试通过 token_id 获取市场元数据。
[INFO] 市场/子问题标题: Will anyone be charged over Daycare fraud in Minnesota by January 31?
[INFO] 使用 token_id: 79198300868830485284678716507005480871569275475252085914785144227204298869058
[INFO] 市场标注时区: America/New_York
[INFO] 市场计划截止时间 (UTC): 2026-01-31T00:00:00+00:00
[WARN] 自动获取的截止日期缺少具体时刻，已按默认配置设置截止时间为 2026-01-31T23:59:00-05:00 (America/New_York)。
[INFO] 监控目标结束时间 (UTC): 2026-02-01T04:59:00+00:00
[INFO] 未能识别市场价格精度，默认按盈利百分比下限 0.300% 执行。
[INIT] 目标 token_id: 79198300868830485284678716507005480871569275475252085914785144227204298869058
[INIT] 已读取手动份数 10.0，模式：总持仓目标。
[INIT] 卖出挂单模式：aggressive
[INIT] 卖出后递增买入阈值已启用，步长 0.0200%。
[INIT] 价格停滞监控窗口 120.0 分钟，阈值 0.2000%。
[INIT] 启动后无行情自动退出阈值 10.0 分钟。
[INIT] 交易信号超时退出阈值 60.0 分钟（长时间无买入/卖出信号将退出）。
[INIT] 卖出挂单空窗释放阈值 6.0 小时。
[INFO] 倒计时卖出模式将在市场结束前 300 分钟开启。
[WS][SHARED] ✓ 将使用共享 WS 缓存模式
[WS][SHARED] 缓存路径: /home/trader/polymarket_api/POLYMARKET_MAKER_copytrade_v2/POLYMARKET_MAKER_AUTO/data/ws_cache.json
[WS][SHARED] ✓ 缓存文件新鲜（2秒前更新）
[RUN] 监听行情中… 输入 stop / exit 可手动停止。
[WS][SHARED][TRACE] 函数调用次数: 1
[WS][SHARED][DEBUG] 读取统计: read=1, skip=0, 当前seq=136 (last=0), updated_at=1769189453.14 (last=0.00)
[WS][SHARED] ✓ 检测到seq增长: 0 → 136 (+136)
[WS][SHARED] 开始从共享缓存读取数据 (token=79198300868830485284678716507005480871569275475252085914785144227204298869058)
[WS][SHARED] seq=136, updates=1 (2.0/min), bid=0.954, ask=0.957, price=0.9555
[WS][SHARED][TRACE] ✓ 函数执行完成，准备返回 (latest已设置: True)
[WAIT][TRACE] _apply_shared_ws_snapshot()返回，latest已设置: True, stop_event: False
[WAIT][TRACE] Loop iteration 1, latest: True, stop: False
[WAIT][END] ✓ Waiting loop结束，latest已设置: True
[WAIT][END] ✓ stop_event未设置，继续初始化...
[INIT][TRACE] 1. 准备启动input_listener线程...
[INIT][TRACE] 2. input_listener线程已启动
[INIT][TRACE] 3. 准备初始化变量和策略状态...
[INIT][TRACE] 4. 策略状态已获取
[INIT][TRACE] 5. 检查sell_only和countdown (sell_only_start_ts=1769903940.0, market_deadline_ts=1769921940.0)
[INIT][TRACE] 7. 启动countdown_monitor线程...
[INIT][TRACE] 8. 所有初始化完成，准备进入主循环...
[MAIN_LOOP] 🚀 进入主循环 (use_shared_ws=True)
[WS][SHARED][SKIP] 跳过策略调用 (总跳过次数=2): seq和updated_at都未变化且距上次tick仅0.2秒
[WS][SHARED][SKIP] 当前状态: seq=136, last_seq=136, bid=0.954, ask=0.957
[HEARTBEAT] 主循环运行中... (use_shared_ws=True) (首次心跳)
[PX] bid=0.9540 ask=0.9570 mid=0.9555 last=0.9555 | state=FLAT awaiting=None entry=None
    时间窗口: 60.0m | 采样点数: 1
    窗口跌幅: 当前 0.00% / 最大 0.00% / 阈值 0.10%
    窗口价格(mid): 高 0.9555 / 低 0.9555
    信号超时: 0.0分钟无信号 / 阈值 60分钟
[WS][SHARED] ✓ 检测到seq增长: 136 → 164 (+28)
[WS][SHARED] ✓ 检测到seq增长: 169 → 172 (+3)
[WS][SHARED] ✓ 检测到seq增长: 173 → 176 (+3)
[WS][SHARED] ✓ 检测到seq增长: 176 → 185 (+9)
[WS][SHARED] ✓ 检测到seq增长: 185 → 191 (+6)
[WS][SHARED] ✓ 检测到seq增长: 191 → 194 (+3)
[WS][SHARED] ✓ 检测到seq增长: 194 → 196 (+2)
[PX] bid=0.9540 ask=0.9570 mid=0.9555 last=0.9555 | state=FLAT awaiting=None entry=None
    时间窗口: 60.0m | 采样点数: 15
    窗口跌幅: 当前 0.00% / 最大 0.00% / 阈值 0.10%
    窗口价格(mid): 高 0.9555 / 低 0.9555
    信号超时: 0.5分钟无信号 / 阈值 60分钟
[WS][SHARED] seq=196, updates=15 (26.9/min), bid=0.954, ask=0.957, price=0.9555
[WS][SHARED] ✓ 检测到seq增长: 196 → 238 (+42)
[WS][SHARED] ✓ 检测到seq增长: 238 → 323 (+85)
[WS][SHARED] ✓ 检测到seq增长: 324 → 342 (+18)
[WS][SHARED] ✓ 检测到seq增长: 342 → 344 (+2)
[WS][SHARED] ✓ 检测到seq增长: 344 → 354 (+10)
[WS][SHARED] ✓ 检测到seq增长: 354 → 356 (+2)
[WS][SHARED] ✓ 检测到seq增长: 356 → 361 (+5)
[WS][SHARED] ✓ 检测到seq增长: 362 → 370 (+8)
[WS][SHARED] ✓ 检测到seq增长: 370 → 374 (+4)
[WS][SHARED] ✓ 检测到seq增长: 374 → 376 (+2)
[WS][SHARED] ✓ 检测到seq增长: 376 → 384 (+8)
[WS][SHARED] ✓ 检测到seq增长: 384 → 386 (+2)
[WS][SHARED] ✓ 检测到seq增长: 386 → 390 (+4)
[WS][SHARED] ✓ 检测到seq增长: 390 → 394 (+4)
[WS][SHARED][TRACE] 函数调用次数: 101
[MAIN_LOOP] ✓ 主循环运行中 (iterations=101, use_shared_ws=True)
[WS][SHARED][DEBUG] 读取统计: read=102, skip=136, 当前seq=394 (last=394), updated_at=1769189510.78 (last=1769189510.78)
[PX] bid=0.9540 ask=0.9570 mid=0.9555 last=0.9555 | state=FLAT awaiting=None entry=None
    时间窗口: 60.0m | 采样点数: 33
    窗口跌幅: 当前 0.00% / 最大 0.00% / 阈值 0.10%
    窗口价格(mid): 高 0.9555 / 低 0.9555
    信号超时: 1.0分钟无信号 / 阈值 60分钟
[WS][SHARED] ✓ 检测到seq增长: 394 → 440 (+46)
[WS][SHARED] seq=440, updates=18 (28.0/min), bid=0.954, ask=0.957, price=0.9555
[WS][SHARED] ✓ 检测到seq增长: 440 → 444 (+4)
[WS][SHARED] ✓ 检测到seq增长: 444 → 519 (+75)
[WS][SHARED] ✓ 检测到seq增长: 519 → 527 (+8)
[WS][SHARED] ✓ 检测到seq增长: 528 → 543 (+15)
[WS][SHARED] ✓ 检测到seq增长: 543 → 550 (+7)
[WS][SHARED] ✓ 检测到seq增长: 550 → 575 (+25)
[WS][SHARED] ✓ 检测到seq增长: 575 → 580 (+5)
[WS][SHARED] ✓ 检测到seq增长: 580 → 594 (+14)
[WS][SHARED] ✓ 检测到seq增长: 594 → 596 (+2)
[WS][SHARED] ✓ 检测到seq增长: 596 → 608 (+12)
[WS][SHARED] ✓ 检测到seq增长: 608 → 612 (+4)
[WS][SHARED] ✓ 检测到seq增长: 612 → 620 (+8)
[PX] bid=0.9540 ask=0.9570 mid=0.9555 last=0.9555 | state=FLAT awaiting=None entry=None
    时间窗口: 60.0m | 采样点数: 48
    窗口跌幅: 当前 0.00% / 最大 0.00% / 阈值 0.10%
    窗口价格(mid): 高 0.9555 / 低 0.9555
    信号超时: 1.5分钟无信号 / 阈值 60分钟
[WS][SHARED] ✓ 检测到seq增长: 620 → 632 (+12)
[WS][SHARED] ✓ 检测到seq增长: 632 → 644 (+12)
[WS][SHARED] ✓ 检测到seq增长: 644 → 660 (+16)
[WS][SHARED] ✓ 检测到seq增长: 660 → 678 (+18)
[WS][SHARED][SKIP] 跳过策略调用 (总跳过次数=202): seq和updated_at都未变化且距上次tick仅4.5秒
[WS][SHARED][SKIP] 当前状态: seq=678, last_seq=678, bid=0.954, ask=0.957
[WS][SHARED] ✓ 检测到seq增长: 678 → 764 (+86)
[WS][SHARED] ✓ 检测到seq增长: 764 → 851 (+87)
[WS][SHARED] seq=851, updates=21 (40.6/min), bid=0.954, ask=0.957, price=0.9555
[WS][SHARED] ✓ 检测到seq增长: 851 → 871 (+20)
[WS][SHARED] ✓ 检测到seq增长: 871 → 881 (+10)
[WS][SHARED] ✓ 检测到seq增长: 881 → 895 (+14)
[WS][SHARED] ✓ 检测到seq增长: 895 → 897 (+2)
[WS][SHARED] ✓ 检测到seq增长: 897 → 899 (+2)
[WS][SHARED] ✓ 检测到seq增长: 899 → 923 (+24)
[WS][SHARED] ✓ 检测到seq增长: 923 → 931 (+8)
[WS][SHARED] ✓ 检测到seq增长: 931 → 957 (+26)
[WS][SHARED] ✓ 检测到seq增长: 957 → 971 (+14)
[MAIN_LOOP] ✓ 主循环运行中 (iterations=199, use_shared_ws=True)
[WS][SHARED][DEBUG] 读取统计: read=200, skip=268, 当前seq=978 (last=971), updated_at=1769189575.54 (last=1769189575.17)
[WS][SHARED] ✓ 检测到seq增长: 971 → 978 (+7)
[PX] bid=0.9540 ask=0.9570 mid=0.9555 last=0.9555 | state=FLAT awaiting=None entry=None
    时间窗口: 60.0m | 采样点数: 66
    窗口跌幅: 当前 0.00% / 最大 0.00% / 阈值 0.10%
    窗口价格(mid): 高 0.9555 / 低 0.9555
    信号超时: 2.0分钟无信号 / 阈值 60分钟
[WS][SHARED][TRACE] 函数调用次数: 201
[WS][SHARED] ✓ 检测到seq增长: 978 → 1011 (+33)
[WS][SHARED] ✓ 检测到seq增长: 1011 → 1075 (+64)
[WS][SHARED] seq=1075, updates=13 (25.5/min), bid=0.954, ask=0.957, price=0.9555
[WS][SHARED] ✓ 检测到seq增长: 1075 → 1087 (+12)
[WS][SHARED] ✓ 检测到seq增长: 1087 → 1097 (+10)
[WS][SHARED] ✓ 检测到seq增长: 1097 → 1100 (+3)
[WS][SHARED] ✓ 检测到seq增长: 1100 → 1115 (+15)
[WS][SHARED] ✓ 检测到seq增长: 1115 → 1143 (+28)
[WS][SHARED] ✓ 检测到seq增长: 1143 → 1150 (+7)
[WS][SHARED] ✓ 检测到seq增长: 1150 → 1155 (+5)
[WS][SHARED] ✓ 检测到seq增长: 1155 → 1173 (+18)
[WS][SHARED] ✓ 检测到seq增长: 1173 → 1180 (+7)
[WS][SHARED] ✓ 检测到seq增长: 1181 → 1185 (+4)
[WS][SHARED] ✓ 检测到seq增长: 1185 → 1190 (+5)
[WS][SHARED] ✓ 检测到seq增长: 1190 → 1192 (+2)
[WS][SHARED] ✓ 检测到seq增长: 1192 → 1195 (+3)
[WS][SHARED] ✓ 检测到seq增长: 1196 → 1220 (+24)
[WS][SHARED] ✓ 检测到seq增长: 1220 → 1225 (+5)
[WS][SHARED] ✓ 检测到seq增长: 1225 → 1241 (+16)
[WS][SHARED] ✓ 检测到seq增长: 1241 → 1245 (+4)
[WS][SHARED] ✓ 检测到seq增长: 1245 → 1250 (+5)
[WS][SHARED] ✓ 检测到seq增长: 1250 → 1284 (+34)
[WS][SHARED] ✓ 检测到seq增长: 1284 → 1315 (+31)
[WS][SHARED] ✓ 检测到seq增长: 1315 → 1335 (+20)
[WS][SHARED] ✓ 检测到seq增长: 1335 → 1361 (+26)
[WS][SHARED] ✓ 检测到seq增长: 1361 → 1372 (+11)
[WS][SHARED] ✓ 检测到seq增长: 1372 → 1396 (+24)
[WS][SHARED] ✓ 检测到seq增长: 1396 → 1400 (+4)
[WS][SHARED] ✓ 检测到seq增长: 1400 → 1406 (+6)
[PX] bid=0.9540 ask=0.9570 mid=0.9555 last=0.9555 | state=FLAT awaiting=None entry=None
    时间窗口: 60.0m | 采样点数: 96
    窗口跌幅: 当前 0.00% / 最大 0.00% / 阈值 0.10%
    窗口价格(mid): 高 0.9555 / 低 0.9555
    信号超时: 2.5分钟无信号 / 阈值 60分钟
[WS][SHARED] ✓ 检测到seq增长: 1406 → 1421 (+15)
[WS][SHARED] ✓ 检测到seq增长: 1421 → 1425 (+4)
[WS][SHARED] ✓ 检测到seq增长: 1425 → 1438 (+13)
[WS][SHARED] ✓ 检测到seq增长: 1438 → 1455 (+17)
[WS][SHARED] ✓ 检测到seq增长: 1455 → 1517 (+62)
[WS][SHARED] ✓ 检测到seq增长: 1517 → 1562 (+45)
[WS][SHARED] seq=1562, updates=35 (66.5/min), bid=0.954, ask=0.957, price=0.9555
[WS][SHARED] ✓ 检测到seq增长: 1562 → 1572 (+10)
[WS][SHARED] ✓ 检测到seq增长: 1572 → 1582 (+10)
[WS][SHARED] ✓ 检测到seq增长: 1582 → 1588 (+6)
[WS][SHARED] ✓ 检测到seq增长: 1588 → 1616 (+28)
[WS][SHARED] ✓ 检测到seq增长: 1617 → 1619 (+2)
[WS][SHARED] ✓ 检测到seq增长: 1620 → 1623 (+3)
[MAIN_LOOP] ✓ 主循环运行中 (iterations=299, use_shared_ws=True)
[WS][SHARED][DEBUG] 读取统计: read=300, skip=374, 当前seq=1623 (last=1623), updated_at=1769189629.26 (last=1769189629.26)
[PX] bid=0.9540 ask=0.9570 mid=0.9555 last=0.9555 | state=FLAT awaiting=None entry=None
    时间窗口: 60.0m | 采样点数: 112
    窗口跌幅: 当前 0.00% / 最大 0.00% / 阈值 0.10%
    窗口价格(mid): 高 0.9555 / 低 0.9555
    信号超时: 3.0分钟无信号 / 阈值 60分钟
[WS][SHARED][TRACE] 函数调用次数: 301
[WS][SHARED] seq=1623, updates=11 (20.6/min), bid=0.954, ask=0.957, price=0.9555
[WS][SHARED][SKIP] 跳过策略调用 (总跳过次数=402): seq和updated_at都未变化且距上次tick仅2.0秒
[WS][SHARED][SKIP] 当前状态: seq=1623, last_seq=1623, bid=0.954, ask=0.957
[WS][SHARED] ✓ 检测到seq增长: 1623 → 1631 (+8)
[WS][SHARED] ✓ 检测到seq增长: 1631 → 1649 (+18)
[WS][SHARED] ✓ 检测到seq增长: 1649 → 1653 (+4)
[WS][SHARED] ✓ 检测到seq增长: 1653 → 1667 (+14)
[WS][SHARED] ✓ 检测到seq增长: 1667 → 1681 (+14)
[WS][SHARED] ✓ 检测到seq增长: 1681 → 1683 (+2)
[PX] bid=0.9540 ask=0.9570 mid=0.9555 last=0.9555 | state=FLAT awaiting=None entry=None
    时间窗口: 60.0m | 采样点数: 121
    窗口跌幅: 当前 0.00% / 最大 0.00% / 阈值 0.10%
    窗口价格(mid): 高 0.9555 / 低 0.9555
    信号超时: 3.5分钟无信号 / 阈值 60分钟
[WS][SHARED] ✓ 检测到seq增长: 1683 → 1773 (+90)
[WS][SHARED] seq=1773, updates=12 (21.5/min), bid=0.954, ask=0.957, price=0.9555
[MAIN_LOOP] ✓ 主循环运行中 (iterations=397, use_shared_ws=True)
[WS][SHARED][DEBUG] 读取统计: read=398, skip=540, 当前seq=1773 (last=1773), updated_at=1769189672.91 (last=1769189672.91)
[PX] bid=0.9540 ask=0.9570 mid=0.9555 last=0.9555 | state=FLAT awaiting=None entry=None
    时间窗口: 60.0m | 采样点数: 128
    窗口跌幅: 当前 0.00% / 最大 0.00% / 阈值 0.10%
    窗口价格(mid): 高 0.9555 / 低 0.9555
    信号超时: 4.0分钟无信号 / 阈值 60分钟
[WS][SHARED] ✓ 检测到seq增长: 1773 → 1847 (+74)
[WS][SHARED][TRACE] 函数调用次数: 401
[WS][SHARED] seq=1848, updates=5 (9.6/min), bid=0.954, ask=0.957, price=0.9555
[WS][SHARED] ✓ 检测到seq增长: 1848 → 1885 (+37)
[WS][SHARED] ✓ 检测到seq增长: 1885 → 1888 (+3)
[WS][SHARED][SKIP] 跳过策略调用 (总跳过次数=602): seq和updated_at都未变化且距上次tick仅1.0秒
[WS][SHARED][SKIP] 当前状态: seq=1888, last_seq=1888, bid=0.954, ask=0.957
[PX] bid=0.9540 ask=0.9570 mid=0.9555 last=0.9555 | state=FLAT awaiting=None entry=None
    时间窗口: 60.0m | 采样点数: 134
    窗口跌幅: 当前 0.00% / 最大 0.00% / 阈值 0.10%
    窗口价格(mid): 高 0.9555 / 低 0.9555
    信号超时: 4.5分钟无信号 / 阈值 60分钟
[WS][SHARED] ✓ 检测到seq增长: 1888 → 1919 (+31)
[WS][SHARED] ✓ 检测到seq增长: 1919 → 1966 (+47)
[WS][SHARED] ✓ 检测到seq增长: 1966 → 1968 (+2)
[WS][SHARED] seq=1968, updates=10 (20.0/min), bid=0.954, ask=0.957, price=0.9555
[WS][SHARED] ✓ 检测到seq增长: 1968 → 2043 (+75)
[WS][SHARED] ✓ 检测到seq增长: 2043 → 2060 (+17)
[WS][SHARED] ✓ 检测到seq增长: 2060 → 2072 (+12)
[WS][SHARED] ✓ 检测到seq增长: 2072 → 2088 (+16)
[MAIN_LOOP] ✓ 主循环运行中 (iterations=496, use_shared_ws=True)
[WS][SHARED][DEBUG] 读取统计: read=497, skip=700, 当前seq=2101 (last=2088), updated_at=1769189756.28 (last=1769189755.97)
[WS][SHARED] ✓ 检测到seq增长: 2088 → 2101 (+13)
[PX] bid=0.9540 ask=0.9570 mid=0.9555 last=0.9555 | state=FLAT awaiting=None entry=None
    时间窗口: 60.0m | 采样点数: 147
    窗口跌幅: 当前 0.00% / 最大 0.00% / 阈值 0.10%
    窗口价格(mid): 高 0.9555 / 低 0.9555
    信号超时: 5.0分钟无信号 / 阈值 60分钟
[WS][SHARED] ✓ 检测到seq增长: 2101 → 2106 (+5)
[WS][SHARED][TRACE] 函数调用次数: 501
[WS][SHARED] seq=2106, updates=9 (17.8/min), bid=0.954, ask=0.957, price=0.9555
[PX] bid=0.9540 ask=0.9570 mid=0.9555 last=0.9555 | state=FLAT awaiting=None entry=None
    时间窗口: 60.0m | 采样点数: 151
    窗口跌幅: 当前 0.00% / 最大 0.00% / 阈值 0.10%
    窗口价格(mid): 高 0.9555 / 低 0.9555
    信号超时: 5.5分钟无信号 / 阈值 60分钟
[WS][SHARED] ✓ 检测到seq增长: 2106 → 2117 (+11)
[WS][SHARED] ✓ 检测到seq增长: 2117 → 2141 (+24)
[WS][SHARED] ✓ 检测到seq增长: 2141 → 2143 (+2)
[WS][SHARED][SKIP] 跳过策略调用 (总跳过次数=802): seq和updated_at都未变化且距上次tick仅0.5秒
[WS][SHARED][SKIP] 当前状态: seq=2143, last_seq=2143, bid=0.954, ask=0.957
[WS][SHARED] ✓ 检测到seq增长: 2143 → 2175 (+32)
[WS][SHARED] ✓ 检测到seq增长: 2175 → 2208 (+33)
[WS][SHARED] ✓ 检测到seq增长: 2208 → 2218 (+10)
[WS][SHARED] seq=2218, updates=9 (17.7/min), bid=0.954, ask=0.957, price=0.9555
[WS][SHARED] ✓ 检测到seq增长: 2218 → 2221 (+3)
[WS][SHARED] ✓ 检测到seq增长: 2221 → 2228 (+7)
[WS][SHARED] ✓ 检测到seq增长: 2228 → 2231 (+3)
[WS][SHARED] ✓ 检测到seq增长: 2232 → 2234 (+2)
[WS][SHARED] ✓ 检测到seq增长: 2235 → 2259 (+24)
[WS][SHARED] ✓ 检测到seq增长: 2259 → 2304 (+45)
[MAIN_LOOP] ✓ 主循环运行中 (iterations=595, use_shared_ws=True)
[WS][SHARED][DEBUG] 读取统计: read=596, skip=856, 当前seq=2342 (last=2304), updated_at=1769189816.77 (last=1769189816.25)
[WS][SHARED] ✓ 检测到seq增长: 2304 → 2342 (+38)
[PX] bid=0.9540 ask=0.9570 mid=0.9555 last=0.9555 | state=FLAT awaiting=None entry=None
    时间窗口: 60.0m | 采样点数: 168
    窗口跌幅: 当前 0.00% / 最大 0.00% / 阈值 0.10%
    窗口价格(mid): 高 0.9555 / 低 0.9555
    信号超时: 6.0分钟无信号 / 阈值 60分钟
[WS][SHARED] ✓ 检测到seq增长: 2342 → 2418 (+76)
[WS][SHARED] ✓ 检测到seq增长: 2418 → 2420 (+2)
[WS][SHARED][TRACE] 函数调用次数: 601
[WS][SHARED] ✓ 检测到seq增长: 2420 → 2478 (+58)
[WS][SHARED] seq=2478, updates=14 (26.9/min), bid=0.954, ask=0.957, price=0.9555
[PX] bid=0.9540 ask=0.9570 mid=0.9555 last=0.9555 | state=FLAT awaiting=None entry=None
    时间窗口: 60.0m | 采样点数: 174
    窗口跌幅: 当前 0.00% / 最大 0.00% / 阈值 0.10%
    窗口价格(mid): 高 0.9555 / 低 0.9555
    信号超时: 6.5分钟无信号 / 阈值 60分钟
[WS][SHARED][SKIP] 跳过策略调用 (总跳过次数=1002): seq和updated_at都未变化且距上次tick仅4.5秒
[WS][SHARED][SKIP] 当前状态: seq=2478, last_seq=2478, bid=0.954, ask=0.957
[WS][SHARED] seq=2478, updates=6 (12.0/min), bid=0.954, ask=0.957, price=0.9555
[MAIN_LOOP] ✓ 主循环运行中 (iterations=694, use_shared_ws=True)
[WS][SHARED][DEBUG] 读取统计: read=695, skip=1028, 当前seq=2478 (last=2478), updated_at=1769189834.02 (last=1769189834.02)
[PX] bid=0.9540 ask=0.9570 mid=0.9555 last=0.9555 | state=FLAT awaiting=None entry=None
    时间窗口: 60.0m | 采样点数: 180
    窗口跌幅: 当前 0.00% / 最大 0.00% / 阈值 0.10%
    窗口价格(mid): 高 0.9555 / 低 0.9555
    信号超时: 7.0分钟无信号 / 阈值 60分钟
[WS][SHARED] ✓ 检测到seq增长: 2478 → 2694 (+216)
[WS][SHARED] ✓ 检测到seq增长: 2694 → 2699 (+5)
[WS][SHARED] ✓ 检测到seq增长: 2699 → 2712 (+13)
[WS][SHARED] ✓ 检测到seq增长: 2712 → 2718 (+6)
[WS][SHARED] ✓ 检测到seq增长: 2718 → 2727 (+9)
[WS][SHARED][TRACE] 函数调用次数: 701
[WS][SHARED] ✓ 检测到seq增长: 2727 → 2729 (+2)
[WS][SHARED] ✓ 检测到seq增长: 2729 → 2791 (+62)
[WS][SHARED] ✓ 检测到seq增长: 2791 → 2813 (+22)
[WS][SHARED] ✓ 检测到seq增长: 2813 → 2816 (+3)
[WS][SHARED] ✓ 检测到seq增长: 2816 → 2819 (+3)
[WS][SHARED] ✓ 检测到seq增长: 2819 → 2830 (+11)
[WS][SHARED] ✓ 检测到seq增长: 2830 → 2833 (+3)
[WS][SHARED] ✓ 检测到seq增长: 2833 → 2836 (+3)
[WS][SHARED] ✓ 检测到seq增长: 2837 → 2862 (+25)
[WS][SHARED] seq=2862, updates=16 (30.1/min), bid=0.954, ask=0.957, price=0.9555
[WS][SHARED] ✓ 检测到seq增长: 2862 → 2917 (+55)
[WS][SHARED] ✓ 检测到seq增长: 2917 → 2928 (+11)
[WS][SHARED] ✓ 检测到seq增长: 2928 → 2949 (+21)
[WS][SHARED] ✓ 检测到seq增长: 2949 → 2959 (+10)
[WS][SHARED] ✓ 检测到seq增长: 2959 → 2965 (+6)
[WS][SHARED] ✓ 检测到seq增长: 2965 → 2971 (+6)
[WS][SHARED] ✓ 检测到seq增长: 2972 → 3014 (+42)
[WS][SHARED] ✓ 检测到seq增长: 3014 → 3035 (+21)
[PX] bid=0.9540 ask=0.9570 mid=0.9555 last=0.9555 | state=FLAT awaiting=None entry=None
    时间窗口: 60.0m | 采样点数: 204
    窗口跌幅: 当前 0.00% / 最大 0.00% / 阈值 0.10%
    窗口价格(mid): 高 0.9555 / 低 0.9555
    信号超时: 7.5分钟无信号 / 阈值 60分钟
[WS][SHARED] ✓ 检测到seq增长: 3035 → 3037 (+2)
[WS][SHARED] ✓ 检测到seq增长: 3037 → 3042 (+5)
[WS][SHARED] ✓ 检测到seq增长: 3042 → 3050 (+8)
[WS][SHARED] ✓ 检测到seq增长: 3050 → 3053 (+3)
[WS][SHARED] ✓ 检测到seq增长: 3053 → 3074 (+21)
[WS][SHARED] ✓ 检测到seq增长: 3074 → 3076 (+2)
[WS][SHARED] ✓ 检测到seq增长: 3077 → 3080 (+3)
[WS][SHARED] ✓ 检测到seq增长: 3080 → 3104 (+24)
[WS][SHARED] seq=3104, updates=21 (41.2/min), bid=0.954, ask=0.957, price=0.9555
[WS][SHARED] ✓ 检测到seq增长: 3104 → 3107 (+3)
[WS][SHARED] ✓ 检测到seq增长: 3107 → 3136 (+29)
[WS][SHARED] ✓ 检测到seq增长: 3136 → 3155 (+19)
[WS][SHARED] ✓ 检测到seq增长: 3155 → 3161 (+6)
[MAIN_LOOP] ✓ 主循环运行中 (iterations=793, use_shared_ws=True)
[WS][SHARED][DEBUG] 读取统计: read=794, skip=1146, 当前seq=3161 (last=3161), updated_at=1769189935.50 (last=1769189935.50)
[PX] bid=0.9540 ask=0.9570 mid=0.9555 last=0.9555 | state=FLAT awaiting=None entry=None
    时间窗口: 60.0m | 采样点数: 220
    窗口跌幅: 当前 0.00% / 最大 0.00% / 阈值 0.10%
    窗口价格(mid): 高 0.9555 / 低 0.9555
    信号超时: 8.0分钟无信号 / 阈值 60分钟
[WS][SHARED][TRACE] 函数调用次数: 801
[WS][SHARED] ✓ 检测到seq增长: 3161 → 3195 (+34)
[WS][SHARED] ✓ 检测到seq增长: 3195 → 3203 (+8)
[WS][SHARED] ✓ 检测到seq增长: 3203 → 3210 (+7)
[WS][SHARED] ✓ 检测到seq增长: 3210 → 3214 (+4)
[WS][SHARED] ✓ 检测到seq增长: 3215 → 3235 (+20)
[WS][SHARED] ✓ 检测到seq增长: 3237 → 3239 (+2)
[WS][SHARED] ✓ 检测到seq增长: 3239 → 3242 (+3)
[WS][SHARED] seq=3242, updates=17 (29.6/min), bid=0.954, ask=0.957, price=0.9555
[WS][SHARED] ✓ 检测到seq增长: 3242 → 3260 (+18)
[WS][SHARED] ✓ 检测到seq增长: 3260 → 3280 (+20)
[WS][SHARED] ✓ 检测到seq增长: 3280 → 3284 (+4)
[PX] bid=0.9540 ask=0.9570 mid=0.9555 last=0.9555 | state=FLAT awaiting=None entry=None
    时间窗口: 60.0m | 采样点数: 236
    窗口跌幅: 当前 0.00% / 最大 0.00% / 阈值 0.10%
    窗口价格(mid): 高 0.9555 / 低 0.9555
    信号超时: 8.5分钟无信号 / 阈值 60分钟
[WS][SHARED] ✓ 检测到seq增长: 3284 → 3287 (+3)
[WS][SHARED] ✓ 检测到seq增长: 3287 → 3289 (+2)
[WS][SHARED] ✓ 检测到seq增长: 3289 → 3293 (+4)
[WS][SHARED] ✓ 检测到seq增长: 3293 → 3296 (+3)
[WS][SHARED][SKIP] 跳过策略调用 (总跳过次数=1202): seq和updated_at都未变化且距上次tick仅1.5秒
[WS][SHARED][SKIP] 当前状态: seq=3296, last_seq=3296, bid=0.954, ask=0.957
[WS][SHARED] ✓ 检测到seq增长: 3296 → 3328 (+32)
[WS][SHARED] ✓ 检测到seq增长: 3328 → 3369 (+41)
[WS][SHARED] ✓ 检测到seq增长: 3369 → 3378 (+9)
[WS][SHARED] ✓ 检测到seq增长: 3378 → 3382 (+4)
[WS][SHARED] ✓ 检测到seq增长: 3382 → 3386 (+4)
[WS][SHARED] ✓ 检测到seq增长: 3386 → 3390 (+4)
[WS][SHARED] ✓ 检测到seq增长: 3390 → 3399 (+9)
[WS][SHARED] ✓ 检测到seq增长: 3399 → 3402 (+3)
[WS][SHARED] ✓ 检测到seq增长: 3402 → 3404 (+2)
[WS][SHARED] ✓ 检测到seq增长: 3404 → 3408 (+4)
[WS][SHARED] ✓ 检测到seq增长: 3408 → 3423 (+15)
[WS][SHARED] ✓ 检测到seq增长: 3423 → 3463 (+40)
[WS][SHARED] seq=3463, updates=23 (45.9/min), bid=0.954, ask=0.957, price=0.9555
[WS][SHARED] ✓ 检测到seq增长: 3463 → 3487 (+24)
[MAIN_LOOP] ✓ 主循环运行中 (iterations=892, use_shared_ws=True)
[WS][SHARED][DEBUG] 读取统计: read=893, skip=1270, 当前seq=3510 (last=3487), updated_at=1769189997.40 (last=1769189996.99)
[WS][SHARED] ✓ 检测到seq增长: 3487 → 3510 (+23)
[WS][SHARED] ✓ 检测到seq增长: 3510 → 3593 (+83)
[PX] bid=0.9540 ask=0.9570 mid=0.9555 last=0.9555 | state=FLAT awaiting=None entry=None
    时间窗口: 60.0m | 采样点数: 259
    窗口跌幅: 当前 0.00% / 最大 0.00% / 阈值 0.10%
    窗口价格(mid): 高 0.9555 / 低 0.9555
    信号超时: 9.2分钟无信号 / 阈值 60分钟
[WS][SHARED] ✓ 检测到seq增长: 3593 → 3605 (+12)
[WS][SHARED] ✓ 检测到seq增长: 3605 → 3627 (+22)
[WS][SHARED] ✓ 检测到seq增长: 3627 → 3634 (+7)
[WS][SHARED][TRACE] 函数调用次数: 901
[WS][SHARED] ✓ 检测到seq增长: 3636 → 3638 (+2)
[WS][SHARED] ✓ 检测到seq增长: 3640 → 3645 (+5)
[WS][SHARED] ✓ 检测到seq增长: 3645 → 3647 (+2)
[WS][SHARED] seq=3647, updates=16 (28.4/min), bid=0.954, ask=0.957, price=0.9555
[PX] bid=0.9540 ask=0.9570 mid=0.9555 last=0.9555 | state=FLAT awaiting=None entry=None
    时间窗口: 60.0m | 采样点数: 273
    窗口跌幅: 当前 0.00% / 最大 0.00% / 阈值 0.10%
    窗口价格(mid): 高 0.9555 / 低 0.9555
    信号超时: 9.7分钟无信号 / 阈值 60分钟
[WS][SHARED] ✓ 检测到seq增长: 3647 → 3677 (+30)
[WS][SHARED] ✓ 检测到seq增长: 3677 → 3689 (+12)
[WS][SHARED] ✓ 检测到seq增长: 3689 → 3691 (+2)
[WS][SHARED] ✓ 检测到seq增长: 3691 → 3693 (+2)
[WS][SHARED] ✓ 检测到seq增长: 3693 → 3695 (+2)
[WS][SHARED] ✓ 检测到seq增长: 3695 → 3701 (+6)
[WS][SHARED] ✓ 检测到seq增长: 3701 → 3721 (+20)
[WS][SHARED] ✓ 检测到seq增长: 3724 → 3728 (+4)
[WS][SHARED] ✓ 检测到seq增长: 3728 → 3749 (+21)
[WS][SHARED] ✓ 检测到seq增长: 3749 → 3756 (+7)
[WS][SHARED] ✓ 检测到seq增长: 3756 → 3771 (+15)
[WS][SHARED] ✓ 检测到seq增长: 3771 → 3773 (+2)
[WS][SHARED] ✓ 检测到seq增长: 3774 → 3778 (+4)
[WS][SHARED] ✓ 检测到seq增长: 3778 → 3782 (+4)
[MAIN_LOOP] ✓ 主循环运行中 (iterations=991, use_shared_ws=True)
[WS][SHARED][DEBUG] 读取统计: read=992, skip=1400, 当前seq=3782 (last=3782), updated_at=1769190054.81 (last=1769190054.81)
[WS][SHARED][SKIP] 跳过策略调用 (总跳过次数=1402): seq和updated_at都未变化且距上次tick仅3.0秒
[WS][SHARED][SKIP] 当前状态: seq=3782, last_seq=3782, bid=0.954, ask=0.957
[WS][SHARED] seq=3782, updates=20 (30.9/min), bid=0.954, ask=0.957, price=0.9555
[PX] bid=0.9540 ask=0.9570 mid=0.9555 last=0.9555 | state=FLAT awaiting=None entry=None
    时间窗口: 60.0m | 采样点数: 292
    窗口跌幅: 当前 0.00% / 最大 0.00% / 阈值 0.10%
    窗口价格(mid): 高 0.9555 / 低 0.9555
    信号超时: 10.2分钟无信号 / 阈值 60分钟
[WS][SHARED][TRACE] 函数调用次数: 1001
[WS][SHARED] ✓ 检测到seq增长: 3782 → 3797 (+15)
[WS][SHARED] ✓ 检测到seq增长: 3797 → 3841 (+44)
[WS][SHARED] ✓ 检测到seq增长: 3841 → 3851 (+10)
[WS][SHARED] ✓ 检测到seq增长: 3851 → 3854 (+3)
[WS][SHARED] ✓ 检测到seq增长: 3854 → 3874 (+20)
[WS][SHARED] ✓ 检测到seq增长: 3874 → 3879 (+5)
[WS][SHARED] ✓ 检测到seq增长: 3879 → 3881 (+2)
[WS][SHARED] ✓ 检测到seq增长: 3882 → 3930 (+48)
[WS][SHARED] ✓ 检测到seq增长: 3930 → 3950 (+20)
[WS][SHARED] ✓ 检测到seq增长: 3950 → 3970 (+20)
[WS][SHARED] ✓ 检测到seq增长: 3970 → 4016 (+46)
[WS][SHARED] ✓ 检测到seq增长: 4016 → 4069 (+53)
[WS][SHARED] ✓ 检测到seq增长: 4069 → 4073 (+4)
[WS][SHARED] seq=4073, updates=17 (33.9/min), bid=0.954, ask=0.957, price=0.9555
[PX] bid=0.9540 ask=0.9570 mid=0.9555 last=0.9555 | state=FLAT awaiting=None entry=None
    时间窗口: 60.0m | 采样点数: 309
    窗口跌幅: 当前 0.00% / 最大 0.00% / 阈值 0.10%
    窗口价格(mid): 高 0.9555 / 低 0.9555
    信号超时: 10.7分钟无信号 / 阈值 60分钟
[WS][SHARED] ✓ 检测到seq增长: 4073 → 4094 (+21)
[WS][SHARED] ✓ 检测到seq增长: 4094 → 4137 (+43)
[WS][SHARED] ✓ 检测到seq增长: 4137 → 4142 (+5)
[WS][SHARED] ✓ 检测到seq增长: 4142 → 4145 (+3)
[WS][SHARED] ✓ 检测到seq增长: 4145 → 4164 (+19)
[WS][SHARED] ✓ 检测到seq增长: 4164 → 4216 (+52)
[WS][SHARED] ✓ 检测到seq增长: 4216 → 4237 (+21)
[WS][SHARED] ✓ 检测到seq增长: 4237 → 4283 (+46)
[MAIN_LOOP] ✓ 主循环运行中 (iterations=1090, use_shared_ws=True)
[WS][SHARED][DEBUG] 读取统计: read=1091, skip=1544, 当前seq=4283 (last=4283), updated_at=1769190117.64 (last=1769190117.64)
[WS][SHARED] ✓ 检测到seq增长: 4283 → 4412 (+129)
[WS][SHARED] seq=4412, updates=10 (19.8/min), bid=0.954, ask=0.957, price=0.9555
[PX] bid=0.9540 ask=0.9570 mid=0.9555 last=0.9555 | state=FLAT awaiting=None entry=None
    时间窗口: 60.0m | 采样点数: 319
    窗口跌幅: 当前 0.00% / 最大 0.00% / 阈值 0.10%
    窗口价格(mid): 高 0.9555 / 低 0.9555
    信号超时: 11.2分钟无信号 / 阈值 60分钟
[WS][SHARED] ✓ 检测到seq增长: 4412 → 4440 (+28)
[WS][SHARED] ✓ 检测到seq增长: 4440 → 4500 (+60)
[WS][SHARED] ✓ 检测到seq增长: 4500 → 4527 (+27)
[WS][SHARED] ✓ 检测到seq增长: 4527 → 4549 (+22)
[WS][SHARED][TRACE] 函数调用次数: 1101
[WS][SHARED] ✓ 检测到seq增长: 4550 → 4569 (+19)
[WS][SHARED] ✓ 检测到seq增长: 4569 → 4571 (+2)
[WS][SHARED] ✓ 检测到seq增长: 4571 → 4591 (+20)
[WS][SHARED] ✓ 检测到seq增长: 4591 → 4593 (+2)
[WS][SHARED] ✓ 检测到seq增长: 4593 → 4611 (+18)
[WS][SHARED] ✓ 检测到seq增长: 4612 → 4615 (+3)
[WS][SHARED] ✓ 检测到seq增长: 4615 → 4631 (+16)
[WS][SHARED] ✓ 检测到seq增长: 4631 → 4637 (+6)
[WS][SHARED][SKIP] 跳过策略调用 (总跳过次数=1602): seq和updated_at都未变化且距上次tick仅4.5秒
[WS][SHARED][SKIP] 当前状态: seq=4637, last_seq=4637, bid=0.954, ask=0.957
[PX] bid=0.9540 ask=0.9570 mid=0.9555 last=0.9555 | state=FLAT awaiting=None entry=None
    时间窗口: 60.0m | 采样点数: 336
    窗口跌幅: 当前 0.00% / 最大 0.00% / 阈值 0.10%
    窗口价格(mid): 高 0.9555 / 低 0.9555
    信号超时: 11.7分钟无信号 / 阈值 60分钟
[WS][SHARED] seq=4637, updates=18 (33.6/min), bid=0.954, ask=0.957, price=0.9555
[MAIN_LOOP] ✓ 主循环运行中 (iterations=1189, use_shared_ws=True)
[WS][SHARED][DEBUG] 读取统计: read=1190, skip=1698, 当前seq=4637 (last=4637), updated_at=1769190141.67 (last=1769190141.67)
[PX] bid=0.9540 ask=0.9570 mid=0.9555 last=0.9555 | state=FLAT awaiting=None entry=None
    时间窗口: 60.0m | 采样点数: 341
    窗口跌幅: 当前 0.00% / 最大 0.00% / 阈值 0.10%
    窗口价格(mid): 高 0.9555 / 低 0.9555
    信号超时: 12.2分钟无信号 / 阈值 60分钟
[WS][SHARED][TRACE] 函数调用次数: 1201
[WS][SHARED] seq=4637, updates=5 (9.0/min), bid=0.954, ask=0.957, price=0.9555
[WS][SHARED] ✓ 检测到seq增长: 4637 → 4655 (+18)
[WS][SHARED] ✓ 检测到seq增长: 4655 → 4673 (+18)
[WS][SHARED] ✓ 检测到seq增长: 4673 → 4690 (+17)
[WS][SHARED] ✓ 检测到seq增长: 4690 → 4741 (+51)
[WS][SHARED] ✓ 检测到seq增长: 4741 → 4758 (+17)
[WS][SHARED][SKIP] 跳过策略调用 (总跳过次数=1802): seq和updated_at都未变化且距上次tick仅4.5秒
[WS][SHARED][SKIP] 当前状态: seq=4758, last_seq=4758, bid=0.954, ask=0.957
[PX] bid=0.9540 ask=0.9570 mid=0.9555 last=0.9555 | state=FLAT awaiting=None entry=None
    时间窗口: 60.0m | 采样点数: 350
    窗口跌幅: 当前 0.00% / 最大 0.00% / 阈值 0.10%
    窗口价格(mid): 高 0.9555 / 低 0.9555
    信号超时: 12.7分钟无信号 / 阈值 60分钟
[WS][SHARED] seq=4758, updates=10 (19.6/min), bid=0.954, ask=0.957, price=0.9555
[MAIN_LOOP] ✓ 主循环运行中 (iterations=1288, use_shared_ws=True)
[WS][SHARED][DEBUG] 读取统计: read=1289, skip=1868, 当前seq=4758 (last=4758), updated_at=1769190215.50 (last=1769190215.50)
[WS][SHARED] ✓ 检测到seq增长: 4758 → 4820 (+62)
[PX] bid=0.9540 ask=0.9570 mid=0.9555 last=0.9555 | state=FLAT awaiting=None entry=None
    时间窗口: 60.0m | 采样点数: 355
    窗口跌幅: 当前 0.00% / 最大 0.00% / 阈值 0.10%
    窗口价格(mid): 高 0.9555 / 低 0.9555
    信号超时: 13.2分钟无信号 / 阈值 60分钟
[WS][SHARED][TRACE] 函数调用次数: 1301
[WS][SHARED] seq=4820, updates=5 (8.6/min), bid=0.954, ask=0.957, price=0.9555
[WS][SHARED] ✓ 检测到seq增长: 4820 → 4835 (+15)
[WS][SHARED] ✓ 检测到seq增长: 4835 → 4879 (+44)
[WS][SHARED] ✓ 检测到seq增长: 4880 → 4955 (+75)
[WS][SHARED] ✓ 检测到seq增长: 4955 → 5010 (+55)
[WS][SHARED] ✓ 检测到seq增长: 5010 → 5033 (+23)
[WS][SHARED] ✓ 检测到seq增长: 5033 → 5097 (+64)
[WS][SHARED] ✓ 检测到seq增长: 5097 → 5131 (+34)
[WS][SHARED] ✓ 检测到seq增长: 5131 → 5150 (+19)
[WS][SHARED] ✓ 检测到seq增长: 5150 → 5198 (+48)
[PX] bid=0.9540 ask=0.9570 mid=0.9555 last=0.9555 | state=FLAT awaiting=None entry=None
    时间窗口: 60.0m | 采样点数: 368
    窗口跌幅: 当前 0.00% / 最大 0.00% / 阈值 0.10%
    窗口价格(mid): 高 0.9555 / 低 0.9555
    信号超时: 13.7分钟无信号 / 阈值 60分钟
[WS][SHARED] ✓ 检测到seq增长: 5198 → 5210 (+12)
[WS][SHARED] ✓ 检测到seq增长: 5210 → 5222 (+12)
[WS][SHARED][SKIP] 跳过策略调用 (总跳过次数=2002): seq和updated_at都未变化且距上次tick仅4.0秒
[WS][SHARED][SKIP] 当前状态: seq=5222, last_seq=5222, bid=0.954, ask=0.957
[WS][SHARED] ✓ 检测到seq增长: 5222 → 5234 (+12)
[WS][SHARED] seq=5234, updates=15 (28.1/min), bid=0.954, ask=0.957, price=0.9555
[WS][SHARED] ✓ 检测到seq增长: 5234 → 5246 (+12)
[MAIN_LOOP] ✓ 主循环运行中 (iterations=1387, use_shared_ws=True)
[WS][SHARED][DEBUG] 读取统计: read=1388, skip=2026, 当前seq=5246 (last=5246), updated_at=1769190293.48 (last=1769190293.48)
[WS][SHARED] ✓ 检测到seq增长: 5246 → 5524 (+278)
[PX] bid=0.9540 ask=0.9570 mid=0.9555 last=0.9555 | state=FLAT awaiting=None entry=None
    时间窗口: 60.0m | 采样点数: 375
    窗口跌幅: 当前 0.00% / 最大 0.00% / 阈值 0.10%
    窗口价格(mid): 高 0.9555 / 低 0.9555
    信号超时: 14.3分钟无信号 / 阈值 60分钟
[WS][SHARED] ✓ 检测到seq增长: 5524 → 5561 (+37)
[WS][SHARED] ✓ 检测到seq增长: 5561 → 5589 (+28)
[WS][SHARED] ✓ 检测到seq增长: 5589 → 5630 (+41)
[WS][SHARED] ✓ 检测到seq增长: 5630 → 5658 (+28)
[WS][SHARED] ✓ 检测到seq增长: 5658 → 5686 (+28)
[WS][SHARED] ✓ 检测到seq增长: 5686 → 5718 (+32)
[WS][SHARED] ✓ 检测到seq增长: 5718 → 5754 (+36)
[WS][SHARED] ✓ 检测到seq增长: 5754 → 5777 (+23)
[WS][SHARED] ✓ 检测到seq增长: 5777 → 5797 (+20)
[WS][SHARED] ✓ 检测到seq增长: 5797 → 5817 (+20)
[WS][SHARED] ✓ 检测到seq增长: 5817 → 5847 (+30)
[WS][SHARED][TRACE] 函数调用次数: 1401
[WS][SHARED] ✓ 检测到seq增长: 5847 → 5880 (+33)
[WS][SHARED] ✓ 检测到seq增长: 5880 → 5902 (+22)
[WS][SHARED] ✓ 检测到seq增长: 5902 → 5920 (+18)
[WS][SHARED] ✓ 检测到seq增长: 5920 → 5941 (+21)
[WS][SHARED] ✓ 检测到seq增长: 5941 → 5951 (+10)
[WS][SHARED] ✓ 检测到seq增长: 5951 → 5979 (+28)
[WS][SHARED] ✓ 检测到seq增长: 5979 → 6012 (+33)
[WS][SHARED] ✓ 检测到seq增长: 6012 → 6024 (+12)
[WS][SHARED] ✓ 检测到seq增长: 6024 → 6081 (+57)
[WS][SHARED] ✓ 检测到seq增长: 6081 → 6107 (+26)
[WS][SHARED] ✓ 检测到seq增长: 6107 → 6123 (+16)
[WS][SHARED] ✓ 检测到seq增长: 6123 → 6152 (+29)
[WS][SHARED] ✓ 检测到seq增长: 6152 → 6184 (+32)
[WS][SHARED] seq=6184, updates=27 (53.4/min), bid=0.954, ask=0.957, price=0.9555
[WS][SHARED] ✓ 检测到seq增长: 6184 → 6199 (+15)
[WS][SHARED] ✓ 检测到seq增长: 6199 → 6221 (+22)
[WS][SHARED] ✓ 检测到seq增长: 6221 → 6257 (+36)
[WS][SHARED] ✓ 检测到seq增长: 6257 → 6286 (+29)
[WS][SHARED] ✓ 检测到seq增长: 6286 → 6319 (+33)
[WS][SHARED] ✓ 检测到seq增长: 6319 → 6357 (+38)
[WS][SHARED] ✓ 检测到seq增长: 6357 → 6393 (+36)
[WS][SHARED] ✓ 检测到seq增长: 6393 → 6417 (+24)
[WS][SHARED] ✓ 检测到seq增长: 6417 → 6431 (+14)
[WS][SHARED] ✓ 检测到seq增长: 6431 → 6481 (+50)
[WS][SHARED] ✓ 检测到seq增长: 6481 → 6502 (+21)
[WS][SHARED] ✓ 检测到seq增长: 6502 → 6515 (+13)
[WS][SHARED] ✓ 检测到seq增长: 6515 → 6525 (+10)
[WS][SHARED] ✓ 检测到seq增长: 6525 → 6539 (+14)
[WS][SHARED] ✓ 检测到seq增长: 6539 → 6541 (+2)
[WS][SHARED] ✓ 检测到seq增长: 6541 → 6561 (+20)
[WS][SHARED] ✓ 检测到seq增长: 6561 → 6582 (+21)
[WS][SHARED] ✓ 检测到seq增长: 6582 → 6600 (+18)
[WS][SHARED] ✓ 检测到seq增长: 6600 → 6621 (+21)
[WS][SHARED] ✓ 检测到seq增长: 6621 → 6641 (+20)
[WS][SHARED] ✓ 检测到seq增长: 6641 → 6659 (+18)
[WS][SHARED] ✓ 检测到seq增长: 6659 → 6667 (+8)
[WS][SHARED] ✓ 检测到seq增长: 6667 → 6698 (+31)
[WS][SHARED] ✓ 检测到seq增长: 6698 → 6709 (+11)
[WS][SHARED] ✓ 检测到seq增长: 6709 → 6722 (+13)
[WS][SHARED] ✓ 检测到seq增长: 6722 → 6733 (+11)
[WS][SHARED] ✓ 检测到seq增长: 6733 → 6750 (+17)
[WS][SHARED] ✓ 检测到seq增长: 6750 → 6754 (+4)
[WS][SHARED] ✓ 检测到seq增长: 6754 → 6763 (+9)
[WS][SHARED] ✓ 检测到seq增长: 6763 → 6773 (+10)
[WS][SHARED] ✓ 检测到seq增长: 6773 → 6782 (+9)
[WS][SHARED] ✓ 检测到seq增长: 6782 → 6794 (+12)
[WS][SHARED] ✓ 检测到seq增长: 6794 → 6808 (+14)
[WS][SHARED] ✓ 检测到seq增长: 6808 → 6815 (+7)
[WS][SHARED] ✓ 检测到seq增长: 6815 → 6826 (+11)
[WS][SHARED] ✓ 检测到seq增长: 6826 → 6848 (+22)
[PX] bid=0.9540 ask=0.9570 mid=0.9555 last=0.9555 | state=FLAT awaiting=None entry=None
    时间窗口: 60.0m | 采样点数: 435
    窗口跌幅: 当前 0.00% / 最大 0.00% / 阈值 0.10%
    窗口价格(mid): 高 0.9555 / 低 0.9555
    信号超时: 14.8分钟无信号 / 阈值 60分钟
[WS][SHARED] ✓ 检测到seq增长: 6848 → 6863 (+15)
[WS][SHARED] ✓ 检测到seq增长: 6863 → 6881 (+18)
[WS][SHARED] ✓ 检测到seq增长: 6881 → 6892 (+11)
[WS][SHARED] ✓ 检测到seq增长: 6892 → 6906 (+14)
[WS][SHARED] ✓ 检测到seq增长: 6906 → 6926 (+20)
[WS][SHARED] ✓ 检测到seq增长: 6926 → 6944 (+18)
[WS][SHARED] ✓ 检测到seq增长: 6944 → 6955 (+11)
[WS][SHARED] ✓ 检测到seq增长: 6955 → 6968 (+13)
[WS][SHARED] ✓ 检测到seq增长: 6968 → 6991 (+23)
[WS][SHARED] ✓ 检测到seq增长: 6991 → 7008 (+17)
[WS][SHARED] ✓ 检测到seq增长: 7008 → 7038 (+30)
[WS][SHARED] ✓ 检测到seq增长: 7038 → 7064 (+26)
[WS][SHARED] ✓ 检测到seq增长: 7064 → 7110 (+46)
[WS][SHARED] ✓ 检测到seq增长: 7110 → 7140 (+30)
[WS][SHARED] ✓ 检测到seq增长: 7140 → 7172 (+32)
[WS][SHARED] ✓ 检测到seq增长: 7172 → 7193 (+21)
[WS][SHARED] ✓ 检测到seq增长: 7193 → 7226 (+33)
[WS][SHARED] ✓ 检测到seq增长: 7226 → 7242 (+16)
[WS][SHARED] ✓ 检测到seq增长: 7242 → 7249 (+7)
[WS][SHARED] ✓ 检测到seq增长: 7249 → 7257 (+8)
[WS][SHARED] ✓ 检测到seq增长: 7257 → 7263 (+6)
[WS][SHARED] ✓ 检测到seq增长: 7263 → 7265 (+2)
[WS][SHARED] ✓ 检测到seq增长: 7266 → 7268 (+2)
[WS][SHARED] seq=7268, updates=60 (119.7/min), bid=0.954, ask=0.957, price=0.9555
[WS][SHARED] ✓ 检测到seq增长: 7268 → 7272 (+4)
[WS][SHARED] ✓ 检测到seq增长: 7272 → 7283 (+11)
[WS][SHARED] ✓ 检测到seq增长: 7284 → 7286 (+2)
[WS][SHARED] ✓ 检测到seq增长: 7286 → 7289 (+3)
[MAIN_LOOP] ✓ 主循环运行中 (iterations=1486, use_shared_ws=True)
[WS][SHARED][DEBUG] 读取统计: read=1487, skip=2044, 当前seq=7296 (last=7289), updated_at=1769190359.36 (last=1769190359.23)
[WS][SHARED] ✓ 检测到seq增长: 7289 → 7296 (+7)
[WS][SHARED] ✓ 检测到seq增长: 7296 → 7321 (+25)
[PX] bid=0.9540 ask=0.9570 mid=0.9555 last=0.9555 | state=FLAT awaiting=None entry=None
    时间窗口: 60.0m | 采样点数: 466
    窗口跌幅: 当前 0.00% / 最大 0.00% / 阈值 0.10%
    窗口价格(mid): 高 0.9555 / 低 0.9555
    信号超时: 15.3分钟无信号 / 阈值 60分钟
[WS][SHARED] ✓ 检测到seq增长: 7321 → 7329 (+8)
[WS][SHARED] ✓ 检测到seq增长: 7329 → 7337 (+8)
[WS][SHARED][TRACE] 函数调用次数: 1501
[WS][SHARED] seq=7337, updates=11 (21.9/min), bid=0.954, ask=0.957, price=0.9555
[WS][SHARED] ✓ 检测到seq增长: 7337 → 7341 (+4)
[WS][SHARED] ✓ 检测到seq增长: 7341 → 7345 (+4)
[WS][SHARED] ✓ 检测到seq增长: 7345 → 7347 (+2)
[WS][SHARED] ✓ 检测到seq增长: 7347 → 7353 (+6)
[WS][SHARED] ✓ 检测到seq增长: 7353 → 7357 (+4)
[PX] bid=0.9540 ask=0.9570 mid=0.9555 last=0.9555 | state=FLAT awaiting=None entry=None
    时间窗口: 60.0m | 采样点数: 476
    窗口跌幅: 当前 0.00% / 最大 0.00% / 阈值 0.10%
    窗口价格(mid): 高 0.9555 / 低 0.9555
    信号超时: 15.8分钟无信号 / 阈值 60分钟
[WS][SHARED][SKIP] 跳过策略调用 (总跳过次数=2202): seq和updated_at都未变化且距上次tick仅4.5秒
[WS][SHARED][SKIP] 当前状态: seq=7357, last_seq=7357, bid=0.954, ask=0.957
[WS][SHARED] seq=7357, updates=10 (17.4/min), bid=0.954, ask=0.957, price=0.9555
[MAIN_LOOP] ✓ 主循环运行中 (iterations=1585, use_shared_ws=True)
[WS][SHARED][DEBUG] 读取统计: read=1586, skip=2210, 当前seq=7357 (last=7357), updated_at=1769190397.42 (last=1769190397.42)
[WS][SHARED] ✓ 检测到seq增长: 7357 → 7359 (+2)
[PX] bid=0.9540 ask=0.9570 mid=0.9555 last=0.9555 | state=FLAT awaiting=None entry=None
    时间窗口: 60.0m | 采样点数: 481
    窗口跌幅: 当前 0.00% / 最大 0.00% / 阈值 0.10%
    窗口价格(mid): 高 0.9555 / 低 0.9555
    信号超时: 16.3分钟无信号 / 阈值 60分钟
[WS][SHARED] ✓ 检测到seq增长: 7359 → 7361 (+2)
[WS][SHARED] ✓ 检测到seq增长: 7361 → 7363 (+2)
[WS][SHARED][TRACE] 函数调用次数: 1601
[WS][SHARED] seq=7363, updates=7 (12.1/min), bid=0.954, ask=0.957, price=0.9555
[PX] bid=0.9540 ask=0.9570 mid=0.9555 last=0.9555 | state=FLAT awaiting=None entry=None
    时间窗口: 60.0m | 采样点数: 488
    窗口跌幅: 当前 0.00% / 最大 0.00% / 阈值 0.10%
    窗口价格(mid): 高 0.9555 / 低 0.9555
    信号超时: 16.8分钟无信号 / 阈值 60分钟
[WS][SHARED] ✓ 检测到seq增长: 7364 → 7366 (+2)
[MAIN_LOOP] ✓ 主循环运行中 (iterations=1684, use_shared_ws=True)
[WS][SHARED][DEBUG] 读取统计: read=1685, skip=2380, 当前seq=7368 (last=7368), updated_at=1769190475.25 (last=1769190475.25)
[WS][SHARED] ✓ 检测到seq增长: 7368 → 7382 (+14)
[WS][SHARED] seq=7382, updates=8 (12.3/min), bid=0.954, ask=0.957, price=0.9555
[PX] bid=0.9540 ask=0.9570 mid=0.9555 last=0.9555 | state=FLAT awaiting=None entry=None
    时间窗口: 60.0m | 采样点数: 495
    窗口跌幅: 当前 0.00% / 最大 0.00% / 阈值 0.10%
    窗口价格(mid): 高 0.9555 / 低 0.9555
    信号超时: 17.3分钟无信号 / 阈值 60分钟
[WS][SHARED][SKIP] 跳过策略调用 (总跳过次数=2402): seq和updated_at都未变化且距上次tick仅0.5秒
[WS][SHARED][SKIP] 当前状态: seq=7383, last_seq=7383, bid=0.954, ask=0.957
[WS][SHARED][TRACE] 函数调用次数: 1701
[PX] bid=0.9540 ask=0.9570 mid=0.9555 last=0.9555 | state=FLAT awaiting=None entry=None
    时间窗口: 60.0m | 采样点数: 501
    窗口跌幅: 当前 0.00% / 最大 0.00% / 阈值 0.10%
    窗口价格(mid): 高 0.9555 / 低 0.9555
    信号超时: 17.8分钟无信号 / 阈值 60分钟
[WS][SHARED] seq=7383, updates=7 (13.7/min), bid=0.954, ask=0.957, price=0.9555
[MAIN_LOOP] ✓ 主循环运行中 (iterations=1783, use_shared_ws=True)
[WS][SHARED][DEBUG] 读取统计: read=1784, skip=2554, 当前seq=7384 (last=7384), updated_at=1769190536.96 (last=1769190536.96)
[WS][SHARED] ✓ 检测到seq增长: 7384 → 7397 (+13)
[PX] bid=0.9540 ask=0.9570 mid=0.9555 last=0.9555 | state=FLAT awaiting=None entry=None
    时间窗口: 60.0m | 采样点数: 507
    窗口跌幅: 当前 0.00% / 最大 0.00% / 阈值 0.10%
    窗口价格(mid): 高 0.9555 / 低 0.9555
    信号超时: 18.3分钟无信号 / 阈值 60分钟
[WS][SHARED] ✓ 检测到seq增长: 7397 → 7399 (+2)
[WS][SHARED] seq=7399, updates=6 (10.4/min), bid=0.954, ask=0.957, price=0.9555
[WS][SHARED] ✓ 检测到seq增长: 7399 → 7401 (+2)
[WS][SHARED][TRACE] 函数调用次数: 1801
[WS][SHARED] ✓ 检测到seq增长: 7403 → 7405 (+2)
[WS][SHARED][SKIP] 跳过策略调用 (总跳过次数=2602): seq和updated_at都未变化且距上次tick仅4.0秒
[WS][SHARED][SKIP] 当前状态: seq=7405, last_seq=7405, bid=0.954, ask=0.957
[WS][SHARED] ✓ 检测到seq增长: 7405 → 7407 (+2)
[WS][SHARED] ✓ 检测到seq增长: 7407 → 7409 (+2)
[WS][SHARED] ✓ 检测到seq增长: 7410 → 7412 (+2)
[PX] bid=0.9540 ask=0.9570 mid=0.9555 last=0.9555 | state=FLAT awaiting=None entry=None
    时间窗口: 60.0m | 采样点数: 518
    窗口跌幅: 当前 0.00% / 最大 0.00% / 阈值 0.10%
    窗口价格(mid): 高 0.9555 / 低 0.9555
    信号超时: 18.8分钟无信号 / 阈值 60分钟
[WS][SHARED] ✓ 检测到seq增长: 7412 → 7414 (+2)
[WS][SHARED] ✓ 检测到seq增长: 7414 → 7416 (+2)
[WS][SHARED] seq=7416, updates=13 (24.3/min), bid=0.954, ask=0.957, price=0.9555
[WS][SHARED] ✓ 检测到seq增长: 7416 → 7419 (+3)
[WS][SHARED] ✓ 检测到seq增长: 7419 → 7422 (+3)
[WS][SHARED] ✓ 检测到seq增长: 7425 → 7427 (+2)
[MAIN_LOOP] ✓ 主循环运行中 (iterations=1882, use_shared_ws=True)
[WS][SHARED][DEBUG] 读取统计: read=1883, skip=2710, 当前seq=7427 (last=7427), updated_at=1769190600.04 (last=1769190600.04)
[WS][SHARED] ✓ 检测到seq增长: 7427 → 7447 (+20)
[PX] bid=0.9540 ask=0.9570 mid=0.9555 last=0.9555 | state=FLAT awaiting=None entry=None
    时间窗口: 60.0m | 采样点数: 528
    窗口跌幅: 当前 0.00% / 最大 0.00% / 阈值 0.10%
    窗口价格(mid): 高 0.9555 / 低 0.9555
    信号超时: 19.3分钟无信号 / 阈值 60分钟
[WS][SHARED] ✓ 检测到seq增长: 7447 → 7452 (+5)
[WS][SHARED] ✓ 检测到seq增长: 7452 → 7457 (+5)
[WS][SHARED] ✓ 检测到seq增长: 7458 → 7466 (+8)
[WS][SHARED] seq=7466, updates=12 (23.4/min), bid=0.954, ask=0.957, price=0.9555
[WS][SHARED][TRACE] 函数调用次数: 1901
[WS][SHARED] ✓ 检测到seq增长: 7468 → 7472 (+4)
[WS][SHARED] ✓ 检测到seq增长: 7472 → 7474 (+2)
[WS][SHARED] ✓ 检测到seq增长: 7474 → 7476 (+2)
[WS][SHARED] ✓ 检测到seq增长: 7476 → 7480 (+4)
[WS][SHARED] ✓ 检测到seq增长: 7481 → 7483 (+2)
[WS][SHARED] ✓ 检测到seq增长: 7483 → 7486 (+3)
[WS][SHARED] ✓ 检测到seq增长: 7486 → 7488 (+2)
[WS][SHARED] ✓ 检测到seq增长: 7488 → 7491 (+3)
[WS][SHARED] ✓ 检测到seq增长: 7493 → 7495 (+2)
[WS][SHARED] ✓ 检测到seq增长: 7495 → 7498 (+3)
[WS][SHARED] ✓ 检测到seq增长: 7498 → 7501 (+3)
[WS][SHARED] ✓ 检测到seq增长: 7501 → 7503 (+2)
[WS][SHARED] ✓ 检测到seq增长: 7506 → 7508 (+2)
[WS][SHARED] ✓ 检测到seq增长: 7508 → 7510 (+2)
[WS][SHARED] ✓ 检测到seq增长: 7516 → 7518 (+2)
[PX] bid=0.9540 ask=0.9570 mid=0.9555 last=0.9555 | state=FLAT awaiting=None entry=None
    时间窗口: 60.0m | 采样点数: 564
    窗口跌幅: 当前 0.00% / 最大 0.00% / 阈值 0.10%
    窗口价格(mid): 高 0.9555 / 低 0.9555
    信号超时: 19.8分钟无信号 / 阈值 60分钟
[WS][SHARED] seq=7526, updates=37 (71.4/min), bid=0.954, ask=0.957, price=0.9555
[WS][SHARED] ✓ 检测到seq增长: 7528 → 7530 (+2)
[WS][SHARED] ✓ 检测到seq增长: 7533 → 7537 (+4)
[WS][SHARED][SKIP] 跳过策略调用 (总跳过次数=2802): seq和updated_at都未变化且距上次tick仅0.5秒
[WS][SHARED][SKIP] 当前状态: seq=7537, last_seq=7537, bid=0.954, ask=0.957
[WS][SHARED] ✓ 检测到seq增长: 7538 → 7542 (+4)
[MAIN_LOOP] ✓ 主循环运行中 (iterations=1981, use_shared_ws=True)
[WS][SHARED][DEBUG] 读取统计: read=1982, skip=2804, 当前seq=7543 (last=7542), updated_at=1769190660.90 (last=1769190660.06)
[WS][SHARED] ✓ 检测到seq增长: 7543 → 7563 (+20)
[PX] bid=0.9540 ask=0.9570 mid=0.9555 last=0.9555 | state=FLAT awaiting=None entry=None
    时间窗口: 60.0m | 采样点数: 581
    窗口跌幅: 当前 0.00% / 最大 0.00% / 阈值 0.10%
    窗口价格(mid): 高 0.9555 / 低 0.9555
    信号超时: 20.3分钟无信号 / 阈值 60分钟
[WS][SHARED][TRACE] 函数调用次数: 2001
[WS][SHARED] seq=7566, updates=15 (29.6/min), bid=0.954, ask=0.957, price=0.9555
[PX] bid=0.9540 ask=0.9570 mid=0.9555 last=0.9555 | state=FLAT awaiting=None entry=None
    时间窗口: 60.0m | 采样点数: 591
    窗口跌幅: 当前 0.00% / 最大 0.00% / 阈值 0.10%
    窗口价格(mid): 高 0.9555 / 低 0.9555
    信号超时: 20.8分钟无信号 / 阈值 60分钟
[WS][SHARED] seq=7569, updates=8 (15.2/min), bid=0.954, ask=0.957, price=0.9555
[MAIN_LOOP] ✓ 主循环运行中 (iterations=2080, use_shared_ws=True)
[WS][SHARED][DEBUG] 读取统计: read=2081, skip=2970, 当前seq=7570 (last=7570), updated_at=1769190713.60 (last=1769190713.60)
[WS][SHARED] ✓ 检测到seq增长: 7570 → 7572 (+2)
[PX] bid=0.9540 ask=0.9570 mid=0.9555 last=0.9555 | state=FLAT awaiting=None entry=None
    时间窗口: 60.0m | 采样点数: 596
    窗口跌幅: 当前 0.00% / 最大 0.00% / 阈值 0.10%
    窗口价格(mid): 高 0.9555 / 低 0.9555
    信号超时: 21.3分钟无信号 / 阈值 60分钟
[WS][SHARED][SKIP] 跳过策略调用 (总跳过次数=3002): seq和updated_at都未变化且距上次tick仅3.0秒
[WS][SHARED][SKIP] 当前状态: seq=7572, last_seq=7572, bid=0.954, ask=0.957
[WS][SHARED][TRACE] 函数调用次数: 2101
[WS][SHARED] seq=7572, updates=6 (10.7/min), bid=0.954, ask=0.957, price=0.9555
[PX] bid=0.9540 ask=0.9570 mid=0.9555 last=0.9555 | state=FLAT awaiting=None entry=None
    时间窗口: 60.0m | 采样点数: 600
    窗口跌幅: 当前 0.00% / 最大 0.00% / 阈值 0.10%
    窗口价格(mid): 高 0.9555 / 低 0.9555
    信号超时: 21.8分钟无信号 / 阈值 60分钟
[WS][SHARED] ✓ 检测到seq增长: 7574 → 7576 (+2)
[WS][SHARED] seq=7576, updates=8 (15.7/min), bid=0.954, ask=0.957, price=0.9555
[MAIN_LOOP] ✓ 主循环运行中 (iterations=2181, use_shared_ws=True)
[WS][SHARED][DEBUG] 读取统计: read=2182, skip=3148, 当前seq=7576 (last=7576), updated_at=1769190771.29 (last=1769190771.29)
[WS][SHARED] ✓ 检测到seq增长: 7576 → 7580 (+4)
[PX] bid=0.9540 ask=0.9570 mid=0.9555 last=0.9555 | state=FLAT awaiting=None entry=None
    时间窗口: 60.0m | 采样点数: 600
    窗口跌幅: 当前 0.00% / 最大 0.00% / 阈值 0.10%
    窗口价格(mid): 高 0.9555 / 低 0.9555
    信号超时: 22.3分钟无信号 / 阈值 60分钟
[WS][SHARED][TRACE] 函数调用次数: 2201
[WS][SHARED][SKIP] 跳过策略调用 (总跳过次数=3202): seq和updated_at都未变化且距上次tick仅4.0秒
[WS][SHARED][SKIP] 当前状态: seq=7580, last_seq=7580, bid=0.954, ask=0.957
[WS][SHARED] seq=7580, updates=4 (7.8/min), bid=0.954, ask=0.957, price=0.9555
[WS][SHARED] ✓ 检测到seq增长: 7583 → 7585 (+2)
[WS][SHARED] ✓ 检测到seq增长: 7585 → 7587 (+2)
[WS][SHARED] ✓ 检测到seq增长: 7591 → 7593 (+2)
[PX] bid=0.9540 ask=0.9570 mid=0.9555 last=0.9555 | state=FLAT awaiting=None entry=None
    时间窗口: 60.0m | 采样点数: 600
    窗口跌幅: 当前 0.00% / 最大 0.00% / 阈值 0.10%
    窗口价格(mid): 高 0.9555 / 低 0.9555
    信号超时: 22.8分钟无信号 / 阈值 60分钟
[WS][SHARED] ✓ 检测到seq增长: 7593 → 7595 (+2)
[WS][SHARED] seq=7595, updates=15 (28.1/min), bid=0.954, ask=0.957, price=0.9555
[MAIN_LOOP] ✓ 主循环运行中 (iterations=2280, use_shared_ws=True)
[WS][SHARED][DEBUG] 读取统计: read=2281, skip=3308, 当前seq=7595 (last=7595), updated_at=1769190829.23 (last=1769190829.23)
[PX] bid=0.9540 ask=0.9570 mid=0.9555 last=0.9555 | state=FLAT awaiting=None entry=None
    时间窗口: 60.0m | 采样点数: 600
    窗口跌幅: 当前 0.00% / 最大 0.00% / 阈值 0.10%
    窗口价格(mid): 高 0.9555 / 低 0.9555
    信号超时: 23.3分钟无信号 / 阈值 60分钟
[WS][SHARED][TRACE] 函数调用次数: 2301
[WS][SHARED] seq=7597, updates=6 (11.2/min), bid=0.954, ask=0.957, price=0.9555
[WS][SHARED][SKIP] 跳过策略调用 (总跳过次数=3402): seq和updated_at都未变化且距上次tick仅1.0秒
[WS][SHARED][SKIP] 当前状态: seq=7600, last_seq=7600, bid=0.954, ask=0.957
[PX] bid=0.9540 ask=0.9570 mid=0.9555 last=0.9555 | state=FLAT awaiting=None entry=None
    时间窗口: 60.0m | 采样点数: 600
    窗口跌幅: 当前 0.00% / 最大 0.00% / 阈值 0.10%
    窗口价格(mid): 高 0.9555 / 低 0.9555
    信号超时: 23.8分钟无信号 / 阈值 60分钟
[MAIN_LOOP] ✓ 主循环运行中 (iterations=2382, use_shared_ws=True)
[WS][SHARED][DEBUG] 读取统计: read=2383, skip=3486, 当前seq=7600 (last=7600), updated_at=1769190876.86 (last=1769190876.86)
[WS][SHARED] ✓ 检测到seq增长: 7600 → 7605 (+5)
[WS][SHARED] seq=7605, updates=8 (12.1/min), bid=0.954, ask=0.957, price=0.9555
[PX] bid=0.9540 ask=0.9570 mid=0.9555 last=0.9555 | state=FLAT awaiting=None entry=None
    时间窗口: 60.0m | 采样点数: 600
    窗口跌幅: 当前 0.00% / 最大 0.00% / 阈值 0.10%
    窗口价格(mid): 高 0.9555 / 低 0.9555
    信号超时: 24.3分钟无信号 / 阈值 60分钟
[WS][SHARED][TRACE] 函数调用次数: 2401
[WS][SHARED] seq=7607, updates=7 (13.7/min), bid=0.954, ask=0.957, price=0.9555
[WS][SHARED][SKIP] 跳过策略调用 (总跳过次数=3602): seq和updated_at都未变化且距上次tick仅1.5秒
[WS][SHARED][SKIP] 当前状态: seq=7607, last_seq=7607, bid=0.954, ask=0.957
[PX] bid=0.9540 ask=0.9570 mid=0.9555 last=0.9555 | state=FLAT awaiting=None entry=None
    时间窗口: 60.0m | 采样点数: 600
    窗口跌幅: 当前 0.00% / 最大 0.00% / 阈值 0.10%
    窗口价格(mid): 高 0.9555 / 低 0.9555
    信号超时: 24.8分钟无信号 / 阈值 60分钟
[WS][SHARED] ✓ 检测到seq增长: 7607 → 7609 (+2)
[MAIN_LOOP] ✓ 主循环运行中 (iterations=2484, use_shared_ws=True)
[WS][SHARED][DEBUG] 读取统计: read=2485, skip=3666, 当前seq=7609 (last=7609), updated_at=1769190960.33 (last=1769190960.33)
[WS][SHARED] ✓ 检测到seq增长: 7609 → 7611 (+2)
[WS][SHARED] ✓ 检测到seq增长: 7611 → 7614 (+3)
[WS][SHARED] seq=7614, updates=6 (11.5/min), bid=0.954, ask=0.957, price=0.9555
[PX] bid=0.9540 ask=0.9570 mid=0.9555 last=0.9555 | state=FLAT awaiting=None entry=None
    时间窗口: 60.0m | 采样点数: 600
    窗口跌幅: 当前 0.00% / 最大 0.00% / 阈值 0.10%
    窗口价格(mid): 高 0.9555 / 低 0.9555
    信号超时: 25.3分钟无信号 / 阈值 60分钟
[WS][SHARED][TRACE] 函数调用次数: 2501
[PX] bid=0.9540 ask=0.9570 mid=0.9555 last=0.9555 | state=FLAT awaiting=None entry=None
    时间窗口: 60.0m | 采样点数: 600
    窗口跌幅: 当前 0.00% / 最大 0.00% / 阈值 0.10%
    窗口价格(mid): 高 0.9555 / 低 0.9555
    信号超时: 25.8分钟无信号 / 阈值 60分钟
[WS][SHARED] seq=7615, updates=7 (13.3/min), bid=0.954, ask=0.957, price=0.9555
[WS][SHARED][SKIP] 跳过策略调用 (总跳过次数=3802): seq和updated_at都未变化且距上次tick仅4.5秒
[WS][SHARED][SKIP] 当前状态: seq=7615, last_seq=7615, bid=0.954, ask=0.957
[MAIN_LOOP] ✓ 主循环运行中 (iterations=2586, use_shared_ws=True)
[WS][SHARED][DEBUG] 读取统计: read=2587, skip=3846, 当前seq=7615 (last=7615), updated_at=1769190979.27 (last=1769190979.27)
[WS][SHARED] ✓ 检测到seq增长: 7615 → 7617 (+2)
[PX] bid=0.9540 ask=0.9570 mid=0.9555 last=0.9555 | state=FLAT awaiting=None entry=None
    时间窗口: 60.0m | 采样点数: 600
    窗口跌幅: 当前 0.00% / 最大 0.00% / 阈值 0.10%
    窗口价格(mid): 高 0.9555 / 低 0.9555
    信号超时: 26.3分钟无信号 / 阈值 60分钟
[WS][SHARED] seq=7617, updates=5 (9.1/min), bid=0.954, ask=0.957, price=0.9555
[WS][SHARED][TRACE] 函数调用次数: 2601
[WS][SHARED] ✓ 检测到seq增长: 7617 → 7620 (+3)
[WS][SHARED] ✓ 检测到seq增长: 7620 → 7622 (+2)
[WS][SHARED] ✓ 检测到seq增长: 7622 → 7624 (+2)
[WS][SHARED] ✓ 检测到seq增长: 7624 → 7626 (+2)
[PX] bid=0.9540 ask=0.9570 mid=0.9555 last=0.9555 | state=FLAT awaiting=None entry=None
    时间窗口: 60.0m | 采样点数: 600
    窗口跌幅: 当前 0.00% / 最大 0.00% / 阈值 0.10%
    窗口价格(mid): 高 0.9555 / 低 0.9555
    信号超时: 26.8分钟无信号 / 阈值 60分钟
[WS][SHARED] seq=7628, updates=9 (18.0/min), bid=0.954, ask=0.957, price=0.9555
[WS][SHARED][SKIP] 跳过策略调用 (总跳过次数=4002): seq和updated_at都未变化且距上次tick仅3.0秒
[WS][SHARED][SKIP] 当前状态: seq=7629, last_seq=7629, bid=0.954, ask=0.957
[MAIN_LOOP] ✓ 主循环运行中 (iterations=2686, use_shared_ws=True)
[WS][SHARED][DEBUG] 读取统计: read=2687, skip=4018, 当前seq=7629 (last=7629), updated_at=1769191069.33 (last=1769191069.33)
[WS][SHARED] ✓ 检测到seq增长: 7629 → 7631 (+2)
[PX] bid=0.9540 ask=0.9570 mid=0.9555 last=0.9555 | state=FLAT awaiting=None entry=None
    时间窗口: 60.0m | 采样点数: 600
    窗口跌幅: 当前 0.00% / 最大 0.00% / 阈值 0.10%
    窗口价格(mid): 高 0.9555 / 低 0.9555
    信号超时: 27.3分钟无信号 / 阈值 60分钟
[WS][SHARED][TRACE] 函数调用次数: 2701
[WS][SHARED] ✓ 检测到seq增长: 7631 → 7633 (+2)
[WS][SHARED] seq=7633, updates=6 (11.3/min), bid=0.954, ask=0.957, price=0.9555
[WS][SHARED] ✓ 检测到seq增长: 7633 → 7635 (+2)
[PX] bid=0.9540 ask=0.9570 mid=0.9555 last=0.9555 | state=FLAT awaiting=None entry=None
    时间窗口: 60.0m | 采样点数: 600
    窗口跌幅: 当前 0.00% / 最大 0.00% / 阈值 0.10%
    窗口价格(mid): 高 0.9555 / 低 0.9555
    信号超时: 27.8分钟无信号 / 阈值 60分钟
[WS][SHARED] ✓ 检测到seq增长: 7635 → 7637 (+2)
[WS][SHARED] seq=7637, updates=8 (13.9/min), bid=0.954, ask=0.957, price=0.9555
[MAIN_LOOP] ✓ 主循环运行中 (iterations=2788, use_shared_ws=True)
[WS][SHARED][DEBUG] 读取统计: read=2789, skip=4198, 当前seq=7637 (last=7637), updated_at=1769191129.19 (last=1769191129.19)
[WS][SHARED] ✓ 检测到seq增长: 7637 → 7639 (+2)
[WS][SHARED][SKIP] 跳过策略调用 (总跳过次数=4202): seq和updated_at都未变化且距上次tick仅0.5秒
[WS][SHARED][SKIP] 当前状态: seq=7639, last_seq=7639, bid=0.954, ask=0.957
[PX] bid=0.9540 ask=0.9570 mid=0.9555 last=0.9555 | state=FLAT awaiting=None entry=None
    时间窗口: 60.0m | 采样点数: 600
    窗口跌幅: 当前 0.00% / 最大 0.00% / 阈值 0.10%
    窗口价格(mid): 高 0.9555 / 低 0.9555
    信号超时: 28.3分钟无信号 / 阈值 60分钟
[WS][SHARED][TRACE] 函数调用次数: 2801
[WS][SHARED] seq=7639, updates=5 (8.7/min), bid=0.954, ask=0.957, price=0.9555
[PX] bid=0.9540 ask=0.9570 mid=0.9555 last=0.9555 | state=FLAT awaiting=None entry=None
    时间窗口: 60.0m | 采样点数: 600
    窗口跌幅: 当前 0.00% / 最大 0.00% / 阈值 0.10%
    窗口价格(mid): 高 0.9555 / 低 0.9555
    信号超时: 28.8分钟无信号 / 阈值 60分钟
[WS][SHARED] seq=7641, updates=8 (14.1/min), bid=0.954, ask=0.957, price=0.9555
[MAIN_LOOP] ✓ 主循环运行中 (iterations=2888, use_shared_ws=True)
[WS][SHARED][DEBUG] 读取统计: read=2889, skip=4374, 当前seq=7641 (last=7641), updated_at=1769191177.27 (last=1769191177.27)
[WS][SHARED] ✓ 检测到seq增长: 7641 → 7645 (+4)
[PX] bid=0.9540 ask=0.9570 mid=0.9555 last=0.9555 | state=FLAT awaiting=None entry=None
    时间窗口: 60.0m | 采样点数: 600
    窗口跌幅: 当前 0.00% / 最大 0.00% / 阈值 0.10%
    窗口价格(mid): 高 0.9555 / 低 0.9555
    信号超时: 29.3分钟无信号 / 阈值 60分钟
[WS][SHARED][TRACE] 函数调用次数: 2901
[WS][SHARED][SKIP] 跳过策略调用 (总跳过次数=4402): seq和updated_at都未变化且距上次tick仅0.5秒
[WS][SHARED][SKIP] 当前状态: seq=7648, last_seq=7648, bid=0.954, ask=0.957
[WS][SHARED] seq=7649, updates=8 (14.6/min), bid=0.954, ask=0.957, price=0.9555
[PX] bid=0.9540 ask=0.9570 mid=0.9555 last=0.9555 | state=FLAT awaiting=None entry=None
    时间窗口: 60.0m | 采样点数: 600
    窗口跌幅: 当前 0.00% / 最大 0.00% / 阈值 0.10%
    窗口价格(mid): 高 0.9555 / 低 0.9555
    信号超时: 29.8分钟无信号 / 阈值 60分钟
[WS][SHARED] ✓ 检测到seq增长: 7649 → 7652 (+3)
[MAIN_LOOP] ✓ 主循环运行中 (iterations=2987, use_shared_ws=True)
[WS][SHARED][DEBUG] 读取统计: read=2988, skip=4540, 当前seq=7655 (last=7655), updated_at=1769191260.90 (last=1769191260.90)
[WS][SHARED] seq=7655, updates=9 (14.1/min), bid=0.954, ask=0.957, price=0.9555
[PX] bid=0.9540 ask=0.9570 mid=0.9555 last=0.9555 | state=FLAT awaiting=None entry=None
    时间窗口: 60.0m | 采样点数: 600
    窗口跌幅: 当前 0.00% / 最大 0.00% / 阈值 0.10%
    窗口价格(mid): 高 0.9555 / 低 0.9555
    信号超时: 30.3分钟无信号 / 阈值 60分钟
[WS][SHARED][TRACE] 函数调用次数: 3001
[WS][SHARED][SKIP] 跳过策略调用 (总跳过次数=4602): seq和updated_at都未变化且距上次tick仅1.5秒
[WS][SHARED][SKIP] 当前状态: seq=7655, last_seq=7655, bid=0.954, ask=0.957
[WS][SHARED] ✓ 检测到seq增长: 7655 → 7657 (+2)
[PX] bid=0.9540 ask=0.9570 mid=0.9555 last=0.9555 | state=FLAT awaiting=None entry=None
    时间窗口: 60.0m | 采样点数: 600
    窗口跌幅: 当前 0.00% / 最大 0.00% / 阈值 0.10%
    窗口价格(mid): 高 0.9555 / 低 0.9555
    信号超时: 30.8分钟无信号 / 阈值 60分钟
[WS][SHARED] seq=7657, updates=7 (12.1/min), bid=0.954, ask=0.957, price=0.9555
[WS][SHARED] ✓ 检测到seq增长: 7657 → 7659 (+2)
[MAIN_LOOP] ✓ 主循环运行中 (iterations=3087, use_shared_ws=True)
[WS][SHARED][DEBUG] 读取统计: read=3088, skip=4718, 当前seq=7659 (last=7659), updated_at=1769191315.84 (last=1769191315.84)
[WS][SHARED] ✓ 检测到seq增长: 7659 → 7661 (+2)
[PX] bid=0.9540 ask=0.9570 mid=0.9555 last=0.9555 | state=FLAT awaiting=None entry=None
    时间窗口: 60.0m | 采样点数: 600
    窗口跌幅: 当前 0.00% / 最大 0.00% / 阈值 0.10%
    窗口价格(mid): 高 0.9555 / 低 0.9555
    信号超时: 31.3分钟无信号 / 阈值 60分钟
[WS][SHARED][TRACE] 函数调用次数: 3101
[WS][SHARED] ✓ 检测到seq增长: 7661 → 7666 (+5)
[WS][SHARED] seq=7666, updates=6 (10.7/min), bid=0.954, ask=0.957, price=0.9555
[WS][SHARED][SKIP] 跳过策略调用 (总跳过次数=4802): seq和updated_at都未变化且距上次tick仅3.5秒
[WS][SHARED][SKIP] 当前状态: seq=7667, last_seq=7667, bid=0.954, ask=0.957
[WS][SHARED] ✓ 检测到seq增长: 7668 → 7670 (+2)
[PX] bid=0.9540 ask=0.9570 mid=0.9555 last=0.9555 | state=FLAT awaiting=None entry=None
    时间窗口: 60.0m | 采样点数: 600
    窗口跌幅: 当前 0.00% / 最大 0.00% / 阈值 0.10%
    窗口价格(mid): 高 0.9555 / 低 0.9555
    信号超时: 31.8分钟无信号 / 阈值 60分钟
[WS][SHARED] seq=7673, updates=11 (21.2/min), bid=0.954, ask=0.957, price=0.9555
[MAIN_LOOP] ✓ 主循环运行中 (iterations=3189, use_shared_ws=True)
[WS][SHARED][DEBUG] 读取统计: read=3190, skip=4890, 当前seq=7673 (last=7673), updated_at=1769191367.92 (last=1769191367.92)
[WS][SHARED] ✓ 检测到seq增长: 7673 → 7676 (+3)
[PX] bid=0.9540 ask=0.9570 mid=0.9555 last=0.9555 | state=FLAT awaiting=None entry=None
    时间窗口: 60.0m | 采样点数: 600
    窗口跌幅: 当前 0.00% / 最大 0.00% / 阈值 0.10%
    窗口价格(mid): 高 0.9555 / 低 0.9555
    信号超时: 32.4分钟无信号 / 阈值 60分钟
[WS][SHARED][TRACE] 函数调用次数: 3201
[WS][SHARED] seq=7676, updates=5 (9.8/min), bid=0.954, ask=0.957, price=0.9555
[WS][SHARED][SKIP] 跳过策略调用 (总跳过次数=5002): seq和updated_at都未变化且距上次tick仅3.0秒
[WS][SHARED][SKIP] 当前状态: seq=7678, last_seq=7678, bid=0.954, ask=0.957
[PX] bid=0.9540 ask=0.9570 mid=0.9555 last=0.9555 | state=FLAT awaiting=None entry=None
    时间窗口: 60.0m | 采样点数: 600
    窗口跌幅: 当前 0.00% / 最大 0.00% / 阈值 0.10%
    窗口价格(mid): 高 0.9555 / 低 0.9555
    信号超时: 32.9分钟无信号 / 阈值 60分钟
[WS][SHARED] ✓ 检测到seq增长: 7680 → 7682 (+2)
[WS][SHARED] seq=7682, updates=10 (17.9/min), bid=0.954, ask=0.957, price=0.9555
[MAIN_LOOP] ✓ 主循环运行中 (iterations=3290, use_shared_ws=True)
[WS][SHARED][DEBUG] 读取统计: read=3291, skip=5064, 当前seq=7682 (last=7682), updated_at=1769191432.27 (last=1769191432.27)
[PX] bid=0.9540 ask=0.9570 mid=0.9555 last=0.9555 | state=FLAT awaiting=None entry=None
    时间窗口: 60.0m | 采样点数: 600
    窗口跌幅: 当前 0.00% / 最大 0.00% / 阈值 0.10%
    窗口价格(mid): 高 0.9555 / 低 0.9555
    信号超时: 33.4分钟无信号 / 阈值 60分钟
[WS][SHARED][TRACE] 函数调用次数: 3301
[WS][SHARED] ✓ 检测到seq增长: 7683 → 7685 (+2)
[WS][SHARED] seq=7685, updates=6 (10.3/min), bid=0.954, ask=0.957, price=0.9555
[PX] bid=0.9540 ask=0.9570 mid=0.9555 last=0.9555 | state=FLAT awaiting=None entry=None
    时间窗口: 60.0m | 采样点数: 600
    窗口跌幅: 当前 0.00% / 最大 0.00% / 阈值 0.10%
    窗口价格(mid): 高 0.9555 / 低 0.9555
    信号超时: 33.9分钟无信号 / 阈值 60分钟
[WS][SHARED][SKIP] 跳过策略调用 (总跳过次数=5202): seq和updated_at都未变化且距上次tick仅4.5秒
[WS][SHARED][SKIP] 当前状态: seq=7686, last_seq=7686, bid=0.954, ask=0.957
[WS][SHARED] seq=7686, updates=6 (12.0/min), bid=0.954, ask=0.957, price=0.9555
[MAIN_LOOP] ✓ 主循环运行中 (iterations=3390, use_shared_ws=True)
[WS][SHARED][DEBUG] 读取统计: read=3391, skip=5242, 当前seq=7686 (last=7686), updated_at=1769191487.13 (last=1769191487.13)
[PX] bid=0.9540 ask=0.9570 mid=0.9555 last=0.9555 | state=FLAT awaiting=None entry=None
    时间窗口: 60.0m | 采样点数: 600
    窗口跌幅: 当前 0.00% / 最大 0.00% / 阈值 0.10%
    窗口价格(mid): 高 0.9555 / 低 0.9555
    信号超时: 34.4分钟无信号 / 阈值 60分钟
[WS][SHARED][TRACE] 函数调用次数: 3401
[WS][SHARED] seq=7686, updates=5 (9.4/min), bid=0.954, ask=0.957, price=0.9555
[PX] bid=0.9540 ask=0.9570 mid=0.9555 last=0.9555 | state=FLAT awaiting=None entry=None
    时间窗口: 60.0m | 采样点数: 600
    窗口跌幅: 当前 0.00% / 最大 0.00% / 阈值 0.10%
    窗口价格(mid): 高 0.9555 / 低 0.9555
    信号超时: 34.9分钟无信号 / 阈值 60分钟
[WS][SHARED][SKIP] 跳过策略调用 (总跳过次数=5402): seq和updated_at都未变化且距上次tick仅3.5秒
[WS][SHARED][SKIP] 当前状态: seq=7686, last_seq=7686, bid=0.954, ask=0.957
[MAIN_LOOP] ✓ 主循环运行中 (iterations=3491, use_shared_ws=True)
[WS][SHARED][DEBUG] 读取统计: read=3492, skip=5422, 当前seq=7687 (last=7687), updated_at=1769191563.60 (last=1769191563.60)
[WS][SHARED] ✓ 检测到seq增长: 7687 → 7689 (+2)
[WS][SHARED] seq=7689, updates=7 (10.2/min), bid=0.954, ask=0.957, price=0.9555
[WS][SHARED] ✓ 检测到seq增长: 7689 → 7692 (+3)
[WS][SHARED] ✓ 检测到seq增长: 7693 → 7696 (+3)
[PX] bid=0.9540 ask=0.9570 mid=0.9555 last=0.9555 | state=FLAT awaiting=None entry=None
    时间窗口: 60.0m | 采样点数: 600
    窗口跌幅: 当前 0.00% / 最大 0.00% / 阈值 0.10%
    窗口价格(mid): 高 0.9555 / 低 0.9555
    信号超时: 35.4分钟无信号 / 阈值 60分钟
[WS][SHARED] ✓ 检测到seq增长: 7696 → 7698 (+2)
[WS][SHARED][TRACE] 函数调用次数: 3501
[WS][SHARED] ✓ 检测到seq增长: 7698 → 7701 (+3)
[WS][SHARED] ✓ 检测到seq增长: 7701 → 7703 (+2)
[WS][SHARED] ✓ 检测到seq增长: 7703 → 7705 (+2)
[WS][SHARED] ✓ 检测到seq增长: 7705 → 7710 (+5)
[WS][SHARED] ✓ 检测到seq增长: 7710 → 7712 (+2)
[WS][SHARED] ✓ 检测到seq增长: 7712 → 7715 (+3)
[WS][SHARED] ✓ 检测到seq增长: 7717 → 7719 (+2)
[WS][SHARED] ✓ 检测到seq增长: 7720 → 7722 (+2)
[WS][SHARED] ✓ 检测到seq增长: 7722 → 7724 (+2)
[WS][SHARED] ✓ 检测到seq增长: 7724 → 7733 (+9)
[WS][SHARED] ✓ 检测到seq增长: 7734 → 7737 (+3)
[WS][SHARED] ✓ 检测到seq增长: 7737 → 7739 (+2)
[WS][SHARED] ✓ 检测到seq增长: 7739 → 7743 (+4)
[WS][SHARED] ✓ 检测到seq增长: 7743 → 7745 (+2)
[WS][SHARED] ✓ 检测到seq增长: 7747 → 7749 (+2)
[WS][SHARED] ✓ 检测到seq增长: 7749 → 7751 (+2)
[WS][SHARED] ✓ 检测到seq增长: 7752 → 7754 (+2)
[WS][SHARED] ✓ 检测到seq增长: 7756 → 7758 (+2)
[WS][SHARED] ✓ 检测到seq增长: 7758 → 7760 (+2)
[WS][SHARED] seq=7760, updates=32 (62.8/min), bid=0.954, ask=0.957, price=0.9555
[WS][SHARED] ✓ 检测到seq增长: 7760 → 7762 (+2)
[PX] bid=0.9540 ask=0.9570 mid=0.9555 last=0.9555 | state=FLAT awaiting=None entry=None
    时间窗口: 60.0m | 采样点数: 600
    窗口跌幅: 当前 0.00% / 最大 0.00% / 阈值 0.10%
    窗口价格(mid): 高 0.9555 / 低 0.9555
    信号超时: 35.9分钟无信号 / 阈值 60分钟
[WS][SHARED] ✓ 检测到seq增长: 7764 → 7766 (+2)
[MAIN_LOOP] ✓ 主循环运行中 (iterations=3590, use_shared_ws=True)
[WS][SHARED][DEBUG] 读取统计: read=3591, skip=5542, 当前seq=7766 (last=7766), updated_at=1769191618.09 (last=1769191618.09)
[PX] bid=0.9540 ask=0.9570 mid=0.9555 last=0.9555 | state=FLAT awaiting=None entry=None
    时间窗口: 60.0m | 采样点数: 600
    窗口跌幅: 当前 0.00% / 最大 0.00% / 阈值 0.10%
    窗口价格(mid): 高 0.9555 / 低 0.9555
    信号超时: 36.4分钟无信号 / 阈值 60分钟
[WS][SHARED] ✓ 检测到seq增长: 7766 → 7768 (+2)
[WS][SHARED] seq=7768, updates=8 (14.8/min), bid=0.954, ask=0.957, price=0.9555
[WS][SHARED] ✓ 检测到seq增长: 7768 → 7770 (+2)
[WS][SHARED][TRACE] 函数调用次数: 3601
[WS][SHARED][SKIP] 跳过策略调用 (总跳过次数=5602): seq和updated_at都未变化且距上次tick仅4.5秒
[WS][SHARED][SKIP] 当前状态: seq=7771, last_seq=7771, bid=0.954, ask=0.957
[PX] bid=0.9540 ask=0.9570 mid=0.9555 last=0.9555 | state=FLAT awaiting=None entry=None
    时间窗口: 60.0m | 采样点数: 600
    窗口跌幅: 当前 0.00% / 最大 0.00% / 阈值 0.10%
    窗口价格(mid): 高 0.9555 / 低 0.9555
    信号超时: 36.9分钟无信号 / 阈值 60分钟
[WS][SHARED] seq=7771, updates=8 (14.1/min), bid=0.954, ask=0.957, price=0.9555
[MAIN_LOOP] ✓ 主循环运行中 (iterations=3690, use_shared_ws=True)
[WS][SHARED][DEBUG] 读取统计: read=3691, skip=5718, 当前seq=7771 (last=7771), updated_at=1769191647.09 (last=1769191647.09)
[PX] bid=0.9540 ask=0.9570 mid=0.9555 last=0.9555 | state=FLAT awaiting=None entry=None
    时间窗口: 60.0m | 采样点数: 600
    窗口跌幅: 当前 0.00% / 最大 0.00% / 阈值 0.10%
    窗口价格(mid): 高 0.9555 / 低 0.9555
    信号超时: 37.4分钟无信号 / 阈值 60分钟
[WS][SHARED][TRACE] 函数调用次数: 3701
[WS][SHARED] seq=7771, updates=5 (8.9/min), bid=0.954, ask=0.957, price=0.9555
[WS][SHARED][SKIP] 跳过策略调用 (总跳过次数=5802): seq和updated_at都未变化且距上次tick仅2.5秒
[WS][SHARED][SKIP] 当前状态: seq=7771, last_seq=7771, bid=0.954, ask=0.957
[PX] bid=0.9540 ask=0.9570 mid=0.9555 last=0.9555 | state=FLAT awaiting=None entry=None
    时间窗口: 60.0m | 采样点数: 600
    窗口跌幅: 当前 0.00% / 最大 0.00% / 阈值 0.10%
    窗口价格(mid): 高 0.9555 / 低 0.9555
    信号超时: 37.9分钟无信号 / 阈值 60分钟
[WS][SHARED] seq=7771, updates=6 (12.0/min), bid=0.954, ask=0.957, price=0.9555
[MAIN_LOOP] ✓ 主循环运行中 (iterations=3789, use_shared_ws=True)
[WS][SHARED][DEBUG] 读取统计: read=3790, skip=5896, 当前seq=7772 (last=7772), updated_at=1769191740.84 (last=1769191740.84)
[WS][SHARED] ✓ 检测到seq增长: 7772 → 7799 (+27)
[WS][SHARED] ✓ 检测到seq增长: 7799 → 7803 (+4)
[WS][SHARED] ✓ 检测到seq增长: 7803 → 7805 (+2)
[WS][SHARED] ✓ 检测到seq增长: 7805 → 7808 (+3)
[WS][SHARED] ✓ 检测到seq增长: 7808 → 7810 (+2)
[WS][SHARED] ✓ 检测到seq增长: 7810 → 7814 (+4)
[PX] bid=0.9540 ask=0.9570 mid=0.9555 last=0.9555 | state=FLAT awaiting=None entry=None
    时间窗口: 60.0m | 采样点数: 600
    窗口跌幅: 当前 0.00% / 最大 0.00% / 阈值 0.10%
    窗口价格(mid): 高 0.9555 / 低 0.9555
    信号超时: 38.4分钟无信号 / 阈值 60分钟
[WS][SHARED][TRACE] 函数调用次数: 3801
[WS][SHARED] seq=7815, updates=9 (17.6/min), bid=0.954, ask=0.957, price=0.9555
[WS][SHARED] ✓ 检测到seq增长: 7815 → 7820 (+5)
[WS][SHARED] ✓ 检测到seq增长: 7820 → 7826 (+6)
[WS][SHARED] ✓ 检测到seq增长: 7826 → 7832 (+6)
[WS][SHARED] ✓ 检测到seq增长: 7832 → 7845 (+13)
[WS][SHARED] ✓ 检测到seq增长: 7846 → 7850 (+4)
[WS][SHARED] ✓ 检测到seq增长: 7850 → 7855 (+5)
[WS][SHARED] ✓ 检测到seq增长: 7855 → 7859 (+4)
[WS][SHARED] ✓ 检测到seq增长: 7860 → 7866 (+6)
[WS][SHARED] ✓ 检测到seq增长: 7866 → 7868 (+2)
[WS][SHARED] ✓ 检测到seq增长: 7868 → 7877 (+9)
[WS][SHARED] ✓ 检测到seq增长: 7877 → 7883 (+6)
[WS][SHARED] ✓ 检测到seq增长: 7883 → 7885 (+2)
[WS][SHARED] ✓ 检测到seq增长: 7885 → 7887 (+2)
[PX] bid=0.9540 ask=0.9570 mid=0.9555 last=0.9555 | state=FLAT awaiting=None entry=None
    时间窗口: 60.0m | 采样点数: 600
    窗口跌幅: 当前 0.00% / 最大 0.00% / 阈值 0.10%
    窗口价格(mid): 高 0.9555 / 低 0.9555
    信号超时: 38.9分钟无信号 / 阈值 60分钟
[WS][SHARED] ✓ 检测到seq增长: 7887 → 7889 (+2)
[WS][SHARED] ✓ 检测到seq增长: 7889 → 7891 (+2)
[WS][SHARED] ✓ 检测到seq增长: 7891 → 7895 (+4)
[WS][SHARED] ✓ 检测到seq增长: 7896 → 7899 (+3)
[WS][SHARED] ✓ 检测到seq增长: 7899 → 7905 (+6)
[WS][SHARED] ✓ 检测到seq增长: 7906 → 7911 (+5)
[WS][SHARED] ✓ 检测到seq增长: 7911 → 7913 (+2)
[WS][SHARED] ✓ 检测到seq增长: 7913 → 7919 (+6)
[WS][SHARED] ✓ 检测到seq增长: 7919 → 7921 (+2)
[WS][SHARED] seq=7924, updates=32 (57.2/min), bid=0.954, ask=0.957, price=0.9555
[WS][SHARED][SKIP] 跳过策略调用 (总跳过次数=6002): seq和updated_at都未变化且距上次tick仅1.0秒
[WS][SHARED][SKIP] 当前状态: seq=7924, last_seq=7924, bid=0.954, ask=0.957
[MAIN_LOOP] ✓ 主循环运行中 (iterations=3889, use_shared_ws=True)
[WS][SHARED][DEBUG] 读取统计: read=3890, skip=6016, 当前seq=7924 (last=7924), updated_at=1769191795.26 (last=1769191795.26)
[WS][SHARED] ✓ 检测到seq增长: 7924 → 7926 (+2)
[PX] bid=0.9540 ask=0.9570 mid=0.9555 last=0.9555 | state=FLAT awaiting=None entry=None
    时间窗口: 60.0m | 采样点数: 600
    窗口跌幅: 当前 0.00% / 最大 0.00% / 阈值 0.10%
    窗口价格(mid): 高 0.9555 / 低 0.9555
    信号超时: 39.4分钟无信号 / 阈值 60分钟
[WS][SHARED][TRACE] 函数调用次数: 3901
[WS][SHARED] ✓ 检测到seq增长: 7926 → 7928 (+2)
[WS][SHARED] seq=7928, updates=6 (10.4/min), bid=0.954, ask=0.957, price=0.9555
[PX] bid=0.9540 ask=0.9570 mid=0.9555 last=0.9555 | state=FLAT awaiting=None entry=None
    时间窗口: 60.0m | 采样点数: 600
    窗口跌幅: 当前 0.00% / 最大 0.00% / 阈值 0.10%
    窗口价格(mid): 高 0.9555 / 低 0.9555
    信号超时: 39.9分钟无信号 / 阈值 60分钟
[WS][SHARED] seq=7928, updates=6 (12.0/min), bid=0.954, ask=0.957, price=0.9555
[MAIN_LOOP] ✓ 主循环运行中 (iterations=3989, use_shared_ws=True)
[WS][SHARED][DEBUG] 读取统计: read=3990, skip=6192, 当前seq=7928 (last=7928), updated_at=1769191829.85 (last=1769191829.85)
[WS][SHARED] ✓ 检测到seq增长: 7928 → 7933 (+5)
[WS][SHARED] ✓ 检测到seq增长: 7933 → 7937 (+4)
[WS][SHARED] ✓ 检测到seq增长: 7937 → 7942 (+5)
[PX] bid=0.9540 ask=0.9570 mid=0.9555 last=0.9555 | state=FLAT awaiting=None entry=None
    时间窗口: 60.0m | 采样点数: 600
    窗口跌幅: 当前 0.00% / 最大 0.00% / 阈值 0.10%
    窗口价格(mid): 高 0.9555 / 低 0.9555
    信号超时: 40.4分钟无信号 / 阈值 60分钟
[WS][SHARED] ✓ 检测到seq增长: 7942 → 7945 (+3)
[WS][SHARED] ✓ 检测到seq增长: 7945 → 7951 (+6)
[WS][SHARED] ✓ 检测到seq增长: 7951 → 7955 (+4)
[WS][SHARED] ✓ 检测到seq增长: 7955 → 7958 (+3)
[WS][SHARED][TRACE] 函数调用次数: 4001
[WS][SHARED][SKIP] 跳过策略调用 (总跳过次数=6202): seq和updated_at都未变化且距上次tick仅0.5秒
[WS][SHARED][SKIP] 当前状态: seq=7958, last_seq=7958, bid=0.954, ask=0.957
[WS][SHARED] ✓ 检测到seq增长: 7959 → 7961 (+2)
[WS][SHARED] ✓ 检测到seq增长: 7962 → 7964 (+2)
[WS][SHARED] ✓ 检测到seq增长: 7964 → 7971 (+7)
[WS][SHARED] ✓ 检测到seq增长: 7971 → 7973 (+2)
[WS][SHARED] ✓ 检测到seq增长: 7973 → 7978 (+5)
[WS][SHARED] ✓ 检测到seq增长: 7978 → 7981 (+3)
[WS][SHARED] seq=7981, updates=16 (31.7/min), bid=0.954, ask=0.957, price=0.9555
[WS][SHARED] ✓ 检测到seq增长: 7981 → 7984 (+3)
[WS][SHARED] ✓ 检测到seq增长: 7984 → 7987 (+3)
[WS][SHARED] ✓ 检测到seq增长: 7987 → 7995 (+8)
[WS][SHARED] ✓ 检测到seq增长: 7995 → 8003 (+8)
[WS][SHARED] ✓ 检测到seq增长: 8003 → 8006 (+3)
[WS][SHARED] ✓ 检测到seq增长: 8006 → 8008 (+2)
[WS][SHARED] ✓ 检测到seq增长: 8009 → 8011 (+2)
[WS][SHARED] ✓ 检测到seq增长: 8011 → 8015 (+4)
[WS][SHARED] ✓ 检测到seq增长: 8015 → 8018 (+3)
[WS][SHARED] ✓ 检测到seq增长: 8018 → 8022 (+4)
[WS][SHARED] ✓ 检测到seq增长: 8022 → 8025 (+3)
[WS][SHARED] ✓ 检测到seq增长: 8025 → 8028 (+3)
[WS][SHARED] ✓ 检测到seq增长: 8029 → 8031 (+2)
[WS][SHARED] ✓ 检测到seq增长: 8031 → 8036 (+5)
[WS][SHARED] ✓ 检测到seq增长: 8036 → 8038 (+2)
[WS][SHARED] ✓ 检测到seq增长: 8038 → 8042 (+4)
[WS][SHARED] ✓ 检测到seq增长: 8042 → 8047 (+5)
[WS][SHARED] ✓ 检测到seq增长: 8047 → 8051 (+4)
[WS][SHARED] ✓ 检测到seq增长: 8051 → 8054 (+3)
[WS][SHARED] ✓ 检测到seq增长: 8054 → 8057 (+3)
[WS][SHARED] ✓ 检测到seq增长: 8057 → 8059 (+2)
[WS][SHARED] ✓ 检测到seq增长: 8059 → 8063 (+4)
[WS][SHARED] ✓ 检测到seq增长: 8063 → 8065 (+2)
[PX] bid=0.9540 ask=0.9570 mid=0.9555 last=0.9555 | state=FLAT awaiting=None entry=None
    时间窗口: 60.0m | 采样点数: 600
    窗口跌幅: 当前 0.00% / 最大 0.00% / 阈值 0.10%
    窗口价格(mid): 高 0.9555 / 低 0.9555
    信号超时: 40.9分钟无信号 / 阈值 60分钟
[WS][SHARED] ✓ 检测到seq增长: 8065 → 8069 (+4)
[WS][SHARED] ✓ 检测到seq增长: 8069 → 8071 (+2)
[WS][SHARED] ✓ 检测到seq增长: 8071 → 8078 (+7)
[WS][SHARED] ✓ 检测到seq增长: 8078 → 8083 (+5)
[WS][SHARED] ✓ 检测到seq增长: 8083 → 8085 (+2)
[WS][SHARED] ✓ 检测到seq增长: 8085 → 8088 (+3)
[WS][SHARED] ✓ 检测到seq增长: 8088 → 8093 (+5)
[WS][SHARED] ✓ 检测到seq增长: 8093 → 8095 (+2)
[WS][SHARED] ✓ 检测到seq增长: 8095 → 8101 (+6)
[WS][SHARED] ✓ 检测到seq增长: 8101 → 8104 (+3)
[WS][SHARED] ✓ 检测到seq增长: 8104 → 8106 (+2)
[WS][SHARED] ✓ 检测到seq增长: 8106 → 8110 (+4)
[MAIN_LOOP] ✓ 主循环运行中 (iterations=4089, use_shared_ws=True)
[WS][SHARED][DEBUG] 读取统计: read=4090, skip=6282, 当前seq=8111 (last=8111), updated_at=1769191916.28 (last=1769191916.28)
[WS][SHARED] ✓ 检测到seq增长: 8111 → 8150 (+39)
[WS][SHARED] seq=8150, updates=40 (58.8/min), bid=0.954, ask=0.957, price=0.9555
[WS][SHARED] ✓ 检测到seq增长: 8151 → 8153 (+2)
[WS][SHARED] ✓ 检测到seq增长: 8153 → 8157 (+4)
[WS][SHARED] ✓ 检测到seq增长: 8157 → 8161 (+4)
[WS][SHARED] ✓ 检测到seq增长: 8161 → 8163 (+2)
[WS][SHARED] ✓ 检测到seq增长: 8163 → 8167 (+4)
[PX] bid=0.9540 ask=0.9570 mid=0.9555 last=0.9555 | state=FLAT awaiting=None entry=None
    时间窗口: 60.0m | 采样点数: 600
    窗口跌幅: 当前 0.00% / 最大 0.00% / 阈值 0.10%
    窗口价格(mid): 高 0.9555 / 低 0.9555
    信号超时: 41.4分钟无信号 / 阈值 60分钟
[WS][SHARED] ✓ 检测到seq增长: 8167 → 8171 (+4)
[WS][SHARED] ✓ 检测到seq增长: 8171 → 8174 (+3)
[WS][SHARED] ✓ 检测到seq增长: 8174 → 8177 (+3)
[WS][SHARED][TRACE] 函数调用次数: 4101
[WS][SHARED] ✓ 检测到seq增长: 8177 → 8181 (+4)
[WS][SHARED] ✓ 检测到seq增长: 8181 → 8184 (+3)
[WS][SHARED] ✓ 检测到seq增长: 8184 → 8186 (+2)
[WS][SHARED] ✓ 检测到seq增长: 8186 → 8189 (+3)
[WS][SHARED] ✓ 检测到seq增长: 8189 → 8191 (+2)
[WS][SHARED] ✓ 检测到seq增长: 8191 → 8194 (+3)
[WS][SHARED] ✓ 检测到seq增长: 8194 → 8197 (+3)
[WS][SHARED] ✓ 检测到seq增长: 8197 → 8201 (+4)
[WS][SHARED] ✓ 检测到seq增长: 8201 → 8203 (+2)
[WS][SHARED] ✓ 检测到seq增长: 8203 → 8207 (+4)
[WS][SHARED] ✓ 检测到seq增长: 8207 → 8211 (+4)
[WS][SHARED] ✓ 检测到seq增长: 8211 → 8214 (+3)
[WS][SHARED] ✓ 检测到seq增长: 8214 → 8218 (+4)
[WS][SHARED] ✓ 检测到seq增长: 8218 → 8220 (+2)
[WS][SHARED] ✓ 检测到seq增长: 8220 → 8223 (+3)
[WS][SHARED] ✓ 检测到seq增长: 8223 → 8228 (+5)
[WS][SHARED] ✓ 检测到seq增长: 8228 → 8231 (+3)
[WS][SHARED] ✓ 检测到seq增长: 8231 → 8233 (+2)
[WS][SHARED] ✓ 检测到seq增长: 8233 → 8236 (+3)
[WS][SHARED] ✓ 检测到seq增长: 8236 → 8241 (+5)
[WS][SHARED] ✓ 检测到seq增长: 8241 → 8246 (+5)
[WS][SHARED] ✓ 检测到seq增长: 8246 → 8249 (+3)
[WS][SHARED] ✓ 检测到seq增长: 8249 → 8253 (+4)
[WS][SHARED] ✓ 检测到seq增长: 8255 → 8257 (+2)
[WS][SHARED] ✓ 检测到seq增长: 8257 → 8259 (+2)
[WS][SHARED] ✓ 检测到seq增长: 8259 → 8261 (+2)
[WS][SHARED] ✓ 检测到seq增长: 8262 → 8264 (+2)
[WS][SHARED] ✓ 检测到seq增长: 8264 → 8269 (+5)
[WS][SHARED] ✓ 检测到seq增长: 8269 → 8272 (+3)
[WS][SHARED] ✓ 检测到seq增长: 8272 → 8275 (+3)
[WS][SHARED] ✓ 检测到seq增长: 8275 → 8279 (+4)
[WS][SHARED] ✓ 检测到seq增长: 8279 → 8282 (+3)
[WS][SHARED] ✓ 检测到seq增长: 8282 → 8285 (+3)
[WS][SHARED] ✓ 检测到seq增长: 8285 → 8287 (+2)
[WS][SHARED] seq=8287, updates=47 (89.3/min), bid=0.954, ask=0.957, price=0.9555
[WS][SHARED] ✓ 检测到seq增长: 8287 → 8290 (+3)
[WS][SHARED] ✓ 检测到seq增长: 8290 → 8293 (+3)
[WS][SHARED] ✓ 检测到seq增长: 8293 → 8296 (+3)
[PX] bid=0.9540 ask=0.9570 mid=0.9555 last=0.9555 | state=FLAT awaiting=None entry=None
    时间窗口: 60.0m | 采样点数: 600
    窗口跌幅: 当前 0.00% / 最大 0.00% / 阈值 0.10%
    窗口价格(mid): 高 0.9555 / 低 0.9555
    信号超时: 41.9分钟无信号 / 阈值 60分钟
[WS][SHARED] ✓ 检测到seq增长: 8296 → 8302 (+6)
[WS][SHARED] ✓ 检测到seq增长: 8303 → 8305 (+2)
[WS][SHARED] ✓ 检测到seq增长: 8305 → 8308 (+3)
[WS][SHARED] ✓ 检测到seq增长: 8308 → 8314 (+6)
[WS][SHARED] ✓ 检测到seq增长: 8314 → 8319 (+5)
[WS][SHARED] ✓ 检测到seq增长: 8319 → 8326 (+7)
[WS][SHARED] ✓ 检测到seq增长: 8326 → 8332 (+6)
[WS][SHARED] ✓ 检测到seq增长: 8335 → 8337 (+2)
[WS][SHARED] ✓ 检测到seq增长: 8339 → 8342 (+3)
[MAIN_LOOP] ✓ 主循环运行中 (iterations=4190, use_shared_ws=True)
[WS][SHARED][DEBUG] 读取统计: read=4191, skip=6352, 当前seq=8343 (last=8342), updated_at=1769191986.25 (last=1769191985.90)
[WS][SHARED] ✓ 检测到seq增长: 8343 → 8380 (+37)
[WS][SHARED] ✓ 检测到seq增长: 8380 → 8385 (+5)
[WS][SHARED] seq=8386, updates=22 (43.7/min), bid=0.954, ask=0.957, price=0.9555
[PX] bid=0.9540 ask=0.9570 mid=0.9555 last=0.9555 | state=FLAT awaiting=None entry=None
    时间窗口: 60.0m | 采样点数: 600
    窗口跌幅: 当前 0.00% / 最大 0.00% / 阈值 0.10%
    窗口价格(mid): 高 0.9555 / 低 0.9555
    信号超时: 42.4分钟无信号 / 阈值 60分钟
[WS][SHARED][TRACE] 函数调用次数: 4201
[WS][SHARED] ✓ 检测到seq增长: 8388 → 8392 (+4)
[WS][SHARED] ✓ 检测到seq增长: 8392 → 8396 (+4)
[WS][SHARED] ✓ 检测到seq增长: 8396 → 8398 (+2)
[WS][SHARED] ✓ 检测到seq增长: 8398 → 8400 (+2)
[WS][SHARED] ✓ 检测到seq增长: 8400 → 8404 (+4)
[WS][SHARED] ✓ 检测到seq增长: 8404 → 8408 (+4)
[WS][SHARED][SKIP] 跳过策略调用 (总跳过次数=6402): seq和updated_at都未变化且距上次tick仅1.0秒
[WS][SHARED][SKIP] 当前状态: seq=8408, last_seq=8408, bid=0.954, ask=0.957
[WS][SHARED] ✓ 检测到seq增长: 8409 → 8414 (+5)
[WS][SHARED] ✓ 检测到seq增长: 8414 → 8418 (+4)
[WS][SHARED] ✓ 检测到seq增长: 8418 → 8420 (+2)
[WS][SHARED] ✓ 检测到seq增长: 8420 → 8422 (+2)
[WS][SHARED] ✓ 检测到seq增长: 8422 → 8424 (+2)
[WS][SHARED] ✓ 检测到seq增长: 8424 → 8426 (+2)
[PX] bid=0.9540 ask=0.9570 mid=0.9555 last=0.9555 | state=FLAT awaiting=None entry=None
    时间窗口: 60.0m | 采样点数: 600
    窗口跌幅: 当前 0.00% / 最大 0.00% / 阈值 0.10%
    窗口价格(mid): 高 0.9555 / 低 0.9555
    信号超时: 42.9分钟无信号 / 阈值 60分钟
[WS][SHARED] ✓ 检测到seq增长: 8426 → 8428 (+2)
[WS][SHARED] seq=8428, updates=16 (28.2/min), bid=0.954, ask=0.957, price=0.9555
[WS][SHARED] ✓ 检测到seq增长: 8428 → 8430 (+2)
[WS][SHARED] ✓ 检测到seq增长: 8432 → 8434 (+2)
[WS][SHARED] ✓ 检测到seq增长: 8434 → 8436 (+2)
[WS][SHARED] ✓ 检测到seq增长: 8436 → 8438 (+2)
[MAIN_LOOP] ✓ 主循环运行中 (iterations=4290, use_shared_ws=True)
[WS][SHARED][DEBUG] 读取统计: read=4291, skip=6498, 当前seq=8438 (last=8438), updated_at=1769192042.66 (last=1769192042.66)
[WS][SHARED] ✓ 检测到seq增长: 8438 → 8446 (+8)
[WS][SHARED] ✓ 检测到seq增长: 8446 → 8448 (+2)
[PX] bid=0.9540 ask=0.9570 mid=0.9555 last=0.9555 | state=FLAT awaiting=None entry=None
    时间窗口: 60.0m | 采样点数: 600
    窗口跌幅: 当前 0.00% / 最大 0.00% / 阈值 0.10%
    窗口价格(mid): 高 0.9555 / 低 0.9555
    信号超时: 43.4分钟无信号 / 阈值 60分钟
[WS][SHARED][TRACE] 函数调用次数: 4301
[WS][SHARED] ✓ 检测到seq增长: 8448 → 8450 (+2)
[WS][SHARED] seq=8450, updates=10 (18.6/min), bid=0.954, ask=0.957, price=0.9555
[WS][SHARED] ✓ 检测到seq增长: 8450 → 8453 (+3)
[WS][SHARED] ✓ 检测到seq增长: 8454 → 8456 (+2)
[WS][SHARED] ✓ 检测到seq增长: 8456 → 8458 (+2)
[WS][SHARED] ✓ 检测到seq增长: 8462 → 8465 (+3)
[WS][SHARED] ✓ 检测到seq增长: 8466 → 8469 (+3)
[WS][SHARED] ✓ 检测到seq增长: 8469 → 8471 (+2)
[WS][SHARED] ✓ 检测到seq增长: 8471 → 8475 (+4)
[WS][SHARED] ✓ 检测到seq增长: 8475 → 8480 (+5)
[WS][SHARED] ✓ 检测到seq增长: 8483 → 8485 (+2)
[WS][SHARED] ✓ 检测到seq增长: 8485 → 8489 (+4)
[WS][SHARED] ✓ 检测到seq增长: 8490 → 8492 (+2)
[WS][SHARED] ✓ 检测到seq增长: 8492 → 8494 (+2)
[PX] bid=0.9540 ask=0.9570 mid=0.9555 last=0.9555 | state=FLAT awaiting=None entry=None
    时间窗口: 60.0m | 采样点数: 600
    窗口跌幅: 当前 0.00% / 最大 0.00% / 阈值 0.10%
    窗口价格(mid): 高 0.9555 / 低 0.9555
    信号超时: 43.9分钟无信号 / 阈值 60分钟
[WS][SHARED] ✓ 检测到seq增长: 8494 → 8496 (+2)
[WS][SHARED] ✓ 检测到seq增长: 8496 → 8498 (+2)
[WS][SHARED] ✓ 检测到seq增长: 8498 → 8501 (+3)
[WS][SHARED] ✓ 检测到seq增长: 8501 → 8503 (+2)
[WS][SHARED] seq=8503, updates=28 (55.9/min), bid=0.954, ask=0.957, price=0.9555
[WS][SHARED] ✓ 检测到seq增长: 8503 → 8506 (+3)
[WS][SHARED] ✓ 检测到seq增长: 8506 → 8508 (+2)
[WS][SHARED] ✓ 检测到seq增长: 8508 → 8510 (+2)
[WS][SHARED] ✓ 检测到seq增长: 8510 → 8512 (+2)
[WS][SHARED] ✓ 检测到seq增长: 8512 → 8516 (+4)
[WS][SHARED] ✓ 检测到seq增长: 8516 → 8518 (+2)
[WS][SHARED] ✓ 检测到seq增长: 8518 → 8520 (+2)
[WS][SHARED] ✓ 检测到seq增长: 8521 → 8523 (+2)
[WS][SHARED] ✓ 检测到seq增长: 8524 → 8528 (+4)
[WS][SHARED] ✓ 检测到seq增长: 8528 → 8531 (+3)
[WS][SHARED] ✓ 检测到seq增长: 8531 → 8534 (+3)
[WS][SHARED] ✓ 检测到seq增长: 8534 → 8536 (+2)
[WS][SHARED] ✓ 检测到seq增长: 8536 → 8540 (+4)
[WS][SHARED] ✓ 检测到seq增长: 8541 → 8544 (+3)
[WS][SHARED] ✓ 检测到seq增长: 8544 → 8546 (+2)
[MAIN_LOOP] ✓ 主循环运行中 (iterations=4392, use_shared_ws=True)
[WS][SHARED][DEBUG] 读取统计: read=4393, skip=6596, 当前seq=8553 (last=8550), updated_at=1769192106.77 (last=1769192106.51)
[WS][SHARED] ✓ 检测到seq增长: 8550 → 8553 (+3)
[WS][SHARED] ✓ 检测到seq增长: 8553 → 8575 (+22)
[WS][SHARED] ✓ 检测到seq增长: 8576 → 8579 (+3)
[WS][SHARED][SKIP] 跳过策略调用 (总跳过次数=6602): seq和updated_at都未变化且距上次tick仅1.5秒
[WS][SHARED][SKIP] 当前状态: seq=8579, last_seq=8579, bid=0.954, ask=0.957
[PX] bid=0.9540 ask=0.9570 mid=0.9555 last=0.9555 | state=FLAT awaiting=None entry=None
    时间窗口: 60.0m | 采样点数: 600
    窗口跌幅: 当前 0.00% / 最大 0.00% / 阈值 0.10%
    窗口价格(mid): 高 0.9555 / 低 0.9555
    信号超时: 44.4分钟无信号 / 阈值 60分钟
[WS][SHARED] ✓ 检测到seq增长: 8579 → 8585 (+6)
[WS][SHARED][TRACE] 函数调用次数: 4401
[WS][SHARED] ✓ 检测到seq增长: 8586 → 8588 (+2)
[WS][SHARED] ✓ 检测到seq增长: 8589 → 8592 (+3)
[WS][SHARED] ✓ 检测到seq增长: 8592 → 8595 (+3)
[WS][SHARED] seq=8595, updates=32 (63.1/min), bid=0.954, ask=0.957, price=0.9555
[WS][SHARED] ✓ 检测到seq增长: 8599 → 8601 (+2)
[WS][SHARED] ✓ 检测到seq增长: 8601 → 8603 (+2)
[WS][SHARED] ✓ 检测到seq增长: 8604 → 8606 (+2)
[WS][SHARED] ✓ 检测到seq增长: 8616 → 8618 (+2)
[WS][SHARED] ✓ 检测到seq增长: 8622 → 8626 (+4)
[PX] bid=0.9540 ask=0.9570 mid=0.9555 last=0.9555 | state=FLAT awaiting=None entry=None
    时间窗口: 60.0m | 采样点数: 600
    窗口跌幅: 当前 0.00% / 最大 0.00% / 阈值 0.10%
    窗口价格(mid): 高 0.9555 / 低 0.9555
    信号超时: 44.9分钟无信号 / 阈值 60分钟
[WS][SHARED] ✓ 检测到seq增长: 8630 → 8632 (+2)
[WS][SHARED] seq=8632, updates=29 (54.3/min), bid=0.954, ask=0.957, price=0.9555
[WS][SHARED] ✓ 检测到seq增长: 8633 → 8635 (+2)
[WS][SHARED] ✓ 检测到seq增长: 8635 → 8637 (+2)
[WS][SHARED] ✓ 检测到seq增长: 8637 → 8639 (+2)
[WS][SHARED] ✓ 检测到seq增长: 8640 → 8643 (+3)
[WS][SHARED] ✓ 检测到seq增长: 8644 → 8647 (+3)
[MAIN_LOOP] ✓ 主循环运行中 (iterations=4492, use_shared_ws=True)
[WS][SHARED][DEBUG] 读取统计: read=4493, skip=6700, 当前seq=8650 (last=8648), updated_at=1769192167.46 (last=1769192166.11)
[WS][SHARED] ✓ 检测到seq增长: 8648 → 8650 (+2)
[WS][SHARED] ✓ 检测到seq增长: 8650 → 8662 (+12)
[WS][SHARED] ✓ 检测到seq增长: 8662 → 8665 (+3)
[WS][SHARED] ✓ 检测到seq增长: 8665 → 8667 (+2)
[PX] bid=0.9540 ask=0.9570 mid=0.9555 last=0.9555 | state=FLAT awaiting=None entry=None
    时间窗口: 60.0m | 采样点数: 600
    窗口跌幅: 当前 0.00% / 最大 0.00% / 阈值 0.10%
    窗口价格(mid): 高 0.9555 / 低 0.9555
    信号超时: 45.4分钟无信号 / 阈值 60分钟
[WS][SHARED] ✓ 检测到seq增长: 8667 → 8672 (+5)
[WS][SHARED][TRACE] 函数调用次数: 4501
[WS][SHARED] ✓ 检测到seq增长: 8673 → 8677 (+4)
[WS][SHARED] ✓ 检测到seq增长: 8677 → 8679 (+2)
[WS][SHARED] ✓ 检测到seq增长: 8679 → 8681 (+2)
[WS][SHARED] ✓ 检测到seq增长: 8681 → 8684 (+3)
[WS][SHARED] ✓ 检测到seq增长: 8684 → 8686 (+2)
[WS][SHARED] ✓ 检测到seq增长: 8686 → 8688 (+2)
[WS][SHARED] ✓ 检测到seq增长: 8688 → 8690 (+2)
[WS][SHARED] ✓ 检测到seq增长: 8690 → 8692 (+2)
[WS][SHARED] seq=8693, updates=24 (47.7/min), bid=0.954, ask=0.957, price=0.9555
[WS][SHARED] ✓ 检测到seq增长: 8693 → 8696 (+3)
[WS][SHARED] ✓ 检测到seq增长: 8696 → 8698 (+2)
[WS][SHARED] ✓ 检测到seq增长: 8699 → 8702 (+3)
[WS][SHARED] ✓ 检测到seq增长: 8702 → 8709 (+7)
[WS][SHARED] ✓ 检测到seq增长: 8709 → 8712 (+3)
[WS][SHARED] ✓ 检测到seq增长: 8712 → 8714 (+2)
[WS][SHARED] ✓ 检测到seq增长: 8715 → 8717 (+2)
[WS][SHARED] ✓ 检测到seq增长: 8719 → 8722 (+3)
[WS][SHARED] ✓ 检测到seq增长: 8723 → 8725 (+2)
[WS][SHARED] ✓ 检测到seq增长: 8726 → 8730 (+4)
[WS][SHARED] ✓ 检测到seq增长: 8730 → 8732 (+2)
[WS][SHARED] ✓ 检测到seq增长: 8732 → 8734 (+2)
[WS][SHARED] ✓ 检测到seq增长: 8734 → 8736 (+2)
[WS][SHARED] ✓ 检测到seq增长: 8738 → 8741 (+3)
[WS][SHARED] ✓ 检测到seq增长: 8742 → 8745 (+3)
[WS][SHARED] ✓ 检测到seq增长: 8745 → 8749 (+4)
[WS][SHARED] ✓ 检测到seq增长: 8749 → 8751 (+2)
[WS][SHARED] ✓ 检测到seq增长: 8751 → 8754 (+3)
[WS][SHARED] ✓ 检测到seq增长: 8754 → 8756 (+2)
[WS][SHARED] ✓ 检测到seq增长: 8758 → 8761 (+3)
[WS][SHARED] ✓ 检测到seq增长: 8761 → 8764 (+3)
[WS][SHARED] ✓ 检测到seq增长: 8764 → 8766 (+2)
[PX] bid=0.9540 ask=0.9570 mid=0.9555 last=0.9555 | state=FLAT awaiting=None entry=None
    时间窗口: 60.0m | 采样点数: 600
    窗口跌幅: 当前 0.00% / 最大 0.00% / 阈值 0.10%
    窗口价格(mid): 高 0.9555 / 低 0.9555
    信号超时: 45.9分钟无信号 / 阈值 60分钟
[WS][SHARED] ✓ 检测到seq增长: 8766 → 8768 (+2)
[WS][SHARED] ✓ 检测到seq增长: 8768 → 8775 (+7)
[WS][SHARED] ✓ 检测到seq增长: 8776 → 8779 (+3)
[WS][SHARED] seq=8779, updates=37 (73.8/min), bid=0.954, ask=0.957, price=0.9555
[WS][SHARED] ✓ 检测到seq增长: 8779 → 8782 (+3)
[WS][SHARED] ✓ 检测到seq增长: 8782 → 8786 (+4)
[WS][SHARED] ✓ 检测到seq增长: 8786 → 8788 (+2)
[WS][SHARED] ✓ 检测到seq增长: 8788 → 8790 (+2)
[WS][SHARED] ✓ 检测到seq增长: 8790 → 8792 (+2)
[WS][SHARED] ✓ 检测到seq增长: 8793 → 8795 (+2)
[WS][SHARED] ✓ 检测到seq增长: 8799 → 8802 (+3)
[WS][SHARED] ✓ 检测到seq增长: 8802 → 8804 (+2)
[MAIN_LOOP] ✓ 主循环运行中 (iterations=4592, use_shared_ws=True)
[WS][SHARED][DEBUG] 读取统计: read=4593, skip=6770, 当前seq=8804 (last=8804), updated_at=1769192227.26 (last=1769192227.26)
[WS][SHARED] ✓ 检测到seq增长: 8804 → 8824 (+20)
[WS][SHARED] ✓ 检测到seq增长: 8825 → 8827 (+2)
[WS][SHARED] ✓ 检测到seq增长: 8827 → 8829 (+2)
[WS][SHARED] ✓ 检测到seq增长: 8830 → 8832 (+2)
[PX] bid=0.9540 ask=0.9570 mid=0.9555 last=0.9555 | state=FLAT awaiting=None entry=None
    时间窗口: 60.0m | 采样点数: 600
    窗口跌幅: 当前 0.00% / 最大 0.00% / 阈值 0.10%
    窗口价格(mid): 高 0.9555 / 低 0.9555
    信号超时: 46.4分钟无信号 / 阈值 60分钟
[WS][SHARED][TRACE] 函数调用次数: 4601
[WS][SHARED] ✓ 检测到seq增长: 8833 → 8837 (+4)
[WS][SHARED] ✓ 检测到seq增长: 8837 → 8840 (+3)
[WS][SHARED] ✓ 检测到seq增长: 8840 → 8845 (+5)
[WS][SHARED] ✓ 检测到seq增长: 8845 → 8849 (+4)
[WS][SHARED] ✓ 检测到seq增长: 8849 → 8851 (+2)
[WS][SHARED] ✓ 检测到seq增长: 8851 → 8854 (+3)
[WS][SHARED] seq=8857, updates=29 (57.9/min), bid=0.954, ask=0.957, price=0.9555
[WS][SHARED] ✓ 检测到seq增长: 8858 → 8860 (+2)
[WS][SHARED] ✓ 检测到seq增长: 8860 → 8862 (+2)
[WS][SHARED][SKIP] 跳过策略调用 (总跳过次数=6802): seq和updated_at都未变化且距上次tick仅3.0秒
[WS][SHARED][SKIP] 当前状态: seq=8863, last_seq=8863, bid=0.954, ask=0.957
[WS][SHARED] ✓ 检测到seq增长: 8863 → 8868 (+5)
[WS][SHARED] ✓ 检测到seq增长: 8869 → 8874 (+5)
[WS][SHARED] ✓ 检测到seq增长: 8874 → 8876 (+2)
[WS][SHARED] ✓ 检测到seq增长: 8877 → 8880 (+3)
[WS][SHARED] ✓ 检测到seq增长: 8880 → 8883 (+3)
[PX] bid=0.9540 ask=0.9570 mid=0.9555 last=0.9555 | state=FLAT awaiting=None entry=None
    时间窗口: 60.0m | 采样点数: 600
    窗口跌幅: 当前 0.00% / 最大 0.00% / 阈值 0.10%
    窗口价格(mid): 高 0.9555 / 低 0.9555
    信号超时: 46.9分钟无信号 / 阈值 60分钟
[WS][SHARED] seq=8889, updates=20 (34.7/min), bid=0.954, ask=0.957, price=0.9555
[MAIN_LOOP] ✓ 主循环运行中 (iterations=4693, use_shared_ws=True)
[WS][SHARED][DEBUG] 读取统计: read=4694, skip=6896, 当前seq=8891 (last=8891), updated_at=1769192286.00 (last=1769192286.00)
[PX] bid=0.9540 ask=0.9570 mid=0.9555 last=0.9555 | state=FLAT awaiting=None entry=None
    时间窗口: 60.0m | 采样点数: 600
    窗口跌幅: 当前 0.00% / 最大 0.00% / 阈值 0.10%
    窗口价格(mid): 高 0.9555 / 低 0.9555
    信号超时: 47.4分钟无信号 / 阈值 60分钟
[WS][SHARED][TRACE] 函数调用次数: 4701
[WS][SHARED] ✓ 检测到seq增长: 8891 → 8893 (+2)
[WS][SHARED] seq=8895, updates=7 (14.0/min), bid=0.954, ask=0.957, price=0.9555
[WS][SHARED] ✓ 检测到seq增长: 8896 → 8899 (+3)
[WS][SHARED] ✓ 检测到seq增长: 8899 → 8901 (+2)
[WS][SHARED][SKIP] 跳过策略调用 (总跳过次数=7002): seq和updated_at都未变化且距上次tick仅1.0秒
[WS][SHARED][SKIP] 当前状态: seq=8903, last_seq=8903, bid=0.954, ask=0.957
[PX] bid=0.9540 ask=0.9570 mid=0.9555 last=0.9555 | state=FLAT awaiting=None entry=None
    时间窗口: 60.0m | 采样点数: 600
    窗口跌幅: 当前 0.00% / 最大 0.00% / 阈值 0.10%
    窗口价格(mid): 高 0.9555 / 低 0.9555
    信号超时: 47.9分钟无信号 / 阈值 60分钟
[WS][SHARED] ✓ 检测到seq增长: 8905 → 8909 (+4)
[WS][SHARED] seq=8909, updates=12 (21.4/min), bid=0.954, ask=0.957, price=0.9555
[MAIN_LOOP] ✓ 主循环运行中 (iterations=4793, use_shared_ws=True)
[WS][SHARED][DEBUG] 读取统计: read=4794, skip=7062, 当前seq=8909 (last=8909), updated_at=1769192340.24 (last=1769192340.24)
[WS][SHARED] ✓ 检测到seq增长: 8909 → 8911 (+2)
[WS][SHARED] ✓ 检测到seq增长: 8911 → 8913 (+2)
[WS][SHARED][TRACE] 函数调用次数: 4801
[PX] bid=0.9540 ask=0.9570 mid=0.9555 last=0.9555 | state=FLAT awaiting=None entry=None
    时间窗口: 60.0m | 采样点数: 600
    窗口跌幅: 当前 0.00% / 最大 0.00% / 阈值 0.10%
    窗口价格(mid): 高 0.9555 / 低 0.9555
    信号超时: 48.4分钟无信号 / 阈值 60分钟
[WS][SHARED] seq=8915, updates=7 (12.5/min), bid=0.954, ask=0.957, price=0.9555
[PX] bid=0.9540 ask=0.9570 mid=0.9555 last=0.9555 | state=FLAT awaiting=None entry=None
    时间窗口: 60.0m | 采样点数: 600
    窗口跌幅: 当前 0.00% / 最大 0.00% / 阈值 0.10%
    窗口价格(mid): 高 0.9555 / 低 0.9555
    信号超时: 48.9分钟无信号 / 阈值 60分钟
[WS][SHARED][SKIP] 跳过策略调用 (总跳过次数=7202): seq和updated_at都未变化且距上次tick仅3.5秒
[WS][SHARED][SKIP] 当前状态: seq=8915, last_seq=8915, bid=0.954, ask=0.957
[WS][SHARED] ✓ 检测到seq增长: 8915 → 8917 (+2)
[MAIN_LOOP] ✓ 主循环运行中 (iterations=4893, use_shared_ws=True)
[WS][SHARED][DEBUG] 读取统计: read=4894, skip=7238, 当前seq=8917 (last=8917), updated_at=1769192403.90 (last=1769192403.90)
[WS][SHARED] seq=8917, updates=6 (9.0/min), bid=0.954, ask=0.957, price=0.9555
[PX] bid=0.9540 ask=0.9570 mid=0.9555 last=0.9555 | state=FLAT awaiting=None entry=None
    时间窗口: 60.0m | 采样点数: 600
    窗口跌幅: 当前 0.00% / 最大 0.00% / 阈值 0.10%
    窗口价格(mid): 高 0.9555 / 低 0.9555
    信号超时: 49.4分钟无信号 / 阈值 60分钟
[WS][SHARED][TRACE] 函数调用次数: 4901
[WS][SHARED] ✓ 检测到seq增长: 8918 → 8921 (+3)
[PX] bid=0.9540 ask=0.9570 mid=0.9555 last=0.9555 | state=FLAT awaiting=None entry=None
    时间窗口: 60.0m | 采样点数: 600
    窗口跌幅: 当前 0.00% / 最大 0.00% / 阈值 0.10%
    窗口价格(mid): 高 0.9555 / 低 0.9555
    信号超时: 49.9分钟无信号 / 阈值 60分钟
[WS][SHARED] seq=8921, updates=8 (14.5/min), bid=0.954, ask=0.957, price=0.9555
[WS][SHARED] ✓ 检测到seq增长: 8921 → 8923 (+2)
[WS][SHARED][SKIP] 跳过策略调用 (总跳过次数=7402): seq和updated_at都未变化且距上次tick仅0.5秒
[WS][SHARED][SKIP] 当前状态: seq=8923, last_seq=8923, bid=0.954, ask=0.957
[WS][SHARED] ✓ 检测到seq增长: 8923 → 8925 (+2)
[MAIN_LOOP] ✓ 主循环运行中 (iterations=4992, use_shared_ws=True)
[WS][SHARED][DEBUG] 读取统计: read=4993, skip=7410, 当前seq=8925 (last=8925), updated_at=1769192465.60 (last=1769192465.60)
[WS][SHARED] ✓ 检测到seq增长: 8925 → 8927 (+2)
[PX] bid=0.9540 ask=0.9570 mid=0.9555 last=0.9555 | state=FLAT awaiting=None entry=None
    时间窗口: 60.0m | 采样点数: 600
    窗口跌幅: 当前 0.00% / 最大 0.00% / 阈值 0.10%
    窗口价格(mid): 高 0.9555 / 低 0.9555
    信号超时: 50.4分钟无信号 / 阈值 60分钟
[WS][SHARED][TRACE] 函数调用次数: 5001
[WS][SHARED] seq=8928, updates=7 (12.4/min), bid=0.954, ask=0.957, price=0.9555
[WS][SHARED] ✓ 检测到seq增长: 8928 → 8930 (+2)
[PX] bid=0.9540 ask=0.9570 mid=0.9555 last=0.9555 | state=FLAT awaiting=None entry=None
    时间窗口: 60.0m | 采样点数: 600
    窗口跌幅: 当前 0.00% / 最大 0.00% / 阈值 0.10%
    窗口价格(mid): 高 0.9555 / 低 0.9555
    信号超时: 50.9分钟无信号 / 阈值 60分钟
[WS][SHARED] seq=8934, updates=10 (20.0/min), bid=0.954, ask=0.957, price=0.9555
[WS][SHARED] ✓ 检测到seq增长: 8934 → 8936 (+2)
[WS][SHARED] ✓ 检测到seq增长: 8936 → 8939 (+3)
[MAIN_LOOP] ✓ 主循环运行中 (iterations=5092, use_shared_ws=True)
[WS][SHARED][DEBUG] 读取统计: read=5093, skip=7578, 当前seq=8939 (last=8939), updated_at=1769192527.45 (last=1769192527.45)
[WS][SHARED] ✓ 检测到seq增长: 8939 → 8943 (+4)
[PX] bid=0.9540 ask=0.9570 mid=0.9555 last=0.9555 | state=FLAT awaiting=None entry=None
    时间窗口: 60.0m | 采样点数: 600
    窗口跌幅: 当前 0.00% / 最大 0.00% / 阈值 0.10%
    窗口价格(mid): 高 0.9555 / 低 0.9555
    信号超时: 51.4分钟无信号 / 阈值 60分钟
[WS][SHARED][TRACE] 函数调用次数: 5101
[WS][SHARED][SKIP] 跳过策略调用 (总跳过次数=7602): seq和updated_at都未变化且距上次tick仅2.0秒
[WS][SHARED][SKIP] 当前状态: seq=8945, last_seq=8945, bid=0.954, ask=0.957
[WS][SHARED] ✓ 检测到seq增长: 8945 → 8947 (+2)
[WS][SHARED] seq=8947, updates=7 (13.3/min), bid=0.954, ask=0.957, price=0.9555
[WS][SHARED] ✓ 检测到seq增长: 8947 → 8950 (+3)
[WS][SHARED] ✓ 检测到seq增长: 8950 → 8953 (+3)
[WS][SHARED] ✓ 检测到seq增长: 8953 → 8955 (+2)
[WS][SHARED] ✓ 检测到seq增长: 8956 → 8958 (+2)
[PX] bid=0.9540 ask=0.9570 mid=0.9555 last=0.9555 | state=FLAT awaiting=None entry=None
    时间窗口: 60.0m | 采样点数: 600
    窗口跌幅: 当前 0.00% / 最大 0.00% / 阈值 0.10%
    窗口价格(mid): 高 0.9555 / 低 0.9555
    信号超时: 51.9分钟无信号 / 阈值 60分钟
[WS][SHARED] seq=8960, updates=13 (22.9/min), bid=0.954, ask=0.957, price=0.9555
[MAIN_LOOP] ✓ 主循环运行中 (iterations=5192, use_shared_ws=True)
[WS][SHARED][DEBUG] 读取统计: read=5193, skip=7742, 当前seq=8960 (last=8960), updated_at=1769192561.34 (last=1769192561.34)
[PX] bid=0.9540 ask=0.9570 mid=0.9555 last=0.9555 | state=FLAT awaiting=None entry=None
    时间窗口: 60.0m | 采样点数: 600
    窗口跌幅: 当前 0.00% / 最大 0.00% / 阈值 0.10%
    窗口价格(mid): 高 0.9555 / 低 0.9555
    信号超时: 52.4分钟无信号 / 阈值 60分钟
[WS][SHARED][TRACE] 函数调用次数: 5201
[WS][SHARED] ✓ 检测到seq增长: 8961 → 8963 (+2)
[WS][SHARED][SKIP] 跳过策略调用 (总跳过次数=7802): seq和updated_at都未变化且距上次tick仅4.5秒
[WS][SHARED][SKIP] 当前状态: seq=8963, last_seq=8963, bid=0.954, ask=0.957
[WS][SHARED] seq=8963, updates=6 (10.6/min), bid=0.954, ask=0.957, price=0.9555
[PX] bid=0.9540 ask=0.9570 mid=0.9555 last=0.9555 | state=FLAT awaiting=None entry=None
    时间窗口: 60.0m | 采样点数: 600
    窗口跌幅: 当前 0.00% / 最大 0.00% / 阈值 0.10%
    窗口价格(mid): 高 0.9555 / 低 0.9555
    信号超时: 52.9分钟无信号 / 阈值 60分钟
[WS][SHARED] ✓ 检测到seq增长: 8965 → 8967 (+2)
[WS][SHARED] seq=8967, updates=8 (14.7/min), bid=0.954, ask=0.957, price=0.9555
[MAIN_LOOP] ✓ 主循环运行中 (iterations=5292, use_shared_ws=True)
[WS][SHARED][DEBUG] 读取统计: read=5293, skip=7916, 当前seq=8967 (last=8967), updated_at=1769192633.12 (last=1769192633.12)
[WS][SHARED] ✓ 检测到seq增长: 8967 → 8969 (+2)
[PX] bid=0.9540 ask=0.9570 mid=0.9555 last=0.9555 | state=FLAT awaiting=None entry=None
    时间窗口: 60.0m | 采样点数: 600
    窗口跌幅: 当前 0.00% / 最大 0.00% / 阈值 0.10%
    窗口价格(mid): 高 0.9555 / 低 0.9555
    信号超时: 53.4分钟无信号 / 阈值 60分钟
[WS][SHARED][TRACE] 函数调用次数: 5301
[WS][SHARED] ✓ 检测到seq增长: 8969 → 8974 (+5)
[WS][SHARED] seq=8974, updates=5 (9.6/min), bid=0.954, ask=0.957, price=0.9555
[WS][SHARED][SKIP] 跳过策略调用 (总跳过次数=8002): seq和updated_at都未变化且距上次tick仅3.0秒
[WS][SHARED][SKIP] 当前状态: seq=8974, last_seq=8974, bid=0.954, ask=0.957
[WS][SHARED] ✓ 检测到seq增长: 8975 → 8981 (+6)
[WS][SHARED] ✓ 检测到seq增长: 8982 → 8986 (+4)
[WS][SHARED] ✓ 检测到seq增长: 8986 → 8990 (+4)
[PX] bid=0.9540 ask=0.9570 mid=0.9555 last=0.9555 | state=FLAT awaiting=None entry=None
    时间窗口: 60.0m | 采样点数: 600
    窗口跌幅: 当前 0.00% / 最大 0.00% / 阈值 0.10%
    窗口价格(mid): 高 0.9555 / 低 0.9555
    信号超时: 54.0分钟无信号 / 阈值 60分钟
[WS][SHARED] ✓ 检测到seq增长: 8990 → 8992 (+2)
[WS][SHARED] ✓ 检测到seq增长: 8992 → 8994 (+2)
[MAIN_LOOP] ✓ 主循环运行中 (iterations=5392, use_shared_ws=True)
[WS][SHARED][DEBUG] 读取统计: read=5393, skip=8082, 当前seq=8996 (last=8996), updated_at=1769192702.36 (last=1769192702.36)
[WS][SHARED] seq=8997, updates=13 (19.4/min), bid=0.954, ask=0.957, price=0.9555
[PX] bid=0.9540 ask=0.9570 mid=0.9555 last=0.9555 | state=FLAT awaiting=None entry=None
    时间窗口: 60.0m | 采样点数: 600
    窗口跌幅: 当前 0.00% / 最大 0.00% / 阈值 0.10%
    窗口价格(mid): 高 0.9555 / 低 0.9555
    信号超时: 54.5分钟无信号 / 阈值 60分钟
[WS][SHARED][TRACE] 函数调用次数: 5401
[WS][SHARED] ✓ 检测到seq增长: 8998 → 9000 (+2)
[WS][SHARED] seq=9003, updates=9 (18.0/min), bid=0.954, ask=0.957, price=0.9555
[WS][SHARED] ✓ 检测到seq增长: 9003 → 9006 (+3)
[PX] bid=0.9540 ask=0.9570 mid=0.9555 last=0.9555 | state=FLAT awaiting=None entry=None
    时间窗口: 60.0m | 采样点数: 600
    窗口跌幅: 当前 0.00% / 最大 0.00% / 阈值 0.10%
    窗口价格(mid): 高 0.9555 / 低 0.9555
    信号超时: 55.0分钟无信号 / 阈值 60分钟
[WS][SHARED][SKIP] 跳过策略调用 (总跳过次数=8202): seq和updated_at都未变化且距上次tick仅3.5秒
[WS][SHARED][SKIP] 当前状态: seq=9006, last_seq=9006, bid=0.954, ask=0.957
[WS][SHARED] ✓ 检测到seq增长: 9006 → 9008 (+2)
[MAIN_LOOP] ✓ 主循环运行中 (iterations=5492, use_shared_ws=True)
[WS][SHARED][DEBUG] 读取统计: read=5493, skip=8246, 当前seq=9012 (last=9012), updated_at=1769192767.09 (last=1769192767.09)
[WS][SHARED] ✓ 检测到seq增长: 9012 → 9014 (+2)
[WS][SHARED] ✓ 检测到seq增长: 9014 → 9017 (+3)
[WS][SHARED] seq=9017, updates=10 (19.9/min), bid=0.954, ask=0.957, price=0.9555
[WS][SHARED][TRACE] 函数调用次数: 5501
[PX] bid=0.9540 ask=0.9570 mid=0.9555 last=0.9555 | state=FLAT awaiting=None entry=None
    时间窗口: 60.0m | 采样点数: 600
    窗口跌幅: 当前 0.00% / 最大 0.00% / 阈值 0.10%
    窗口价格(mid): 高 0.9555 / 低 0.9555
    信号超时: 55.5分钟无信号 / 阈值 60分钟
[WS][SHARED] ✓ 检测到seq增长: 9031 → 9033 (+2)
[WS][SHARED] ✓ 检测到seq增长: 9036 → 9038 (+2)
[WS][SHARED] ✓ 检测到seq增长: 9040 → 9042 (+2)
[WS][SHARED] ✓ 检测到seq增长: 9047 → 9049 (+2)
[WS][SHARED] seq=9049, updates=28 (51.6/min), bid=0.954, ask=0.957, price=0.9555
[PX] bid=0.9540 ask=0.9570 mid=0.9555 last=0.9555 | state=FLAT awaiting=None entry=None
    时间窗口: 60.0m | 采样点数: 600
    窗口跌幅: 当前 0.00% / 最大 0.00% / 阈值 0.10%
    窗口价格(mid): 高 0.9555 / 低 0.9555
    信号超时: 56.0分钟无信号 / 阈值 60分钟
[WS][SHARED] ✓ 检测到seq增长: 9050 → 9052 (+2)
[WS][SHARED] ✓ 检测到seq增长: 9052 → 9054 (+2)
[WS][SHARED] ✓ 检测到seq增长: 9055 → 9057 (+2)
[WS][SHARED] ✓ 检测到seq增长: 9058 → 9060 (+2)
[MAIN_LOOP] ✓ 主循环运行中 (iterations=5593, use_shared_ws=True)
[WS][SHARED][DEBUG] 读取统计: read=5594, skip=8374, 当前seq=9061 (last=9060), updated_at=1769192829.19 (last=1769192825.74)
[WS][SHARED] ✓ 检测到seq增长: 9061 → 9067 (+6)
[WS][SHARED] ✓ 检测到seq增长: 9067 → 9069 (+2)
[WS][SHARED] seq=9071, updates=12 (23.8/min), bid=0.954, ask=0.957, price=0.9555
[WS][SHARED][TRACE] 函数调用次数: 5601
[PX] bid=0.9540 ask=0.9570 mid=0.9555 last=0.9555 | state=FLAT awaiting=None entry=None
    时间窗口: 60.0m | 采样点数: 600
    窗口跌幅: 当前 0.00% / 最大 0.00% / 阈值 0.10%
    窗口价格(mid): 高 0.9555 / 低 0.9555
    信号超时: 56.5分钟无信号 / 阈值 60分钟
[WS][SHARED][SKIP] 跳过策略调用 (总跳过次数=8402): seq和updated_at都未变化且距上次tick仅4.5秒
[WS][SHARED][SKIP] 当前状态: seq=9075, last_seq=9075, bid=0.954, ask=0.957
[WS][SHARED] ✓ 检测到seq增长: 9075 → 9077 (+2)
[WS][SHARED] ✓ 检测到seq增长: 9077 → 9079 (+2)
[WS][SHARED] ✓ 检测到seq增长: 9079 → 9081 (+2)
[WS][SHARED] seq=9083, updates=12 (23.9/min), bid=0.954, ask=0.957, price=0.9555
[PX] bid=0.9540 ask=0.9570 mid=0.9555 last=0.9555 | state=FLAT awaiting=None entry=None
    时间窗口: 60.0m | 采样点数: 600
    窗口跌幅: 当前 0.00% / 最大 0.00% / 阈值 0.10%
    窗口价格(mid): 高 0.9555 / 低 0.9555
    信号超时: 57.0分钟无信号 / 阈值 60分钟
[MAIN_LOOP] ✓ 主循环运行中 (iterations=5693, use_shared_ws=True)
[WS][SHARED][DEBUG] 读取统计: read=5694, skip=8534, 当前seq=9084 (last=9084), updated_at=1769192887.58 (last=1769192887.58)
[WS][SHARED][TRACE] 函数调用次数: 5701
[PX] bid=0.9540 ask=0.9570 mid=0.9555 last=0.9555 | state=FLAT awaiting=None entry=None
    时间窗口: 60.0m | 采样点数: 600
    窗口跌幅: 当前 0.00% / 最大 0.00% / 阈值 0.10%
    窗口价格(mid): 高 0.9555 / 低 0.9555
    信号超时: 57.5分钟无信号 / 阈值 60分钟
[WS][SHARED] seq=9085, updates=5 (9.5/min), bid=0.954, ask=0.957, price=0.9555
[WS][SHARED][SKIP] 跳过策略调用 (总跳过次数=8602): seq和updated_at都未变化且距上次tick仅3.0秒
[WS][SHARED][SKIP] 当前状态: seq=9085, last_seq=9085, bid=0.954, ask=0.957
[WS][SHARED] ✓ 检测到seq增长: 9087 → 9089 (+2)
[WS][SHARED] ✓ 检测到seq增长: 9089 → 9091 (+2)
[PX] bid=0.9540 ask=0.9570 mid=0.9555 last=0.9555 | state=FLAT awaiting=None entry=None
    时间窗口: 60.0m | 采样点数: 600
    窗口跌幅: 当前 0.00% / 最大 0.00% / 阈值 0.10%
    窗口价格(mid): 高 0.9555 / 低 0.9555
    信号超时: 58.0分钟无信号 / 阈值 60分钟
[WS][SHARED] seq=9091, updates=8 (16.0/min), bid=0.954, ask=0.957, price=0.9555
[MAIN_LOOP] ✓ 主循环运行中 (iterations=5795, use_shared_ws=True)
[WS][SHARED][DEBUG] 读取统计: read=5796, skip=8708, 当前seq=9095 (last=9095), updated_at=1769192941.65 (last=1769192941.65)
[WS][SHARED] ✓ 检测到seq增长: 9095 → 9097 (+2)
[WS][SHARED][TRACE] 函数调用次数: 5801
[PX] bid=0.9540 ask=0.9570 mid=0.9555 last=0.9555 | state=FLAT awaiting=None entry=None
    时间窗口: 60.0m | 采样点数: 600
    窗口跌幅: 当前 0.00% / 最大 0.00% / 阈值 0.10%
    窗口价格(mid): 高 0.9555 / 低 0.9555
    信号超时: 58.5分钟无信号 / 阈值 60分钟
[WS][SHARED] seq=9097, updates=7 (13.3/min), bid=0.954, ask=0.957, price=0.9555
[WS][SHARED][SKIP] 跳过策略调用 (总跳过次数=8802): seq和updated_at都未变化且距上次tick仅0.5秒
[WS][SHARED][SKIP] 当前状态: seq=9097, last_seq=9097, bid=0.954, ask=0.957
[PX] bid=0.9540 ask=0.9570 mid=0.9555 last=0.9555 | state=FLAT awaiting=None entry=None
    时间窗口: 60.0m | 采样点数: 600
    窗口跌幅: 当前 0.00% / 最大 0.00% / 阈值 0.10%
    窗口价格(mid): 高 0.9555 / 低 0.9555
    信号超时: 59.0分钟无信号 / 阈值 60分钟
[WS][SHARED] seq=9097, updates=6 (12.0/min), bid=0.954, ask=0.957, price=0.9555
[WS][SHARED] ✓ 检测到seq增长: 9097 → 9101 (+4)
[MAIN_LOOP] ✓ 主循环运行中 (iterations=5894, use_shared_ws=True)
[WS][SHARED][DEBUG] 读取统计: read=5895, skip=8886, 当前seq=9101 (last=9101), updated_at=1769193000.13 (last=1769193000.13)
[WS][SHARED] ✓ 检测到seq增长: 9101 → 9120 (+19)
[WS][SHARED][TRACE] 函数调用次数: 5901
[WS][SHARED] ✓ 检测到seq增长: 9120 → 9135 (+15)
[PX] bid=0.9540 ask=0.9560 mid=0.9550 last=0.9550 | state=FLAT awaiting=None entry=None
    时间窗口: 60.0m | 采样点数: 600
    窗口跌幅: 当前 0.05% / 最大 0.05% / 阈值 0.10%
    窗口价格(mid): 高 0.9555 / 低 0.9550
    信号超时: 59.5分钟无信号 / 阈值 60分钟
[WS][SHARED] ✓ 检测到seq增长: 9135 → 9143 (+8)
[WS][SHARED] seq=9143, updates=5 (9.6/min), bid=0.954, ask=0.956, price=0.955
[WS][SHARED] ✓ 检测到seq增长: 9143 → 9155 (+12)
[WS][SHARED] ✓ 检测到seq增长: 9155 → 9157 (+2)
[WS][SHARED] ✓ 检测到seq增长: 9157 → 9159 (+2)
[WS][SHARED] ✓ 检测到seq增长: 9159 → 9163 (+4)
[WS][SHARED] ✓ 检测到seq增长: 9163 → 9167 (+4)
[WS][SHARED] ✓ 检测到seq增长: 9167 → 9179 (+12)
[WS][SHARED] ✓ 检测到seq增长: 9179 → 9183 (+4)
[WS][SHARED] ✓ 检测到seq增长: 9183 → 9199 (+16)
[WS][SHARED] ✓ 检测到seq增长: 9199 → 9203 (+4)
[WS][SHARED] ✓ 检测到seq增长: 9203 → 9211 (+8)
[WS][SHARED] ✓ 检测到seq增长: 9211 → 9232 (+21)
[WS][SHARED] ✓ 检测到seq增长: 9232 → 9235 (+3)
[PX] bid=0.9540 ask=0.9560 mid=0.9550 last=0.9550 | state=FLAT awaiting=None entry=None
    时间窗口: 60.0m | 采样点数: 600
    窗口跌幅: 当前 0.05% / 最大 0.05% / 阈值 0.10%
    窗口价格(mid): 高 0.9555 / 低 0.9550
    信号超时: 60.0分钟无信号 / 阈值 60分钟
[WS][SHARED] ✓ 检测到seq增长: 9236 → 9239 (+3)
[SIGNAL_TIMEOUT] 60.0 分钟内无交易信号，释放队列退出
[SIGNAL_TIMEOUT] 最后信号时间: 12:30:55
[QUEUE] 释放队列：长时间无交易信号，已退出。
[EXIT_RECORD] 已记录退出token: 79198300868830485284... 原因: SIGNAL_TIMEOUT
[EXIT] 最终状态: {'state': 'FLAT', 'awaiting': None, 'entry_price': None, 'sell_trigger': None, 'position_size': None, 'last_signal': None, 'last_buy_price': None, 'last_sell_price': None, 'price_history_len': 600, 'manual_stop': True, 'manual_stop_reason': 'signal timeout (no position)', 'sell_only': False, 'sell_only_reason': None, 'last_reject_reason': None, 'last_tick': {'ts': 1769193054.707, 'best_ask': 0.956, 'best_bid': 0.954}, 'drop_stats': {'window_high': 0.9555, 'window_low': 0.955, 'max_drop_ratio': 0.0005232862375720104, 'current_drop_ratio': 0.0005232862375720104, 'window_seconds': 3600.0}, 'config': {'token_id': '79198300868830485284678716507005480871569275475252085914785144227204298869058', 'buy_price_threshold': None, 'profit_ratio': 0.005, 'drop_window_minutes': 60.0, 'drop_pct': 0.001, 'profit_pct': 0.005, 'max_history_points': 600, 'price_band': (0.0, 1.0), 'disable_duplicate_signal': True, 'enable_incremental_drop_pct': True, 'incremental_drop_pct_step': 0.0002, 'incremental_drop_pct_cap': 0.2, 'min_market_order_size': None}}
[CLAIM] 未检测到需要 claim 的仓位，脚本结束。
