[CONFIG] 使用配置文件: /home/trader/polymarket_api/POLYMARKET_MAKER_copytrade_v2/POLYMARKET_MAKER_AUTO/data/run_params_107096794127270890984101242570698639474010707625351397547174129311341989598349.json
[INIT] API 凭证已验证。
[INIT] ClobClient 就绪。
[INFO] 未提供 market_url，尝试通过 token_id 获取市场元数据。
[INFO] 市场/子问题标题: US strikes Iran by January 23, 2026?
[INFO] 使用 token_id: 107096794127270890984101242570698639474010707625351397547174129311341989598349
[INFO] 市场标注时区: America/New_York
[INFO] 市场计划截止时间 (UTC): 2026-01-31T00:00:00+00:00
[WARN] 自动获取的截止日期缺少具体时刻，已按默认配置设置截止时间为 2026-01-31T23:59:00-05:00 (America/New_York)。
[INFO] 监控目标结束时间 (UTC): 2026-02-01T04:59:00+00:00
[INFO] 未能识别市场价格精度，默认按盈利百分比下限 0.300% 执行。
[INIT] 目标 token_id: 107096794127270890984101242570698639474010707625351397547174129311341989598349
[INIT] 已读取手动份数 10.0，模式：总持仓目标。
[INIT] 卖出挂单模式：aggressive
[INIT] 卖出后递增买入阈值已启用，步长 0.0200%。
[INIT] 价格停滞监控窗口 120.0 分钟，阈值 0.2000%。
[INIT] 启动后无行情自动退出阈值 10.0 分钟。
[INIT] 交易信号超时退出阈值 60.0 分钟（长时间无买入/卖出信号将退出）。
[INIT] 卖出挂单空窗释放阈值 6.0 小时。
[INFO] 倒计时卖出模式将在市场结束前 300 分钟开启。
[WS][SHARED] ✓ 将使用共享 WS 缓存模式
[WS][SHARED] 缓存路径: /home/trader/polymarket_api/POLYMARKET_MAKER_copytrade_v2/POLYMARKET_MAKER_AUTO/data/ws_cache.json
[WS][SHARED] ✓ 缓存文件新鲜（3秒前更新）
[RUN] 监听行情中… 输入 stop / exit 可手动停止。
[WS][SHARED][TRACE] 函数调用次数: 1
[WS][SHARED][DEBUG] 读取统计: read=1, skip=0, 当前seq=257478 (last=0), updated_at=1769227133.90 (last=0.00)
[WS][SHARED] ✓ 检测到seq增长: 0 → 257478 (+257478)
[WS][SHARED] 开始从共享缓存读取数据 (token=107096794127270890984101242570698639474010707625351397547174129311341989598349)
[WS][SHARED] seq=257478, updates=1 (2.0/min), bid=0.996, ask=0.997, price=0.9964999999999999
[WS][SHARED][TRACE] ✓ 函数执行完成，准备返回 (latest已设置: True)
[WAIT][TRACE] _apply_shared_ws_snapshot()返回，latest已设置: True, stop_event: False
[WAIT][TRACE] Loop iteration 1, latest: True, stop: False
[WAIT][END] ✓ Waiting loop结束，latest已设置: True
[WAIT][END] ✓ stop_event未设置，继续初始化...
[INIT][TRACE] 1. 准备启动input_listener线程...
[INIT][TRACE] 2. input_listener线程已启动
[INIT][TRACE] 3. 准备初始化变量和策略状态...
[INIT][TRACE] 4. 策略状态已获取
[INIT][TRACE] 5. 检查sell_only和countdown (sell_only_start_ts=1769903940.0, market_deadline_ts=1769921940.0)
[INIT][TRACE] 7. 启动countdown_monitor线程...
[INIT][TRACE] 8. 所有初始化完成，准备进入主循环...
[MAIN_LOOP] 🚀 进入主循环 (use_shared_ws=True)
[WS][SHARED][SKIP] 跳过策略调用 (总跳过次数=2): seq和updated_at都未变化且距上次tick仅0.2秒
[WS][SHARED][SKIP] 当前状态: seq=257478, last_seq=257478, bid=0.996, ask=0.997
[HEARTBEAT] 主循环运行中... (use_shared_ws=True) (首次心跳)
[PX] bid=0.9960 ask=0.9970 mid=0.9965 last=0.9965 | state=FLAT awaiting=None entry=None
    时间窗口: 60.0m | 采样点数: 1
    窗口跌幅: 当前 0.00% / 最大 0.00% / 阈值 0.10%
    窗口价格(mid): 高 0.9965 / 低 0.9965
    信号超时: 0.0分钟无信号 / 阈值 60分钟
[WS][SHARED] ✓ 检测到seq增长: 257478 → 257493 (+15)
[WS][SHARED] ✓ 检测到seq增长: 257493 → 257501 (+8)
[PX] bid=0.9960 ask=0.9970 mid=0.9965 last=0.9965 | state=FLAT awaiting=None entry=None
    时间窗口: 60.0m | 采样点数: 6
    窗口跌幅: 当前 0.00% / 最大 0.00% / 阈值 0.10%
    窗口价格(mid): 高 0.9965 / 低 0.9965
    信号超时: 0.5分钟无信号 / 阈值 60分钟
[WS][SHARED] seq=257501, updates=6 (10.3/min), bid=0.996, ask=0.997, price=0.9964999999999999
[WS][SHARED] ✓ 检测到seq增长: 257501 → 257509 (+8)
[WS][SHARED] ✓ 检测到seq增长: 257509 → 257533 (+24)
[WS][SHARED] ✓ 检测到seq增长: 257533 → 257565 (+32)
[WS][SHARED] ✓ 检测到seq增长: 257565 → 257581 (+16)
[WS][SHARED] ✓ 检测到seq增长: 257581 → 257589 (+8)
[WS][SHARED] ✓ 检测到seq增长: 257589 → 257597 (+8)
[WS][SHARED] ✓ 检测到seq增长: 257597 → 257605 (+8)
[MAIN_LOOP] ✓ 主循环运行中 (iterations=100, use_shared_ws=True)
[WS][SHARED][TRACE] 函数调用次数: 101
[WS][SHARED][DEBUG] 读取统计: read=101, skip=168, 当前seq=257605 (last=257605), updated_at=1769227222.16 (last=1769227222.16)
[PX] bid=0.9970 ask=0.9980 mid=0.9975 last=0.9975 | state=FLAT awaiting=None entry=None
    时间窗口: 60.0m | 采样点数: 16
    窗口跌幅: 当前 0.00% / 最大 0.00% / 阈值 0.10%
    窗口价格(mid): 高 0.9975 / 低 0.9965
    信号超时: 1.0分钟无信号 / 阈值 60分钟
[WS][SHARED] ✓ 检测到seq增长: 257605 → 257621 (+16)
[WS][SHARED] seq=257621, updates=10 (16.4/min), bid=0.997, ask=0.998, price=0.997
[WS][SHARED] ✓ 检测到seq增长: 257621 → 257629 (+8)
[WS][SHARED][SKIP] 跳过策略调用 (总跳过次数=202): seq和updated_at都未变化且距上次tick仅3.5秒
[WS][SHARED][SKIP] 当前状态: seq=257629, last_seq=257629, bid=0.997, ask=0.998
[PX] bid=0.9970 ask=0.9980 mid=0.9975 last=0.9970 | state=FLAT awaiting=None entry=None
    时间窗口: 60.0m | 采样点数: 21
    窗口跌幅: 当前 0.00% / 最大 0.00% / 阈值 0.10%
    窗口价格(mid): 高 0.9975 / 低 0.9965
    信号超时: 1.5分钟无信号 / 阈值 60分钟
[WS][SHARED] seq=257629, updates=7 (13.7/min), bid=0.997, ask=0.998, price=0.997
[MAIN_LOOP] ✓ 主循环运行中 (iterations=199, use_shared_ws=True)
[WS][SHARED][DEBUG] 读取统计: read=200, skip=344, 当前seq=257629 (last=257629), updated_at=1769227239.63 (last=1769227239.63)
[WS][SHARED][TRACE] 函数调用次数: 201
[WS][SHARED] ✓ 检测到seq增长: 257629 → 257637 (+8)
[PX] bid=0.9970 ask=0.9980 mid=0.9975 last=0.9975 | state=FLAT awaiting=None entry=None
    时间窗口: 60.0m | 采样点数: 28
    窗口跌幅: 当前 0.00% / 最大 0.00% / 阈值 0.10%
    窗口价格(mid): 高 0.9975 / 低 0.9965
    信号超时: 2.2分钟无信号 / 阈值 60分钟
[WS][SHARED] ✓ 检测到seq增长: 257637 → 257645 (+8)
[WS][SHARED] seq=257645, updates=5 (8.9/min), bid=0.997, ask=0.998, price=0.997
[WS][SHARED][SKIP] 跳过策略调用 (总跳过次数=402): seq和updated_at都未变化且距上次tick仅1.0秒
[WS][SHARED][SKIP] 当前状态: seq=257645, last_seq=257645, bid=0.997, ask=0.998
[WS][SHARED] ✓ 检测到seq增长: 257645 → 257653 (+8)
[WS][SHARED] ✓ 检测到seq增长: 257653 → 257661 (+8)
[PX] bid=0.9970 ask=0.9980 mid=0.9975 last=0.9970 | state=FLAT awaiting=None entry=None
    时间窗口: 60.0m | 采样点数: 34
    窗口跌幅: 当前 0.00% / 最大 0.00% / 阈值 0.10%
    窗口价格(mid): 高 0.9975 / 低 0.9965
    信号超时: 2.7分钟无信号 / 阈值 60分钟
[WS][SHARED] seq=257661, updates=7 (13.3/min), bid=0.997, ask=0.998, price=0.997
[MAIN_LOOP] ✓ 主循环运行中 (iterations=299, use_shared_ws=True)
[WS][SHARED][DEBUG] 读取统计: read=300, skip=522, 当前seq=257661 (last=257661), updated_at=1769227320.19 (last=1769227320.19)
[WS][SHARED][TRACE] 函数调用次数: 301
[PX] bid=0.9970 ask=0.9980 mid=0.9975 last=0.9970 | state=FLAT awaiting=None entry=None
    时间窗口: 60.0m | 采样点数: 39
    窗口跌幅: 当前 0.00% / 最大 0.00% / 阈值 0.10%
    窗口价格(mid): 高 0.9975 / 低 0.9965
    信号超时: 3.2分钟无信号 / 阈值 60分钟
[WS][SHARED] ✓ 检测到seq增长: 257661 → 257684 (+23)
[WS][SHARED] seq=257684, updates=5 (9.7/min), bid=0.996, ask=0.998, price=0.997
[WS][SHARED] ✓ 检测到seq增长: 257684 → 257708 (+24)
[WS][SHARED] ✓ 检测到seq增长: 257708 → 257717 (+9)
[WS][SHARED] ✓ 检测到seq增长: 257717 → 257725 (+8)
[WS][SHARED][SKIP] 跳过策略调用 (总跳过次数=602): seq和updated_at都未变化且距上次tick仅0.5秒
[WS][SHARED][SKIP] 当前状态: seq=257725, last_seq=257725, bid=0.996, ask=0.998
[WS][SHARED] ✓ 检测到seq增长: 257725 → 257733 (+8)
[PX] bid=0.9960 ask=0.9980 mid=0.9970 last=0.9970 | state=FLAT awaiting=None entry=None
    时间窗口: 60.0m | 采样点数: 49
    窗口跌幅: 当前 0.05% / 最大 0.05% / 阈值 0.10%
    窗口价格(mid): 高 0.9975 / 低 0.9965
    信号超时: 3.7分钟无信号 / 阈值 60分钟
[WS][SHARED] ✓ 检测到seq增长: 257733 → 257741 (+8)
[WS][SHARED] seq=257741, updates=10 (18.7/min), bid=0.996, ask=0.998, price=0.997
[WS][SHARED] ✓ 检测到seq增长: 257741 → 257749 (+8)
[MAIN_LOOP] ✓ 主循环运行中 (iterations=398, use_shared_ws=True)
[WS][SHARED][DEBUG] 读取统计: read=399, skip=690, 当前seq=257749 (last=257749), updated_at=1769227404.38 (last=1769227404.38)
[WS][SHARED][TRACE] 函数调用次数: 401
[PX] bid=0.9960 ask=0.9980 mid=0.9970 last=0.9970 | state=FLAT awaiting=None entry=None
    时间窗口: 60.0m | 采样点数: 54
    窗口跌幅: 当前 0.05% / 最大 0.05% / 阈值 0.10%
    窗口价格(mid): 高 0.9975 / 低 0.9965
    信号超时: 4.2分钟无信号 / 阈值 60分钟
[WS][SHARED] seq=257749, updates=5 (9.9/min), bid=0.996, ask=0.998, price=0.997
[WS][SHARED] ✓ 检测到seq增长: 257749 → 257757 (+8)
[WS][SHARED] ✓ 检测到seq增长: 257757 → 257765 (+8)
[WS][SHARED][SKIP] 跳过策略调用 (总跳过次数=802): seq和updated_at都未变化且距上次tick仅0.5秒
[WS][SHARED][SKIP] 当前状态: seq=257765, last_seq=257765, bid=0.996, ask=0.998
[WS][SHARED] ✓ 检测到seq增长: 257765 → 257773 (+8)
[PX] bid=0.9960 ask=0.9980 mid=0.9970 last=0.9960 | state=FLAT awaiting=None entry=None
    时间窗口: 60.0m | 采样点数: 62
    窗口跌幅: 当前 0.05% / 最大 0.05% / 阈值 0.10%
    窗口价格(mid): 高 0.9975 / 低 0.9965
    信号超时: 4.7分钟无信号 / 阈值 60分钟
[WS][SHARED] ✓ 检测到seq增长: 257773 → 257781 (+8)
[WS][SHARED] ✓ 检测到seq增长: 257781 → 257789 (+8)
[WS][SHARED] ✓ 检测到seq增长: 257789 → 257805 (+16)
[ACTION] 🔔 收到交易信号: type=ActionType.BUY, target_price=None
[HINT][BUY] 目标 10.0000 - 当前仓位(未在 data-api positions(limit=500, total=11, param=user) via env:POLY_FUNDER 中找到 token 107096794127270890984101242570698639474010707625351397547174129311341989598349) 0.0000 -> 本次下单 10.0000
[MAKER][BUY] 开始买入流程 -> target_size=10.0000 poll_sec=10.0s
[DIAG][BID] latest字典中的token数据: {'price': 0.9964999999999999, 'best_bid': 0.995, 'best_ask': 0.998, 'ts': 1769227454.7813907}
[DIAG][BID] ORDERBOOK_STALE_AFTER_SEC = 30.0
[MAKER][BUY] 检测到市场价格精度 -> decimals=3
[WATCHDOG][BUY] 持仓检查 -> origin=未在 data-api positions(limit=500, total=11, param=user) via env:POLY_FUNDER 中找到 token 107096794127270890984101242570698639474010707625351397547174129311341989598349 当前无持仓
[MAKER][BUY] 挂单 -> price=0.995 qty=10.0000 remaining=10.0000
[MAKER][BUY] 挂单状态 -> price=0.995 filled=0.0000 remaining=10.0000 status=LIVE
[DIAG][BID] 快照过期: 年龄=55.5s > 阈值=30.0s
[DIAG][BID] 尝试从缓存刷新数据...
[DIAG][BID] ✗ 缓存数据过期: 年龄=31.7s > 阈值=30.0s
[DIAG][BID] 缓存数据过期，返回None触发REST API fallback
[DIAG][WS] WebSocket bid 返回 None（可能原因：快照过期或数据缺失）
[FETCH][WARN] 无法通过 REST API 获取 bid 价格，尝试了 1 个方法: get_order_book
[MAKER][BUY] 挂单状态 -> price=0.995 filled=0.0000 remaining=10.0000 status=LIVE
[DIAG][BID] 快照过期: 年龄=77.2s > 阈值=30.0s
[DIAG][BID] 尝试从缓存刷新数据...
[DIAG][BID] ✓ 已刷新快照: bid=0.996, ask=0.998 (缓存数据新鲜)
[MAKER][BUY] 买一上行 -> 撤单重挂 | old=0.995 new=0.996
[WATCHDOG][BUY] 持仓检查 -> origin=未在 data-api positions(limit=500, total=11, param=user) via env:POLY_FUNDER 中找到 token 107096794127270890984101242570698639474010707625351397547174129311341989598349 当前无持仓
[MAKER][BUY] 挂单 -> price=0.996 qty=10.0000 remaining=10.0000
[MAKER][BUY] 挂单状态 -> price=0.996 filled=0.0000 remaining=10.0000 status=LIVE
[DIAG][BID] 快照过期: 年龄=33.7s > 阈值=30.0s
[DIAG][BID] 尝试从缓存刷新数据...
[DIAG][BID] ✗ 缓存数据过期: 年龄=32.1s > 阈值=30.0s
[DIAG][BID] 缓存数据过期，返回None触发REST API fallback
[DIAG][WS] WebSocket bid 返回 None（可能原因：快照过期或数据缺失）
[FETCH][WARN] 无法通过 REST API 获取 bid 价格，尝试了 1 个方法: get_order_book
[MAKER][BUY] 挂单状态 -> price=0.996 filled=0.0000 remaining=10.0000 status=LIVE
[DIAG][BID] 快照过期: 年龄=53.9s > 阈值=30.0s
[DIAG][BID] 尝试从缓存刷新数据...
[DIAG][BID] ✓ 已刷新快照: bid=0.996, ask=0.998 (缓存数据新鲜)
[MAKER][BUY] 挂单状态 -> price=0.996 filled=0.0000 remaining=10.0000 status=LIVE
[WATCHDOG][BUY] 持仓检查 -> origin=未在 data-api positions(limit=500, total=11, param=user) via env:POLY_FUNDER 中找到 token 107096794127270890984101242570698639474010707625351397547174129311341989598349 当前无持仓
[MAKER][BUY] 挂单状态 -> price=0.996 filled=0.0000 remaining=10.0000 status=LIVE
[DIAG][BID] 快照过期: 年龄=51.8s > 阈值=30.0s
[DIAG][BID] 尝试从缓存刷新数据...
[DIAG][BID] ✓ 已刷新快照: bid=0.997, ask=0.998 (缓存数据新鲜)
[MAKER][BUY] 买一上行 -> 撤单重挂 | old=0.996 new=0.997
[WATCHDOG][BUY] 持仓检查 -> origin=未在 data-api positions(limit=500, total=11, param=user) via env:POLY_FUNDER 中找到 token 107096794127270890984101242570698639474010707625351397547174129311341989598349 当前无持仓
[MAKER][BUY] 挂单 -> price=0.997 qty=10.0000 remaining=10.0000
[MAKER][BUY] 挂单状态 -> price=0.997 filled=0.0000 remaining=10.0000 status=LIVE
[DIAG][BID] 快照过期: 年龄=32.7s > 阈值=30.0s
[DIAG][BID] 尝试从缓存刷新数据...
[DIAG][BID] ✓ 已刷新快照: bid=0.997, ask=0.998 (缓存数据新鲜)
[MAKER][BUY] 挂单状态 -> price=0.997 filled=0.0000 remaining=10.0000 status=LIVE
[MAKER][BUY] 挂单状态 -> price=0.997 filled=0.0000 remaining=10.0000 status=LIVE
[DIAG][BID] 快照过期: 年龄=41.1s > 阈值=30.0s
[DIAG][BID] 尝试从缓存刷新数据...
[DIAG][BID] ✓ 已刷新快照: bid=0.997, ask=0.998 (缓存数据新鲜)
[WATCHDOG][BUY] 持仓检查 -> origin=未在 data-api positions(limit=500, total=11, param=user) via env:POLY_FUNDER 中找到 token 107096794127270890984101242570698639474010707625351397547174129311341989598349 当前无持仓
[MAKER][BUY] 挂单状态 -> price=0.997 filled=0.0000 remaining=10.0000 status=LIVE
[DIAG][BID] 快照过期: 年龄=31.4s > 阈值=30.0s
[DIAG][BID] 尝试从缓存刷新数据...
[DIAG][BID] ✗ 缓存数据过期: 年龄=51.6s > 阈值=30.0s
[DIAG][BID] 缓存数据过期，返回None触发REST API fallback
[DIAG][WS] WebSocket bid 返回 None（可能原因：快照过期或数据缺失）
[FETCH][WARN] 无法通过 REST API 获取 bid 价格，尝试了 1 个方法: get_order_book
[MAKER][BUY] 挂单状态 -> price=0.997 filled=0.0000 remaining=10.0000 status=LIVE
[DIAG][BID] 快照过期: 年龄=52.0s > 阈值=30.0s
[DIAG][BID] 尝试从缓存刷新数据...
[DIAG][BID] ✓ 已刷新快照: bid=0.997, ask=0.998 (缓存数据新鲜)
[MAKER][BUY] 挂单状态 -> price=0.997 filled=0.0000 remaining=10.0000 status=LIVE
[WATCHDOG][BUY] 持仓检查 -> origin=未在 data-api positions(limit=500, total=11, param=user) via env:POLY_FUNDER 中找到 token 107096794127270890984101242570698639474010707625351397547174129311341989598349 当前无持仓
[MAKER][BUY] 挂单状态 -> price=0.997 filled=0.0000 remaining=10.0000 status=LIVE
[DIAG][BID] 快照过期: 年龄=52.6s > 阈值=30.0s
[DIAG][BID] 尝试从缓存刷新数据...
[DIAG][BID] ✗ 缓存数据过期: 年龄=33.5s > 阈值=30.0s
[DIAG][BID] 缓存数据过期，返回None触发REST API fallback
[DIAG][WS] WebSocket bid 返回 None（可能原因：快照过期或数据缺失）
[FETCH][WARN] 无法通过 REST API 获取 bid 价格，尝试了 1 个方法: get_order_book
[MAKER][BUY] 挂单状态 -> price=0.997 filled=0.0000 remaining=10.0000 status=LIVE
[DIAG][BID] 快照过期: 年龄=73.6s > 阈值=30.0s
[DIAG][BID] 尝试从缓存刷新数据...
[DIAG][BID] ✗ 缓存数据过期: 年龄=54.5s > 阈值=30.0s
[DIAG][BID] 缓存数据过期，返回None触发REST API fallback
[DIAG][WS] WebSocket bid 返回 None（可能原因：快照过期或数据缺失）
[FETCH][WARN] 无法通过 REST API 获取 bid 价格，尝试了 1 个方法: get_order_book
[MAKER][BUY] 挂单状态 -> price=0.997 filled=0.0000 remaining=10.0000 status=LIVE
[DIAG][BID] 快照过期: 年龄=94.5s > 阈值=30.0s
[DIAG][BID] 尝试从缓存刷新数据...
[DIAG][BID] ✗ 缓存数据过期: 年龄=75.5s > 阈值=30.0s
[DIAG][BID] 缓存数据过期，返回None触发REST API fallback
[DIAG][WS] WebSocket bid 返回 None（可能原因：快照过期或数据缺失）
[FETCH][WARN] 无法通过 REST API 获取 bid 价格，尝试了 1 个方法: get_order_book
[WATCHDOG][BUY] 持仓检查 -> origin=未在 data-api positions(limit=500, total=11, param=user) via env:POLY_FUNDER 中找到 token 107096794127270890984101242570698639474010707625351397547174129311341989598349 当前无持仓
[MAKER][BUY] 挂单状态 -> price=0.997 filled=0.0000 remaining=10.0000 status=LIVE
[DIAG][BID] 快照过期: 年龄=125.9s > 阈值=30.0s
[DIAG][BID] 尝试从缓存刷新数据...
[DIAG][BID] ✓ 已刷新快照: bid=0.997, ask=0.998 (缓存数据新鲜)
[MAKER][BUY] 挂单状态 -> price=0.997 filled=0.0000 remaining=10.0000 status=LIVE
[MAKER][BUY] 挂单状态 -> price=0.997 filled=0.0000 remaining=10.0000 status=LIVE
[DIAG][BID] 快照过期: 年龄=40.7s > 阈值=30.0s
[DIAG][BID] 尝试从缓存刷新数据...
[DIAG][BID] ✗ 缓存数据过期: 年龄=69.2s > 阈值=30.0s
[DIAG][BID] 缓存数据过期，返回None触发REST API fallback
[DIAG][WS] WebSocket bid 返回 None（可能原因：快照过期或数据缺失）
[FETCH][WARN] 无法通过 REST API 获取 bid 价格，尝试了 1 个方法: get_order_book
[WATCHDOG][BUY] 持仓检查 -> origin=未在 data-api positions(limit=500, total=11, param=user) via env:POLY_FUNDER 中找到 token 107096794127270890984101242570698639474010707625351397547174129311341989598349 当前无持仓
[MAKER][BUY] 挂单状态 -> price=0.997 filled=0.0000 remaining=10.0000 status=LIVE
[DIAG][BID] 快照过期: 年龄=72.2s > 阈值=30.0s
[DIAG][BID] 尝试从缓存刷新数据...
[DIAG][BID] ✓ 已刷新快照: bid=0.997, ask=0.998 (缓存数据新鲜)
[MAKER][BUY] 挂单状态 -> price=0.997 filled=0.0000 remaining=10.0000 status=LIVE
[MAKER][BUY] 挂单状态 -> price=0.997 filled=0.0000 remaining=10.0000 status=LIVE
[DIAG][BID] 快照过期: 年龄=40.5s > 阈值=30.0s
[DIAG][BID] 尝试从缓存刷新数据...
[DIAG][BID] ✓ 已刷新快照: bid=0.997, ask=0.998 (缓存数据新鲜)
[WATCHDOG][BUY] 持仓检查 -> origin=未在 data-api positions(limit=500, total=11, param=user) via env:POLY_FUNDER 中找到 token 107096794127270890984101242570698639474010707625351397547174129311341989598349 当前无持仓
[MAKER][BUY] 挂单状态 -> price=0.997 filled=0.0000 remaining=10.0000 status=LIVE
[DIAG][BID] 快照过期: 年龄=31.9s > 阈值=30.0s
[DIAG][BID] 尝试从缓存刷新数据...
[DIAG][BID] ✗ 缓存数据过期: 年龄=59.0s > 阈值=30.0s
[DIAG][BID] 缓存数据过期，返回None触发REST API fallback
[DIAG][WS] WebSocket bid 返回 None（可能原因：快照过期或数据缺失）
[FETCH][WARN] 无法通过 REST API 获取 bid 价格，尝试了 1 个方法: get_order_book
[MAKER][BUY] 挂单状态 -> price=0.997 filled=0.0000 remaining=10.0000 status=LIVE
[DIAG][BID] 快照过期: 年龄=52.5s > 阈值=30.0s
[DIAG][BID] 尝试从缓存刷新数据...
[DIAG][BID] ✗ 缓存数据过期: 年龄=79.7s > 阈值=30.0s
[DIAG][BID] 缓存数据过期，返回None触发REST API fallback
[DIAG][WS] WebSocket bid 返回 None（可能原因：快照过期或数据缺失）
[FETCH][WARN] 无法通过 REST API 获取 bid 价格，尝试了 1 个方法: get_order_book
[MAKER][BUY] 挂单状态 -> price=0.997 filled=0.0000 remaining=10.0000 status=LIVE
[DIAG][BID] 快照过期: 年龄=73.8s > 阈值=30.0s
[DIAG][BID] 尝试从缓存刷新数据...
[DIAG][BID] ✓ 已刷新快照: bid=0.997, ask=0.998 (缓存数据新鲜)
[WATCHDOG][BUY] 持仓检查 -> origin=未在 data-api positions(limit=500, total=11, param=user) via env:POLY_FUNDER 中找到 token 107096794127270890984101242570698639474010707625351397547174129311341989598349 当前无持仓
[MAKER][BUY] 挂单状态 -> price=0.997 filled=0.0000 remaining=10.0000 status=LIVE
[DIAG][BID] 快照过期: 年龄=32.0s > 阈值=30.0s
[DIAG][BID] 尝试从缓存刷新数据...
[DIAG][BID] ✓ 已刷新快照: bid=0.997, ask=0.998 (缓存数据新鲜)
[MAKER][BUY] 挂单状态 -> price=0.997 filled=0.0000 remaining=10.0000 status=LIVE
[MAKER][BUY] 挂单状态 -> price=0.997 filled=0.0000 remaining=10.0000 status=LIVE
[DIAG][BID] 快照过期: 年龄=41.5s > 阈值=30.0s
[DIAG][BID] 尝试从缓存刷新数据...
[DIAG][BID] ✓ 已刷新快照: bid=0.997, ask=0.998 (缓存数据新鲜)
[WATCHDOG][BUY] 持仓检查 -> origin=未在 data-api positions(limit=500, total=11, param=user) via env:POLY_FUNDER 中找到 token 107096794127270890984101242570698639474010707625351397547174129311341989598349 当前无持仓
[MAKER][BUY] 挂单状态 -> price=0.997 filled=0.0000 remaining=10.0000 status=LIVE
[DIAG][BID] 快照过期: 年龄=31.4s > 阈值=30.0s
[DIAG][BID] 尝试从缓存刷新数据...
[DIAG][BID] ✓ 已刷新快照: bid=0.997, ask=0.998 (缓存数据新鲜)
[MAKER][BUY] 挂单状态 -> price=0.997 filled=0.0000 remaining=10.0000 status=LIVE
[MAKER][BUY] 挂单状态 -> price=0.997 filled=0.0000 remaining=10.0000 status=LIVE
[DIAG][BID] 快照过期: 年龄=41.7s > 阈值=30.0s
[DIAG][BID] 尝试从缓存刷新数据...
[DIAG][BID] ✓ 已刷新快照: bid=0.997, ask=0.998 (缓存数据新鲜)
[WATCHDOG][BUY] 持仓检查 -> origin=未在 data-api positions(limit=500, total=11, param=user) via env:POLY_FUNDER 中找到 token 107096794127270890984101242570698639474010707625351397547174129311341989598349 当前无持仓
[MAKER][BUY] 挂单状态 -> price=0.997 filled=0.0000 remaining=10.0000 status=LIVE
[DIAG][BID] 快照过期: 年龄=31.2s > 阈值=30.0s
[DIAG][BID] 尝试从缓存刷新数据...
[DIAG][BID] ✗ 缓存数据过期: 年龄=51.0s > 阈值=30.0s
[DIAG][BID] 缓存数据过期，返回None触发REST API fallback
[DIAG][WS] WebSocket bid 返回 None（可能原因：快照过期或数据缺失）
[FETCH][WARN] 无法通过 REST API 获取 bid 价格，尝试了 1 个方法: get_order_book
[MAKER][BUY] 挂单状态 -> price=0.997 filled=0.0000 remaining=10.0000 status=LIVE
[DIAG][BID] 快照过期: 年龄=51.0s > 阈值=30.0s
[DIAG][BID] 尝试从缓存刷新数据...
[DIAG][BID] ✗ 缓存数据过期: 年龄=70.7s > 阈值=30.0s
[DIAG][BID] 缓存数据过期，返回None触发REST API fallback
[DIAG][WS] WebSocket bid 返回 None（可能原因：快照过期或数据缺失）
[FETCH][WARN] 无法通过 REST API 获取 bid 价格，尝试了 1 个方法: get_order_book
[MAKER][BUY] 挂单状态 -> price=0.997 filled=0.0000 remaining=10.0000 status=LIVE
[DIAG][BID] 快照过期: 年龄=71.2s > 阈值=30.0s
[DIAG][BID] 尝试从缓存刷新数据...
[DIAG][BID] ✓ 已刷新快照: bid=0.997, ask=0.998 (缓存数据新鲜)
[WATCHDOG][BUY] 持仓检查 -> origin=未在 data-api positions(limit=500, total=11, param=user) via env:POLY_FUNDER 中找到 token 107096794127270890984101242570698639474010707625351397547174129311341989598349 当前无持仓
[MAKER][BUY] 挂单状态 -> price=0.997 filled=0.0000 remaining=10.0000 status=LIVE
[DIAG][BID] 快照过期: 年龄=30.6s > 阈值=30.0s
[DIAG][BID] 尝试从缓存刷新数据...
[DIAG][BID] ✗ 缓存数据过期: 年龄=49.9s > 阈值=30.0s
[DIAG][BID] 缓存数据过期，返回None触发REST API fallback
[DIAG][WS] WebSocket bid 返回 None（可能原因：快照过期或数据缺失）
[FETCH][WARN] 无法通过 REST API 获取 bid 价格，尝试了 1 个方法: get_order_book
[MAKER][BUY] 挂单状态 -> price=0.997 filled=0.0000 remaining=10.0000 status=LIVE
[DIAG][BID] 快照过期: 年龄=51.9s > 阈值=30.0s
[DIAG][BID] 尝试从缓存刷新数据...
[DIAG][BID] ✗ 缓存数据过期: 年龄=71.2s > 阈值=30.0s
[DIAG][BID] 缓存数据过期，返回None触发REST API fallback
[DIAG][WS] WebSocket bid 返回 None（可能原因：快照过期或数据缺失）
[FETCH][WARN] 无法通过 REST API 获取 bid 价格，尝试了 1 个方法: get_order_book
[MAKER][BUY] 挂单状态 -> price=0.997 filled=0.0000 remaining=10.0000 status=LIVE
[DIAG][BID] 快照过期: 年龄=73.6s > 阈值=30.0s
[DIAG][BID] 尝试从缓存刷新数据...
[DIAG][BID] ✓ 已刷新快照: bid=0.997, ask=0.998 (缓存数据新鲜)
[WATCHDOG][BUY] 持仓检查 -> origin=未在 data-api positions(limit=500, total=11, param=user) via env:POLY_FUNDER 中找到 token 107096794127270890984101242570698639474010707625351397547174129311341989598349 当前无持仓
[MAKER][BUY] 挂单状态 -> price=0.997 filled=0.0000 remaining=10.0000 status=LIVE
[DIAG][BID] 快照过期: 年龄=31.5s > 阈值=30.0s
[DIAG][BID] 尝试从缓存刷新数据...
[DIAG][BID] ✓ 已刷新快照: bid=0.997, ask=0.998 (缓存数据新鲜)
[MAKER][BUY] 挂单状态 -> price=0.997 filled=0.0000 remaining=10.0000 status=LIVE
[MAKER][BUY] 挂单状态 -> price=0.997 filled=0.0000 remaining=10.0000 status=LIVE
[DIAG][BID] 快照过期: 年龄=40.3s > 阈值=30.0s
[DIAG][BID] 尝试从缓存刷新数据...
[DIAG][BID] ✓ 已刷新快照: bid=0.997, ask=0.998 (缓存数据新鲜)
[WATCHDOG][BUY] 持仓检查 -> origin=未在 data-api positions(limit=500, total=11, param=user) via env:POLY_FUNDER 中找到 token 107096794127270890984101242570698639474010707625351397547174129311341989598349 当前无持仓
[MAKER][BUY] 挂单状态 -> price=0.997 filled=0.0000 remaining=10.0000 status=LIVE
[DIAG][BID] 快照过期: 年龄=31.8s > 阈值=30.0s
[DIAG][BID] 尝试从缓存刷新数据...
[DIAG][BID] ✗ 缓存数据过期: 年龄=40.0s > 阈值=30.0s
[DIAG][BID] 缓存数据过期，返回None触发REST API fallback
[DIAG][WS] WebSocket bid 返回 None（可能原因：快照过期或数据缺失）
[FETCH][WARN] 无法通过 REST API 获取 bid 价格，尝试了 1 个方法: get_order_book
[MAKER][BUY] 挂单状态 -> price=0.997 filled=0.0000 remaining=10.0000 status=LIVE
[DIAG][BID] 快照过期: 年龄=53.1s > 阈值=30.0s
[DIAG][BID] 尝试从缓存刷新数据...
[DIAG][BID] ✓ 已刷新快照: bid=0.997, ask=0.998 (缓存数据新鲜)
[MAKER][BUY] 挂单状态 -> price=0.997 filled=0.0000 remaining=10.0000 status=LIVE
[WATCHDOG][BUY] 持仓检查 -> origin=未在 data-api positions(limit=500, total=11, param=user) via env:POLY_FUNDER 中找到 token 107096794127270890984101242570698639474010707625351397547174129311341989598349 当前无持仓
[MAKER][BUY] 挂单状态 -> price=0.997 filled=0.0000 remaining=10.0000 status=LIVE
[DIAG][BID] 快照过期: 年龄=52.7s > 阈值=30.0s
[DIAG][BID] 尝试从缓存刷新数据...
[DIAG][BID] ✓ 已刷新快照: bid=0.996, ask=0.997 (缓存数据新鲜)
[MAKER][BUY] 挂单状态 -> price=0.997 filled=10.0000 remaining=0.0000 status=MATCHED
[TRADE][BUY][MAKER] resp={'status': 'FILLED', 'avg_price': 0.9970000000000001, 'filled': 10.0, 'remaining': 0.0, 'orders': [{'id': '0x51a9bd27637beee724a1fe0dbccc703e3e3b16b8f961c90391398193f765723e', 'side': 'buy', 'price': 0.995, 'size': 10.0, 'status': 'CANCELLED', 'filled': 0.0, 'avg_price': 0.995}, {'id': '0xa9121ccccc945fc5773e67552a331d5758d4a9847eaa651415c7f9f0e75a0343', 'side': 'buy', 'price': 0.996, 'size': 10.0, 'status': 'CANCELLED', 'filled': 0.0, 'avg_price': 0.996}, {'id': '0xe34bc5e63d757ae8e0e3cfc95d19594f0a5e360231ee3cd7c996228d2b843f5b', 'side': 'buy', 'price': 0.997, 'size': 10.0, 'status': 'CANCELLED', 'filled': 10.0, 'avg_price': 0.997}]}
[INFO] 买入成交，延迟 60s 再查询持仓均价，等待 data-api 刷新…
[INFO] 开始持仓均价多轮确认（目标 size≈10.0000，最多 5 轮，每轮间隔 7s）
[TRACE] 持仓均价查询结果（第1次/本轮） origin=data-api positions(limit=500, total=12, param=user) via env:POLY_FUNDER avg=0.997000 size=10.000000
[TRACE] 持仓均价查询结果（第2次/本轮） origin=data-api positions(limit=500, total=12, param=user) via env:POLY_FUNDER avg=0.997000 size=10.000000
[TRACE] 持仓均价查询结果（第3次/本轮） origin=data-api positions(limit=500, total=12, param=user) via env:POLY_FUNDER avg=0.997000 size=10.000000
[STATE] 持仓均价确认 -> origin=data-api positions(limit=500, total=12, param=user) via env:POLY_FUNDER avg=0.9970 size=10.0000
[STATE] 买入成交 -> status=FILLED price=0.9970 size=10.0000
[DIAG][ASK] ✓ 已刷新快照: bid=0.996, ask=0.997 (缓存数据新鲜)
[FETCH][WARN] 无法通过 REST API 获取 ask 价格，尝试了 1 个方法: get_order_book
[MAKER][SELL] 价格超过上限，按 0.999 挂单 (原始 1.002)
[MAKER][SELL] 挂单 -> price=0.999 qty=10.00 remaining=10.00
[WATCHDOG][SELL] 持仓检查 -> origin=data-api positions(limit=500, total=12, param=user) via env:POLY_FUNDER avg=0.9970 size=10.0000
[MAKER][SELL] 挂单状态 -> price=0.999 sold=0.00 remaining=10.00 status=LIVE
[MAKER][SELL] 挂单状态 -> price=0.999 sold=0.00 remaining=10.00 status=LIVE
[MAKER][SELL] 挂单状态 -> price=0.999 sold=0.00 remaining=10.00 status=LIVE
[MAKER][SELL] 挂单状态 -> price=0.999 sold=0.00 remaining=10.00 status=LIVE
[MAKER][SELL] 挂单状态 -> price=0.999 sold=0.00 remaining=10.00 status=LIVE
[WATCHDOG][SELL] 持仓检查 -> origin=data-api positions(limit=500, total=12, param=user) via env:POLY_FUNDER avg=0.9970 size=10.0000
[MAKER][SELL] 挂单状态 -> price=0.999 sold=0.00 remaining=10.00 status=LIVE
[DIAG][ASK] ✗ 缓存数据过期: 年龄=49.2s > 阈值=30.0s
[DIAG][ASK] 缓存数据过期，返回None触发REST API fallback
[DIAG][WS] WebSocket ask 返回 None（可能原因：快照过期或数据缺失）
[FETCH][WARN] 无法通过 REST API 获取 ask 价格，尝试了 1 个方法: get_order_book
[DIAG][WS] WebSocket ask 返回 None（可能原因：快照过期或数据缺失）
[FETCH][WARN] 无法通过 REST API 获取 ask 价格，尝试了 1 个方法: get_order_book
[FETCH][WARN] 无法通过 REST API 获取 ask 价格，尝试了 1 个方法: get_order_book
[DIAG][WS] WebSocket ask 返回 None（可能原因：快照过期或数据缺失）
[FETCH][WARN] 无法通过 REST API 获取 ask 价格，尝试了 1 个方法: get_order_book
[DIAG][WS] WebSocket ask 返回 None（可能原因：快照过期或数据缺失）
[FETCH][WARN] 无法通过 REST API 获取 ask 价格，尝试了 1 个方法: get_order_book
[MAKER][SELL] 挂单状态 -> price=0.999 sold=0.00 remaining=10.00 status=LIVE
[MAKER][SELL] 挂单状态 -> price=0.999 sold=0.00 remaining=10.00 status=LIVE
[WATCHDOG][SELL] 持仓检查 -> origin=data-api positions(limit=500, total=12, param=user) via env:POLY_FUNDER avg=0.9970 size=10.0000
[MAKER][SELL] 挂单状态 -> price=0.999 sold=0.00 remaining=10.00 status=LIVE
[FETCH][WARN] 无法通过 REST API 获取 ask 价格，尝试了 1 个方法: get_order_book
[MAKER][SELL] 挂单状态 -> price=0.999 sold=0.00 remaining=10.00 status=LIVE
[MAKER][SELL] 挂单状态 -> price=0.999 sold=0.00 remaining=10.00 status=LIVE
[MAKER][SELL] 挂单状态 -> price=0.999 sold=0.00 remaining=10.00 status=LIVE
[MAKER][SELL] 挂单状态 -> price=0.999 sold=0.00 remaining=10.00 status=LIVE
[MAKER][SELL] 挂单状态 -> price=0.999 sold=0.00 remaining=10.00 status=LIVE
[WATCHDOG][SELL] 持仓检查 -> origin=data-api positions(limit=500, total=12, param=user) via env:POLY_FUNDER avg=0.9970 size=10.0000
[MAKER][SELL] 挂单状态 -> price=0.999 sold=0.00 remaining=10.00 status=LIVE
[DIAG][WS] WebSocket ask 返回 None（可能原因：快照过期或数据缺失）
[FETCH][WARN] 无法通过 REST API 获取 ask 价格，尝试了 1 个方法: get_order_book
[DIAG][WS] WebSocket ask 返回 None（可能原因：快照过期或数据缺失）
[FETCH][WARN] 无法通过 REST API 获取 ask 价格，尝试了 1 个方法: get_order_book
[FETCH][WARN] 无法通过 REST API 获取 ask 价格，尝试了 1 个方法: get_order_book
[DIAG][WS] WebSocket ask 返回 None（可能原因：快照过期或数据缺失）
[FETCH][WARN] 无法通过 REST API 获取 ask 价格，尝试了 1 个方法: get_order_book
[DIAG][WS] WebSocket ask 返回 None（可能原因：快照过期或数据缺失）
[FETCH][WARN] 无法通过 REST API 获取 ask 价格，尝试了 1 个方法: get_order_book
[MAKER][SELL] 挂单状态 -> price=0.999 sold=0.00 remaining=10.00 status=LIVE
[MAKER][SELL] 挂单状态 -> price=0.999 sold=0.00 remaining=10.00 status=LIVE
[WATCHDOG][SELL] 持仓检查 -> origin=data-api positions(limit=500, total=12, param=user) via env:POLY_FUNDER avg=0.9970 size=10.0000
[MAKER][SELL] 挂单状态 -> price=0.999 sold=0.00 remaining=10.00 status=LIVE
[FETCH][WARN] 无法通过 REST API 获取 ask 价格，尝试了 1 个方法: get_order_book
[MAKER][SELL] 挂单状态 -> price=0.999 sold=0.00 remaining=10.00 status=LIVE
[MAKER][SELL] 挂单状态 -> price=0.999 sold=0.00 remaining=10.00 status=LIVE
[MAKER][SELL] 挂单状态 -> price=0.999 sold=0.00 remaining=10.00 status=LIVE
[DIAG][WS] WebSocket ask 返回 None（可能原因：快照过期或数据缺失）
[FETCH][WARN] 无法通过 REST API 获取 ask 价格，尝试了 1 个方法: get_order_book
[DIAG][WS] WebSocket ask 返回 None（可能原因：快照过期或数据缺失）
[FETCH][WARN] 无法通过 REST API 获取 ask 价格，尝试了 1 个方法: get_order_book
[DIAG][WS] WebSocket ask 返回 None（可能原因：快照过期或数据缺失）
[FETCH][WARN] 无法通过 REST API 获取 ask 价格，尝试了 1 个方法: get_order_book
[DIAG][WS] WebSocket ask 返回 None（可能原因：快照过期或数据缺失）
[FETCH][WARN] 无法通过 REST API 获取 ask 价格，尝试了 1 个方法: get_order_book
[DIAG][WS] WebSocket ask 返回 None（可能原因：快照过期或数据缺失）
[FETCH][WARN] 无法通过 REST API 获取 ask 价格，尝试了 1 个方法: get_order_book
[FETCH][WARN] 无法通过 REST API 获取 ask 价格，尝试了 1 个方法: get_order_book
[WATCHDOG][SELL] 持仓检查 -> origin=data-api positions(limit=500, total=12, param=user) via env:POLY_FUNDER avg=0.9970 size=10.0000
[MAKER][SELL] 挂单状态 -> price=0.999 sold=0.00 remaining=10.00 status=LIVE
[MAKER][SELL] 挂单状态 -> price=0.999 sold=0.00 remaining=10.00 status=LIVE
[MAKER][SELL] 挂单状态 -> price=0.999 sold=0.00 remaining=10.00 status=LIVE
[DIAG][WS] WebSocket ask 返回 None（可能原因：快照过期或数据缺失）
[FETCH][WARN] 无法通过 REST API 获取 ask 价格，尝试了 1 个方法: get_order_book
[DIAG][WS] WebSocket ask 返回 None（可能原因：快照过期或数据缺失）
[FETCH][WARN] 无法通过 REST API 获取 ask 价格，尝试了 1 个方法: get_order_book
[DIAG][WS] WebSocket ask 返回 None（可能原因：快照过期或数据缺失）
[FETCH][WARN] 无法通过 REST API 获取 ask 价格，尝试了 1 个方法: get_order_book
[DIAG][WS] WebSocket ask 返回 None（可能原因：快照过期或数据缺失）
[FETCH][WARN] 无法通过 REST API 获取 ask 价格，尝试了 1 个方法: get_order_book
[FETCH][WARN] 无法通过 REST API 获取 ask 价格，尝试了 1 个方法: get_order_book
[WATCHDOG][SELL] 持仓检查 -> origin=data-api positions(limit=500, total=12, param=user) via env:POLY_FUNDER avg=0.9970 size=10.0000
[MAKER][SELL] 挂单状态 -> price=0.999 sold=0.00 remaining=10.00 status=LIVE
[MAKER][SELL] 挂单状态 -> price=0.999 sold=0.00 remaining=10.00 status=LIVE
[MAKER][SELL] 挂单状态 -> price=0.999 sold=0.00 remaining=10.00 status=LIVE
[DIAG][WS] WebSocket ask 返回 None（可能原因：快照过期或数据缺失）
[FETCH][WARN] 无法通过 REST API 获取 ask 价格，尝试了 1 个方法: get_order_book
[DIAG][WS] WebSocket ask 返回 None（可能原因：快照过期或数据缺失）
[FETCH][WARN] 无法通过 REST API 获取 ask 价格，尝试了 1 个方法: get_order_book
[DIAG][WS] WebSocket ask 返回 None（可能原因：快照过期或数据缺失）
[FETCH][WARN] 无法通过 REST API 获取 ask 价格，尝试了 1 个方法: get_order_book
[DIAG][WS] WebSocket ask 返回 None（可能原因：快照过期或数据缺失）
[FETCH][WARN] 无法通过 REST API 获取 ask 价格，尝试了 1 个方法: get_order_book
[FETCH][WARN] 无法通过 REST API 获取 ask 价格，尝试了 1 个方法: get_order_book
[WATCHDOG][SELL] 持仓检查 -> origin=data-api positions(limit=500, total=12, param=user) via env:POLY_FUNDER avg=0.9970 size=10.0000
[MAKER][SELL] 挂单状态 -> price=0.999 sold=0.00 remaining=10.00 status=LIVE
[MAKER][SELL] 挂单状态 -> price=0.999 sold=0.00 remaining=10.00 status=LIVE
[MAKER][SELL] 挂单状态 -> price=0.999 sold=0.00 remaining=10.00 status=LIVE
[MAKER][SELL] 挂单状态 -> price=0.999 sold=0.00 remaining=10.00 status=LIVE
[MAKER][SELL] 挂单状态 -> price=0.999 sold=0.00 remaining=10.00 status=LIVE
[FETCH][WARN] 无法通过 REST API 获取 ask 价格，尝试了 1 个方法: get_order_book
[MAKER][SELL] 挂单状态 -> price=0.999 sold=0.00 remaining=10.00 status=LIVE
[DIAG][WS] WebSocket ask 返回 None（可能原因：快照过期或数据缺失）
[FETCH][WARN] 无法通过 REST API 获取 ask 价格，尝试了 1 个方法: get_order_book
[DIAG][WS] WebSocket ask 返回 None（可能原因：快照过期或数据缺失）
[FETCH][WARN] 无法通过 REST API 获取 ask 价格，尝试了 1 个方法: get_order_book
[DIAG][WS] WebSocket ask 返回 None（可能原因：快照过期或数据缺失）
[FETCH][WARN] 无法通过 REST API 获取 ask 价格，尝试了 1 个方法: get_order_book
[DIAG][WS] WebSocket ask 返回 None（可能原因：快照过期或数据缺失）
[FETCH][WARN] 无法通过 REST API 获取 ask 价格，尝试了 1 个方法: get_order_book
[DIAG][WS] WebSocket ask 返回 None（可能原因：快照过期或数据缺失）
[FETCH][WARN] 无法通过 REST API 获取 ask 价格，尝试了 1 个方法: get_order_book
[WATCHDOG][SELL] 持仓检查 -> origin=data-api positions(limit=500, total=12, param=user) via env:POLY_FUNDER avg=0.9970 size=10.0000
[MAKER][SELL] 挂单状态 -> price=0.999 sold=0.00 remaining=10.00 status=LIVE
[FETCH][WARN] 无法通过 REST API 获取 ask 价格，尝试了 1 个方法: get_order_book
[MAKER][SELL] 挂单状态 -> price=0.999 sold=0.00 remaining=10.00 status=LIVE
[MAKER][SELL] 挂单状态 -> price=0.999 sold=0.00 remaining=10.00 status=LIVE
[MAKER][SELL] 挂单状态 -> price=0.999 sold=0.00 remaining=10.00 status=LIVE
[MAKER][SELL] 挂单状态 -> price=0.999 sold=0.00 remaining=10.00 status=LIVE
[MAKER][SELL] 挂单状态 -> price=0.999 sold=0.00 remaining=10.00 status=LIVE
[WATCHDOG][SELL] 持仓检查 -> origin=data-api positions(limit=500, total=12, param=user) via env:POLY_FUNDER avg=0.9970 size=10.0000
[MAKER][SELL] 挂单状态 -> price=0.999 sold=0.00 remaining=10.00 status=LIVE
[FETCH][WARN] 无法通过 REST API 获取 ask 价格，尝试了 1 个方法: get_order_book
[MAKER][SELL] 挂单状态 -> price=0.999 sold=0.00 remaining=10.00 status=LIVE
[MAKER][SELL] 挂单状态 -> price=0.999 sold=0.00 remaining=10.00 status=LIVE
[MAKER][SELL] 挂单状态 -> price=0.999 sold=0.00 remaining=10.00 status=LIVE
[MAKER][SELL] 挂单状态 -> price=0.999 sold=0.00 remaining=10.00 status=LIVE
[MAKER][SELL] 挂单状态 -> price=0.999 sold=0.00 remaining=10.00 status=LIVE
[DIAG][WS] WebSocket ask 返回 None（可能原因：快照过期或数据缺失）
[FETCH][WARN] 无法通过 REST API 获取 ask 价格，尝试了 1 个方法: get_order_book
[DIAG][WS] WebSocket ask 返回 None（可能原因：快照过期或数据缺失）
[FETCH][WARN] 无法通过 REST API 获取 ask 价格，尝试了 1 个方法: get_order_book
[FETCH][WARN] 无法通过 REST API 获取 ask 价格，尝试了 1 个方法: get_order_book
[WATCHDOG][SELL] 持仓检查 -> origin=data-api positions(limit=500, total=12, param=user) via env:POLY_FUNDER avg=0.9970 size=10.0000
[MAKER][SELL] 挂单状态 -> price=0.999 sold=0.00 remaining=10.00 status=LIVE
[MAKER][SELL] 挂单状态 -> price=0.999 sold=0.00 remaining=10.00 status=LIVE
[MAKER][SELL] 挂单状态 -> price=0.999 sold=0.00 remaining=10.00 status=LIVE
[MAKER][SELL] 挂单状态 -> price=0.999 sold=0.00 remaining=10.00 status=LIVE
[MAKER][SELL] 挂单状态 -> price=0.999 sold=0.00 remaining=10.00 status=LIVE
[MAKER][SELL] 挂单状态 -> price=0.999 sold=0.00 remaining=10.00 status=LIVE
[FETCH][WARN] 无法通过 REST API 获取 ask 价格，尝试了 1 个方法: get_order_book
[WATCHDOG][SELL] 持仓检查 -> origin=data-api positions(limit=500, total=12, param=user) via env:POLY_FUNDER avg=0.9970 size=10.0000
[MAKER][SELL] 挂单状态 -> price=0.999 sold=0.00 remaining=10.00 status=LIVE
[MAKER][SELL] 挂单状态 -> price=0.999 sold=0.00 remaining=10.00 status=LIVE
[MAKER][SELL] 挂单状态 -> price=0.999 sold=0.00 remaining=10.00 status=LIVE
[MAKER][SELL] 挂单状态 -> price=0.999 sold=0.00 remaining=10.00 status=LIVE
[MAKER][SELL] 挂单状态 -> price=0.999 sold=0.00 remaining=10.00 status=LIVE
[MAKER][SELL] 挂单状态 -> price=0.999 sold=0.00 remaining=10.00 status=LIVE
[FETCH][WARN] 无法通过 REST API 获取 ask 价格，尝试了 1 个方法: get_order_book
[WATCHDOG][SELL] 持仓检查 -> origin=data-api positions(limit=500, total=12, param=user) via env:POLY_FUNDER avg=0.9970 size=10.0000
[MAKER][SELL] 挂单状态 -> price=0.999 sold=0.00 remaining=10.00 status=LIVE
[MAKER][SELL] 挂单状态 -> price=0.999 sold=0.00 remaining=10.00 status=LIVE
[MAKER][SELL] 挂单状态 -> price=0.999 sold=0.00 remaining=10.00 status=LIVE
[MAKER][SELL] 挂单状态 -> price=0.999 sold=0.00 remaining=10.00 status=LIVE
[MAKER][SELL] 挂单状态 -> price=0.999 sold=0.00 remaining=10.00 status=LIVE
[MAKER][SELL] 挂单状态 -> price=0.999 sold=0.00 remaining=10.00 status=LIVE
[FETCH][WARN] 无法通过 REST API 获取 ask 价格，尝试了 1 个方法: get_order_book
[WATCHDOG][SELL] 持仓检查 -> origin=data-api positions(limit=500, total=12, param=user) via env:POLY_FUNDER avg=0.9970 size=10.0000
[MAKER][SELL] 挂单状态 -> price=0.999 sold=0.00 remaining=10.00 status=LIVE
[MAKER][SELL] 挂单状态 -> price=0.999 sold=0.00 remaining=10.00 status=LIVE
[MAKER][SELL] 挂单状态 -> price=0.999 sold=0.00 remaining=10.00 status=LIVE
[MAKER][SELL] 挂单状态 -> price=0.999 sold=0.00 remaining=10.00 status=LIVE
[MAKER][SELL] 挂单状态 -> price=0.999 sold=0.00 remaining=10.00 status=LIVE
[MAKER][SELL] 挂单状态 -> price=0.999 sold=0.00 remaining=10.00 status=LIVE
[FETCH][WARN] 无法通过 REST API 获取 ask 价格，尝试了 1 个方法: get_order_book
[WATCHDOG][SELL] 持仓检查 -> origin=data-api positions(limit=500, total=12, param=user) via env:POLY_FUNDER avg=0.9970 size=10.0000
[MAKER][SELL] 挂单状态 -> price=0.999 sold=0.00 remaining=10.00 status=LIVE
[MAKER][SELL] 挂单状态 -> price=0.999 sold=0.00 remaining=10.00 status=LIVE
[MAKER][SELL] 挂单状态 -> price=0.999 sold=0.00 remaining=10.00 status=LIVE
[DIAG][WS] WebSocket ask 返回 None（可能原因：快照过期或数据缺失）
[FETCH][WARN] 无法通过 REST API 获取 ask 价格，尝试了 1 个方法: get_order_book
[DIAG][WS] WebSocket ask 返回 None（可能原因：快照过期或数据缺失）
[FETCH][WARN] 无法通过 REST API 获取 ask 价格，尝试了 1 个方法: get_order_book
[DIAG][WS] WebSocket ask 返回 None（可能原因：快照过期或数据缺失）
[FETCH][WARN] 无法通过 REST API 获取 ask 价格，尝试了 1 个方法: get_order_book
[DIAG][WS] WebSocket ask 返回 None（可能原因：快照过期或数据缺失）
[FETCH][WARN] 无法通过 REST API 获取 ask 价格，尝试了 1 个方法: get_order_book
[DIAG][WS] WebSocket ask 返回 None（可能原因：快照过期或数据缺失）
[FETCH][WARN] 无法通过 REST API 获取 ask 价格，尝试了 1 个方法: get_order_book
[FETCH][WARN] 无法通过 REST API 获取 ask 价格，尝试了 1 个方法: get_order_book
[WATCHDOG][SELL] 持仓检查 -> origin=data-api positions(limit=500, total=12, param=user) via env:POLY_FUNDER avg=0.9970 size=10.0000
[MAKER][SELL] 挂单状态 -> price=0.999 sold=0.00 remaining=10.00 status=LIVE
[MAKER][SELL] 挂单状态 -> price=0.999 sold=0.00 remaining=10.00 status=LIVE
[MAKER][SELL] 挂单状态 -> price=0.999 sold=0.00 remaining=10.00 status=LIVE
[MAKER][SELL] 挂单状态 -> price=0.999 sold=0.00 remaining=10.00 status=LIVE
[MAKER][SELL] 挂单状态 -> price=0.999 sold=0.00 remaining=10.00 status=LIVE
[FETCH][WARN] 无法通过 REST API 获取 ask 价格，尝试了 1 个方法: get_order_book
[MAKER][SELL] 挂单状态 -> price=0.999 sold=0.00 remaining=10.00 status=LIVE
[WATCHDOG][SELL] 持仓检查 -> origin=data-api positions(limit=500, total=12, param=user) via env:POLY_FUNDER avg=0.9970 size=10.0000
[MAKER][SELL] 挂单状态 -> price=0.999 sold=0.00 remaining=10.00 status=LIVE
[MAKER][SELL] 挂单状态 -> price=0.999 sold=0.00 remaining=10.00 status=LIVE
[MAKER][SELL] 挂单状态 -> price=0.999 sold=0.00 remaining=10.00 status=LIVE
[MAKER][SELL] 挂单状态 -> price=0.999 sold=0.00 remaining=10.00 status=LIVE
[MAKER][SELL] 挂单状态 -> price=0.999 sold=0.00 remaining=10.00 status=LIVE
[FETCH][WARN] 无法通过 REST API 获取 ask 价格，尝试了 1 个方法: get_order_book
[MAKER][SELL] 挂单状态 -> price=0.999 sold=0.00 remaining=10.00 status=LIVE
[WATCHDOG][SELL] 持仓检查 -> origin=data-api positions(limit=500, total=12, param=user) via env:POLY_FUNDER avg=0.9970 size=10.0000
[MAKER][SELL] 挂单状态 -> price=0.999 sold=0.00 remaining=10.00 status=LIVE
[MAKER][SELL] 挂单状态 -> price=0.999 sold=0.00 remaining=10.00 status=LIVE
[MAKER][SELL] 挂单状态 -> price=0.999 sold=0.00 remaining=10.00 status=LIVE
[MAKER][SELL] 挂单状态 -> price=0.999 sold=0.00 remaining=10.00 status=LIVE
[MAKER][SELL] 挂单状态 -> price=0.999 sold=0.00 remaining=10.00 status=LIVE
[FETCH][WARN] 无法通过 REST API 获取 ask 价格，尝试了 1 个方法: get_order_book
[MAKER][SELL] 挂单状态 -> price=0.999 sold=0.00 remaining=10.00 status=LIVE
[WATCHDOG][SELL] 持仓检查 -> origin=data-api positions(limit=500, total=12, param=user) via env:POLY_FUNDER avg=0.9970 size=10.0000
[MAKER][SELL] 挂单状态 -> price=0.999 sold=0.00 remaining=10.00 status=LIVE
[MAKER][SELL] 挂单状态 -> price=0.999 sold=0.00 remaining=10.00 status=LIVE
[MAKER][SELL] 挂单状态 -> price=0.999 sold=0.00 remaining=10.00 status=LIVE
[MAKER][SELL] 挂单状态 -> price=0.999 sold=0.00 remaining=10.00 status=LIVE
[MAKER][SELL] 挂单状态 -> price=0.999 sold=0.00 remaining=10.00 status=LIVE
[FETCH][WARN] 无法通过 REST API 获取 ask 价格，尝试了 1 个方法: get_order_book
[MAKER][SELL] 挂单状态 -> price=0.999 sold=0.00 remaining=10.00 status=LIVE
[WATCHDOG][SELL] 持仓检查 -> origin=data-api positions(limit=500, total=12, param=user) via env:POLY_FUNDER avg=0.9970 size=10.0000
[MAKER][SELL] 挂单状态 -> price=0.999 sold=0.00 remaining=10.00 status=LIVE
[MAKER][SELL] 挂单状态 -> price=0.999 sold=0.00 remaining=10.00 status=LIVE
[MAKER][SELL] 挂单状态 -> price=0.999 sold=0.00 remaining=10.00 status=LIVE
[MAKER][SELL] 挂单状态 -> price=0.999 sold=0.00 remaining=10.00 status=LIVE
[MAKER][SELL] 挂单状态 -> price=0.999 sold=0.00 remaining=10.00 status=LIVE
[FETCH][WARN] 无法通过 REST API 获取 ask 价格，尝试了 1 个方法: get_order_book
[MAKER][SELL] 挂单状态 -> price=0.999 sold=0.00 remaining=10.00 status=LIVE
[WATCHDOG][SELL] 持仓检查 -> origin=data-api positions(limit=500, total=12, param=user) via env:POLY_FUNDER avg=0.9970 size=10.0000
[MAKER][SELL] 挂单状态 -> price=0.999 sold=0.00 remaining=10.00 status=LIVE
[MAKER][SELL] 挂单状态 -> price=0.999 sold=0.00 remaining=10.00 status=LIVE
[MAKER][SELL] 挂单状态 -> price=0.999 sold=0.00 remaining=10.00 status=LIVE
[DIAG][WS] WebSocket ask 返回 None（可能原因：快照过期或数据缺失）
[FETCH][WARN] 无法通过 REST API 获取 ask 价格，尝试了 1 个方法: get_order_book
[DIAG][WS] WebSocket ask 返回 None（可能原因：快照过期或数据缺失）
[FETCH][WARN] 无法通过 REST API 获取 ask 价格，尝试了 1 个方法: get_order_book
[DIAG][WS] WebSocket ask 返回 None（可能原因：快照过期或数据缺失）
[FETCH][WARN] 无法通过 REST API 获取 ask 价格，尝试了 1 个方法: get_order_book
[DIAG][WS] WebSocket ask 返回 None（可能原因：快照过期或数据缺失）
[FETCH][WARN] 无法通过 REST API 获取 ask 价格，尝试了 1 个方法: get_order_book
[FETCH][WARN] 无法通过 REST API 获取 ask 价格，尝试了 1 个方法: get_order_book
[DIAG][WS] WebSocket ask 返回 None（可能原因：快照过期或数据缺失）
[FETCH][WARN] 无法通过 REST API 获取 ask 价格，尝试了 1 个方法: get_order_book
[DIAG][WS] WebSocket ask 返回 None（可能原因：快照过期或数据缺失）
[FETCH][WARN] 无法通过 REST API 获取 ask 价格，尝试了 1 个方法: get_order_book
[DIAG][WS] WebSocket ask 返回 None（可能原因：快照过期或数据缺失）
[FETCH][WARN] 无法通过 REST API 获取 ask 价格，尝试了 1 个方法: get_order_book
[DIAG][WS] WebSocket ask 返回 None（可能原因：快照过期或数据缺失）
[FETCH][WARN] 无法通过 REST API 获取 ask 价格，尝试了 1 个方法: get_order_book
[DIAG][WS] WebSocket ask 返回 None（可能原因：快照过期或数据缺失）
[FETCH][WARN] 无法通过 REST API 获取 ask 价格，尝试了 1 个方法: get_order_book
[FETCH][WARN] 无法通过 REST API 获取 ask 价格，尝试了 1 个方法: get_order_book
[WATCHDOG][SELL] 持仓检查 -> origin=data-api positions(limit=500, total=12, param=user) via env:POLY_FUNDER avg=0.9970 size=10.0000
[MAKER][SELL] 挂单状态 -> price=0.999 sold=0.00 remaining=10.00 status=LIVE
[MAKER][SELL] 挂单状态 -> price=0.999 sold=0.00 remaining=10.00 status=LIVE
[MAKER][SELL] 挂单状态 -> price=0.999 sold=0.00 remaining=10.00 status=LIVE
[MAKER][SELL] 挂单状态 -> price=0.999 sold=0.00 remaining=10.00 status=LIVE
[MAKER][SELL] 挂单状态 -> price=0.999 sold=0.00 remaining=10.00 status=LIVE
[MAKER][SELL] 挂单状态 -> price=0.999 sold=0.00 remaining=10.00 status=LIVE
[FETCH][WARN] 无法通过 REST API 获取 ask 价格，尝试了 1 个方法: get_order_book
[WATCHDOG][SELL] 持仓检查 -> origin=data-api positions(limit=500, total=12, param=user) via env:POLY_FUNDER avg=0.9970 size=10.0000
[MAKER][SELL] 挂单状态 -> price=0.999 sold=0.00 remaining=10.00 status=LIVE
[MAKER][SELL] 挂单状态 -> price=0.999 sold=0.00 remaining=10.00 status=LIVE
[MAKER][SELL] 挂单状态 -> price=0.999 sold=0.00 remaining=10.00 status=LIVE
[MAKER][SELL] 挂单状态 -> price=0.999 sold=0.00 remaining=10.00 status=LIVE
[MAKER][SELL] 挂单状态 -> price=0.999 sold=0.00 remaining=10.00 status=LIVE
[MAKER][SELL] 挂单状态 -> price=0.999 sold=0.00 remaining=10.00 status=LIVE
[FETCH][WARN] 无法通过 REST API 获取 ask 价格，尝试了 1 个方法: get_order_book
[WATCHDOG][SELL] 持仓检查 -> origin=data-api positions(limit=500, total=12, param=user) via env:POLY_FUNDER avg=0.9970 size=10.0000
[MAKER][SELL] 挂单状态 -> price=0.999 sold=0.00 remaining=10.00 status=LIVE
[MAKER][SELL] 挂单状态 -> price=0.999 sold=0.00 remaining=10.00 status=LIVE
[MAKER][SELL] 挂单状态 -> price=0.999 sold=0.00 remaining=10.00 status=LIVE
[MAKER][SELL] 挂单状态 -> price=0.999 sold=0.00 remaining=10.00 status=LIVE
[MAKER][SELL] 挂单状态 -> price=0.999 sold=0.00 remaining=10.00 status=LIVE
[MAKER][SELL] 挂单状态 -> price=0.999 sold=0.00 remaining=10.00 status=LIVE
[FETCH][WARN] 无法通过 REST API 获取 ask 价格，尝试了 1 个方法: get_order_book
[WATCHDOG][SELL] 持仓检查 -> origin=data-api positions(limit=500, total=12, param=user) via env:POLY_FUNDER avg=0.9970 size=10.0000
[MAKER][SELL] 挂单状态 -> price=0.999 sold=0.00 remaining=10.00 status=LIVE
[MAKER][SELL] 挂单状态 -> price=0.999 sold=0.00 remaining=10.00 status=LIVE
[MAKER][SELL] 挂单状态 -> price=0.999 sold=0.00 remaining=10.00 status=LIVE
[MAKER][SELL] 挂单状态 -> price=0.999 sold=0.00 remaining=10.00 status=LIVE
[MAKER][SELL] 挂单状态 -> price=0.999 sold=0.00 remaining=10.00 status=LIVE
[MAKER][SELL] 挂单状态 -> price=0.999 sold=0.00 remaining=10.00 status=LIVE
[FETCH][WARN] 无法通过 REST API 获取 ask 价格，尝试了 1 个方法: get_order_book
[WATCHDOG][SELL] 持仓检查 -> origin=data-api positions(limit=500, total=12, param=user) via env:POLY_FUNDER avg=0.9970 size=10.0000
[MAKER][SELL] 挂单状态 -> price=0.999 sold=0.00 remaining=10.00 status=LIVE
[MAKER][SELL] 挂单状态 -> price=0.999 sold=0.00 remaining=10.00 status=LIVE
[MAKER][SELL] 挂单状态 -> price=0.999 sold=0.00 remaining=10.00 status=LIVE
[MAKER][SELL] 挂单状态 -> price=0.999 sold=0.00 remaining=10.00 status=LIVE
[MAKER][SELL] 挂单状态 -> price=0.999 sold=0.00 remaining=10.00 status=LIVE
[MAKER][SELL] 挂单状态 -> price=0.999 sold=0.00 remaining=10.00 status=LIVE
[FETCH][WARN] 无法通过 REST API 获取 ask 价格，尝试了 1 个方法: get_order_book
[WATCHDOG][SELL] 持仓检查 -> origin=data-api positions(limit=500, total=12, param=user) via env:POLY_FUNDER avg=0.9970 size=10.0000
[MAKER][SELL] 挂单状态 -> price=0.999 sold=0.00 remaining=10.00 status=LIVE
[MAKER][SELL] 挂单状态 -> price=0.999 sold=0.00 remaining=10.00 status=LIVE
[MAKER][SELL] 挂单状态 -> price=0.999 sold=0.00 remaining=10.00 status=LIVE
[MAKER][SELL] 挂单状态 -> price=0.999 sold=0.00 remaining=10.00 status=LIVE
[MAKER][SELL] 挂单状态 -> price=0.999 sold=0.00 remaining=10.00 status=LIVE
[MAKER][SELL] 挂单状态 -> price=0.999 sold=0.00 remaining=10.00 status=LIVE
[FETCH][WARN] 无法通过 REST API 获取 ask 价格，尝试了 1 个方法: get_order_book
[WATCHDOG][SELL] 持仓检查 -> origin=data-api positions(limit=500, total=12, param=user) via env:POLY_FUNDER avg=0.9970 size=10.0000
[MAKER][SELL] 挂单状态 -> price=0.999 sold=0.00 remaining=10.00 status=LIVE
[MAKER][SELL] 挂单状态 -> price=0.999 sold=0.00 remaining=10.00 status=LIVE
[MAKER][SELL] 挂单状态 -> price=0.999 sold=0.00 remaining=10.00 status=LIVE
[MAKER][SELL] 挂单状态 -> price=0.999 sold=0.00 remaining=10.00 status=LIVE
[MAKER][SELL] 挂单状态 -> price=0.999 sold=0.00 remaining=10.00 status=LIVE
[MAKER][SELL] 挂单状态 -> price=0.999 sold=0.00 remaining=10.00 status=LIVE
[DIAG][WS] WebSocket ask 返回 None（可能原因：快照过期或数据缺失）
[FETCH][WARN] 无法通过 REST API 获取 ask 价格，尝试了 1 个方法: get_order_book
[DIAG][WS] WebSocket ask 返回 None（可能原因：快照过期或数据缺失）
[FETCH][WARN] 无法通过 REST API 获取 ask 价格，尝试了 1 个方法: get_order_book
[FETCH][WARN] 无法通过 REST API 获取 ask 价格，尝试了 1 个方法: get_order_book
[WATCHDOG][SELL] 持仓检查 -> origin=data-api positions(limit=500, total=12, param=user) via env:POLY_FUNDER avg=0.9970 size=10.0000
[MAKER][SELL] 挂单状态 -> price=0.999 sold=0.00 remaining=10.00 status=LIVE
[MAKER][SELL] 挂单状态 -> price=0.999 sold=0.00 remaining=10.00 status=LIVE
[MAKER][SELL] 挂单状态 -> price=0.999 sold=0.00 remaining=10.00 status=LIVE
[MAKER][SELL] 挂单状态 -> price=0.999 sold=0.00 remaining=10.00 status=LIVE
[MAKER][SELL] 挂单状态 -> price=0.999 sold=0.00 remaining=10.00 status=LIVE
[FETCH][WARN] 无法通过 REST API 获取 ask 价格，尝试了 1 个方法: get_order_book
[MAKER][SELL] 挂单状态 -> price=0.999 sold=0.00 remaining=10.00 status=LIVE
[WATCHDOG][SELL] 持仓检查 -> origin=data-api positions(limit=500, total=12, param=user) via env:POLY_FUNDER avg=0.9970 size=10.0000
[MAKER][SELL] 挂单状态 -> price=0.999 sold=0.00 remaining=10.00 status=LIVE
[MAKER][SELL] 挂单状态 -> price=0.999 sold=0.00 remaining=10.00 status=LIVE
[MAKER][SELL] 挂单状态 -> price=0.999 sold=0.00 remaining=10.00 status=LIVE
[MAKER][SELL] 挂单状态 -> price=0.999 sold=0.00 remaining=10.00 status=LIVE
[MAKER][SELL] 挂单状态 -> price=0.999 sold=0.00 remaining=10.00 status=LIVE
[FETCH][WARN] 无法通过 REST API 获取 ask 价格，尝试了 1 个方法: get_order_book
[MAKER][SELL] 挂单状态 -> price=0.999 sold=0.00 remaining=10.00 status=LIVE
[DIAG][WS] WebSocket ask 返回 None（可能原因：快照过期或数据缺失）
[FETCH][WARN] 无法通过 REST API 获取 ask 价格，尝试了 1 个方法: get_order_book
[DIAG][WS] WebSocket ask 返回 None（可能原因：快照过期或数据缺失）
[FETCH][WARN] 无法通过 REST API 获取 ask 价格，尝试了 1 个方法: get_order_book
[WATCHDOG][SELL] 持仓检查 -> origin=data-api positions(limit=500, total=12, param=user) via env:POLY_FUNDER avg=0.9970 size=10.0000
[MAKER][SELL] 挂单状态 -> price=0.999 sold=0.00 remaining=10.00 status=LIVE
[MAKER][SELL] 挂单状态 -> price=0.999 sold=0.00 remaining=10.00 status=LIVE
[MAKER][SELL] 挂单状态 -> price=0.999 sold=0.00 remaining=10.00 status=LIVE
[MAKER][SELL] 挂单状态 -> price=0.999 sold=0.00 remaining=10.00 status=LIVE
[FETCH][WARN] 无法通过 REST API 获取 ask 价格，尝试了 1 个方法: get_order_book
[MAKER][SELL] 挂单状态 -> price=0.999 sold=0.00 remaining=10.00 status=LIVE
[MAKER][SELL] 挂单状态 -> price=0.999 sold=0.00 remaining=10.00 status=LIVE
[WATCHDOG][SELL] 持仓检查 -> origin=data-api positions(limit=500, total=12, param=user) via env:POLY_FUNDER avg=0.9970 size=10.0000
[MAKER][SELL] 挂单状态 -> price=0.999 sold=0.00 remaining=10.00 status=LIVE
[MAKER][SELL] 挂单状态 -> price=0.999 sold=0.00 remaining=10.00 status=LIVE
[MAKER][SELL] 挂单状态 -> price=0.999 sold=0.00 remaining=10.00 status=LIVE
[MAKER][SELL] 挂单状态 -> price=0.999 sold=0.00 remaining=10.00 status=LIVE
[FETCH][WARN] 无法通过 REST API 获取 ask 价格，尝试了 1 个方法: get_order_book
[MAKER][SELL] 挂单状态 -> price=0.999 sold=0.00 remaining=10.00 status=LIVE
[MAKER][SELL] 挂单状态 -> price=0.999 sold=0.00 remaining=10.00 status=LIVE
[WATCHDOG][SELL] 持仓检查 -> origin=data-api positions(limit=500, total=12, param=user) via env:POLY_FUNDER avg=0.9970 size=10.0000
[MAKER][SELL] 挂单状态 -> price=0.999 sold=0.00 remaining=10.00 status=LIVE
[MAKER][SELL] 挂单状态 -> price=0.999 sold=0.00 remaining=10.00 status=LIVE
[MAKER][SELL] 挂单状态 -> price=0.999 sold=0.00 remaining=10.00 status=LIVE
[MAKER][SELL] 挂单状态 -> price=0.999 sold=0.00 remaining=10.00 status=LIVE
[FETCH][WARN] 无法通过 REST API 获取 ask 价格，尝试了 1 个方法: get_order_book
[MAKER][SELL] 挂单状态 -> price=0.999 sold=0.00 remaining=10.00 status=LIVE
[MAKER][SELL] 挂单状态 -> price=0.999 sold=0.00 remaining=10.00 status=LIVE
[WATCHDOG][SELL] 持仓检查 -> origin=data-api positions(limit=500, total=12, param=user) via env:POLY_FUNDER avg=0.9970 size=10.0000
[MAKER][SELL] 挂单状态 -> price=0.999 sold=0.00 remaining=10.00 status=LIVE
[MAKER][SELL] 挂单状态 -> price=0.999 sold=0.00 remaining=10.00 status=LIVE
[MAKER][SELL] 挂单状态 -> price=0.999 sold=0.00 remaining=10.00 status=LIVE
[MAKER][SELL] 挂单状态 -> price=0.999 sold=0.00 remaining=10.00 status=LIVE
[FETCH][WARN] 无法通过 REST API 获取 ask 价格，尝试了 1 个方法: get_order_book
[MAKER][SELL] 挂单状态 -> price=0.999 sold=0.00 remaining=10.00 status=LIVE
[MAKER][SELL] 挂单状态 -> price=0.999 sold=0.00 remaining=10.00 status=LIVE
[WATCHDOG][SELL] 持仓检查 -> origin=data-api positions(limit=500, total=12, param=user) via env:POLY_FUNDER avg=0.9970 size=10.0000
[MAKER][SELL] 挂单状态 -> price=0.999 sold=0.00 remaining=10.00 status=LIVE
[MAKER][SELL] 挂单状态 -> price=0.999 sold=0.00 remaining=10.00 status=LIVE
[MAKER][SELL] 挂单状态 -> price=0.999 sold=0.00 remaining=10.00 status=LIVE
[MAKER][SELL] 挂单状态 -> price=0.999 sold=0.00 remaining=10.00 status=LIVE
[FETCH][WARN] 无法通过 REST API 获取 ask 价格，尝试了 1 个方法: get_order_book
[MAKER][SELL] 挂单状态 -> price=0.999 sold=0.00 remaining=10.00 status=LIVE
[MAKER][SELL] 挂单状态 -> price=0.999 sold=0.00 remaining=10.00 status=LIVE
[WATCHDOG][SELL] 持仓检查 -> origin=data-api positions(limit=500, total=12, param=user) via env:POLY_FUNDER avg=0.9970 size=10.0000
[MAKER][SELL] 挂单状态 -> price=0.999 sold=0.00 remaining=10.00 status=LIVE
[MAKER][SELL] 挂单状态 -> price=0.999 sold=0.00 remaining=10.00 status=LIVE
[MAKER][SELL] 挂单状态 -> price=0.999 sold=0.00 remaining=10.00 status=LIVE
[MAKER][SELL] 挂单状态 -> price=0.999 sold=0.00 remaining=10.00 status=LIVE
[FETCH][WARN] 无法通过 REST API 获取 ask 价格，尝试了 1 个方法: get_order_book
[MAKER][SELL] 挂单状态 -> price=0.999 sold=0.00 remaining=10.00 status=LIVE
[MAKER][SELL] 挂单状态 -> price=0.999 sold=0.00 remaining=10.00 status=LIVE
[WATCHDOG][SELL] 持仓检查 -> origin=data-api positions(limit=500, total=12, param=user) via env:POLY_FUNDER avg=0.9970 size=10.0000
[MAKER][SELL] 挂单状态 -> price=0.999 sold=0.00 remaining=10.00 status=LIVE
[MAKER][SELL] 挂单状态 -> price=0.999 sold=0.00 remaining=10.00 status=LIVE
[MAKER][SELL] 挂单状态 -> price=0.999 sold=0.00 remaining=10.00 status=LIVE
[MAKER][SELL] 挂单状态 -> price=0.999 sold=0.00 remaining=10.00 status=LIVE
[FETCH][WARN] 无法通过 REST API 获取 ask 价格，尝试了 1 个方法: get_order_book
[MAKER][SELL] 挂单状态 -> price=0.999 sold=0.00 remaining=10.00 status=LIVE
[MAKER][SELL] 挂单状态 -> price=0.999 sold=0.00 remaining=10.00 status=LIVE
[WATCHDOG][SELL] 持仓检查 -> origin=data-api positions(limit=500, total=12, param=user) via env:POLY_FUNDER avg=0.9970 size=10.0000
[MAKER][SELL] 挂单状态 -> price=0.999 sold=0.00 remaining=10.00 status=LIVE
[MAKER][SELL] 挂单状态 -> price=0.999 sold=0.00 remaining=10.00 status=LIVE
[MAKER][SELL] 挂单状态 -> price=0.999 sold=0.00 remaining=10.00 status=LIVE
[MAKER][SELL] 挂单状态 -> price=0.999 sold=0.00 remaining=10.00 status=LIVE
[FETCH][WARN] 无法通过 REST API 获取 ask 价格，尝试了 1 个方法: get_order_book
[MAKER][SELL] 挂单状态 -> price=0.999 sold=0.00 remaining=10.00 status=LIVE
[MAKER][SELL] 挂单状态 -> price=0.999 sold=0.00 remaining=10.00 status=LIVE
[DIAG][WS] WebSocket ask 返回 None（可能原因：快照过期或数据缺失）
[FETCH][WARN] 无法通过 REST API 获取 ask 价格，尝试了 1 个方法: get_order_book
[DIAG][WS] WebSocket ask 返回 None（可能原因：快照过期或数据缺失）
[FETCH][WARN] 无法通过 REST API 获取 ask 价格，尝试了 1 个方法: get_order_book
[WATCHDOG][SELL] 持仓检查 -> origin=data-api positions(limit=500, total=12, param=user) via env:POLY_FUNDER avg=0.9970 size=10.0000
[MAKER][SELL] 挂单状态 -> price=0.999 sold=0.00 remaining=10.00 status=LIVE
[MAKER][SELL] 挂单状态 -> price=0.999 sold=0.00 remaining=10.00 status=LIVE
[MAKER][SELL] 挂单状态 -> price=0.999 sold=0.00 remaining=10.00 status=LIVE
[FETCH][WARN] 无法通过 REST API 获取 ask 价格，尝试了 1 个方法: get_order_book
[MAKER][SELL] 挂单状态 -> price=0.999 sold=0.00 remaining=10.00 status=LIVE
[MAKER][SELL] 挂单状态 -> price=0.999 sold=0.00 remaining=10.00 status=LIVE
[MAKER][SELL] 挂单状态 -> price=0.999 sold=0.00 remaining=10.00 status=LIVE
[WATCHDOG][SELL] 持仓检查 -> origin=data-api positions(limit=500, total=12, param=user) via env:POLY_FUNDER avg=0.9970 size=10.0000
[MAKER][SELL] 挂单状态 -> price=0.999 sold=0.00 remaining=10.00 status=LIVE
[MAKER][SELL] 挂单状态 -> price=0.999 sold=0.00 remaining=10.00 status=LIVE
[MAKER][SELL] 挂单状态 -> price=0.999 sold=0.00 remaining=10.00 status=LIVE
[FETCH][WARN] 无法通过 REST API 获取 ask 价格，尝试了 1 个方法: get_order_book
[MAKER][SELL] 挂单状态 -> price=0.999 sold=0.00 remaining=10.00 status=LIVE
[MAKER][SELL] 挂单状态 -> price=0.999 sold=0.00 remaining=10.00 status=LIVE
[MAKER][SELL] 挂单状态 -> price=0.999 sold=0.00 remaining=10.00 status=LIVE
[DIAG][WS] WebSocket ask 返回 None（可能原因：快照过期或数据缺失）
[FETCH][WARN] 无法通过 REST API 获取 ask 价格，尝试了 1 个方法: get_order_book
[DIAG][WS] WebSocket ask 返回 None（可能原因：快照过期或数据缺失）
[FETCH][WARN] 无法通过 REST API 获取 ask 价格，尝试了 1 个方法: get_order_book
[WATCHDOG][SELL] 持仓检查 -> origin=data-api positions(limit=500, total=12, param=user) via env:POLY_FUNDER avg=0.9970 size=10.0000
[MAKER][SELL] 挂单状态 -> price=0.999 sold=0.00 remaining=10.00 status=LIVE
[MAKER][SELL] 挂单状态 -> price=0.999 sold=0.00 remaining=10.00 status=LIVE
[FETCH][WARN] 无法通过 REST API 获取 ask 价格，尝试了 1 个方法: get_order_book
[MAKER][SELL] 挂单状态 -> price=0.999 sold=0.00 remaining=10.00 status=LIVE
[MAKER][SELL] 挂单状态 -> price=0.999 sold=0.00 remaining=10.00 status=LIVE
[MAKER][SELL] 挂单状态 -> price=0.999 sold=0.00 remaining=10.00 status=LIVE
[MAKER][SELL] 挂单状态 -> price=0.999 sold=0.00 remaining=10.00 status=LIVE
[DIAG][WS] WebSocket ask 返回 None（可能原因：快照过期或数据缺失）
[FETCH][WARN] 无法通过 REST API 获取 ask 价格，尝试了 1 个方法: get_order_book
[DIAG][WS] WebSocket ask 返回 None（可能原因：快照过期或数据缺失）
[FETCH][WARN] 无法通过 REST API 获取 ask 价格，尝试了 1 个方法: get_order_book
[DIAG][WS] WebSocket ask 返回 None（可能原因：快照过期或数据缺失）
[FETCH][WARN] 无法通过 REST API 获取 ask 价格，尝试了 1 个方法: get_order_book
[DIAG][WS] WebSocket ask 返回 None（可能原因：快照过期或数据缺失）
[FETCH][WARN] 无法通过 REST API 获取 ask 价格，尝试了 1 个方法: get_order_book
[FETCH][WARN] 无法通过 REST API 获取 ask 价格，尝试了 1 个方法: get_order_book
[DIAG][WS] WebSocket ask 返回 None（可能原因：快照过期或数据缺失）
[FETCH][WARN] 无法通过 REST API 获取 ask 价格，尝试了 1 个方法: get_order_book
[DIAG][WS] WebSocket ask 返回 None（可能原因：快照过期或数据缺失）
[FETCH][WARN] 无法通过 REST API 获取 ask 价格，尝试了 1 个方法: get_order_book
[WATCHDOG][SELL] 持仓检查 -> origin=data-api positions(limit=500, total=12, param=user) via env:POLY_FUNDER avg=0.9970 size=10.0000
[MAKER][SELL] 挂单状态 -> price=0.999 sold=0.00 remaining=10.00 status=LIVE
[MAKER][SELL] 挂单状态 -> price=0.999 sold=0.00 remaining=10.00 status=LIVE
[MAKER][SELL] 挂单状态 -> price=0.999 sold=0.00 remaining=10.00 status=LIVE
[FETCH][WARN] 无法通过 REST API 获取 ask 价格，尝试了 1 个方法: get_order_book
[MAKER][SELL] 挂单状态 -> price=0.999 sold=0.00 remaining=10.00 status=LIVE
[MAKER][SELL] 挂单状态 -> price=0.999 sold=0.00 remaining=10.00 status=LIVE
[MAKER][SELL] 挂单状态 -> price=0.999 sold=0.00 remaining=10.00 status=LIVE
[WATCHDOG][SELL] 持仓检查 -> origin=data-api positions(limit=500, total=12, param=user) via env:POLY_FUNDER avg=0.9970 size=10.0000
[MAKER][SELL] 挂单状态 -> price=0.999 sold=0.00 remaining=10.00 status=LIVE
[MAKER][SELL] 挂单状态 -> price=0.999 sold=0.00 remaining=10.00 status=LIVE
[MAKER][SELL] 挂单状态 -> price=0.999 sold=0.00 remaining=10.00 status=LIVE
[DIAG][WS] WebSocket ask 返回 None（可能原因：快照过期或数据缺失）
[FETCH][WARN] 无法通过 REST API 获取 ask 价格，尝试了 1 个方法: get_order_book
[DIAG][WS] WebSocket ask 返回 None（可能原因：快照过期或数据缺失）
[FETCH][WARN] 无法通过 REST API 获取 ask 价格，尝试了 1 个方法: get_order_book
[FETCH][WARN] 无法通过 REST API 获取 ask 价格，尝试了 1 个方法: get_order_book
[DIAG][WS] WebSocket ask 返回 None（可能原因：快照过期或数据缺失）
[FETCH][WARN] 无法通过 REST API 获取 ask 价格，尝试了 1 个方法: get_order_book
[DIAG][WS] WebSocket ask 返回 None（可能原因：快照过期或数据缺失）
[FETCH][WARN] 无法通过 REST API 获取 ask 价格，尝试了 1 个方法: get_order_book
[DIAG][WS] WebSocket ask 返回 None（可能原因：快照过期或数据缺失）
[FETCH][WARN] 无法通过 REST API 获取 ask 价格，尝试了 1 个方法: get_order_book
[DIAG][WS] WebSocket ask 返回 None（可能原因：快照过期或数据缺失）
[FETCH][WARN] 无法通过 REST API 获取 ask 价格，尝试了 1 个方法: get_order_book
[WATCHDOG][SELL] 持仓检查 -> origin=data-api positions(limit=500, total=12, param=user) via env:POLY_FUNDER avg=0.9970 size=10.0000
[MAKER][SELL] 挂单状态 -> price=0.999 sold=0.00 remaining=10.00 status=LIVE
[FETCH][WARN] 无法通过 REST API 获取 ask 价格，尝试了 1 个方法: get_order_book
[MAKER][SELL] 挂单状态 -> price=0.999 sold=0.00 remaining=10.00 status=LIVE
[MAKER][SELL] 挂单状态 -> price=0.999 sold=0.00 remaining=10.00 status=LIVE
[MAKER][SELL] 挂单状态 -> price=0.999 sold=0.00 remaining=10.00 status=LIVE
[MAKER][SELL] 挂单状态 -> price=0.999 sold=0.00 remaining=10.00 status=LIVE
[MAKER][SELL] 挂单状态 -> price=0.999 sold=0.00 remaining=10.00 status=LIVE
[WATCHDOG][SELL] 持仓检查 -> origin=data-api positions(limit=500, total=12, param=user) via env:POLY_FUNDER avg=0.9970 size=10.0000
[MAKER][SELL] 挂单状态 -> price=0.999 sold=0.00 remaining=10.00 status=LIVE
[FETCH][WARN] 无法通过 REST API 获取 ask 价格，尝试了 1 个方法: get_order_book
[MAKER][SELL] 挂单状态 -> price=0.999 sold=0.00 remaining=10.00 status=LIVE
[MAKER][SELL] 挂单状态 -> price=0.999 sold=0.00 remaining=10.00 status=LIVE
[MAKER][SELL] 挂单状态 -> price=0.999 sold=0.00 remaining=10.00 status=LIVE
[MAKER][SELL] 挂单状态 -> price=0.999 sold=0.00 remaining=10.00 status=LIVE
[MAKER][SELL] 挂单状态 -> price=0.999 sold=0.00 remaining=10.00 status=LIVE
[WATCHDOG][SELL] 持仓检查 -> origin=data-api positions(limit=500, total=12, param=user) via env:POLY_FUNDER avg=0.9970 size=10.0000
[MAKER][SELL] 挂单状态 -> price=0.999 sold=0.00 remaining=10.00 status=LIVE
[FETCH][WARN] 无法通过 REST API 获取 ask 价格，尝试了 1 个方法: get_order_book
[MAKER][SELL] 挂单状态 -> price=0.999 sold=0.00 remaining=10.00 status=LIVE
[MAKER][SELL] 挂单状态 -> price=0.999 sold=0.00 remaining=10.00 status=LIVE
[MAKER][SELL] 挂单状态 -> price=0.999 sold=0.00 remaining=10.00 status=LIVE
[MAKER][SELL] 挂单状态 -> price=0.999 sold=0.00 remaining=10.00 status=LIVE
[MAKER][SELL] 挂单状态 -> price=0.999 sold=0.00 remaining=10.00 status=LIVE
[DIAG][WS] WebSocket ask 返回 None（可能原因：快照过期或数据缺失）
[FETCH][WARN] 无法通过 REST API 获取 ask 价格，尝试了 1 个方法: get_order_book
[DIAG][WS] WebSocket ask 返回 None（可能原因：快照过期或数据缺失）
[FETCH][WARN] 无法通过 REST API 获取 ask 价格，尝试了 1 个方法: get_order_book
[DIAG][WS] WebSocket ask 返回 None（可能原因：快照过期或数据缺失）
[FETCH][WARN] 无法通过 REST API 获取 ask 价格，尝试了 1 个方法: get_order_book
[FETCH][WARN] 无法通过 REST API 获取 ask 价格，尝试了 1 个方法: get_order_book
[WATCHDOG][SELL] 持仓检查 -> origin=data-api positions(limit=500, total=12, param=user) via env:POLY_FUNDER avg=0.9970 size=10.0000
[MAKER][SELL] 挂单状态 -> price=0.999 sold=0.00 remaining=10.00 status=LIVE
[MAKER][SELL] 挂单状态 -> price=0.999 sold=0.00 remaining=10.00 status=LIVE
[MAKER][SELL] 挂单状态 -> price=0.999 sold=0.00 remaining=10.00 status=LIVE
[MAKER][SELL] 挂单状态 -> price=0.999 sold=0.00 remaining=10.00 status=LIVE
[MAKER][SELL] 挂单状态 -> price=0.999 sold=0.00 remaining=10.00 status=LIVE
[FETCH][WARN] 无法通过 REST API 获取 ask 价格，尝试了 1 个方法: get_order_book
[MAKER][SELL] 挂单状态 -> price=0.999 sold=0.00 remaining=10.00 status=LIVE
[WATCHDOG][SELL] 持仓检查 -> origin=data-api positions(limit=500, total=12, param=user) via env:POLY_FUNDER avg=0.9970 size=10.0000
[MAKER][SELL] 挂单状态 -> price=0.999 sold=0.00 remaining=10.00 status=LIVE
[MAKER][SELL] 挂单状态 -> price=0.999 sold=0.00 remaining=10.00 status=LIVE
[MAKER][SELL] 挂单状态 -> price=0.999 sold=0.00 remaining=10.00 status=LIVE
[MAKER][SELL] 挂单状态 -> price=0.999 sold=0.00 remaining=10.00 status=LIVE
[MAKER][SELL] 挂单状态 -> price=0.999 sold=0.00 remaining=10.00 status=LIVE
[FETCH][WARN] 无法通过 REST API 获取 ask 价格，尝试了 1 个方法: get_order_book
[MAKER][SELL] 挂单状态 -> price=0.999 sold=0.00 remaining=10.00 status=LIVE
[WATCHDOG][SELL] 持仓检查 -> origin=data-api positions(limit=500, total=12, param=user) via env:POLY_FUNDER avg=0.9970 size=10.0000
[MAKER][SELL] 挂单状态 -> price=0.999 sold=0.00 remaining=10.00 status=LIVE
[MAKER][SELL] 挂单状态 -> price=0.999 sold=0.00 remaining=10.00 status=LIVE
[MAKER][SELL] 挂单状态 -> price=0.999 sold=0.00 remaining=10.00 status=LIVE
[DIAG][WS] WebSocket ask 返回 None（可能原因：快照过期或数据缺失）
[FETCH][WARN] 无法通过 REST API 获取 ask 价格，尝试了 1 个方法: get_order_book
[DIAG][WS] WebSocket ask 返回 None（可能原因：快照过期或数据缺失）
[FETCH][WARN] 无法通过 REST API 获取 ask 价格，尝试了 1 个方法: get_order_book
[DIAG][WS] WebSocket ask 返回 None（可能原因：快照过期或数据缺失）
[FETCH][WARN] 无法通过 REST API 获取 ask 价格，尝试了 1 个方法: get_order_book
[FETCH][WARN] 无法通过 REST API 获取 ask 价格，尝试了 1 个方法: get_order_book
[MAKER][SELL] 挂单状态 -> price=0.999 sold=0.00 remaining=10.00 status=LIVE
[WATCHDOG][SELL] 持仓检查 -> origin=data-api positions(limit=500, total=12, param=user) via env:POLY_FUNDER avg=0.9970 size=10.0000
[MAKER][SELL] 挂单状态 -> price=0.999 sold=0.00 remaining=10.00 status=LIVE
[MAKER][SELL] 挂单状态 -> price=0.999 sold=0.00 remaining=10.00 status=LIVE
[MAKER][SELL] 挂单状态 -> price=0.999 sold=0.00 remaining=10.00 status=LIVE
[MAKER][SELL] 挂单状态 -> price=0.999 sold=0.00 remaining=10.00 status=LIVE
[MAKER][SELL] 挂单状态 -> price=0.999 sold=0.00 remaining=10.00 status=LIVE
[FETCH][WARN] 无法通过 REST API 获取 ask 价格，尝试了 1 个方法: get_order_book
[MAKER][SELL] 挂单状态 -> price=0.999 sold=0.00 remaining=10.00 status=LIVE
[WATCHDOG][SELL] 持仓检查 -> origin=data-api positions(limit=500, total=12, param=user) via env:POLY_FUNDER avg=0.9970 size=10.0000
[MAKER][SELL] 挂单状态 -> price=0.999 sold=0.00 remaining=10.00 status=LIVE
[MAKER][SELL] 挂单状态 -> price=0.999 sold=0.00 remaining=10.00 status=LIVE
[MAKER][SELL] 挂单状态 -> price=0.999 sold=0.00 remaining=10.00 status=LIVE
[MAKER][SELL] 挂单状态 -> price=0.999 sold=0.00 remaining=10.00 status=LIVE
[MAKER][SELL] 挂单状态 -> price=0.999 sold=0.00 remaining=10.00 status=LIVE
[FETCH][WARN] 无法通过 REST API 获取 ask 价格，尝试了 1 个方法: get_order_book
[MAKER][SELL] 挂单状态 -> price=0.999 sold=0.00 remaining=10.00 status=LIVE
[WATCHDOG][SELL] 持仓检查 -> origin=data-api positions(limit=500, total=12, param=user) via env:POLY_FUNDER avg=0.9970 size=10.0000
[MAKER][SELL] 挂单状态 -> price=0.999 sold=0.00 remaining=10.00 status=LIVE
[MAKER][SELL] 挂单状态 -> price=0.999 sold=0.00 remaining=10.00 status=LIVE
[MAKER][SELL] 挂单状态 -> price=0.999 sold=0.00 remaining=10.00 status=LIVE
[MAKER][SELL] 挂单状态 -> price=0.999 sold=0.00 remaining=10.00 status=LIVE
[MAKER][SELL] 挂单状态 -> price=0.999 sold=0.00 remaining=10.00 status=LIVE
[FETCH][WARN] 无法通过 REST API 获取 ask 价格，尝试了 1 个方法: get_order_book
[MAKER][SELL] 挂单状态 -> price=0.999 sold=0.00 remaining=10.00 status=LIVE
[WATCHDOG][SELL] 持仓检查 -> origin=data-api positions(limit=500, total=12, param=user) via env:POLY_FUNDER avg=0.9970 size=10.0000
[MAKER][SELL] 挂单状态 -> price=0.999 sold=0.00 remaining=10.00 status=LIVE
[MAKER][SELL] 挂单状态 -> price=0.999 sold=0.00 remaining=10.00 status=LIVE
[MAKER][SELL] 挂单状态 -> price=0.999 sold=0.00 remaining=10.00 status=LIVE
[MAKER][SELL] 挂单状态 -> price=0.999 sold=0.00 remaining=10.00 status=LIVE
[MAKER][SELL] 挂单状态 -> price=0.999 sold=0.00 remaining=10.00 status=LIVE
[DIAG][WS] WebSocket ask 返回 None（可能原因：快照过期或数据缺失）
[FETCH][WARN] 无法通过 REST API 获取 ask 价格，尝试了 1 个方法: get_order_book
[FETCH][WARN] 无法通过 REST API 获取 ask 价格，尝试了 1 个方法: get_order_book
[MAKER][SELL] 挂单状态 -> price=0.999 sold=0.00 remaining=10.00 status=LIVE
[WATCHDOG][SELL] 持仓检查 -> origin=data-api positions(limit=500, total=12, param=user) via env:POLY_FUNDER avg=0.9970 size=10.0000
[MAKER][SELL] 挂单状态 -> price=0.999 sold=0.00 remaining=10.00 status=LIVE
[MAKER][SELL] 挂单状态 -> price=0.999 sold=0.00 remaining=10.00 status=LIVE
[DIAG][WS] WebSocket ask 返回 None（可能原因：快照过期或数据缺失）
[FETCH][WARN] 无法通过 REST API 获取 ask 价格，尝试了 1 个方法: get_order_book
[DIAG][WS] WebSocket ask 返回 None（可能原因：快照过期或数据缺失）
[FETCH][WARN] 无法通过 REST API 获取 ask 价格，尝试了 1 个方法: get_order_book
[MAKER][SELL] 挂单状态 -> price=0.999 sold=0.00 remaining=10.00 status=LIVE
[MAKER][SELL] 挂单状态 -> price=0.999 sold=0.00 remaining=10.00 status=LIVE
[FETCH][WARN] 无法通过 REST API 获取 ask 价格，尝试了 1 个方法: get_order_book
[MAKER][SELL] 挂单状态 -> price=0.999 sold=0.00 remaining=10.00 status=LIVE
[WATCHDOG][SELL] 持仓检查 -> origin=data-api positions(limit=500, total=12, param=user) via env:POLY_FUNDER avg=0.9970 size=10.0000
[MAKER][SELL] 挂单状态 -> price=0.999 sold=0.00 remaining=10.00 status=LIVE
[MAKER][SELL] 挂单状态 -> price=0.999 sold=0.00 remaining=10.00 status=LIVE
[MAKER][SELL] 挂单状态 -> price=0.999 sold=0.00 remaining=10.00 status=LIVE
[MAKER][SELL] 挂单状态 -> price=0.999 sold=0.00 remaining=10.00 status=LIVE
[MAKER][SELL] 挂单状态 -> price=0.999 sold=0.00 remaining=10.00 status=LIVE
[FETCH][WARN] 无法通过 REST API 获取 ask 价格，尝试了 1 个方法: get_order_book
[MAKER][SELL] 挂单状态 -> price=0.999 sold=0.00 remaining=10.00 status=LIVE
[WATCHDOG][SELL] 持仓检查 -> origin=data-api positions(limit=500, total=12, param=user) via env:POLY_FUNDER avg=0.9970 size=10.0000
[MAKER][SELL] 挂单状态 -> price=0.999 sold=0.00 remaining=10.00 status=LIVE
[MAKER][SELL] 挂单状态 -> price=0.999 sold=0.00 remaining=10.00 status=LIVE
[MAKER][SELL] 挂单状态 -> price=0.999 sold=0.00 remaining=10.00 status=LIVE
[MAKER][SELL] 挂单状态 -> price=0.999 sold=0.00 remaining=10.00 status=LIVE
[MAKER][SELL] 挂单状态 -> price=0.999 sold=0.00 remaining=10.00 status=LIVE
[FETCH][WARN] 无法通过 REST API 获取 ask 价格，尝试了 1 个方法: get_order_book
[MAKER][SELL] 挂单状态 -> price=0.999 sold=0.00 remaining=10.00 status=LIVE
[WATCHDOG][SELL] 持仓检查 -> origin=data-api positions(limit=500, total=12, param=user) via env:POLY_FUNDER avg=0.9970 size=10.0000
[MAKER][SELL] 挂单状态 -> price=0.999 sold=0.00 remaining=10.00 status=LIVE
[MAKER][SELL] 挂单状态 -> price=0.999 sold=0.00 remaining=10.00 status=LIVE
[MAKER][SELL] 挂单状态 -> price=0.999 sold=0.00 remaining=10.00 status=LIVE
[DIAG][WS] WebSocket ask 返回 None（可能原因：快照过期或数据缺失）
[FETCH][WARN] 无法通过 REST API 获取 ask 价格，尝试了 1 个方法: get_order_book
[DIAG][WS] WebSocket ask 返回 None（可能原因：快照过期或数据缺失）
[FETCH][WARN] 无法通过 REST API 获取 ask 价格，尝试了 1 个方法: get_order_book
[DIAG][WS] WebSocket ask 返回 None（可能原因：快照过期或数据缺失）
[FETCH][WARN] 无法通过 REST API 获取 ask 价格，尝试了 1 个方法: get_order_book
[DIAG][WS] WebSocket ask 返回 None（可能原因：快照过期或数据缺失）
[FETCH][WARN] 无法通过 REST API 获取 ask 价格，尝试了 1 个方法: get_order_book
[FETCH][WARN] 无法通过 REST API 获取 ask 价格，尝试了 1 个方法: get_order_book
[DIAG][WS] WebSocket ask 返回 None（可能原因：快照过期或数据缺失）
[FETCH][WARN] 无法通过 REST API 获取 ask 价格，尝试了 1 个方法: get_order_book
[DIAG][WS] WebSocket ask 返回 None（可能原因：快照过期或数据缺失）
[FETCH][WARN] 无法通过 REST API 获取 ask 价格，尝试了 1 个方法: get_order_book
[DIAG][WS] WebSocket ask 返回 None（可能原因：快照过期或数据缺失）
[FETCH][WARN] 无法通过 REST API 获取 ask 价格，尝试了 1 个方法: get_order_book
[DIAG][WS] WebSocket ask 返回 None（可能原因：快照过期或数据缺失）
[FETCH][WARN] 无法通过 REST API 获取 ask 价格，尝试了 1 个方法: get_order_book
[WATCHDOG][SELL] 持仓检查 -> origin=data-api positions(limit=500, total=12, param=user) via env:POLY_FUNDER avg=0.9970 size=10.0000
[MAKER][SELL] 挂单状态 -> price=0.999 sold=0.00 remaining=10.00 status=LIVE
[FETCH][WARN] 无法通过 REST API 获取 ask 价格，尝试了 1 个方法: get_order_book
[MAKER][SELL] 挂单状态 -> price=0.999 sold=0.00 remaining=10.00 status=LIVE
[MAKER][SELL] 挂单状态 -> price=0.999 sold=0.00 remaining=10.00 status=LIVE
[MAKER][SELL] 挂单状态 -> price=0.999 sold=0.00 remaining=10.00 status=LIVE
[MAKER][SELL] 挂单状态 -> price=0.999 sold=0.00 remaining=10.00 status=LIVE
[MAKER][SELL] 挂单状态 -> price=0.999 sold=0.00 remaining=10.00 status=LIVE
[WATCHDOG][SELL] 持仓检查 -> origin=data-api positions(limit=500, total=12, param=user) via env:POLY_FUNDER avg=0.9970 size=10.0000
[MAKER][SELL] 挂单状态 -> price=0.999 sold=0.00 remaining=10.00 status=LIVE
[FETCH][WARN] 无法通过 REST API 获取 ask 价格，尝试了 1 个方法: get_order_book
[MAKER][SELL] 挂单状态 -> price=0.999 sold=0.00 remaining=10.00 status=LIVE
[MAKER][SELL] 挂单状态 -> price=0.999 sold=0.00 remaining=10.00 status=LIVE
[MAKER][SELL] 挂单状态 -> price=0.999 sold=0.00 remaining=10.00 status=LIVE
[MAKER][SELL] 挂单状态 -> price=0.999 sold=0.00 remaining=10.00 status=LIVE
[MAKER][SELL] 挂单状态 -> price=0.999 sold=0.00 remaining=10.00 status=LIVE
[DIAG][WS] WebSocket ask 返回 None（可能原因：快照过期或数据缺失）
[FETCH][WARN] 无法通过 REST API 获取 ask 价格，尝试了 1 个方法: get_order_book
[DIAG][WS] WebSocket ask 返回 None（可能原因：快照过期或数据缺失）
[FETCH][WARN] 无法通过 REST API 获取 ask 价格，尝试了 1 个方法: get_order_book
[FETCH][WARN] 无法通过 REST API 获取 ask 价格，尝试了 1 个方法: get_order_book
[WATCHDOG][SELL] 持仓检查 -> origin=data-api positions(limit=500, total=12, param=user) via env:POLY_FUNDER avg=0.9970 size=10.0000
[MAKER][SELL] 挂单状态 -> price=0.999 sold=0.00 remaining=10.00 status=LIVE
[MAKER][SELL] 挂单状态 -> price=0.999 sold=0.00 remaining=10.00 status=LIVE
[MAKER][SELL] 挂单状态 -> price=0.999 sold=0.00 remaining=10.00 status=LIVE
[MAKER][SELL] 挂单状态 -> price=0.999 sold=0.00 remaining=10.00 status=LIVE
[MAKER][SELL] 挂单状态 -> price=0.999 sold=0.00 remaining=10.00 status=LIVE
[MAKER][SELL] 挂单状态 -> price=0.999 sold=0.00 remaining=10.00 status=LIVE
[FETCH][WARN] 无法通过 REST API 获取 ask 价格，尝试了 1 个方法: get_order_book
[WATCHDOG][SELL] 持仓检查 -> origin=data-api positions(limit=500, total=12, param=user) via env:POLY_FUNDER avg=0.9970 size=10.0000
[MAKER][SELL] 挂单状态 -> price=0.999 sold=0.00 remaining=10.00 status=LIVE
[MAKER][SELL] 挂单状态 -> price=0.999 sold=0.00 remaining=10.00 status=LIVE
[MAKER][SELL] 挂单状态 -> price=0.999 sold=0.00 remaining=10.00 status=LIVE
[MAKER][SELL] 挂单状态 -> price=0.999 sold=0.00 remaining=10.00 status=LIVE
[MAKER][SELL] 挂单状态 -> price=0.999 sold=0.00 remaining=10.00 status=LIVE
[MAKER][SELL] 挂单状态 -> price=0.999 sold=0.00 remaining=10.00 status=LIVE
[FETCH][WARN] 无法通过 REST API 获取 ask 价格，尝试了 1 个方法: get_order_book
[WATCHDOG][SELL] 持仓检查 -> origin=data-api positions(limit=500, total=12, param=user) via env:POLY_FUNDER avg=0.9970 size=10.0000
[MAKER][SELL] 挂单状态 -> price=0.999 sold=0.00 remaining=10.00 status=LIVE
[MAKER][SELL] 挂单状态 -> price=0.999 sold=0.00 remaining=10.00 status=LIVE
[MAKER][SELL] 挂单状态 -> price=0.999 sold=0.00 remaining=10.00 status=LIVE
[MAKER][SELL] 挂单状态 -> price=0.999 sold=0.00 remaining=10.00 status=LIVE
[MAKER][SELL] 挂单状态 -> price=0.999 sold=0.00 remaining=10.00 status=LIVE
[MAKER][SELL] 挂单状态 -> price=0.999 sold=0.00 remaining=10.00 status=LIVE
[FETCH][WARN] 无法通过 REST API 获取 ask 价格，尝试了 1 个方法: get_order_book
[WATCHDOG][SELL] 持仓检查 -> origin=data-api positions(limit=500, total=12, param=user) via env:POLY_FUNDER avg=0.9970 size=10.0000
[MAKER][SELL] 挂单状态 -> price=0.999 sold=0.00 remaining=10.00 status=LIVE
[MAKER][SELL] 挂单状态 -> price=0.999 sold=0.00 remaining=10.00 status=LIVE
[MAKER][SELL] 挂单状态 -> price=0.999 sold=0.00 remaining=10.00 status=LIVE
[MAKER][SELL] 挂单状态 -> price=0.999 sold=0.00 remaining=10.00 status=LIVE
[MAKER][SELL] 挂单状态 -> price=0.999 sold=0.00 remaining=10.00 status=LIVE
[MAKER][SELL] 挂单状态 -> price=0.999 sold=0.00 remaining=10.00 status=LIVE
[DIAG][WS] WebSocket ask 返回 None（可能原因：快照过期或数据缺失）
[FETCH][WARN] 无法通过 REST API 获取 ask 价格，尝试了 1 个方法: get_order_book
[DIAG][WS] WebSocket ask 返回 None（可能原因：快照过期或数据缺失）
[FETCH][WARN] 无法通过 REST API 获取 ask 价格，尝试了 1 个方法: get_order_book
[FETCH][WARN] 无法通过 REST API 获取 ask 价格，尝试了 1 个方法: get_order_book
[WATCHDOG][SELL] 持仓检查 -> origin=data-api positions(limit=500, total=12, param=user) via env:POLY_FUNDER avg=0.9970 size=10.0000
[MAKER][SELL] 挂单状态 -> price=0.999 sold=0.00 remaining=10.00 status=LIVE
[MAKER][SELL] 挂单状态 -> price=0.999 sold=0.00 remaining=10.00 status=LIVE
[MAKER][SELL] 挂单状态 -> price=0.999 sold=0.00 remaining=10.00 status=LIVE
[MAKER][SELL] 挂单状态 -> price=0.999 sold=0.00 remaining=10.00 status=LIVE
[MAKER][SELL] 挂单状态 -> price=0.999 sold=0.00 remaining=10.00 status=LIVE
[FETCH][WARN] 无法通过 REST API 获取 ask 价格，尝试了 1 个方法: get_order_book
[MAKER][SELL] 挂单状态 -> price=0.999 sold=0.00 remaining=10.00 status=LIVE
[WATCHDOG][SELL] 持仓检查 -> origin=data-api positions(limit=500, total=12, param=user) via env:POLY_FUNDER avg=0.9970 size=10.0000
[MAKER][SELL] 挂单状态 -> price=0.999 sold=0.00 remaining=10.00 status=LIVE
[MAKER][SELL] 挂单状态 -> price=0.999 sold=0.00 remaining=10.00 status=LIVE
[MAKER][SELL] 挂单状态 -> price=0.999 sold=0.00 remaining=10.00 status=LIVE
[MAKER][SELL] 挂单状态 -> price=0.999 sold=0.00 remaining=10.00 status=LIVE
[MAKER][SELL] 挂单状态 -> price=0.999 sold=0.00 remaining=10.00 status=LIVE
[FETCH][WARN] 无法通过 REST API 获取 ask 价格，尝试了 1 个方法: get_order_book
[MAKER][SELL] 挂单状态 -> price=0.999 sold=0.00 remaining=10.00 status=LIVE
[WATCHDOG][SELL] 持仓检查 -> origin=data-api positions(limit=500, total=12, param=user) via env:POLY_FUNDER avg=0.9970 size=10.0000
[MAKER][SELL] 挂单状态 -> price=0.999 sold=0.00 remaining=10.00 status=LIVE
[MAKER][SELL] 挂单状态 -> price=0.999 sold=0.00 remaining=10.00 status=LIVE
[MAKER][SELL] 挂单状态 -> price=0.999 sold=0.00 remaining=10.00 status=LIVE
[MAKER][SELL] 挂单状态 -> price=0.999 sold=0.00 remaining=10.00 status=LIVE
[MAKER][SELL] 挂单状态 -> price=0.999 sold=0.00 remaining=10.00 status=LIVE
[FETCH][WARN] 无法通过 REST API 获取 ask 价格，尝试了 1 个方法: get_order_book
[MAKER][SELL] 挂单状态 -> price=0.999 sold=0.00 remaining=10.00 status=LIVE
[WATCHDOG][SELL] 持仓检查 -> origin=data-api positions(limit=500, total=12, param=user) via env:POLY_FUNDER avg=0.9970 size=10.0000
[MAKER][SELL] 挂单状态 -> price=0.999 sold=0.00 remaining=10.00 status=LIVE
[MAKER][SELL] 挂单状态 -> price=0.999 sold=0.00 remaining=10.00 status=LIVE
[MAKER][SELL] 挂单状态 -> price=0.999 sold=0.00 remaining=10.00 status=LIVE
[MAKER][SELL] 挂单状态 -> price=0.999 sold=0.00 remaining=10.00 status=LIVE
[MAKER][SELL] 挂单状态 -> price=0.999 sold=0.00 remaining=10.00 status=LIVE
[FETCH][WARN] 无法通过 REST API 获取 ask 价格，尝试了 1 个方法: get_order_book
[MAKER][SELL] 挂单状态 -> price=0.999 sold=0.00 remaining=10.00 status=LIVE
[WATCHDOG][SELL] 持仓检查 -> origin=data-api positions(limit=500, total=12, param=user) via env:POLY_FUNDER avg=0.9970 size=10.0000
[MAKER][SELL] 挂单状态 -> price=0.999 sold=10.00 remaining=0.00 status=MATCHED
[TRADE][SELL][MAKER] resp={'status': 'FILLED_TRUNCATED', 'avg_price': 0.999, 'filled': 10.0, 'remaining': 0.0, 'orders': [{'id': '0xcdd8c26b76095acf108e7777bbed45f81d01034af736377c4e6b68f9e4517b26', 'side': 'sell', 'price': 0.999, 'size': 10.0, 'status': 'CANCELLED', 'filled': 10.0, 'avg_price': 0.999}]}
[STATE] 卖出成交 -> price=0.9990 size=10.0000 status=FILLED_TRUNCATED
[MAIN_LOOP] ✓ 主循环运行中 (iterations=472, use_shared_ws=True)
[WS][SHARED][DEBUG] 读取统计: read=473, skip=814, 当前seq=260548 (last=257805), updated_at=1769233360.32 (last=1769227454.68)
[WS][SHARED] ✓ 检测到seq增长: 257805 → 260548 (+2743)
[WS][SHARED] seq=260548, updates=10 (0.1/min), bid=0.999, ask=1.0, price=0.9995
[SIGNAL_TIMEOUT] 98.4 分钟内无交易信号，释放队列退出
[SIGNAL_TIMEOUT] 最后信号时间: 23:04:14
[QUEUE] 释放队列：长时间无交易信号，已退出。
[EXIT_RECORD] 已记录退出token: 10709679412727089098... 原因: SIGNAL_TIMEOUT
[EXIT] 最终状态: {'state': 'FLAT', 'awaiting': None, 'entry_price': None, 'sell_trigger': None, 'position_size': None, 'last_signal': <ActionType.BUY: 'BUY'>, 'last_buy_price': 0.997, 'last_sell_price': 0.999, 'price_history_len': 1, 'manual_stop': True, 'manual_stop_reason': 'signal timeout (no position)', 'sell_only': False, 'sell_only_reason': None, 'last_reject_reason': None, 'last_tick': {'ts': 1769233360.01, 'best_ask': 1.0, 'best_bid': 0.999}, 'drop_stats': {'window_high': 0.9995, 'window_low': 0.9995, 'max_drop_ratio': 0.0, 'current_drop_ratio': 0.0, 'window_seconds': 3600.0}, 'config': {'token_id': '107096794127270890984101242570698639474010707625351397547174129311341989598349', 'buy_price_threshold': None, 'profit_ratio': 0.005, 'drop_window_minutes': 60.0, 'drop_pct': 0.0012000000000000001, 'profit_pct': 0.005, 'max_history_points': 600, 'price_band': (0.0, 1.0), 'disable_duplicate_signal': True, 'enable_incremental_drop_pct': True, 'incremental_drop_pct_step': 0.0002, 'incremental_drop_pct_cap': 0.2, 'min_market_order_size': None}}
[CLAIM] 未检测到需要 claim 的仓位，脚本结束。
